This file contains any messages produced by compilers while
running configure, to aid debugging if configure makes a mistake.

It was created by libpng configure 1.6.18, which was
generated by GNU Autoconf 2.69.  Invocation command line was

  $ ./configure --prefix=/Users/pol/Source/Libraries/libpng/libpng-1.6.18/../iPhoneOS-arm64 --host=arm-apple-darwin --enable-static --disable-shared

## --------- ##
## Platform. ##
## --------- ##

hostname = polbookpro
uname -m = x86_64
uname -r = 14.5.0
uname -s = Darwin
uname -v = Darwin Kernel Version 14.5.0: Wed Jul 29 02:26:53 PDT 2015; root:xnu-2782.40.9~1/RELEASE_X86_64

/usr/bin/uname -p = i386
/bin/uname -X     = unknown

/bin/arch              = unknown
/usr/bin/arch -k       = unknown
/usr/convex/getsysinfo = unknown
/usr/bin/hostinfo      = Mach kernel version:
	 Darwin Kernel Version 14.5.0: Wed Jul 29 02:26:53 PDT 2015; root:xnu-2782.40.9~1/RELEASE_X86_64
Kernel configured for up to 8 processors.
4 processors are physically available.
8 processors are logically available.
Processor type: x86_64h (Intel x86-64h Haswell)
Processors active: 0 1 2 3 4 5 6 7
Primary memory available: 16.00 gigabytes
Default processor set: 313 tasks, 1902 threads, 8 processors
Load average: 2.88, Mach factor: 5.37
/bin/machine           = unknown
/usr/bin/oslevel       = unknown
/bin/universe          = unknown

PATH: /usr/local/bin
PATH: /usr/bin
PATH: /bin
PATH: /usr/sbin
PATH: /sbin
PATH: /opt/X11/bin
PATH: /usr/local/go/bin
PATH: /Users/pol/Source/_go/bin


## ----------- ##
## Core tests. ##
## ----------- ##

configure:2327: checking for a BSD-compatible install
configure:2395: result: /usr/bin/install -c
configure:2406: checking whether build environment is sane
configure:2461: result: yes
configure:2520: checking for arm-apple-darwin-strip
configure:2547: result: /Applications/Xcode.app/Contents/Developer/Toolchains/XcodeDefault.xctoolchain/usr/bin/strip
configure:2612: checking for a thread-safe mkdir -p
configure:2651: result: ./install-sh -c -d
configure:2658: checking for gawk
configure:2688: result: no
configure:2658: checking for mawk
configure:2688: result: no
configure:2658: checking for nawk
configure:2688: result: no
configure:2658: checking for awk
configure:2674: found /usr/bin/awk
configure:2685: result: awk
configure:2696: checking whether make sets $(MAKE)
configure:2718: result: yes
configure:2747: checking whether make supports nested variables
configure:2764: result: yes
configure:2894: checking whether to enable maintainer-specific portions of Makefiles
configure:2903: result: no
configure:2943: checking for arm-apple-darwin-gcc
configure:2970: result: /Applications/Xcode.app/Contents/Developer/Toolchains/XcodeDefault.xctoolchain/usr/bin/clang -isysroot /Applications/Xcode.app/Contents/Developer/Platforms/iPhoneOS.platform/Developer/SDKs/iPhoneOS9.0.sdk -arch arm64 -miphoneos-version-min=8.0 -fembed-bitcode 
configure:3239: checking for C compiler version
configure:3248: /Applications/Xcode.app/Contents/Developer/Toolchains/XcodeDefault.xctoolchain/usr/bin/clang -isysroot /Applications/Xcode.app/Contents/Developer/Platforms/iPhoneOS.platform/Developer/SDKs/iPhoneOS9.0.sdk -arch arm64 -miphoneos-version-min=8.0 -fembed-bitcode  --version >&5
Apple LLVM version 7.0.0 (clang-700.0.72)
Target: aarch64-apple-darwin14.5.0
Thread model: posix
configure:3259: $? = 0
configure:3248: /Applications/Xcode.app/Contents/Developer/Toolchains/XcodeDefault.xctoolchain/usr/bin/clang -isysroot /Applications/Xcode.app/Contents/Developer/Platforms/iPhoneOS.platform/Developer/SDKs/iPhoneOS9.0.sdk -arch arm64 -miphoneos-version-min=8.0 -fembed-bitcode  -v >&5
Apple LLVM version 7.0.0 (clang-700.0.72)
Target: aarch64-apple-darwin14.5.0
Thread model: posix
clang: warning: argument unused during compilation: '-isysroot /Applications/Xcode.app/Contents/Developer/Platforms/iPhoneOS.platform/Developer/SDKs/iPhoneOS9.0.sdk'
clang: warning: argument unused during compilation: '-miphoneos-version-min=8.0'
configure:3259: $? = 0
configure:3248: /Applications/Xcode.app/Contents/Developer/Toolchains/XcodeDefault.xctoolchain/usr/bin/clang -isysroot /Applications/Xcode.app/Contents/Developer/Platforms/iPhoneOS.platform/Developer/SDKs/iPhoneOS9.0.sdk -arch arm64 -miphoneos-version-min=8.0 -fembed-bitcode  -V >&5
clang: error: argument to '-V' is missing (expected 1 value)
clang: error: no input files
configure:3259: $? = 1
configure:3248: /Applications/Xcode.app/Contents/Developer/Toolchains/XcodeDefault.xctoolchain/usr/bin/clang -isysroot /Applications/Xcode.app/Contents/Developer/Platforms/iPhoneOS.platform/Developer/SDKs/iPhoneOS9.0.sdk -arch arm64 -miphoneos-version-min=8.0 -fembed-bitcode  -qversion >&5
clang: error: unknown argument: '-qversion'
clang: error: no input files
configure:3259: $? = 1
configure:3279: checking whether the C compiler works
configure:3301: /Applications/Xcode.app/Contents/Developer/Toolchains/XcodeDefault.xctoolchain/usr/bin/clang -isysroot /Applications/Xcode.app/Contents/Developer/Platforms/iPhoneOS.platform/Developer/SDKs/iPhoneOS9.0.sdk -arch arm64 -miphoneos-version-min=8.0 -fembed-bitcode     conftest.c  >&5
configure:3305: $? = 0
configure:3353: result: yes
configure:3356: checking for C compiler default output file name
configure:3358: result: a.out
configure:3364: checking for suffix of executables
configure:3371: /Applications/Xcode.app/Contents/Developer/Toolchains/XcodeDefault.xctoolchain/usr/bin/clang -isysroot /Applications/Xcode.app/Contents/Developer/Platforms/iPhoneOS.platform/Developer/SDKs/iPhoneOS9.0.sdk -arch arm64 -miphoneos-version-min=8.0 -fembed-bitcode  -o conftest    conftest.c  >&5
configure:3375: $? = 0
configure:3397: result: 
configure:3419: checking whether we are cross compiling
configure:3427: /Applications/Xcode.app/Contents/Developer/Toolchains/XcodeDefault.xctoolchain/usr/bin/clang -isysroot /Applications/Xcode.app/Contents/Developer/Platforms/iPhoneOS.platform/Developer/SDKs/iPhoneOS9.0.sdk -arch arm64 -miphoneos-version-min=8.0 -fembed-bitcode  -o conftest    conftest.c  >&5
configure:3431: $? = 0
configure:3438: ./conftest
./configure: line 3440: ./conftest: Bad CPU type in executable
configure:3442: $? = 126
configure:3457: result: yes
configure:3462: checking for suffix of object files
configure:3484: /Applications/Xcode.app/Contents/Developer/Toolchains/XcodeDefault.xctoolchain/usr/bin/clang -isysroot /Applications/Xcode.app/Contents/Developer/Platforms/iPhoneOS.platform/Developer/SDKs/iPhoneOS9.0.sdk -arch arm64 -miphoneos-version-min=8.0 -fembed-bitcode  -c   conftest.c >&5
configure:3488: $? = 0
configure:3509: result: o
configure:3513: checking whether we are using the GNU C compiler
configure:3532: /Applications/Xcode.app/Contents/Developer/Toolchains/XcodeDefault.xctoolchain/usr/bin/clang -isysroot /Applications/Xcode.app/Contents/Developer/Platforms/iPhoneOS.platform/Developer/SDKs/iPhoneOS9.0.sdk -arch arm64 -miphoneos-version-min=8.0 -fembed-bitcode  -c   conftest.c >&5
configure:3532: $? = 0
configure:3541: result: yes
configure:3550: checking whether /Applications/Xcode.app/Contents/Developer/Toolchains/XcodeDefault.xctoolchain/usr/bin/clang -isysroot /Applications/Xcode.app/Contents/Developer/Platforms/iPhoneOS.platform/Developer/SDKs/iPhoneOS9.0.sdk -arch arm64 -miphoneos-version-min=8.0 -fembed-bitcode  accepts -g
configure:3570: /Applications/Xcode.app/Contents/Developer/Toolchains/XcodeDefault.xctoolchain/usr/bin/clang -isysroot /Applications/Xcode.app/Contents/Developer/Platforms/iPhoneOS.platform/Developer/SDKs/iPhoneOS9.0.sdk -arch arm64 -miphoneos-version-min=8.0 -fembed-bitcode  -c -g  conftest.c >&5
configure:3570: $? = 0
configure:3611: result: yes
configure:3628: checking for /Applications/Xcode.app/Contents/Developer/Toolchains/XcodeDefault.xctoolchain/usr/bin/clang -isysroot /Applications/Xcode.app/Contents/Developer/Platforms/iPhoneOS.platform/Developer/SDKs/iPhoneOS9.0.sdk -arch arm64 -miphoneos-version-min=8.0 -fembed-bitcode  option to accept ISO C89
configure:3691: /Applications/Xcode.app/Contents/Developer/Toolchains/XcodeDefault.xctoolchain/usr/bin/clang -isysroot /Applications/Xcode.app/Contents/Developer/Platforms/iPhoneOS.platform/Developer/SDKs/iPhoneOS9.0.sdk -arch arm64 -miphoneos-version-min=8.0 -fembed-bitcode   -c -g -O2  conftest.c >&5
configure:3691: $? = 0
configure:3704: result: none needed
configure:3729: checking whether /Applications/Xcode.app/Contents/Developer/Toolchains/XcodeDefault.xctoolchain/usr/bin/clang -isysroot /Applications/Xcode.app/Contents/Developer/Platforms/iPhoneOS.platform/Developer/SDKs/iPhoneOS9.0.sdk -arch arm64 -miphoneos-version-min=8.0 -fembed-bitcode  understands -c and -o together
configure:3751: /Applications/Xcode.app/Contents/Developer/Toolchains/XcodeDefault.xctoolchain/usr/bin/clang -isysroot /Applications/Xcode.app/Contents/Developer/Platforms/iPhoneOS.platform/Developer/SDKs/iPhoneOS9.0.sdk -arch arm64 -miphoneos-version-min=8.0 -fembed-bitcode  -c conftest.c -o conftest2.o
configure:3754: $? = 0
configure:3751: /Applications/Xcode.app/Contents/Developer/Toolchains/XcodeDefault.xctoolchain/usr/bin/clang -isysroot /Applications/Xcode.app/Contents/Developer/Platforms/iPhoneOS.platform/Developer/SDKs/iPhoneOS9.0.sdk -arch arm64 -miphoneos-version-min=8.0 -fembed-bitcode  -c conftest.c -o conftest2.o
configure:3754: $? = 0
configure:3766: result: yes
configure:3794: checking for style of include used by make
configure:3822: result: GNU
configure:3848: checking dependency style of /Applications/Xcode.app/Contents/Developer/Toolchains/XcodeDefault.xctoolchain/usr/bin/clang -isysroot /Applications/Xcode.app/Contents/Developer/Platforms/iPhoneOS.platform/Developer/SDKs/iPhoneOS9.0.sdk -arch arm64 -miphoneos-version-min=8.0 -fembed-bitcode 
configure:3959: result: gcc3
configure:3983: checking dependency style of /Applications/Xcode.app/Contents/Developer/Toolchains/XcodeDefault.xctoolchain/usr/bin/clang -isysroot /Applications/Xcode.app/Contents/Developer/Platforms/iPhoneOS.platform/Developer/SDKs/iPhoneOS9.0.sdk -arch arm64 -miphoneos-version-min=8.0 -fembed-bitcode 
configure:4092: result: gcc3
configure:4111: checking build system type
configure:4125: result: x86_64-apple-darwin14.5.0
configure:4145: checking host system type
configure:4158: result: arm-apple-darwin
configure:4178: checking for a sed that does not truncate output
configure:4242: result: /usr/bin/sed
configure:4260: checking for grep that handles long lines and -e
configure:4318: result: /usr/bin/grep
configure:4323: checking for egrep
configure:4385: result: /usr/bin/grep -E
configure:4390: checking for fgrep
configure:4452: result: /usr/bin/grep -F
configure:4479: checking how to print strings
configure:4506: result: printf
configure:4539: checking for ld used by /Applications/Xcode.app/Contents/Developer/Toolchains/XcodeDefault.xctoolchain/usr/bin/clang -isysroot /Applications/Xcode.app/Contents/Developer/Platforms/iPhoneOS.platform/Developer/SDKs/iPhoneOS9.0.sdk -arch arm64 -miphoneos-version-min=8.0 -fembed-bitcode 
configure:4606: result: /Applications/Xcode.app/Contents/Developer/Toolchains/XcodeDefault.xctoolchain/usr/bin/ld -isysroot /Applications/Xcode.app/Contents/Developer/Platforms/iPhoneOS.platform/Developer/SDKs/iPhoneOS9.0.sdk -arch arm64
configure:4613: checking if the linker (/Applications/Xcode.app/Contents/Developer/Toolchains/XcodeDefault.xctoolchain/usr/bin/ld -isysroot /Applications/Xcode.app/Contents/Developer/Platforms/iPhoneOS.platform/Developer/SDKs/iPhoneOS9.0.sdk -arch arm64) is GNU ld
configure:4628: result: no
configure:4645: checking how to run the C preprocessor
configure:4715: result: /Applications/Xcode.app/Contents/Developer/Toolchains/XcodeDefault.xctoolchain/usr/bin/clang -E -isysroot /Applications/Xcode.app/Contents/Developer/Platforms/iPhoneOS.platform/Developer/SDKs/iPhoneOS9.0.sdk -arch arm64 -miphoneos-version-min=8.0 -fembed-bitcode 
configure:4735: /Applications/Xcode.app/Contents/Developer/Toolchains/XcodeDefault.xctoolchain/usr/bin/clang -E -isysroot /Applications/Xcode.app/Contents/Developer/Platforms/iPhoneOS.platform/Developer/SDKs/iPhoneOS9.0.sdk -arch arm64 -miphoneos-version-min=8.0 -fembed-bitcode   conftest.c
configure:4735: $? = 0
configure:4749: /Applications/Xcode.app/Contents/Developer/Toolchains/XcodeDefault.xctoolchain/usr/bin/clang -E -isysroot /Applications/Xcode.app/Contents/Developer/Platforms/iPhoneOS.platform/Developer/SDKs/iPhoneOS9.0.sdk -arch arm64 -miphoneos-version-min=8.0 -fembed-bitcode   conftest.c
conftest.c:11:10: fatal error: 'ac_nonexistent.h' file not found
#include <ac_nonexistent.h>
         ^
1 error generated.
configure:4749: $? = 1
configure: failed program was:
| /* confdefs.h */
| #define PACKAGE_NAME "libpng"
| #define PACKAGE_TARNAME "libpng"
| #define PACKAGE_VERSION "1.6.18"
| #define PACKAGE_STRING "libpng 1.6.18"
| #define PACKAGE_BUGREPORT "png-mng-implement@lists.sourceforge.net"
| #define PACKAGE_URL ""
| #define PACKAGE "libpng"
| #define VERSION "1.6.18"
| /* end confdefs.h.  */
| #include <ac_nonexistent.h>
configure:4781: checking for gawk
configure:4808: result: awk
configure:4820: checking whether ln -s works
configure:4824: result: yes
configure:4831: checking whether make sets $(MAKE)
configure:4853: result: yes
configure:4905: checking for BSD- or MS-compatible name lister (nm)
configure:4959: result: no
configure:4973: checking for arm-apple-darwin-dumpbin
configure:5003: result: no
configure:4973: checking for arm-apple-darwin-link
configure:5003: result: no
configure:5017: checking for dumpbin
configure:5047: result: no
configure:5017: checking for link
configure:5033: found /bin/link
configure:5044: result: link -dump
configure:5060: WARNING: using cross tools not prefixed with host triplet
configure:5089: checking the name lister (nm) interface
configure:5096: /Applications/Xcode.app/Contents/Developer/Toolchains/XcodeDefault.xctoolchain/usr/bin/clang -isysroot /Applications/Xcode.app/Contents/Developer/Platforms/iPhoneOS.platform/Developer/SDKs/iPhoneOS9.0.sdk -arch arm64 -miphoneos-version-min=8.0 -fembed-bitcode  -c -g -O2  conftest.c >&5
configure:5099: nm "conftest.o"
configure:5102: output
0000000000000460 S _llvm.cmdline
0000000000000110 S _llvm.embedded.module
00000000000005a8 S _some_variable
0000000000000000 t ltmp0
0000000000000000 s ltmp1
00000000000004f2 s ltmp10
0000000000000516 s ltmp11
000000000000053a s ltmp12
0000000000000581 s ltmp13
000000000000003d s ltmp2
000000000000006c s ltmp3
0000000000000097 s ltmp4
000000000000010f s ltmp5
000000000000010f s ltmp6
0000000000000110 s ltmp7
0000000000000460 s ltmp8
00000000000004b6 s ltmp9
configure:5109: result: BSD nm
configure:5113: checking the maximum length of command line arguments
configure:5244: result: 196608
configure:5292: checking how to convert x86_64-apple-darwin14.5.0 file names to arm-apple-darwin format
configure:5332: result: func_convert_file_noop
configure:5339: checking how to convert x86_64-apple-darwin14.5.0 file names to toolchain format
configure:5359: result: func_convert_file_noop
configure:5366: checking for /Applications/Xcode.app/Contents/Developer/Toolchains/XcodeDefault.xctoolchain/usr/bin/ld -isysroot /Applications/Xcode.app/Contents/Developer/Platforms/iPhoneOS.platform/Developer/SDKs/iPhoneOS9.0.sdk -arch arm64 option to reload object files
configure:5373: result: -r
configure:5407: checking for arm-apple-darwin-objdump
configure:5437: result: no
configure:5447: checking for objdump
configure:5477: result: no
configure:5503: checking how to recognize dependent libraries
configure:5703: result: pass_all
configure:5748: checking for arm-apple-darwin-dlltool
configure:5778: result: no
configure:5788: checking for dlltool
configure:5818: result: no
configure:5845: checking how to associate runtime and link libraries
configure:5872: result: printf %s\n
configure:5889: checking for arm-apple-darwin-ar
configure:5916: result: /Applications/Xcode.app/Contents/Developer/Toolchains/XcodeDefault.xctoolchain/usr/bin/ar
configure:5997: checking for archiver @FILE support
configure:6014: /Applications/Xcode.app/Contents/Developer/Toolchains/XcodeDefault.xctoolchain/usr/bin/clang -isysroot /Applications/Xcode.app/Contents/Developer/Platforms/iPhoneOS.platform/Developer/SDKs/iPhoneOS9.0.sdk -arch arm64 -miphoneos-version-min=8.0 -fembed-bitcode  -c -g -O2  conftest.c >&5
configure:6014: $? = 0
configure:6017: /Applications/Xcode.app/Contents/Developer/Toolchains/XcodeDefault.xctoolchain/usr/bin/ar cru libconftest.a @conftest.lst >&5
ar: @conftest.lst: No such file or directory
configure:6020: $? = 1
configure:6040: result: no
configure:6058: checking for arm-apple-darwin-strip
configure:6085: result: /Applications/Xcode.app/Contents/Developer/Toolchains/XcodeDefault.xctoolchain/usr/bin/strip
configure:6157: checking for arm-apple-darwin-ranlib
configure:6184: result: /Applications/Xcode.app/Contents/Developer/Toolchains/XcodeDefault.xctoolchain/usr/bin/ranlib
configure:6326: checking command to parse nm output from /Applications/Xcode.app/Contents/Developer/Toolchains/XcodeDefault.xctoolchain/usr/bin/clang -isysroot /Applications/Xcode.app/Contents/Developer/Platforms/iPhoneOS.platform/Developer/SDKs/iPhoneOS9.0.sdk -arch arm64 -miphoneos-version-min=8.0 -fembed-bitcode  object
configure:6479: /Applications/Xcode.app/Contents/Developer/Toolchains/XcodeDefault.xctoolchain/usr/bin/clang -isysroot /Applications/Xcode.app/Contents/Developer/Platforms/iPhoneOS.platform/Developer/SDKs/iPhoneOS9.0.sdk -arch arm64 -miphoneos-version-min=8.0 -fembed-bitcode  -c -g -O2  conftest.c >&5
configure:6482: $? = 0
configure:6486: nm conftest.o \| sed -n -e 's/^.*[ ]\([BCDEGRST][BCDEGRST]*\)[ ][ ]*\([_A-Za-z][_A-Za-z0-9]*\)$/\1 \2 \2/p' | sed '/ __gnu_lto/d' \> conftest.nm
configure:6489: $? = 0
cannot find nm_test_var in conftest.nm
configure:6479: /Applications/Xcode.app/Contents/Developer/Toolchains/XcodeDefault.xctoolchain/usr/bin/clang -isysroot /Applications/Xcode.app/Contents/Developer/Platforms/iPhoneOS.platform/Developer/SDKs/iPhoneOS9.0.sdk -arch arm64 -miphoneos-version-min=8.0 -fembed-bitcode  -c -g -O2  conftest.c >&5
configure:6482: $? = 0
configure:6486: nm conftest.o \| sed -n -e 's/^.*[ ]\([BCDEGRST][BCDEGRST]*\)[ ][ ]*_\([_A-Za-z][_A-Za-z0-9]*\)$/\1 _\2 \2/p' | sed '/ __gnu_lto/d' \> conftest.nm
configure:6489: $? = 0
configure:6555: /Applications/Xcode.app/Contents/Developer/Toolchains/XcodeDefault.xctoolchain/usr/bin/clang -isysroot /Applications/Xcode.app/Contents/Developer/Platforms/iPhoneOS.platform/Developer/SDKs/iPhoneOS9.0.sdk -arch arm64 -miphoneos-version-min=8.0 -fembed-bitcode  -o conftest -g -O2   conftest.c conftstm.o >&5
warning: (arm64)  could not find object file symbol for symbol _main
configure:6558: $? = 0
configure:6596: result: ok
configure:6643: checking for sysroot
configure:6673: result: no
configure:6680: checking for a working dd
configure:6718: result: /bin/dd
configure:6722: checking how to truncate binary pipes
configure:6737: result: /bin/dd bs=4096 count=1
configure:7026: checking for arm-apple-darwin-mt
configure:7056: result: no
configure:7066: checking for mt
configure:7096: result: no
configure:7116: checking if : is a manifest tool
configure:7122: : '-?'
configure:7130: result: no
configure:7146: checking for arm-apple-darwin-dsymutil
configure:7176: result: no
configure:7186: checking for dsymutil
configure:7202: found /usr/bin/dsymutil
configure:7213: result: dsymutil
configure:7238: checking for arm-apple-darwin-nmedit
configure:7268: result: no
configure:7278: checking for nmedit
configure:7294: found /usr/bin/nmedit
configure:7305: result: nmedit
configure:7330: checking for arm-apple-darwin-lipo
configure:7357: result: /Applications/Xcode.app/Contents/Developer/Toolchains/XcodeDefault.xctoolchain/usr/bin/lipo
configure:7422: checking for arm-apple-darwin-otool
configure:7452: result: no
configure:7462: checking for otool
configure:7478: found /usr/bin/otool
configure:7489: result: otool
configure:7514: checking for arm-apple-darwin-otool64
configure:7544: result: no
configure:7554: checking for otool64
configure:7584: result: no
configure:7629: checking for -single_module linker flag
/Applications/Xcode.app/Contents/Developer/Toolchains/XcodeDefault.xctoolchain/usr/bin/clang -isysroot /Applications/Xcode.app/Contents/Developer/Platforms/iPhoneOS.platform/Developer/SDKs/iPhoneOS9.0.sdk -arch arm64 -miphoneos-version-min=8.0 -fembed-bitcode  -g -O2  -o libconftest.dylib -dynamiclib -Wl,-single_module conftest.c
configure:7662: result: yes
configure:7665: checking for -exported_symbols_list linker flag
configure:7685: /Applications/Xcode.app/Contents/Developer/Toolchains/XcodeDefault.xctoolchain/usr/bin/clang -isysroot /Applications/Xcode.app/Contents/Developer/Platforms/iPhoneOS.platform/Developer/SDKs/iPhoneOS9.0.sdk -arch arm64 -miphoneos-version-min=8.0 -fembed-bitcode  -o conftest -g -O2   -Wl,-exported_symbols_list,conftest.sym conftest.c  >&5
configure:7685: $? = 0
configure:7695: result: yes
configure:7698: checking for -force_load linker flag
/Applications/Xcode.app/Contents/Developer/Toolchains/XcodeDefault.xctoolchain/usr/bin/clang -isysroot /Applications/Xcode.app/Contents/Developer/Platforms/iPhoneOS.platform/Developer/SDKs/iPhoneOS9.0.sdk -arch arm64 -miphoneos-version-min=8.0 -fembed-bitcode  -g -O2 -c -o conftest.o conftest.c
/Applications/Xcode.app/Contents/Developer/Toolchains/XcodeDefault.xctoolchain/usr/bin/ar cru libconftest.a conftest.o
/Applications/Xcode.app/Contents/Developer/Toolchains/XcodeDefault.xctoolchain/usr/bin/ranlib libconftest.a
/Applications/Xcode.app/Contents/Developer/Toolchains/XcodeDefault.xctoolchain/usr/bin/clang -isysroot /Applications/Xcode.app/Contents/Developer/Platforms/iPhoneOS.platform/Developer/SDKs/iPhoneOS9.0.sdk -arch arm64 -miphoneos-version-min=8.0 -fembed-bitcode  -g -O2  -o conftest conftest.c -Wl,-force_load,./libconftest.a
configure:7730: result: yes
configure:7803: checking for ANSI C header files
configure:7823: /Applications/Xcode.app/Contents/Developer/Toolchains/XcodeDefault.xctoolchain/usr/bin/clang -isysroot /Applications/Xcode.app/Contents/Developer/Platforms/iPhoneOS.platform/Developer/SDKs/iPhoneOS9.0.sdk -arch arm64 -miphoneos-version-min=8.0 -fembed-bitcode  -c -g -O2  conftest.c >&5
configure:7823: $? = 0
configure:7907: result: yes
configure:7920: checking for sys/types.h
configure:7920: /Applications/Xcode.app/Contents/Developer/Toolchains/XcodeDefault.xctoolchain/usr/bin/clang -isysroot /Applications/Xcode.app/Contents/Developer/Platforms/iPhoneOS.platform/Developer/SDKs/iPhoneOS9.0.sdk -arch arm64 -miphoneos-version-min=8.0 -fembed-bitcode  -c -g -O2  conftest.c >&5
configure:7920: $? = 0
configure:7920: result: yes
configure:7920: checking for sys/stat.h
configure:7920: /Applications/Xcode.app/Contents/Developer/Toolchains/XcodeDefault.xctoolchain/usr/bin/clang -isysroot /Applications/Xcode.app/Contents/Developer/Platforms/iPhoneOS.platform/Developer/SDKs/iPhoneOS9.0.sdk -arch arm64 -miphoneos-version-min=8.0 -fembed-bitcode  -c -g -O2  conftest.c >&5
configure:7920: $? = 0
configure:7920: result: yes
configure:7920: checking for stdlib.h
configure:7920: /Applications/Xcode.app/Contents/Developer/Toolchains/XcodeDefault.xctoolchain/usr/bin/clang -isysroot /Applications/Xcode.app/Contents/Developer/Platforms/iPhoneOS.platform/Developer/SDKs/iPhoneOS9.0.sdk -arch arm64 -miphoneos-version-min=8.0 -fembed-bitcode  -c -g -O2  conftest.c >&5
configure:7920: $? = 0
configure:7920: result: yes
configure:7920: checking for string.h
configure:7920: /Applications/Xcode.app/Contents/Developer/Toolchains/XcodeDefault.xctoolchain/usr/bin/clang -isysroot /Applications/Xcode.app/Contents/Developer/Platforms/iPhoneOS.platform/Developer/SDKs/iPhoneOS9.0.sdk -arch arm64 -miphoneos-version-min=8.0 -fembed-bitcode  -c -g -O2  conftest.c >&5
configure:7920: $? = 0
configure:7920: result: yes
configure:7920: checking for memory.h
configure:7920: /Applications/Xcode.app/Contents/Developer/Toolchains/XcodeDefault.xctoolchain/usr/bin/clang -isysroot /Applications/Xcode.app/Contents/Developer/Platforms/iPhoneOS.platform/Developer/SDKs/iPhoneOS9.0.sdk -arch arm64 -miphoneos-version-min=8.0 -fembed-bitcode  -c -g -O2  conftest.c >&5
configure:7920: $? = 0
configure:7920: result: yes
configure:7920: checking for strings.h
configure:7920: /Applications/Xcode.app/Contents/Developer/Toolchains/XcodeDefault.xctoolchain/usr/bin/clang -isysroot /Applications/Xcode.app/Contents/Developer/Platforms/iPhoneOS.platform/Developer/SDKs/iPhoneOS9.0.sdk -arch arm64 -miphoneos-version-min=8.0 -fembed-bitcode  -c -g -O2  conftest.c >&5
configure:7920: $? = 0
configure:7920: result: yes
configure:7920: checking for inttypes.h
configure:7920: /Applications/Xcode.app/Contents/Developer/Toolchains/XcodeDefault.xctoolchain/usr/bin/clang -isysroot /Applications/Xcode.app/Contents/Developer/Platforms/iPhoneOS.platform/Developer/SDKs/iPhoneOS9.0.sdk -arch arm64 -miphoneos-version-min=8.0 -fembed-bitcode  -c -g -O2  conftest.c >&5
configure:7920: $? = 0
configure:7920: result: yes
configure:7920: checking for stdint.h
configure:7920: /Applications/Xcode.app/Contents/Developer/Toolchains/XcodeDefault.xctoolchain/usr/bin/clang -isysroot /Applications/Xcode.app/Contents/Developer/Platforms/iPhoneOS.platform/Developer/SDKs/iPhoneOS9.0.sdk -arch arm64 -miphoneos-version-min=8.0 -fembed-bitcode  -c -g -O2  conftest.c >&5
configure:7920: $? = 0
configure:7920: result: yes
configure:7920: checking for unistd.h
configure:7920: /Applications/Xcode.app/Contents/Developer/Toolchains/XcodeDefault.xctoolchain/usr/bin/clang -isysroot /Applications/Xcode.app/Contents/Developer/Platforms/iPhoneOS.platform/Developer/SDKs/iPhoneOS9.0.sdk -arch arm64 -miphoneos-version-min=8.0 -fembed-bitcode  -c -g -O2  conftest.c >&5
configure:7920: $? = 0
configure:7920: result: yes
configure:7934: checking for dlfcn.h
configure:7934: /Applications/Xcode.app/Contents/Developer/Toolchains/XcodeDefault.xctoolchain/usr/bin/clang -isysroot /Applications/Xcode.app/Contents/Developer/Platforms/iPhoneOS.platform/Developer/SDKs/iPhoneOS9.0.sdk -arch arm64 -miphoneos-version-min=8.0 -fembed-bitcode  -c -g -O2  conftest.c >&5
configure:7934: $? = 0
configure:7934: result: yes
configure:8488: checking for objdir
configure:8503: result: .libs
configure:8767: checking if /Applications/Xcode.app/Contents/Developer/Toolchains/XcodeDefault.xctoolchain/usr/bin/clang -isysroot /Applications/Xcode.app/Contents/Developer/Platforms/iPhoneOS.platform/Developer/SDKs/iPhoneOS9.0.sdk -arch arm64 -miphoneos-version-min=8.0 -fembed-bitcode  supports -fno-rtti -fno-exceptions
configure:8785: /Applications/Xcode.app/Contents/Developer/Toolchains/XcodeDefault.xctoolchain/usr/bin/clang -isysroot /Applications/Xcode.app/Contents/Developer/Platforms/iPhoneOS.platform/Developer/SDKs/iPhoneOS9.0.sdk -arch arm64 -miphoneos-version-min=8.0 -fembed-bitcode  -c -g -O2  -fno-rtti -fno-exceptions conftest.c >&5
configure:8789: $? = 0
configure:8802: result: yes
configure:9160: checking for /Applications/Xcode.app/Contents/Developer/Toolchains/XcodeDefault.xctoolchain/usr/bin/clang -isysroot /Applications/Xcode.app/Contents/Developer/Platforms/iPhoneOS.platform/Developer/SDKs/iPhoneOS9.0.sdk -arch arm64 -miphoneos-version-min=8.0 -fembed-bitcode  option to produce PIC
configure:9167: result: -fno-common -DPIC
configure:9175: checking if /Applications/Xcode.app/Contents/Developer/Toolchains/XcodeDefault.xctoolchain/usr/bin/clang -isysroot /Applications/Xcode.app/Contents/Developer/Platforms/iPhoneOS.platform/Developer/SDKs/iPhoneOS9.0.sdk -arch arm64 -miphoneos-version-min=8.0 -fembed-bitcode  PIC flag -fno-common -DPIC works
configure:9193: /Applications/Xcode.app/Contents/Developer/Toolchains/XcodeDefault.xctoolchain/usr/bin/clang -isysroot /Applications/Xcode.app/Contents/Developer/Platforms/iPhoneOS.platform/Developer/SDKs/iPhoneOS9.0.sdk -arch arm64 -miphoneos-version-min=8.0 -fembed-bitcode  -c -g -O2  -fno-common -DPIC -DPIC conftest.c >&5
configure:9197: $? = 0
configure:9210: result: yes
configure:9239: checking if /Applications/Xcode.app/Contents/Developer/Toolchains/XcodeDefault.xctoolchain/usr/bin/clang -isysroot /Applications/Xcode.app/Contents/Developer/Platforms/iPhoneOS.platform/Developer/SDKs/iPhoneOS9.0.sdk -arch arm64 -miphoneos-version-min=8.0 -fembed-bitcode  static flag -static works
configure:9267: result: no
configure:9282: checking if /Applications/Xcode.app/Contents/Developer/Toolchains/XcodeDefault.xctoolchain/usr/bin/clang -isysroot /Applications/Xcode.app/Contents/Developer/Platforms/iPhoneOS.platform/Developer/SDKs/iPhoneOS9.0.sdk -arch arm64 -miphoneos-version-min=8.0 -fembed-bitcode  supports -c -o file.o
configure:9303: /Applications/Xcode.app/Contents/Developer/Toolchains/XcodeDefault.xctoolchain/usr/bin/clang -isysroot /Applications/Xcode.app/Contents/Developer/Platforms/iPhoneOS.platform/Developer/SDKs/iPhoneOS9.0.sdk -arch arm64 -miphoneos-version-min=8.0 -fembed-bitcode  -c -g -O2  -o out/conftest2.o conftest.c >&5
configure:9307: $? = 0
configure:9329: result: yes
configure:9337: checking if /Applications/Xcode.app/Contents/Developer/Toolchains/XcodeDefault.xctoolchain/usr/bin/clang -isysroot /Applications/Xcode.app/Contents/Developer/Platforms/iPhoneOS.platform/Developer/SDKs/iPhoneOS9.0.sdk -arch arm64 -miphoneos-version-min=8.0 -fembed-bitcode  supports -c -o file.o
configure:9384: result: yes
configure:9417: checking whether the /Applications/Xcode.app/Contents/Developer/Toolchains/XcodeDefault.xctoolchain/usr/bin/clang -isysroot /Applications/Xcode.app/Contents/Developer/Platforms/iPhoneOS.platform/Developer/SDKs/iPhoneOS9.0.sdk -arch arm64 -miphoneos-version-min=8.0 -fembed-bitcode  linker (/Applications/Xcode.app/Contents/Developer/Toolchains/XcodeDefault.xctoolchain/usr/bin/ld -isysroot /Applications/Xcode.app/Contents/Developer/Platforms/iPhoneOS.platform/Developer/SDKs/iPhoneOS9.0.sdk -arch arm64) supports shared libraries
configure:10676: result: yes
configure:10916: checking dynamic linker characteristics
configure:11734: result: darwin dyld
configure:11856: checking how to hardcode library paths into programs
configure:11881: result: immediate
configure:12429: checking whether stripping libraries is possible
configure:12443: result: yes
configure:12469: checking if libtool supports shared libraries
configure:12471: result: yes
configure:12474: checking whether to build shared libraries
configure:12499: result: no
configure:12502: checking whether to build static libraries
configure:12506: result: yes
configure:12547: checking that AWK works
configure:12553: result: ok
configure:12601: checking for ANSI C header files
configure:12705: result: yes
configure:12715: checking for an ANSI C-conforming const
configure:12781: /Applications/Xcode.app/Contents/Developer/Toolchains/XcodeDefault.xctoolchain/usr/bin/clang -isysroot /Applications/Xcode.app/Contents/Developer/Platforms/iPhoneOS.platform/Developer/SDKs/iPhoneOS9.0.sdk -arch arm64 -miphoneos-version-min=8.0 -fembed-bitcode  -c -g -O2  conftest.c >&5
configure:12781: $? = 0
configure:12788: result: yes
configure:12796: checking for size_t
configure:12796: /Applications/Xcode.app/Contents/Developer/Toolchains/XcodeDefault.xctoolchain/usr/bin/clang -isysroot /Applications/Xcode.app/Contents/Developer/Platforms/iPhoneOS.platform/Developer/SDKs/iPhoneOS9.0.sdk -arch arm64 -miphoneos-version-min=8.0 -fembed-bitcode  -c -g -O2  conftest.c >&5
configure:12796: $? = 0
configure:12796: /Applications/Xcode.app/Contents/Developer/Toolchains/XcodeDefault.xctoolchain/usr/bin/clang -isysroot /Applications/Xcode.app/Contents/Developer/Platforms/iPhoneOS.platform/Developer/SDKs/iPhoneOS9.0.sdk -arch arm64 -miphoneos-version-min=8.0 -fembed-bitcode  -c -g -O2  conftest.c >&5
conftest.c:60:21: error: expected expression
if (sizeof ((size_t)))
                    ^
1 error generated.
configure:12796: $? = 1
configure: failed program was:
| /* confdefs.h */
| #define PACKAGE_NAME "libpng"
| #define PACKAGE_TARNAME "libpng"
| #define PACKAGE_VERSION "1.6.18"
| #define PACKAGE_STRING "libpng 1.6.18"
| #define PACKAGE_BUGREPORT "png-mng-implement@lists.sourceforge.net"
| #define PACKAGE_URL ""
| #define PACKAGE "libpng"
| #define VERSION "1.6.18"
| #define STDC_HEADERS 1
| #define HAVE_SYS_TYPES_H 1
| #define HAVE_SYS_STAT_H 1
| #define HAVE_STDLIB_H 1
| #define HAVE_STRING_H 1
| #define HAVE_MEMORY_H 1
| #define HAVE_STRINGS_H 1
| #define HAVE_INTTYPES_H 1
| #define HAVE_STDINT_H 1
| #define HAVE_UNISTD_H 1
| #define HAVE_DLFCN_H 1
| #define LT_OBJDIR ".libs/"
| #define STDC_HEADERS 1
| /* end confdefs.h.  */
| #include <stdio.h>
| #ifdef HAVE_SYS_TYPES_H
| # include <sys/types.h>
| #endif
| #ifdef HAVE_SYS_STAT_H
| # include <sys/stat.h>
| #endif
| #ifdef STDC_HEADERS
| # include <stdlib.h>
| # include <stddef.h>
| #else
| # ifdef HAVE_STDLIB_H
| #  include <stdlib.h>
| # endif
| #endif
| #ifdef HAVE_STRING_H
| # if !defined STDC_HEADERS && defined HAVE_MEMORY_H
| #  include <memory.h>
| # endif
| # include <string.h>
| #endif
| #ifdef HAVE_STRINGS_H
| # include <strings.h>
| #endif
| #ifdef HAVE_INTTYPES_H
| # include <inttypes.h>
| #endif
| #ifdef HAVE_STDINT_H
| # include <stdint.h>
| #endif
| #ifdef HAVE_UNISTD_H
| # include <unistd.h>
| #endif
| int
| main ()
| {
| if (sizeof ((size_t)))
| 	    return 0;
|   ;
|   return 0;
| }
configure:12796: result: yes
configure:12807: checking whether struct tm is in sys/time.h or time.h
configure:12827: /Applications/Xcode.app/Contents/Developer/Toolchains/XcodeDefault.xctoolchain/usr/bin/clang -isysroot /Applications/Xcode.app/Contents/Developer/Platforms/iPhoneOS.platform/Developer/SDKs/iPhoneOS9.0.sdk -arch arm64 -miphoneos-version-min=8.0 -fembed-bitcode  -c -g -O2  conftest.c >&5
configure:12827: $? = 0
configure:12834: result: time.h
configure:12842: checking for C/C++ restrict keyword
configure:12867: /Applications/Xcode.app/Contents/Developer/Toolchains/XcodeDefault.xctoolchain/usr/bin/clang -isysroot /Applications/Xcode.app/Contents/Developer/Platforms/iPhoneOS.platform/Developer/SDKs/iPhoneOS9.0.sdk -arch arm64 -miphoneos-version-min=8.0 -fembed-bitcode  -c -g -O2  conftest.c >&5
configure:12867: $? = 0
configure:12875: result: __restrict
configure:12890: checking for working strtod
configure:12941: result: no
configure:12950: checking for pow
configure:12950: /Applications/Xcode.app/Contents/Developer/Toolchains/XcodeDefault.xctoolchain/usr/bin/clang -isysroot /Applications/Xcode.app/Contents/Developer/Platforms/iPhoneOS.platform/Developer/SDKs/iPhoneOS9.0.sdk -arch arm64 -miphoneos-version-min=8.0 -fembed-bitcode  -o conftest -g -O2   conftest.c  >&5
conftest.c:48:6: warning: incompatible redeclaration of library function 'pow' [-Wincompatible-library-redeclaration]
char pow ();
     ^
conftest.c:48:6: note: 'pow' is a builtin with type 'double (double, double)'
1 warning generated.
configure:12950: $? = 0
configure:12950: result: yes
configure:13005: checking for memset
configure:13005: /Applications/Xcode.app/Contents/Developer/Toolchains/XcodeDefault.xctoolchain/usr/bin/clang -isysroot /Applications/Xcode.app/Contents/Developer/Platforms/iPhoneOS.platform/Developer/SDKs/iPhoneOS9.0.sdk -arch arm64 -miphoneos-version-min=8.0 -fembed-bitcode  -o conftest -g -O2   conftest.c  >&5
conftest.c:48:6: warning: incompatible redeclaration of library function 'memset' [-Wincompatible-library-redeclaration]
char memset ();
     ^
conftest.c:48:6: note: 'memset' is a builtin with type 'void *(void *, int, unsigned long)'
1 warning generated.
configure:13005: $? = 0
configure:13005: result: yes
configure:13018: checking for pow
configure:13018: result: yes
configure:13083: checking for zlibVersion in -lz
configure:13108: /Applications/Xcode.app/Contents/Developer/Toolchains/XcodeDefault.xctoolchain/usr/bin/clang -isysroot /Applications/Xcode.app/Contents/Developer/Platforms/iPhoneOS.platform/Developer/SDKs/iPhoneOS9.0.sdk -arch arm64 -miphoneos-version-min=8.0 -fembed-bitcode  -o conftest -g -O2   conftest.c -lz   >&5
configure:13108: $? = 0
configure:13117: result: yes
configure:13182: checking for feenableexcept in -lm
configure:13207: /Applications/Xcode.app/Contents/Developer/Toolchains/XcodeDefault.xctoolchain/usr/bin/clang -isysroot /Applications/Xcode.app/Contents/Developer/Platforms/iPhoneOS.platform/Developer/SDKs/iPhoneOS9.0.sdk -arch arm64 -miphoneos-version-min=8.0 -fembed-bitcode  -o conftest -g -O2   conftest.c -lm  -lz  >&5
Undefined symbols for architecture arm64:
  "_feenableexcept", referenced from:
      _main in conftest-a8c94f.o
ld: symbol(s) not found for architecture arm64
clang: error: linker command failed with exit code 1 (use -v to see invocation)
configure:13207: $? = 1
configure: failed program was:
| /* confdefs.h */
| #define PACKAGE_NAME "libpng"
| #define PACKAGE_TARNAME "libpng"
| #define PACKAGE_VERSION "1.6.18"
| #define PACKAGE_STRING "libpng 1.6.18"
| #define PACKAGE_BUGREPORT "png-mng-implement@lists.sourceforge.net"
| #define PACKAGE_URL ""
| #define PACKAGE "libpng"
| #define VERSION "1.6.18"
| #define STDC_HEADERS 1
| #define HAVE_SYS_TYPES_H 1
| #define HAVE_SYS_STAT_H 1
| #define HAVE_STDLIB_H 1
| #define HAVE_STRING_H 1
| #define HAVE_MEMORY_H 1
| #define HAVE_STRINGS_H 1
| #define HAVE_INTTYPES_H 1
| #define HAVE_STDINT_H 1
| #define HAVE_UNISTD_H 1
| #define HAVE_DLFCN_H 1
| #define LT_OBJDIR ".libs/"
| #define STDC_HEADERS 1
| #define restrict __restrict
| #define HAVE_MEMSET 1
| #define HAVE_POW 1
| #define HAVE_LIBZ 1
| /* end confdefs.h.  */
| 
| /* Override any GCC internal prototype to avoid an error.
|    Use char because int might match the return type of a GCC
|    builtin and then its argument prototype would still apply.  */
| #ifdef __cplusplus
| extern "C"
| #endif
| char feenableexcept ();
| int
| main ()
| {
| return feenableexcept ();
|   ;
|   return 0;
| }
configure:13216: result: no
configure:13229: checking for feenableexcept
configure:13229: /Applications/Xcode.app/Contents/Developer/Toolchains/XcodeDefault.xctoolchain/usr/bin/clang -isysroot /Applications/Xcode.app/Contents/Developer/Platforms/iPhoneOS.platform/Developer/SDKs/iPhoneOS9.0.sdk -arch arm64 -miphoneos-version-min=8.0 -fembed-bitcode  -o conftest -g -O2   conftest.c -lz  >&5
Undefined symbols for architecture arm64:
  "_feenableexcept", referenced from:
      _main in conftest-161c90.o
ld: symbol(s) not found for architecture arm64
clang: error: linker command failed with exit code 1 (use -v to see invocation)
configure:13229: $? = 1
configure: failed program was:
| /* confdefs.h */
| #define PACKAGE_NAME "libpng"
| #define PACKAGE_TARNAME "libpng"
| #define PACKAGE_VERSION "1.6.18"
| #define PACKAGE_STRING "libpng 1.6.18"
| #define PACKAGE_BUGREPORT "png-mng-implement@lists.sourceforge.net"
| #define PACKAGE_URL ""
| #define PACKAGE "libpng"
| #define VERSION "1.6.18"
| #define STDC_HEADERS 1
| #define HAVE_SYS_TYPES_H 1
| #define HAVE_SYS_STAT_H 1
| #define HAVE_STDLIB_H 1
| #define HAVE_STRING_H 1
| #define HAVE_MEMORY_H 1
| #define HAVE_STRINGS_H 1
| #define HAVE_INTTYPES_H 1
| #define HAVE_STDINT_H 1
| #define HAVE_UNISTD_H 1
| #define HAVE_DLFCN_H 1
| #define LT_OBJDIR ".libs/"
| #define STDC_HEADERS 1
| #define restrict __restrict
| #define HAVE_MEMSET 1
| #define HAVE_POW 1
| #define HAVE_LIBZ 1
| /* end confdefs.h.  */
| /* Define feenableexcept to an innocuous variant, in case <limits.h> declares feenableexcept.
|    For example, HP-UX 11i <limits.h> declares gettimeofday.  */
| #define feenableexcept innocuous_feenableexcept
| 
| /* System header to define __stub macros and hopefully few prototypes,
|     which can conflict with char feenableexcept (); below.
|     Prefer <limits.h> to <assert.h> if __STDC__ is defined, since
|     <limits.h> exists even on freestanding compilers.  */
| 
| #ifdef __STDC__
| # include <limits.h>
| #else
| # include <assert.h>
| #endif
| 
| #undef feenableexcept
| 
| /* Override any GCC internal prototype to avoid an error.
|    Use char because int might match the return type of a GCC
|    builtin and then its argument prototype would still apply.  */
| #ifdef __cplusplus
| extern "C"
| #endif
| char feenableexcept ();
| /* The GNU C library defines this for functions which it implements
|     to always fail with ENOSYS.  Some functions are actually named
|     something starting with __ and the normal name is an alias.  */
| #if defined __stub_feenableexcept || defined __stub___feenableexcept
| choke me
| #endif
| 
| int
| main ()
| {
| return feenableexcept ();
|   ;
|   return 0;
| }
configure:13229: result: no
configure:13239: checking if using Solaris linker
configure:13248: result: no
configure:13260: checking if libraries can be versioned
configure:13285: result: no
configure:13287: WARNING: *** You have not enabled versioned symbols.
configure:13332: pkgconfig directory is ${libdir}/pkgconfig
configure:13479: Extra options for compiler: 
configure:13597: checking that generated files are newer than configure
configure:13603: result: done
configure:13662: creating ./config.status

## ---------------------- ##
## Running config.status. ##
## ---------------------- ##

This file was extended by libpng config.status 1.6.18, which was
generated by GNU Autoconf 2.69.  Invocation command line was

  CONFIG_FILES    = 
  CONFIG_HEADERS  = 
  CONFIG_LINKS    = 
  CONFIG_COMMANDS = 
  $ ./config.status 

on polbookpro

config.status:1127: creating Makefile
config.status:1127: creating libpng.pc
config.status:1127: creating libpng-config
config.status:1127: creating config.h
config.status:1308: config.h is unchanged
config.status:1356: executing depfiles commands
config.status:1356: executing libtool commands

## ---------------- ##
## Cache variables. ##
## ---------------- ##

ac_cv_build=x86_64-apple-darwin14.5.0
ac_cv_c_compiler_gnu=yes
ac_cv_c_const=yes
ac_cv_c_restrict=__restrict
ac_cv_env_CCASFLAGS_set=
ac_cv_env_CCASFLAGS_value=
ac_cv_env_CCAS_set=
ac_cv_env_CCAS_value=
ac_cv_env_CC_set=set
ac_cv_env_CC_value='/Applications/Xcode.app/Contents/Developer/Toolchains/XcodeDefault.xctoolchain/usr/bin/clang -isysroot /Applications/Xcode.app/Contents/Developer/Platforms/iPhoneOS.platform/Developer/SDKs/iPhoneOS9.0.sdk -arch arm64 -miphoneos-version-min=8.0 -fembed-bitcode '
ac_cv_env_CFLAGS_set=
ac_cv_env_CFLAGS_value=
ac_cv_env_CPPFLAGS_set=
ac_cv_env_CPPFLAGS_value=
ac_cv_env_CPP_set=set
ac_cv_env_CPP_value='/Applications/Xcode.app/Contents/Developer/Toolchains/XcodeDefault.xctoolchain/usr/bin/clang -E -isysroot /Applications/Xcode.app/Contents/Developer/Platforms/iPhoneOS.platform/Developer/SDKs/iPhoneOS9.0.sdk -arch arm64 -miphoneos-version-min=8.0 -fembed-bitcode '
ac_cv_env_LDFLAGS_set=
ac_cv_env_LDFLAGS_value=
ac_cv_env_LIBS_set=
ac_cv_env_LIBS_value=
ac_cv_env_LT_SYS_LIBRARY_PATH_set=
ac_cv_env_LT_SYS_LIBRARY_PATH_value=
ac_cv_env_PNG_COPTS_set=
ac_cv_env_PNG_COPTS_value=
ac_cv_env_build_alias_set=
ac_cv_env_build_alias_value=
ac_cv_env_host_alias_set=set
ac_cv_env_host_alias_value=arm-apple-darwin
ac_cv_env_target_alias_set=
ac_cv_env_target_alias_value=
ac_cv_func_feenableexcept=no
ac_cv_func_memset=yes
ac_cv_func_pow=yes
ac_cv_func_strtod=no
ac_cv_header_dlfcn_h=yes
ac_cv_header_inttypes_h=yes
ac_cv_header_memory_h=yes
ac_cv_header_stdc=yes
ac_cv_header_stdint_h=yes
ac_cv_header_stdlib_h=yes
ac_cv_header_string_h=yes
ac_cv_header_strings_h=yes
ac_cv_header_sys_stat_h=yes
ac_cv_header_sys_types_h=yes
ac_cv_header_unistd_h=yes
ac_cv_host=arm-apple-darwin
ac_cv_lib_m_feenableexcept=no
ac_cv_lib_z_zlibVersion=yes
ac_cv_objext=o
ac_cv_path_EGREP='/usr/bin/grep -E'
ac_cv_path_FGREP='/usr/bin/grep -F'
ac_cv_path_GREP=/usr/bin/grep
ac_cv_path_SED=/usr/bin/sed
ac_cv_path_install='/usr/bin/install -c'
ac_cv_path_lt_DD=/bin/dd
ac_cv_prog_AR=/Applications/Xcode.app/Contents/Developer/Toolchains/XcodeDefault.xctoolchain/usr/bin/ar
ac_cv_prog_AWK=awk
ac_cv_prog_CC='/Applications/Xcode.app/Contents/Developer/Toolchains/XcodeDefault.xctoolchain/usr/bin/clang -isysroot /Applications/Xcode.app/Contents/Developer/Platforms/iPhoneOS.platform/Developer/SDKs/iPhoneOS9.0.sdk -arch arm64 -miphoneos-version-min=8.0 -fembed-bitcode '
ac_cv_prog_CPP='/Applications/Xcode.app/Contents/Developer/Toolchains/XcodeDefault.xctoolchain/usr/bin/clang -E -isysroot /Applications/Xcode.app/Contents/Developer/Platforms/iPhoneOS.platform/Developer/SDKs/iPhoneOS9.0.sdk -arch arm64 -miphoneos-version-min=8.0 -fembed-bitcode '
ac_cv_prog_LIPO=/Applications/Xcode.app/Contents/Developer/Toolchains/XcodeDefault.xctoolchain/usr/bin/lipo
ac_cv_prog_RANLIB=/Applications/Xcode.app/Contents/Developer/Toolchains/XcodeDefault.xctoolchain/usr/bin/ranlib
ac_cv_prog_STRIP=/Applications/Xcode.app/Contents/Developer/Toolchains/XcodeDefault.xctoolchain/usr/bin/strip
ac_cv_prog_ac_ct_DSYMUTIL=dsymutil
ac_cv_prog_ac_ct_DUMPBIN='link -dump'
ac_cv_prog_ac_ct_NMEDIT=nmedit
ac_cv_prog_ac_ct_OTOOL=otool
ac_cv_prog_cc_c89=
ac_cv_prog_cc_g=yes
ac_cv_prog_make_make_set=yes
ac_cv_struct_tm=time.h
ac_cv_type_size_t=yes
am_cv_CCAS_dependencies_compiler_type=gcc3
am_cv_CC_dependencies_compiler_type=gcc3
am_cv_make_support_nested_variables=yes
am_cv_prog_cc_c_o=yes
lt_cv_apple_cc_single_mod=yes
lt_cv_ar_at_file=no
lt_cv_deplibs_check_method=pass_all
lt_cv_file_magic_cmd='$MAGIC_CMD'
lt_cv_file_magic_test_file=
lt_cv_ld_exported_symbols_list=yes
lt_cv_ld_force_load=yes
lt_cv_ld_reload_flag=-r
lt_cv_nm_interface='BSD nm'
lt_cv_objdir=.libs
lt_cv_path_LD='/Applications/Xcode.app/Contents/Developer/Toolchains/XcodeDefault.xctoolchain/usr/bin/ld -isysroot /Applications/Xcode.app/Contents/Developer/Platforms/iPhoneOS.platform/Developer/SDKs/iPhoneOS9.0.sdk -arch arm64'
lt_cv_path_NM=no
lt_cv_path_mainfest_tool=no
lt_cv_prog_compiler_c_o=yes
lt_cv_prog_compiler_pic='-fno-common -DPIC'
lt_cv_prog_compiler_pic_works=yes
lt_cv_prog_compiler_rtti_exceptions=yes
lt_cv_prog_compiler_static_works=no
lt_cv_prog_gnu_ld=no
lt_cv_sharedlib_from_linklib_cmd='printf %s\n'
lt_cv_sys_global_symbol_pipe='sed -n -e '\''s/^.*[	 ]\([BCDEGRST][BCDEGRST]*\)[	 ][	 ]*_\([_A-Za-z][_A-Za-z0-9]*\)$/\1 _\2 \2/p'\'' | sed '\''/ __gnu_lto/d'\'''
lt_cv_sys_global_symbol_to_c_name_address='sed -n -e '\''s/^: \(.*\) .*$/  {"\1", (void *) 0},/p'\'' -e '\''s/^[BCDEGRST][BCDEGRST]* .* \(.*\)$/  {"\1", (void *) \&\1},/p'\'''
lt_cv_sys_global_symbol_to_c_name_address_lib_prefix='sed -n -e '\''s/^: \(.*\) .*$/  {"\1", (void *) 0},/p'\'' -e '\''s/^[BCDEGRST][BCDEGRST]* .* \(lib.*\)$/  {"\1", (void *) \&\1},/p'\'' -e '\''s/^[BCDEGRST][BCDEGRST]* .* \(.*\)$/  {"lib\1", (void *) \&\1},/p'\'''
lt_cv_sys_global_symbol_to_cdecl='sed -n -e '\''s/^T .* \(.*\)$/extern int \1();/p'\'' -e '\''s/^[BCDEGRST][BCDEGRST]* .* \(.*\)$/extern char \1;/p'\'''
lt_cv_sys_global_symbol_to_import=
lt_cv_sys_max_cmd_len=196608
lt_cv_to_host_file_cmd=func_convert_file_noop
lt_cv_to_tool_file_cmd=func_convert_file_noop
lt_cv_truncate_bin='/bin/dd bs=4096 count=1'

## ----------------- ##
## Output variables. ##
## ----------------- ##

ACLOCAL='${SHELL} /Users/pol/Source/Libraries/libpng/libpng-1.6.18/missing aclocal-1.15'
AMDEPBACKSLASH='\'
AMDEP_FALSE='#'
AMDEP_TRUE=''
AMTAR='$${TAR-tar}'
AM_BACKSLASH='\'
AM_DEFAULT_V='$(AM_DEFAULT_VERBOSITY)'
AM_DEFAULT_VERBOSITY='1'
AM_V='$(V)'
AR='/Applications/Xcode.app/Contents/Developer/Toolchains/XcodeDefault.xctoolchain/usr/bin/ar'
AS='as'
AUTOCONF='${SHELL} /Users/pol/Source/Libraries/libpng/libpng-1.6.18/missing autoconf'
AUTOHEADER='${SHELL} /Users/pol/Source/Libraries/libpng/libpng-1.6.18/missing autoheader'
AUTOMAKE='${SHELL} /Users/pol/Source/Libraries/libpng/libpng-1.6.18/missing automake-1.15'
AWK='awk'
CC='/Applications/Xcode.app/Contents/Developer/Toolchains/XcodeDefault.xctoolchain/usr/bin/clang -isysroot /Applications/Xcode.app/Contents/Developer/Platforms/iPhoneOS.platform/Developer/SDKs/iPhoneOS9.0.sdk -arch arm64 -miphoneos-version-min=8.0 -fembed-bitcode '
CCAS='/Applications/Xcode.app/Contents/Developer/Toolchains/XcodeDefault.xctoolchain/usr/bin/clang -isysroot /Applications/Xcode.app/Contents/Developer/Platforms/iPhoneOS.platform/Developer/SDKs/iPhoneOS9.0.sdk -arch arm64 -miphoneos-version-min=8.0 -fembed-bitcode '
CCASDEPMODE='depmode=gcc3'
CCASFLAGS='-g -O2'
CCDEPMODE='depmode=gcc3'
CFLAGS='-g -O2'
CPP='/Applications/Xcode.app/Contents/Developer/Toolchains/XcodeDefault.xctoolchain/usr/bin/clang -E -isysroot /Applications/Xcode.app/Contents/Developer/Platforms/iPhoneOS.platform/Developer/SDKs/iPhoneOS9.0.sdk -arch arm64 -miphoneos-version-min=8.0 -fembed-bitcode '
CPPFLAGS=''
CYGPATH_W='echo'
DEFS='-DHAVE_CONFIG_H'
DEPDIR='.deps'
DFNCPP='/Applications/Xcode.app/Contents/Developer/Toolchains/XcodeDefault.xctoolchain/usr/bin/clang -E -isysroot /Applications/Xcode.app/Contents/Developer/Platforms/iPhoneOS.platform/Developer/SDKs/iPhoneOS9.0.sdk -arch arm64 -miphoneos-version-min=8.0 -fembed-bitcode '
DLLTOOL='false'
DO_INSTALL_LIBPNG_CONFIG_FALSE='#'
DO_INSTALL_LIBPNG_CONFIG_TRUE=''
DO_INSTALL_LIBPNG_PC_FALSE='#'
DO_INSTALL_LIBPNG_PC_TRUE=''
DO_INSTALL_LINKS_FALSE='#'
DO_INSTALL_LINKS_TRUE=''
DO_PNG_PREFIX_FALSE=''
DO_PNG_PREFIX_TRUE='#'
DSYMUTIL='dsymutil'
DUMPBIN=':'
ECHO_C='\c'
ECHO_N=''
ECHO_T=''
EGREP='/usr/bin/grep -E'
EXEEXT=''
FGREP='/usr/bin/grep -F'
GREP='/usr/bin/grep'
HAVE_LD_VERSION_SCRIPT_FALSE=''
HAVE_LD_VERSION_SCRIPT_TRUE='#'
HAVE_SOLARIS_LD_FALSE=''
HAVE_SOLARIS_LD_TRUE='#'
INSTALL_DATA='${INSTALL} -m 644'
INSTALL_PROGRAM='${INSTALL}'
INSTALL_SCRIPT='${INSTALL}'
INSTALL_STRIP_PROGRAM='$(install_sh) -c -s'
LD='/Applications/Xcode.app/Contents/Developer/Toolchains/XcodeDefault.xctoolchain/usr/bin/ld -isysroot /Applications/Xcode.app/Contents/Developer/Platforms/iPhoneOS.platform/Developer/SDKs/iPhoneOS9.0.sdk -arch arm64'
LDFLAGS=''
LIBOBJS=' ${LIBOBJDIR}strtod$U.o'
LIBS='-lz '
LIBTOOL='$(SHELL) $(top_builddir)/libtool'
LIPO='/Applications/Xcode.app/Contents/Developer/Toolchains/XcodeDefault.xctoolchain/usr/bin/lipo'
LN_S='ln -s'
LTLIBOBJS=' ${LIBOBJDIR}strtod$U.lo'
LT_SYS_LIBRARY_PATH=''
MAINT='#'
MAINTAINER_MODE_FALSE=''
MAINTAINER_MODE_TRUE='#'
MAKEINFO='${SHELL} /Users/pol/Source/Libraries/libpng/libpng-1.6.18/missing makeinfo'
MANIFEST_TOOL=':'
MKDIR_P='./install-sh -c -d'
NM='nm'
NMEDIT='nmedit'
OBJDUMP='false'
OBJEXT='o'
OTOOL64=':'
OTOOL='otool'
PACKAGE='libpng'
PACKAGE_BUGREPORT='png-mng-implement@lists.sourceforge.net'
PACKAGE_NAME='libpng'
PACKAGE_STRING='libpng 1.6.18'
PACKAGE_TARNAME='libpng'
PACKAGE_URL=''
PACKAGE_VERSION='1.6.18'
PATH_SEPARATOR=':'
PNGLIB_MAJOR='1'
PNGLIB_MINOR='6'
PNGLIB_RELEASE='18'
PNGLIB_VERSION='1.6.18'
PNG_ARM_NEON_FALSE='#'
PNG_ARM_NEON_TRUE=''
PNG_COPTS=''
PNG_PREFIX=''
POW_LIB=''
RANLIB='/Applications/Xcode.app/Contents/Developer/Toolchains/XcodeDefault.xctoolchain/usr/bin/ranlib'
SED='/usr/bin/sed'
SET_MAKE=''
SHELL='/bin/sh'
STRIP='/Applications/Xcode.app/Contents/Developer/Toolchains/XcodeDefault.xctoolchain/usr/bin/strip'
SYMBOL_PREFIX=''
VERSION='1.6.18'
ac_ct_AR=''
ac_ct_CC=''
ac_ct_DUMPBIN='link -dump'
am__EXEEXT_FALSE=''
am__EXEEXT_TRUE='#'
am__fastdepCCAS_FALSE='#'
am__fastdepCCAS_TRUE=''
am__fastdepCC_FALSE='#'
am__fastdepCC_TRUE=''
am__include='include'
am__isrc=''
am__leading_dot='.'
am__nodep='_no'
am__quote=''
am__tar='$${TAR-tar} chof - "$$tardir"'
am__untar='$${TAR-tar} xf -'
binconfigs='${binconfigs}'
bindir='${exec_prefix}/bin'
build='x86_64-apple-darwin14.5.0'
build_alias=''
build_cpu='x86_64'
build_os='darwin14.5.0'
build_vendor='apple'
datadir='${datarootdir}'
datarootdir='${prefix}/share'
docdir='${datarootdir}/doc/${PACKAGE_TARNAME}'
dvidir='${docdir}'
exec_prefix='${prefix}'
host='arm-apple-darwin'
host_alias='arm-apple-darwin'
host_cpu='arm'
host_os='darwin'
host_vendor='apple'
htmldir='${docdir}'
includedir='${prefix}/include'
infodir='${datarootdir}/info'
install_sh='${SHELL} /Users/pol/Source/Libraries/libpng/libpng-1.6.18/install-sh'
libdir='${exec_prefix}/lib'
libexecdir='${exec_prefix}/libexec'
localedir='${datarootdir}/locale'
localstatedir='${prefix}/var'
mandir='${datarootdir}/man'
mkdir_p='$(MKDIR_P)'
oldincludedir='/usr/include'
pdfdir='${docdir}'
pkgconfigdir='${libdir}/pkgconfig'
prefix='/Users/pol/Source/Libraries/libpng/libpng-1.6.18/../iPhoneOS-arm64'
program_transform_name='s,x,x,'
psdir='${docdir}'
sbindir='${exec_prefix}/sbin'
sharedstatedir='${prefix}/com'
sysconfdir='${prefix}/etc'
target_alias=''

## ----------- ##
## confdefs.h. ##
## ----------- ##

/* confdefs.h */
#define PACKAGE_NAME "libpng"
#define PACKAGE_TARNAME "libpng"
#define PACKAGE_VERSION "1.6.18"
#define PACKAGE_STRING "libpng 1.6.18"
#define PACKAGE_BUGREPORT "png-mng-implement@lists.sourceforge.net"
#define PACKAGE_URL ""
#define PACKAGE "libpng"
#define VERSION "1.6.18"
#define STDC_HEADERS 1
#define HAVE_SYS_TYPES_H 1
#define HAVE_SYS_STAT_H 1
#define HAVE_STDLIB_H 1
#define HAVE_STRING_H 1
#define HAVE_MEMORY_H 1
#define HAVE_STRINGS_H 1
#define HAVE_INTTYPES_H 1
#define HAVE_STDINT_H 1
#define HAVE_UNISTD_H 1
#define HAVE_DLFCN_H 1
#define LT_OBJDIR ".libs/"
#define STDC_HEADERS 1
#define restrict __restrict
#define HAVE_MEMSET 1
#define HAVE_POW 1
#define HAVE_LIBZ 1

configure: exit 0
