This file contains any messages produced by compilers while
running configure, to aid debugging if configure makes a mistake.

It was created by ICU configure 56.1, which was
generated by GNU Autoconf 2.69.  Invocation command line was

  $ ./configure --prefix=/Users/pol/Source/Libraries/libicu/iPhoneSimulator-x86_64 --host=i386-apple-darwin --enable-static --disable-shared --disable-dyload --disable-icuio --disable-layout --disable-tests --disable-samples

## --------- ##
## Platform. ##
## --------- ##

hostname = polbookpro
uname -m = x86_64
uname -r = 14.5.0
uname -s = Darwin
uname -v = Darwin Kernel Version 14.5.0: Tue Sep  1 21:23:09 PDT 2015; root:xnu-2782.50.1~1/RELEASE_X86_64

/usr/bin/uname -p = i386
/bin/uname -X     = unknown

/bin/arch              = unknown
/usr/bin/arch -k       = unknown
/usr/convex/getsysinfo = unknown
/usr/bin/hostinfo      = Mach kernel version:
	 Darwin Kernel Version 14.5.0: Tue Sep  1 21:23:09 PDT 2015; root:xnu-2782.50.1~1/RELEASE_X86_64
Kernel configured for up to 8 processors.
4 processors are physically available.
8 processors are logically available.
Processor type: x86_64h (Intel x86-64h Haswell)
Processors active: 0 1 2 3 4 5 6 7
Primary memory available: 16.00 gigabytes
Default processor set: 312 tasks, 1737 threads, 8 processors
Load average: 3.30, Mach factor: 4.74
/bin/machine           = unknown
/usr/bin/oslevel       = unknown
/bin/universe          = unknown

PATH: /usr/local/bin
PATH: /usr/bin
PATH: /bin
PATH: /usr/sbin
PATH: /sbin
PATH: /Users/pol/Library/go/bin
PATH: /Users/pol/Library/Android/sdk/tools
PATH: /Users/pol/Library/Android/sdk/platform-tools
PATH: /Users/pol/Source/arcanist/bin/


## ----------- ##
## Core tests. ##
## ----------- ##

configure:2629: checking for ICU version numbers
configure:2662: result: release 56.1, library 56.1, unicode version 8.0
configure:2701: checking build system type
configure:2715: result: x86_64-apple-darwin14.5.0
configure:2735: checking host system type
configure:2748: result: i386-apple-darwin
configure:2791: checking whether to build debug libraries
configure:2803: result: no
configure:2808: checking whether to build release libraries
configure:2820: result: yes
configure:2839: checking for i386-apple-darwin-clang
configure:2866: result: /Applications/Xcode.app/Contents/Developer/Toolchains/XcodeDefault.xctoolchain/usr/bin/clang -isysroot /Applications/Xcode.app/Contents/Developer/Platforms/iPhoneSimulator.platform/Developer/SDKs/iPhoneSimulator9.2.sdk -arch x86_64 -mios-simulator-version-min=8.0 -DUCONFIG_NO_LEGACY_CONVERSION=1
configure:2941: checking for C compiler version
configure:2950: /Applications/Xcode.app/Contents/Developer/Toolchains/XcodeDefault.xctoolchain/usr/bin/clang -isysroot /Applications/Xcode.app/Contents/Developer/Platforms/iPhoneSimulator.platform/Developer/SDKs/iPhoneSimulator9.2.sdk -arch x86_64 -mios-simulator-version-min=8.0 -DUCONFIG_NO_LEGACY_CONVERSION=1 --version >&5
Apple LLVM version 7.0.2 (clang-700.1.81)
Target: x86_64-apple-darwin14.5.0
Thread model: posix
configure:2961: $? = 0
configure:2950: /Applications/Xcode.app/Contents/Developer/Toolchains/XcodeDefault.xctoolchain/usr/bin/clang -isysroot /Applications/Xcode.app/Contents/Developer/Platforms/iPhoneSimulator.platform/Developer/SDKs/iPhoneSimulator9.2.sdk -arch x86_64 -mios-simulator-version-min=8.0 -DUCONFIG_NO_LEGACY_CONVERSION=1 -v >&5
Apple LLVM version 7.0.2 (clang-700.1.81)
Target: x86_64-apple-darwin14.5.0
Thread model: posix
clang: warning: argument unused during compilation: '-isysroot /Applications/Xcode.app/Contents/Developer/Platforms/iPhoneSimulator.platform/Developer/SDKs/iPhoneSimulator9.2.sdk'
clang: warning: argument unused during compilation: '-miphoneos-version-min=8.0'
clang: warning: argument unused during compilation: '-D UCONFIG_NO_LEGACY_CONVERSION=1'
configure:2961: $? = 0
configure:2950: /Applications/Xcode.app/Contents/Developer/Toolchains/XcodeDefault.xctoolchain/usr/bin/clang -isysroot /Applications/Xcode.app/Contents/Developer/Platforms/iPhoneSimulator.platform/Developer/SDKs/iPhoneSimulator9.2.sdk -arch x86_64 -mios-simulator-version-min=8.0 -DUCONFIG_NO_LEGACY_CONVERSION=1 -V >&5
clang: error: argument to '-V' is missing (expected 1 value)
clang: error: no input files
configure:2961: $? = 1
configure:2950: /Applications/Xcode.app/Contents/Developer/Toolchains/XcodeDefault.xctoolchain/usr/bin/clang -isysroot /Applications/Xcode.app/Contents/Developer/Platforms/iPhoneSimulator.platform/Developer/SDKs/iPhoneSimulator9.2.sdk -arch x86_64 -mios-simulator-version-min=8.0 -DUCONFIG_NO_LEGACY_CONVERSION=1 -qversion >&5
clang: error: unknown argument: '-qversion'
clang: error: no input files
configure:2961: $? = 1
configure:2981: checking whether the C compiler works
configure:3003: /Applications/Xcode.app/Contents/Developer/Toolchains/XcodeDefault.xctoolchain/usr/bin/clang -isysroot /Applications/Xcode.app/Contents/Developer/Platforms/iPhoneSimulator.platform/Developer/SDKs/iPhoneSimulator9.2.sdk -arch x86_64 -mios-simulator-version-min=8.0 -DUCONFIG_NO_LEGACY_CONVERSION=1    conftest.c  >&5
configure:3007: $? = 0
configure:3055: result: yes
configure:3058: checking for C compiler default output file name
configure:3060: result: a.out
configure:3066: checking for suffix of executables
configure:3073: /Applications/Xcode.app/Contents/Developer/Toolchains/XcodeDefault.xctoolchain/usr/bin/clang -isysroot /Applications/Xcode.app/Contents/Developer/Platforms/iPhoneSimulator.platform/Developer/SDKs/iPhoneSimulator9.2.sdk -arch x86_64 -mios-simulator-version-min=8.0 -DUCONFIG_NO_LEGACY_CONVERSION=1 -o conftest    conftest.c  >&5
configure:3077: $? = 0
configure:3099: result: 
configure:3121: checking whether we are cross compiling
configure:3129: /Applications/Xcode.app/Contents/Developer/Toolchains/XcodeDefault.xctoolchain/usr/bin/clang -isysroot /Applications/Xcode.app/Contents/Developer/Platforms/iPhoneSimulator.platform/Developer/SDKs/iPhoneSimulator9.2.sdk -arch x86_64 -mios-simulator-version-min=8.0 -DUCONFIG_NO_LEGACY_CONVERSION=1 -o conftest    conftest.c  >&5
configure:3133: $? = 0
configure:3140: ./conftest
configure:3144: $? = 0
configure:3159: result: no
configure:3164: checking for suffix of object files
configure:3186: /Applications/Xcode.app/Contents/Developer/Toolchains/XcodeDefault.xctoolchain/usr/bin/clang -isysroot /Applications/Xcode.app/Contents/Developer/Platforms/iPhoneSimulator.platform/Developer/SDKs/iPhoneSimulator9.2.sdk -arch x86_64 -mios-simulator-version-min=8.0 -DUCONFIG_NO_LEGACY_CONVERSION=1 -c   conftest.c >&5
configure:3190: $? = 0
configure:3211: result: o
configure:3215: checking whether we are using the GNU C compiler
configure:3234: /Applications/Xcode.app/Contents/Developer/Toolchains/XcodeDefault.xctoolchain/usr/bin/clang -isysroot /Applications/Xcode.app/Contents/Developer/Platforms/iPhoneSimulator.platform/Developer/SDKs/iPhoneSimulator9.2.sdk -arch x86_64 -mios-simulator-version-min=8.0 -DUCONFIG_NO_LEGACY_CONVERSION=1 -c   conftest.c >&5
configure:3234: $? = 0
configure:3243: result: yes
configure:3252: checking whether /Applications/Xcode.app/Contents/Developer/Toolchains/XcodeDefault.xctoolchain/usr/bin/clang -isysroot /Applications/Xcode.app/Contents/Developer/Platforms/iPhoneSimulator.platform/Developer/SDKs/iPhoneSimulator9.2.sdk -arch x86_64 -mios-simulator-version-min=8.0 -DUCONFIG_NO_LEGACY_CONVERSION=1 accepts -g
configure:3272: /Applications/Xcode.app/Contents/Developer/Toolchains/XcodeDefault.xctoolchain/usr/bin/clang -isysroot /Applications/Xcode.app/Contents/Developer/Platforms/iPhoneSimulator.platform/Developer/SDKs/iPhoneSimulator9.2.sdk -arch x86_64 -mios-simulator-version-min=8.0 -DUCONFIG_NO_LEGACY_CONVERSION=1 -c -g  conftest.c >&5
configure:3272: $? = 0
configure:3313: result: yes
configure:3330: checking for /Applications/Xcode.app/Contents/Developer/Toolchains/XcodeDefault.xctoolchain/usr/bin/clang -isysroot /Applications/Xcode.app/Contents/Developer/Platforms/iPhoneSimulator.platform/Developer/SDKs/iPhoneSimulator9.2.sdk -arch x86_64 -mios-simulator-version-min=8.0 -DUCONFIG_NO_LEGACY_CONVERSION=1 option to accept ISO C89
configure:3393: /Applications/Xcode.app/Contents/Developer/Toolchains/XcodeDefault.xctoolchain/usr/bin/clang -isysroot /Applications/Xcode.app/Contents/Developer/Platforms/iPhoneSimulator.platform/Developer/SDKs/iPhoneSimulator9.2.sdk -arch x86_64 -mios-simulator-version-min=8.0 -DUCONFIG_NO_LEGACY_CONVERSION=1  -c   conftest.c >&5
configure:3393: $? = 0
configure:3406: result: none needed
configure:3540: checking for C++ compiler version
configure:3549: /Applications/Xcode.app/Contents/Developer/Toolchains/XcodeDefault.xctoolchain/usr/bin/clang++ -isysroot /Applications/Xcode.app/Contents/Developer/Platforms/iPhoneSimulator.platform/Developer/SDKs/iPhoneSimulator9.2.sdk -arch x86_64 -mios-simulator-version-min=8.0 -DUCONFIG_NO_LEGACY_CONVERSION=1 --version >&5
Apple LLVM version 7.0.2 (clang-700.1.81)
Target: x86_64-apple-darwin14.5.0
Thread model: posix
configure:3560: $? = 0
configure:3549: /Applications/Xcode.app/Contents/Developer/Toolchains/XcodeDefault.xctoolchain/usr/bin/clang++ -isysroot /Applications/Xcode.app/Contents/Developer/Platforms/iPhoneSimulator.platform/Developer/SDKs/iPhoneSimulator9.2.sdk -arch x86_64 -mios-simulator-version-min=8.0 -DUCONFIG_NO_LEGACY_CONVERSION=1 -v >&5
Apple LLVM version 7.0.2 (clang-700.1.81)
Target: x86_64-apple-darwin14.5.0
Thread model: posix
clang: warning: argument unused during compilation: '-isysroot /Applications/Xcode.app/Contents/Developer/Platforms/iPhoneSimulator.platform/Developer/SDKs/iPhoneSimulator9.2.sdk'
clang: warning: argument unused during compilation: '-miphoneos-version-min=8.0'
clang: warning: argument unused during compilation: '-D UCONFIG_NO_LEGACY_CONVERSION=1'
configure:3560: $? = 0
configure:3549: /Applications/Xcode.app/Contents/Developer/Toolchains/XcodeDefault.xctoolchain/usr/bin/clang++ -isysroot /Applications/Xcode.app/Contents/Developer/Platforms/iPhoneSimulator.platform/Developer/SDKs/iPhoneSimulator9.2.sdk -arch x86_64 -mios-simulator-version-min=8.0 -DUCONFIG_NO_LEGACY_CONVERSION=1 -V >&5
clang: error: argument to '-V' is missing (expected 1 value)
clang: error: no input files
configure:3560: $? = 1
configure:3549: /Applications/Xcode.app/Contents/Developer/Toolchains/XcodeDefault.xctoolchain/usr/bin/clang++ -isysroot /Applications/Xcode.app/Contents/Developer/Platforms/iPhoneSimulator.platform/Developer/SDKs/iPhoneSimulator9.2.sdk -arch x86_64 -mios-simulator-version-min=8.0 -DUCONFIG_NO_LEGACY_CONVERSION=1 -qversion >&5
clang: error: unknown argument: '-qversion'
clang: error: no input files
configure:3560: $? = 1
configure:3564: checking whether we are using the GNU C++ compiler
configure:3583: /Applications/Xcode.app/Contents/Developer/Toolchains/XcodeDefault.xctoolchain/usr/bin/clang++ -isysroot /Applications/Xcode.app/Contents/Developer/Platforms/iPhoneSimulator.platform/Developer/SDKs/iPhoneSimulator9.2.sdk -arch x86_64 -mios-simulator-version-min=8.0 -DUCONFIG_NO_LEGACY_CONVERSION=1 -c   conftest.cpp >&5
configure:3583: $? = 0
configure:3592: result: yes
configure:3601: checking whether /Applications/Xcode.app/Contents/Developer/Toolchains/XcodeDefault.xctoolchain/usr/bin/clang++ -isysroot /Applications/Xcode.app/Contents/Developer/Platforms/iPhoneSimulator.platform/Developer/SDKs/iPhoneSimulator9.2.sdk -arch x86_64 -mios-simulator-version-min=8.0 -DUCONFIG_NO_LEGACY_CONVERSION=1 accepts -g
configure:3621: /Applications/Xcode.app/Contents/Developer/Toolchains/XcodeDefault.xctoolchain/usr/bin/clang++ -isysroot /Applications/Xcode.app/Contents/Developer/Platforms/iPhoneSimulator.platform/Developer/SDKs/iPhoneSimulator9.2.sdk -arch x86_64 -mios-simulator-version-min=8.0 -DUCONFIG_NO_LEGACY_CONVERSION=1 -c -g  conftest.cpp >&5
configure:3621: $? = 0
configure:3662: result: yes
configure:3698: checking for i386-apple-darwin-pkg-config
configure:3731: result: no
configure:3741: checking for pkg-config
configure:3759: found /usr/local/bin/pkg-config
configure:3771: result: /usr/local/bin/pkg-config
configure:3796: checking pkg-config is at least version 0.20
configure:3799: result: yes
configure:3809: checking for ICULEHB
configure:3816: $PKG_CONFIG --exists --print-errors "icu-le-hb"
Package icu-le-hb was not found in the pkg-config search path.
Perhaps you should add the directory containing `icu-le-hb.pc'
to the PKG_CONFIG_PATH environment variable
No package 'icu-le-hb' found
configure:3819: $? = 1
configure:3833: $PKG_CONFIG --exists --print-errors "icu-le-hb"
Package icu-le-hb was not found in the pkg-config search path.
Perhaps you should add the directory containing `icu-le-hb.pc'
to the PKG_CONFIG_PATH environment variable
No package 'icu-le-hb' found
configure:3836: $? = 1
configure:3850: result: no
No package 'icu-le-hb' found
configure:3905: checking how to run the C preprocessor
configure:3975: result: /Applications/Xcode.app/Contents/Developer/Toolchains/XcodeDefault.xctoolchain/usr/bin/clang -E -isysroot /Applications/Xcode.app/Contents/Developer/Platforms/iPhoneSimulator.platform/Developer/SDKs/iPhoneSimulator9.2.sdk -arch x86_64 -mios-simulator-version-min=8.0 -DUCONFIG_NO_LEGACY_CONVERSION=1
configure:3995: /Applications/Xcode.app/Contents/Developer/Toolchains/XcodeDefault.xctoolchain/usr/bin/clang -E -isysroot /Applications/Xcode.app/Contents/Developer/Platforms/iPhoneSimulator.platform/Developer/SDKs/iPhoneSimulator9.2.sdk -arch x86_64 -mios-simulator-version-min=8.0 -DUCONFIG_NO_LEGACY_CONVERSION=1  conftest.c
configure:3995: $? = 0
configure:4009: /Applications/Xcode.app/Contents/Developer/Toolchains/XcodeDefault.xctoolchain/usr/bin/clang -E -isysroot /Applications/Xcode.app/Contents/Developer/Platforms/iPhoneSimulator.platform/Developer/SDKs/iPhoneSimulator9.2.sdk -arch x86_64 -mios-simulator-version-min=8.0 -DUCONFIG_NO_LEGACY_CONVERSION=1  conftest.c
conftest.c:9:10: fatal error: 'ac_nonexistent.h' file not found
#include <ac_nonexistent.h>
         ^
1 error generated.
configure:4009: $? = 1
configure: failed program was:
| /* confdefs.h */
| #define PACKAGE_NAME "ICU"
| #define PACKAGE_TARNAME "International Components for Unicode"
| #define PACKAGE_VERSION "56.1"
| #define PACKAGE_STRING "ICU 56.1"
| #define PACKAGE_BUGREPORT "http://icu-project.org/bugs"
| #define PACKAGE_URL "http://icu-project.org"
| /* end confdefs.h.  */
| #include <ac_nonexistent.h>
configure:4052: checking for a BSD-compatible install
configure:4120: result: /usr/bin/install -c
configure:4152: /Applications/Xcode.app/Contents/Developer/Toolchains/XcodeDefault.xctoolchain/usr/bin/clang++ -isysroot /Applications/Xcode.app/Contents/Developer/Platforms/iPhoneSimulator.platform/Developer/SDKs/iPhoneSimulator9.2.sdk -arch x86_64 -mios-simulator-version-min=8.0 -DUCONFIG_NO_LEGACY_CONVERSION=1 -o conftest  -O2   conftest.cpp  >&5
configure:4152: $? = 0
configure:4180: checking for gmake
configure:4213: result: no
configure:4180: checking for gnumake
configure:4198: found /usr/bin/gnumake
configure:4210: result: /usr/bin/gnumake
configure:4255: checking for doxygen
configure:4274: found /usr/local/bin/doxygen
configure:4286: result: /usr/local/bin/doxygen
configure:4309: checking checking for executable suffix
configure:4316: result: 
configure:4322: checking whether strict compiling is on
configure:4338: result: yes
configure:4385: checking for grep that handles long lines and -e
configure:4443: result: /usr/bin/grep
configure:4448: checking for egrep
configure:4510: result: /usr/bin/grep -E
configure:4515: checking for ANSI C header files
configure:4535: /Applications/Xcode.app/Contents/Developer/Toolchains/XcodeDefault.xctoolchain/usr/bin/clang -isysroot /Applications/Xcode.app/Contents/Developer/Platforms/iPhoneSimulator.platform/Developer/SDKs/iPhoneSimulator9.2.sdk -arch x86_64 -mios-simulator-version-min=8.0 -DUCONFIG_NO_LEGACY_CONVERSION=1 -c  -O2 -std=c99 -Wall -pedantic -Wshadow -Wpointer-arith -Wmissing-prototypes -Wwrite-strings  conftest.c >&5
configure:4535: $? = 0
configure:4608: /Applications/Xcode.app/Contents/Developer/Toolchains/XcodeDefault.xctoolchain/usr/bin/clang -isysroot /Applications/Xcode.app/Contents/Developer/Platforms/iPhoneSimulator.platform/Developer/SDKs/iPhoneSimulator9.2.sdk -arch x86_64 -mios-simulator-version-min=8.0 -DUCONFIG_NO_LEGACY_CONVERSION=1 -o conftest  -O2 -std=c99 -Wall -pedantic -Wshadow -Wpointer-arith -Wmissing-prototypes -Wwrite-strings   conftest.c  >&5
configure:4608: $? = 0
configure:4608: ./conftest
configure:4608: $? = 0
configure:4619: result: yes
configure:4632: checking for sys/types.h
configure:4632: /Applications/Xcode.app/Contents/Developer/Toolchains/XcodeDefault.xctoolchain/usr/bin/clang -isysroot /Applications/Xcode.app/Contents/Developer/Platforms/iPhoneSimulator.platform/Developer/SDKs/iPhoneSimulator9.2.sdk -arch x86_64 -mios-simulator-version-min=8.0 -DUCONFIG_NO_LEGACY_CONVERSION=1 -c  -O2 -std=c99 -Wall -pedantic -Wshadow -Wpointer-arith -Wmissing-prototypes -Wwrite-strings  conftest.c >&5
configure:4632: $? = 0
configure:4632: result: yes
configure:4632: checking for sys/stat.h
configure:4632: /Applications/Xcode.app/Contents/Developer/Toolchains/XcodeDefault.xctoolchain/usr/bin/clang -isysroot /Applications/Xcode.app/Contents/Developer/Platforms/iPhoneSimulator.platform/Developer/SDKs/iPhoneSimulator9.2.sdk -arch x86_64 -mios-simulator-version-min=8.0 -DUCONFIG_NO_LEGACY_CONVERSION=1 -c  -O2 -std=c99 -Wall -pedantic -Wshadow -Wpointer-arith -Wmissing-prototypes -Wwrite-strings  conftest.c >&5
configure:4632: $? = 0
configure:4632: result: yes
configure:4632: checking for stdlib.h
configure:4632: /Applications/Xcode.app/Contents/Developer/Toolchains/XcodeDefault.xctoolchain/usr/bin/clang -isysroot /Applications/Xcode.app/Contents/Developer/Platforms/iPhoneSimulator.platform/Developer/SDKs/iPhoneSimulator9.2.sdk -arch x86_64 -mios-simulator-version-min=8.0 -DUCONFIG_NO_LEGACY_CONVERSION=1 -c  -O2 -std=c99 -Wall -pedantic -Wshadow -Wpointer-arith -Wmissing-prototypes -Wwrite-strings  conftest.c >&5
configure:4632: $? = 0
configure:4632: result: yes
configure:4632: checking for string.h
configure:4632: /Applications/Xcode.app/Contents/Developer/Toolchains/XcodeDefault.xctoolchain/usr/bin/clang -isysroot /Applications/Xcode.app/Contents/Developer/Platforms/iPhoneSimulator.platform/Developer/SDKs/iPhoneSimulator9.2.sdk -arch x86_64 -mios-simulator-version-min=8.0 -DUCONFIG_NO_LEGACY_CONVERSION=1 -c  -O2 -std=c99 -Wall -pedantic -Wshadow -Wpointer-arith -Wmissing-prototypes -Wwrite-strings  conftest.c >&5
configure:4632: $? = 0
configure:4632: result: yes
configure:4632: checking for memory.h
configure:4632: /Applications/Xcode.app/Contents/Developer/Toolchains/XcodeDefault.xctoolchain/usr/bin/clang -isysroot /Applications/Xcode.app/Contents/Developer/Platforms/iPhoneSimulator.platform/Developer/SDKs/iPhoneSimulator9.2.sdk -arch x86_64 -mios-simulator-version-min=8.0 -DUCONFIG_NO_LEGACY_CONVERSION=1 -c  -O2 -std=c99 -Wall -pedantic -Wshadow -Wpointer-arith -Wmissing-prototypes -Wwrite-strings  conftest.c >&5
configure:4632: $? = 0
configure:4632: result: yes
configure:4632: checking for strings.h
configure:4632: /Applications/Xcode.app/Contents/Developer/Toolchains/XcodeDefault.xctoolchain/usr/bin/clang -isysroot /Applications/Xcode.app/Contents/Developer/Platforms/iPhoneSimulator.platform/Developer/SDKs/iPhoneSimulator9.2.sdk -arch x86_64 -mios-simulator-version-min=8.0 -DUCONFIG_NO_LEGACY_CONVERSION=1 -c  -O2 -std=c99 -Wall -pedantic -Wshadow -Wpointer-arith -Wmissing-prototypes -Wwrite-strings  conftest.c >&5
configure:4632: $? = 0
configure:4632: result: yes
configure:4632: checking for inttypes.h
configure:4632: /Applications/Xcode.app/Contents/Developer/Toolchains/XcodeDefault.xctoolchain/usr/bin/clang -isysroot /Applications/Xcode.app/Contents/Developer/Platforms/iPhoneSimulator.platform/Developer/SDKs/iPhoneSimulator9.2.sdk -arch x86_64 -mios-simulator-version-min=8.0 -DUCONFIG_NO_LEGACY_CONVERSION=1 -c  -O2 -std=c99 -Wall -pedantic -Wshadow -Wpointer-arith -Wmissing-prototypes -Wwrite-strings  conftest.c >&5
configure:4632: $? = 0
configure:4632: result: yes
configure:4632: checking for stdint.h
configure:4632: /Applications/Xcode.app/Contents/Developer/Toolchains/XcodeDefault.xctoolchain/usr/bin/clang -isysroot /Applications/Xcode.app/Contents/Developer/Platforms/iPhoneSimulator.platform/Developer/SDKs/iPhoneSimulator9.2.sdk -arch x86_64 -mios-simulator-version-min=8.0 -DUCONFIG_NO_LEGACY_CONVERSION=1 -c  -O2 -std=c99 -Wall -pedantic -Wshadow -Wpointer-arith -Wmissing-prototypes -Wwrite-strings  conftest.c >&5
configure:4632: $? = 0
configure:4632: result: yes
configure:4632: checking for unistd.h
configure:4632: /Applications/Xcode.app/Contents/Developer/Toolchains/XcodeDefault.xctoolchain/usr/bin/clang -isysroot /Applications/Xcode.app/Contents/Developer/Platforms/iPhoneSimulator.platform/Developer/SDKs/iPhoneSimulator9.2.sdk -arch x86_64 -mios-simulator-version-min=8.0 -DUCONFIG_NO_LEGACY_CONVERSION=1 -c  -O2 -std=c99 -Wall -pedantic -Wshadow -Wpointer-arith -Wmissing-prototypes -Wwrite-strings  conftest.c >&5
configure:4632: $? = 0
configure:4632: result: yes
configure:4681: checking size of void *
configure:4686: /Applications/Xcode.app/Contents/Developer/Toolchains/XcodeDefault.xctoolchain/usr/bin/clang -isysroot /Applications/Xcode.app/Contents/Developer/Platforms/iPhoneSimulator.platform/Developer/SDKs/iPhoneSimulator9.2.sdk -arch x86_64 -mios-simulator-version-min=8.0 -DUCONFIG_NO_LEGACY_CONVERSION=1 -o conftest  -O2 -std=c99 -Wall -pedantic -Wshadow -Wpointer-arith -Wmissing-prototypes -Wwrite-strings   conftest.c  >&5
configure:4686: $? = 0
configure:4686: ./conftest
configure:4686: $? = 0
configure:4700: result: 8
configure:4710: checking whether runnable 64 bit binaries are built by default
configure:4767: result: yes
configure:5111: checking which Makefile fragment to use for i386-apple-darwin
configure:5207: result: mh-darwin
configure:5256: checking for floor in -lm
configure:5281: /Applications/Xcode.app/Contents/Developer/Toolchains/XcodeDefault.xctoolchain/usr/bin/clang -isysroot /Applications/Xcode.app/Contents/Developer/Platforms/iPhoneSimulator.platform/Developer/SDKs/iPhoneSimulator9.2.sdk -arch x86_64 -mios-simulator-version-min=8.0 -DUCONFIG_NO_LEGACY_CONVERSION=1 -o conftest  -O2 -std=c99 -Wall -pedantic -Wshadow -Wpointer-arith -Wmissing-prototypes -Wwrite-strings   conftest.c -lm   >&5
conftest.c:27:6: warning: incompatible redeclaration of library function 'floor' [-Wincompatible-library-redeclaration]
char floor ();
     ^
conftest.c:27:6: note: 'floor' is a builtin with type 'double (double)'
1 warning generated.
configure:5281: $? = 0
configure:5290: result: yes
configure:5306: checking whether to build shared libraries
configure:5321: result: no
configure:5326: checking whether to build static libraries
configure:5338: result: yes
configure:5346: checking whether we can use static library optimization option
configure:5375: /Applications/Xcode.app/Contents/Developer/Toolchains/XcodeDefault.xctoolchain/usr/bin/clang -isysroot /Applications/Xcode.app/Contents/Developer/Platforms/iPhoneSimulator.platform/Developer/SDKs/iPhoneSimulator9.2.sdk -arch x86_64 -mios-simulator-version-min=8.0 -DUCONFIG_NO_LEGACY_CONVERSION=1 -o conftest  -O2 -std=c99 -Wall -pedantic -Wshadow -Wpointer-arith -Wmissing-prototypes -Wwrite-strings   conftest.c -lm  >&5
configure:5375: $? = 0
configure:5382: result: yes
configure:5394: checking whether to enable auto cleanup of libraries
configure:5409: result: no
configure:5448: checking whether to enable draft APIs
configure:5462: result: yes
configure:5473: checking for i386-apple-darwin-ranlib
configure:5500: result: /Applications/Xcode.app/Contents/Developer/Toolchains/XcodeDefault.xctoolchain/usr/bin/ranlib
configure:5567: checking for i386-apple-darwin-ar
configure:5594: result: /Applications/Xcode.app/Contents/Developer/Toolchains/XcodeDefault.xctoolchain/usr/bin/ar
configure:5657: checking whether to enable renaming of symbols
configure:5672: result: yes
configure:5676: checking whether to enable function and data tracing
configure:5691: result: no
configure:5698: checking elf.h usability
configure:5698: /Applications/Xcode.app/Contents/Developer/Toolchains/XcodeDefault.xctoolchain/usr/bin/clang -isysroot /Applications/Xcode.app/Contents/Developer/Platforms/iPhoneSimulator.platform/Developer/SDKs/iPhoneSimulator9.2.sdk -arch x86_64 -mios-simulator-version-min=8.0 -DUCONFIG_NO_LEGACY_CONVERSION=1 -c  -O2 -std=c99 -Wall -pedantic -Wshadow -Wpointer-arith -Wmissing-prototypes -Wwrite-strings  conftest.c >&5
conftest.c:54:10: fatal error: 'elf.h' file not found
#include <elf.h>
         ^
1 error generated.
configure:5698: $? = 1
configure: failed program was:
| /* confdefs.h */
| #define PACKAGE_NAME "ICU"
| #define PACKAGE_TARNAME "International Components for Unicode"
| #define PACKAGE_VERSION "56.1"
| #define PACKAGE_STRING "ICU 56.1"
| #define PACKAGE_BUGREPORT "http://icu-project.org/bugs"
| #define PACKAGE_URL "http://icu-project.org"
| #define STDC_HEADERS 1
| #define HAVE_SYS_TYPES_H 1
| #define HAVE_SYS_STAT_H 1
| #define HAVE_STDLIB_H 1
| #define HAVE_STRING_H 1
| #define HAVE_MEMORY_H 1
| #define HAVE_STRINGS_H 1
| #define HAVE_INTTYPES_H 1
| #define HAVE_STDINT_H 1
| #define HAVE_UNISTD_H 1
| #define SIZEOF_VOID_P 8
| #define HAVE_LIBM 1
| /* end confdefs.h.  */
| #include <stdio.h>
| #ifdef HAVE_SYS_TYPES_H
| # include <sys/types.h>
| #endif
| #ifdef HAVE_SYS_STAT_H
| # include <sys/stat.h>
| #endif
| #ifdef STDC_HEADERS
| # include <stdlib.h>
| # include <stddef.h>
| #else
| # ifdef HAVE_STDLIB_H
| #  include <stdlib.h>
| # endif
| #endif
| #ifdef HAVE_STRING_H
| # if !defined STDC_HEADERS && defined HAVE_MEMORY_H
| #  include <memory.h>
| # endif
| # include <string.h>
| #endif
| #ifdef HAVE_STRINGS_H
| # include <strings.h>
| #endif
| #ifdef HAVE_INTTYPES_H
| # include <inttypes.h>
| #endif
| #ifdef HAVE_STDINT_H
| # include <stdint.h>
| #endif
| #ifdef HAVE_UNISTD_H
| # include <unistd.h>
| #endif
| #include <elf.h>
configure:5698: result: no
configure:5698: checking elf.h presence
configure:5698: /Applications/Xcode.app/Contents/Developer/Toolchains/XcodeDefault.xctoolchain/usr/bin/clang -E -isysroot /Applications/Xcode.app/Contents/Developer/Platforms/iPhoneSimulator.platform/Developer/SDKs/iPhoneSimulator9.2.sdk -arch x86_64 -mios-simulator-version-min=8.0 -DUCONFIG_NO_LEGACY_CONVERSION=1  conftest.c
conftest.c:21:10: fatal error: 'elf.h' file not found
#include <elf.h>
         ^
1 error generated.
configure:5698: $? = 1
configure: failed program was:
| /* confdefs.h */
| #define PACKAGE_NAME "ICU"
| #define PACKAGE_TARNAME "International Components for Unicode"
| #define PACKAGE_VERSION "56.1"
| #define PACKAGE_STRING "ICU 56.1"
| #define PACKAGE_BUGREPORT "http://icu-project.org/bugs"
| #define PACKAGE_URL "http://icu-project.org"
| #define STDC_HEADERS 1
| #define HAVE_SYS_TYPES_H 1
| #define HAVE_SYS_STAT_H 1
| #define HAVE_STDLIB_H 1
| #define HAVE_STRING_H 1
| #define HAVE_MEMORY_H 1
| #define HAVE_STRINGS_H 1
| #define HAVE_INTTYPES_H 1
| #define HAVE_STDINT_H 1
| #define HAVE_UNISTD_H 1
| #define SIZEOF_VOID_P 8
| #define HAVE_LIBM 1
| /* end confdefs.h.  */
| #include <elf.h>
configure:5698: result: no
configure:5698: checking for elf.h
configure:5698: result: no
configure:5741: checking whether to enable dynamic loading of plugins. Ignored if plugins disabled.
configure:5759: result: no
configure:5855: checking for gettimeofday
configure:5855: /Applications/Xcode.app/Contents/Developer/Toolchains/XcodeDefault.xctoolchain/usr/bin/clang -isysroot /Applications/Xcode.app/Contents/Developer/Platforms/iPhoneSimulator.platform/Developer/SDKs/iPhoneSimulator9.2.sdk -arch x86_64 -mios-simulator-version-min=8.0 -DUCONFIG_NO_LEGACY_CONVERSION=1 -o conftest  -O2 -std=c99 -Wall -pedantic -Wshadow -Wpointer-arith -Wmissing-prototypes -Wwrite-strings   conftest.c -lm  >&5
configure:5855: $? = 0
configure:5855: result: yes
configure:5889: checking if we have a C++ compiler
configure:5902: /Applications/Xcode.app/Contents/Developer/Toolchains/XcodeDefault.xctoolchain/usr/bin/clang++ -isysroot /Applications/Xcode.app/Contents/Developer/Platforms/iPhoneSimulator.platform/Developer/SDKs/iPhoneSimulator9.2.sdk -arch x86_64 -mios-simulator-version-min=8.0 -DUCONFIG_NO_LEGACY_CONVERSION=1 -c  -O2 -W -Wall -pedantic -Wpointer-arith -Wwrite-strings -Wno-long-long  conftest.cpp >&5
configure:5902: $? = 0
configure:5910: result: Good
configure:5924: checking if we have a C++11 compiler
configure:5937: /Applications/Xcode.app/Contents/Developer/Toolchains/XcodeDefault.xctoolchain/usr/bin/clang++ -isysroot /Applications/Xcode.app/Contents/Developer/Platforms/iPhoneSimulator.platform/Developer/SDKs/iPhoneSimulator9.2.sdk -arch x86_64 -mios-simulator-version-min=8.0 -DUCONFIG_NO_LEGACY_CONVERSION=1 -c  -O2 -W -Wall -pedantic -Wpointer-arith -Wwrite-strings -Wno-long-long --std=c++0x  conftest.cpp >&5
configure:5937: $? = 0
configure:5943: result: yes
configure:5946: Adding CXXFLAGS option --std=c++0x
configure:5955: checking if #include <string> works
configure:5968: /Applications/Xcode.app/Contents/Developer/Toolchains/XcodeDefault.xctoolchain/usr/bin/clang++ -isysroot /Applications/Xcode.app/Contents/Developer/Platforms/iPhoneSimulator.platform/Developer/SDKs/iPhoneSimulator9.2.sdk -arch x86_64 -mios-simulator-version-min=8.0 -DUCONFIG_NO_LEGACY_CONVERSION=1 -c  -O2 -W -Wall -pedantic -Wpointer-arith -Wwrite-strings -Wno-long-long --std=c++0x  conftest.cpp >&5
configure:5968: $? = 0
configure:5974: result: yes
configure:5986: checking if #include <atomic> works
configure:5999: /Applications/Xcode.app/Contents/Developer/Toolchains/XcodeDefault.xctoolchain/usr/bin/clang++ -isysroot /Applications/Xcode.app/Contents/Developer/Platforms/iPhoneSimulator.platform/Developer/SDKs/iPhoneSimulator9.2.sdk -arch x86_64 -mios-simulator-version-min=8.0 -DUCONFIG_NO_LEGACY_CONVERSION=1 -c  -O2 -W -Wall -pedantic -Wpointer-arith -Wwrite-strings -Wno-long-long --std=c++0x  conftest.cpp >&5
configure:5999: $? = 0
configure:6005: result: yes
configure:6033: checking for pthread_attr_init in -lpthread
configure:6058: /Applications/Xcode.app/Contents/Developer/Toolchains/XcodeDefault.xctoolchain/usr/bin/clang -isysroot /Applications/Xcode.app/Contents/Developer/Platforms/iPhoneSimulator.platform/Developer/SDKs/iPhoneSimulator9.2.sdk -arch x86_64 -mios-simulator-version-min=8.0 -DUCONFIG_NO_LEGACY_CONVERSION=1 -o conftest  -O2 -std=c99 -Wall -pedantic -Wshadow -Wpointer-arith -Wmissing-prototypes -Wwrite-strings   conftest.c -lpthread  -lm  >&5
configure:6058: $? = 0
configure:6067: result: yes
configure:6271: checking for mmap
configure:6290: /Applications/Xcode.app/Contents/Developer/Toolchains/XcodeDefault.xctoolchain/usr/bin/clang -isysroot /Applications/Xcode.app/Contents/Developer/Platforms/iPhoneSimulator.platform/Developer/SDKs/iPhoneSimulator9.2.sdk -arch x86_64 -mios-simulator-version-min=8.0 -DUCONFIG_NO_LEGACY_CONVERSION=1 -o conftest  -O2 -std=c99 -Wall -pedantic -Wshadow -Wpointer-arith -Wmissing-prototypes -Wwrite-strings   conftest.c -lpthread -lm  >&5
configure:6290: $? = 0
configure:6299: result: yes
configure:6309: checking for genccode assembly
configure:6346: result: 
configure:6352: checking for inttypes.h
configure:6352: result: yes
configure:6381: checking dirent.h usability
configure:6381: /Applications/Xcode.app/Contents/Developer/Toolchains/XcodeDefault.xctoolchain/usr/bin/clang -isysroot /Applications/Xcode.app/Contents/Developer/Platforms/iPhoneSimulator.platform/Developer/SDKs/iPhoneSimulator9.2.sdk -arch x86_64 -mios-simulator-version-min=8.0 -DUCONFIG_NO_LEGACY_CONVERSION=1 -c  -O2 -std=c99 -Wall -pedantic -Wshadow -Wpointer-arith -Wmissing-prototypes -Wwrite-strings  conftest.c >&5
configure:6381: $? = 0
configure:6381: result: yes
configure:6381: checking dirent.h presence
configure:6381: /Applications/Xcode.app/Contents/Developer/Toolchains/XcodeDefault.xctoolchain/usr/bin/clang -E -isysroot /Applications/Xcode.app/Contents/Developer/Platforms/iPhoneSimulator.platform/Developer/SDKs/iPhoneSimulator9.2.sdk -arch x86_64 -mios-simulator-version-min=8.0 -DUCONFIG_NO_LEGACY_CONVERSION=1  conftest.c
configure:6381: $? = 0
configure:6381: result: yes
configure:6381: checking for dirent.h
configure:6381: result: yes
configure:6401: checking whether byte ordering is bigendian
configure:6416: /Applications/Xcode.app/Contents/Developer/Toolchains/XcodeDefault.xctoolchain/usr/bin/clang -isysroot /Applications/Xcode.app/Contents/Developer/Platforms/iPhoneSimulator.platform/Developer/SDKs/iPhoneSimulator9.2.sdk -arch x86_64 -mios-simulator-version-min=8.0 -DUCONFIG_NO_LEGACY_CONVERSION=1 -c  -O2 -std=c99 -Wall -pedantic -Wshadow -Wpointer-arith -Wmissing-prototypes -Wwrite-strings  conftest.c >&5
configure:6416: $? = 0
configure:6461: /Applications/Xcode.app/Contents/Developer/Toolchains/XcodeDefault.xctoolchain/usr/bin/clang -isysroot /Applications/Xcode.app/Contents/Developer/Platforms/iPhoneSimulator.platform/Developer/SDKs/iPhoneSimulator9.2.sdk -arch x86_64 -mios-simulator-version-min=8.0 -DUCONFIG_NO_LEGACY_CONVERSION=1 -c  -O2 -std=c99 -Wall -pedantic -Wshadow -Wpointer-arith -Wmissing-prototypes -Wwrite-strings  conftest.c >&5
configure:6461: $? = 0
configure:6479: /Applications/Xcode.app/Contents/Developer/Toolchains/XcodeDefault.xctoolchain/usr/bin/clang -isysroot /Applications/Xcode.app/Contents/Developer/Platforms/iPhoneSimulator.platform/Developer/SDKs/iPhoneSimulator9.2.sdk -arch x86_64 -mios-simulator-version-min=8.0 -DUCONFIG_NO_LEGACY_CONVERSION=1 -c  -O2 -std=c99 -Wall -pedantic -Wshadow -Wpointer-arith -Wmissing-prototypes -Wwrite-strings  conftest.c >&5
conftest.c:32:4: error: use of undeclared identifier 'not'
                 not big endian
                 ^
1 error generated.
configure:6479: $? = 1
configure: failed program was:
| /* confdefs.h */
| #define PACKAGE_NAME "ICU"
| #define PACKAGE_TARNAME "International Components for Unicode"
| #define PACKAGE_VERSION "56.1"
| #define PACKAGE_STRING "ICU 56.1"
| #define PACKAGE_BUGREPORT "http://icu-project.org/bugs"
| #define PACKAGE_URL "http://icu-project.org"
| #define STDC_HEADERS 1
| #define HAVE_SYS_TYPES_H 1
| #define HAVE_SYS_STAT_H 1
| #define HAVE_STDLIB_H 1
| #define HAVE_STRING_H 1
| #define HAVE_MEMORY_H 1
| #define HAVE_STRINGS_H 1
| #define HAVE_INTTYPES_H 1
| #define HAVE_STDINT_H 1
| #define HAVE_UNISTD_H 1
| #define SIZEOF_VOID_P 8
| #define HAVE_LIBM 1
| #define HAVE_GETTIMEOFDAY 1
| #define HAVE_LIBPTHREAD 1
| #define HAVE_INTTYPES_H 1
| #define HAVE_DIRENT_H 1
| /* end confdefs.h.  */
| #include <sys/types.h>
| 		#include <sys/param.h>
| 
| int
| main ()
| {
| #if BYTE_ORDER != BIG_ENDIAN
| 		 not big endian
| 		#endif
| 
|   ;
|   return 0;
| }
configure:6607: result: no
configure:6637: checking for nl_langinfo
configure:6637: /Applications/Xcode.app/Contents/Developer/Toolchains/XcodeDefault.xctoolchain/usr/bin/clang -isysroot /Applications/Xcode.app/Contents/Developer/Platforms/iPhoneSimulator.platform/Developer/SDKs/iPhoneSimulator9.2.sdk -arch x86_64 -mios-simulator-version-min=8.0 -DUCONFIG_NO_LEGACY_CONVERSION=1 -o conftest  -O2 -std=c99 -Wall -pedantic -Wshadow -Wpointer-arith -Wmissing-prototypes -Wwrite-strings   conftest.c -lpthread -lm  >&5
configure:6637: $? = 0
configure:6637: result: yes
configure:6645: checking for nl_langinfo's argument to obtain the codeset
configure:6663: /Applications/Xcode.app/Contents/Developer/Toolchains/XcodeDefault.xctoolchain/usr/bin/clang -isysroot /Applications/Xcode.app/Contents/Developer/Platforms/iPhoneSimulator.platform/Developer/SDKs/iPhoneSimulator9.2.sdk -arch x86_64 -mios-simulator-version-min=8.0 -DUCONFIG_NO_LEGACY_CONVERSION=1 -o conftest  -O2 -std=c99 -Wall -pedantic -Wshadow -Wpointer-arith -Wmissing-prototypes -Wwrite-strings   conftest.c -lpthread -lm  >&5
configure:6663: $? = 0
configure:6670: result: CODESET
configure:6694: checking for namespace support
configure:6713: /Applications/Xcode.app/Contents/Developer/Toolchains/XcodeDefault.xctoolchain/usr/bin/clang++ -isysroot /Applications/Xcode.app/Contents/Developer/Platforms/iPhoneSimulator.platform/Developer/SDKs/iPhoneSimulator9.2.sdk -arch x86_64 -mios-simulator-version-min=8.0 -DUCONFIG_NO_LEGACY_CONVERSION=1 -o conftest  -O2 -W -Wall -pedantic -Wpointer-arith -Wwrite-strings -Wno-long-long --std=c++0x   conftest.cpp -lpthread -lm  >&5
configure:6713: $? = 0
configure:6722: result: yes
configure:6729: checking for properly overriding new and delete
configure:6755: /Applications/Xcode.app/Contents/Developer/Toolchains/XcodeDefault.xctoolchain/usr/bin/clang++ -isysroot /Applications/Xcode.app/Contents/Developer/Platforms/iPhoneSimulator.platform/Developer/SDKs/iPhoneSimulator9.2.sdk -arch x86_64 -mios-simulator-version-min=8.0 -DUCONFIG_NO_LEGACY_CONVERSION=1 -o conftest  -O2 -W -Wall -pedantic -Wpointer-arith -Wwrite-strings -Wno-long-long --std=c++0x   conftest.cpp -lpthread -lm  >&5
configure:6755: $? = 0
configure:6764: result: yes
configure:6769: checking for placement new and delete
configure:6795: /Applications/Xcode.app/Contents/Developer/Toolchains/XcodeDefault.xctoolchain/usr/bin/clang++ -isysroot /Applications/Xcode.app/Contents/Developer/Platforms/iPhoneSimulator.platform/Developer/SDKs/iPhoneSimulator9.2.sdk -arch x86_64 -mios-simulator-version-min=8.0 -DUCONFIG_NO_LEGACY_CONVERSION=1 -o conftest  -O2 -W -Wall -pedantic -Wpointer-arith -Wwrite-strings -Wno-long-long --std=c++0x   conftest.cpp -lpthread -lm  >&5
configure:6795: $? = 0
configure:6804: result: yes
configure:6824: checking for popen
configure:6824: /Applications/Xcode.app/Contents/Developer/Toolchains/XcodeDefault.xctoolchain/usr/bin/clang -isysroot /Applications/Xcode.app/Contents/Developer/Platforms/iPhoneSimulator.platform/Developer/SDKs/iPhoneSimulator9.2.sdk -arch x86_64 -mios-simulator-version-min=8.0 -DUCONFIG_NO_LEGACY_CONVERSION=1 -o conftest  -O2 -std=c99 -Wall -pedantic -Wshadow -Wpointer-arith -Wmissing-prototypes -Wwrite-strings   conftest.c -lpthread -lm  >&5
configure:6824: $? = 0
configure:6824: result: yes
configure:6838: checking for tzset
configure:6838: /Applications/Xcode.app/Contents/Developer/Toolchains/XcodeDefault.xctoolchain/usr/bin/clang -isysroot /Applications/Xcode.app/Contents/Developer/Platforms/iPhoneSimulator.platform/Developer/SDKs/iPhoneSimulator9.2.sdk -arch x86_64 -mios-simulator-version-min=8.0 -DUCONFIG_NO_LEGACY_CONVERSION=1 -o conftest  -O2 -std=c99 -Wall -pedantic -Wshadow -Wpointer-arith -Wmissing-prototypes -Wwrite-strings   conftest.c -lpthread -lm  >&5
configure:6838: $? = 0
configure:6838: result: yes
configure:6866: checking for tzname
configure:6889: /Applications/Xcode.app/Contents/Developer/Toolchains/XcodeDefault.xctoolchain/usr/bin/clang -isysroot /Applications/Xcode.app/Contents/Developer/Platforms/iPhoneSimulator.platform/Developer/SDKs/iPhoneSimulator9.2.sdk -arch x86_64 -mios-simulator-version-min=8.0 -DUCONFIG_NO_LEGACY_CONVERSION=1 -o conftest  -O2 -std=c99 -Wall -pedantic -Wshadow -Wpointer-arith -Wmissing-prototypes -Wwrite-strings   conftest.c -lpthread -lm  >&5
configure:6889: $? = 0
configure:6897: result: yes
configure:6941: checking for timezone
configure:6964: /Applications/Xcode.app/Contents/Developer/Toolchains/XcodeDefault.xctoolchain/usr/bin/clang -isysroot /Applications/Xcode.app/Contents/Developer/Platforms/iPhoneSimulator.platform/Developer/SDKs/iPhoneSimulator9.2.sdk -arch x86_64 -mios-simulator-version-min=8.0 -DUCONFIG_NO_LEGACY_CONVERSION=1 -o conftest  -O2 -std=c99 -Wall -pedantic -Wshadow -Wpointer-arith -Wmissing-prototypes -Wwrite-strings   conftest.c -lpthread -lm  >&5
configure:6964: $? = 0
configure:6972: result: yes
configure:7047: checking for int8_t
configure:7047: /Applications/Xcode.app/Contents/Developer/Toolchains/XcodeDefault.xctoolchain/usr/bin/clang -isysroot /Applications/Xcode.app/Contents/Developer/Platforms/iPhoneSimulator.platform/Developer/SDKs/iPhoneSimulator9.2.sdk -arch x86_64 -mios-simulator-version-min=8.0 -DUCONFIG_NO_LEGACY_CONVERSION=1 -c  -O2 -std=c99 -Wall -pedantic -Wshadow -Wpointer-arith -Wmissing-prototypes -Wwrite-strings  conftest.c >&5
configure:7047: $? = 0
configure:7047: /Applications/Xcode.app/Contents/Developer/Toolchains/XcodeDefault.xctoolchain/usr/bin/clang -isysroot /Applications/Xcode.app/Contents/Developer/Platforms/iPhoneSimulator.platform/Developer/SDKs/iPhoneSimulator9.2.sdk -arch x86_64 -mios-simulator-version-min=8.0 -DUCONFIG_NO_LEGACY_CONVERSION=1 -c  -O2 -std=c99 -Wall -pedantic -Wshadow -Wpointer-arith -Wmissing-prototypes -Wwrite-strings  conftest.c >&5
conftest.c:61:21: error: expected expression
if (sizeof ((int8_t)))
                    ^
1 error generated.
configure:7047: $? = 1
configure: failed program was:
| /* confdefs.h */
| #define PACKAGE_NAME "ICU"
| #define PACKAGE_TARNAME "International Components for Unicode"
| #define PACKAGE_VERSION "56.1"
| #define PACKAGE_STRING "ICU 56.1"
| #define PACKAGE_BUGREPORT "http://icu-project.org/bugs"
| #define PACKAGE_URL "http://icu-project.org"
| #define STDC_HEADERS 1
| #define HAVE_SYS_TYPES_H 1
| #define HAVE_SYS_STAT_H 1
| #define HAVE_STDLIB_H 1
| #define HAVE_STRING_H 1
| #define HAVE_MEMORY_H 1
| #define HAVE_STRINGS_H 1
| #define HAVE_INTTYPES_H 1
| #define HAVE_STDINT_H 1
| #define HAVE_UNISTD_H 1
| #define SIZEOF_VOID_P 8
| #define HAVE_LIBM 1
| #define HAVE_GETTIMEOFDAY 1
| #define HAVE_LIBPTHREAD 1
| #define HAVE_INTTYPES_H 1
| #define HAVE_DIRENT_H 1
| /* end confdefs.h.  */
| #include <stdio.h>
| #ifdef HAVE_SYS_TYPES_H
| # include <sys/types.h>
| #endif
| #ifdef HAVE_SYS_STAT_H
| # include <sys/stat.h>
| #endif
| #ifdef STDC_HEADERS
| # include <stdlib.h>
| # include <stddef.h>
| #else
| # ifdef HAVE_STDLIB_H
| #  include <stdlib.h>
| # endif
| #endif
| #ifdef HAVE_STRING_H
| # if !defined STDC_HEADERS && defined HAVE_MEMORY_H
| #  include <memory.h>
| # endif
| # include <string.h>
| #endif
| #ifdef HAVE_STRINGS_H
| # include <strings.h>
| #endif
| #ifdef HAVE_INTTYPES_H
| # include <inttypes.h>
| #endif
| #ifdef HAVE_STDINT_H
| # include <stdint.h>
| #endif
| #ifdef HAVE_UNISTD_H
| # include <unistd.h>
| #endif
| int
| main ()
| {
| if (sizeof ((int8_t)))
| 	    return 0;
|   ;
|   return 0;
| }
configure:7047: result: yes
configure:7058: checking for uint8_t
configure:7058: /Applications/Xcode.app/Contents/Developer/Toolchains/XcodeDefault.xctoolchain/usr/bin/clang -isysroot /Applications/Xcode.app/Contents/Developer/Platforms/iPhoneSimulator.platform/Developer/SDKs/iPhoneSimulator9.2.sdk -arch x86_64 -mios-simulator-version-min=8.0 -DUCONFIG_NO_LEGACY_CONVERSION=1 -c  -O2 -std=c99 -Wall -pedantic -Wshadow -Wpointer-arith -Wmissing-prototypes -Wwrite-strings  conftest.c >&5
configure:7058: $? = 0
configure:7058: /Applications/Xcode.app/Contents/Developer/Toolchains/XcodeDefault.xctoolchain/usr/bin/clang -isysroot /Applications/Xcode.app/Contents/Developer/Platforms/iPhoneSimulator.platform/Developer/SDKs/iPhoneSimulator9.2.sdk -arch x86_64 -mios-simulator-version-min=8.0 -DUCONFIG_NO_LEGACY_CONVERSION=1 -c  -O2 -std=c99 -Wall -pedantic -Wshadow -Wpointer-arith -Wmissing-prototypes -Wwrite-strings  conftest.c >&5
conftest.c:61:22: error: expected expression
if (sizeof ((uint8_t)))
                     ^
1 error generated.
configure:7058: $? = 1
configure: failed program was:
| /* confdefs.h */
| #define PACKAGE_NAME "ICU"
| #define PACKAGE_TARNAME "International Components for Unicode"
| #define PACKAGE_VERSION "56.1"
| #define PACKAGE_STRING "ICU 56.1"
| #define PACKAGE_BUGREPORT "http://icu-project.org/bugs"
| #define PACKAGE_URL "http://icu-project.org"
| #define STDC_HEADERS 1
| #define HAVE_SYS_TYPES_H 1
| #define HAVE_SYS_STAT_H 1
| #define HAVE_STDLIB_H 1
| #define HAVE_STRING_H 1
| #define HAVE_MEMORY_H 1
| #define HAVE_STRINGS_H 1
| #define HAVE_INTTYPES_H 1
| #define HAVE_STDINT_H 1
| #define HAVE_UNISTD_H 1
| #define SIZEOF_VOID_P 8
| #define HAVE_LIBM 1
| #define HAVE_GETTIMEOFDAY 1
| #define HAVE_LIBPTHREAD 1
| #define HAVE_INTTYPES_H 1
| #define HAVE_DIRENT_H 1
| /* end confdefs.h.  */
| #include <stdio.h>
| #ifdef HAVE_SYS_TYPES_H
| # include <sys/types.h>
| #endif
| #ifdef HAVE_SYS_STAT_H
| # include <sys/stat.h>
| #endif
| #ifdef STDC_HEADERS
| # include <stdlib.h>
| # include <stddef.h>
| #else
| # ifdef HAVE_STDLIB_H
| #  include <stdlib.h>
| # endif
| #endif
| #ifdef HAVE_STRING_H
| # if !defined STDC_HEADERS && defined HAVE_MEMORY_H
| #  include <memory.h>
| # endif
| # include <string.h>
| #endif
| #ifdef HAVE_STRINGS_H
| # include <strings.h>
| #endif
| #ifdef HAVE_INTTYPES_H
| # include <inttypes.h>
| #endif
| #ifdef HAVE_STDINT_H
| # include <stdint.h>
| #endif
| #ifdef HAVE_UNISTD_H
| # include <unistd.h>
| #endif
| int
| main ()
| {
| if (sizeof ((uint8_t)))
| 	    return 0;
|   ;
|   return 0;
| }
configure:7058: result: yes
configure:7069: checking for int16_t
configure:7069: /Applications/Xcode.app/Contents/Developer/Toolchains/XcodeDefault.xctoolchain/usr/bin/clang -isysroot /Applications/Xcode.app/Contents/Developer/Platforms/iPhoneSimulator.platform/Developer/SDKs/iPhoneSimulator9.2.sdk -arch x86_64 -mios-simulator-version-min=8.0 -DUCONFIG_NO_LEGACY_CONVERSION=1 -c  -O2 -std=c99 -Wall -pedantic -Wshadow -Wpointer-arith -Wmissing-prototypes -Wwrite-strings  conftest.c >&5
configure:7069: $? = 0
configure:7069: /Applications/Xcode.app/Contents/Developer/Toolchains/XcodeDefault.xctoolchain/usr/bin/clang -isysroot /Applications/Xcode.app/Contents/Developer/Platforms/iPhoneSimulator.platform/Developer/SDKs/iPhoneSimulator9.2.sdk -arch x86_64 -mios-simulator-version-min=8.0 -DUCONFIG_NO_LEGACY_CONVERSION=1 -c  -O2 -std=c99 -Wall -pedantic -Wshadow -Wpointer-arith -Wmissing-prototypes -Wwrite-strings  conftest.c >&5
conftest.c:61:22: error: expected expression
if (sizeof ((int16_t)))
                     ^
1 error generated.
configure:7069: $? = 1
configure: failed program was:
| /* confdefs.h */
| #define PACKAGE_NAME "ICU"
| #define PACKAGE_TARNAME "International Components for Unicode"
| #define PACKAGE_VERSION "56.1"
| #define PACKAGE_STRING "ICU 56.1"
| #define PACKAGE_BUGREPORT "http://icu-project.org/bugs"
| #define PACKAGE_URL "http://icu-project.org"
| #define STDC_HEADERS 1
| #define HAVE_SYS_TYPES_H 1
| #define HAVE_SYS_STAT_H 1
| #define HAVE_STDLIB_H 1
| #define HAVE_STRING_H 1
| #define HAVE_MEMORY_H 1
| #define HAVE_STRINGS_H 1
| #define HAVE_INTTYPES_H 1
| #define HAVE_STDINT_H 1
| #define HAVE_UNISTD_H 1
| #define SIZEOF_VOID_P 8
| #define HAVE_LIBM 1
| #define HAVE_GETTIMEOFDAY 1
| #define HAVE_LIBPTHREAD 1
| #define HAVE_INTTYPES_H 1
| #define HAVE_DIRENT_H 1
| /* end confdefs.h.  */
| #include <stdio.h>
| #ifdef HAVE_SYS_TYPES_H
| # include <sys/types.h>
| #endif
| #ifdef HAVE_SYS_STAT_H
| # include <sys/stat.h>
| #endif
| #ifdef STDC_HEADERS
| # include <stdlib.h>
| # include <stddef.h>
| #else
| # ifdef HAVE_STDLIB_H
| #  include <stdlib.h>
| # endif
| #endif
| #ifdef HAVE_STRING_H
| # if !defined STDC_HEADERS && defined HAVE_MEMORY_H
| #  include <memory.h>
| # endif
| # include <string.h>
| #endif
| #ifdef HAVE_STRINGS_H
| # include <strings.h>
| #endif
| #ifdef HAVE_INTTYPES_H
| # include <inttypes.h>
| #endif
| #ifdef HAVE_STDINT_H
| # include <stdint.h>
| #endif
| #ifdef HAVE_UNISTD_H
| # include <unistd.h>
| #endif
| int
| main ()
| {
| if (sizeof ((int16_t)))
| 	    return 0;
|   ;
|   return 0;
| }
configure:7069: result: yes
configure:7080: checking for uint16_t
configure:7080: /Applications/Xcode.app/Contents/Developer/Toolchains/XcodeDefault.xctoolchain/usr/bin/clang -isysroot /Applications/Xcode.app/Contents/Developer/Platforms/iPhoneSimulator.platform/Developer/SDKs/iPhoneSimulator9.2.sdk -arch x86_64 -mios-simulator-version-min=8.0 -DUCONFIG_NO_LEGACY_CONVERSION=1 -c  -O2 -std=c99 -Wall -pedantic -Wshadow -Wpointer-arith -Wmissing-prototypes -Wwrite-strings  conftest.c >&5
configure:7080: $? = 0
configure:7080: /Applications/Xcode.app/Contents/Developer/Toolchains/XcodeDefault.xctoolchain/usr/bin/clang -isysroot /Applications/Xcode.app/Contents/Developer/Platforms/iPhoneSimulator.platform/Developer/SDKs/iPhoneSimulator9.2.sdk -arch x86_64 -mios-simulator-version-min=8.0 -DUCONFIG_NO_LEGACY_CONVERSION=1 -c  -O2 -std=c99 -Wall -pedantic -Wshadow -Wpointer-arith -Wmissing-prototypes -Wwrite-strings  conftest.c >&5
conftest.c:61:23: error: expected expression
if (sizeof ((uint16_t)))
                      ^
1 error generated.
configure:7080: $? = 1
configure: failed program was:
| /* confdefs.h */
| #define PACKAGE_NAME "ICU"
| #define PACKAGE_TARNAME "International Components for Unicode"
| #define PACKAGE_VERSION "56.1"
| #define PACKAGE_STRING "ICU 56.1"
| #define PACKAGE_BUGREPORT "http://icu-project.org/bugs"
| #define PACKAGE_URL "http://icu-project.org"
| #define STDC_HEADERS 1
| #define HAVE_SYS_TYPES_H 1
| #define HAVE_SYS_STAT_H 1
| #define HAVE_STDLIB_H 1
| #define HAVE_STRING_H 1
| #define HAVE_MEMORY_H 1
| #define HAVE_STRINGS_H 1
| #define HAVE_INTTYPES_H 1
| #define HAVE_STDINT_H 1
| #define HAVE_UNISTD_H 1
| #define SIZEOF_VOID_P 8
| #define HAVE_LIBM 1
| #define HAVE_GETTIMEOFDAY 1
| #define HAVE_LIBPTHREAD 1
| #define HAVE_INTTYPES_H 1
| #define HAVE_DIRENT_H 1
| /* end confdefs.h.  */
| #include <stdio.h>
| #ifdef HAVE_SYS_TYPES_H
| # include <sys/types.h>
| #endif
| #ifdef HAVE_SYS_STAT_H
| # include <sys/stat.h>
| #endif
| #ifdef STDC_HEADERS
| # include <stdlib.h>
| # include <stddef.h>
| #else
| # ifdef HAVE_STDLIB_H
| #  include <stdlib.h>
| # endif
| #endif
| #ifdef HAVE_STRING_H
| # if !defined STDC_HEADERS && defined HAVE_MEMORY_H
| #  include <memory.h>
| # endif
| # include <string.h>
| #endif
| #ifdef HAVE_STRINGS_H
| # include <strings.h>
| #endif
| #ifdef HAVE_INTTYPES_H
| # include <inttypes.h>
| #endif
| #ifdef HAVE_STDINT_H
| # include <stdint.h>
| #endif
| #ifdef HAVE_UNISTD_H
| # include <unistd.h>
| #endif
| int
| main ()
| {
| if (sizeof ((uint16_t)))
| 	    return 0;
|   ;
|   return 0;
| }
configure:7080: result: yes
configure:7091: checking for int32_t
configure:7091: /Applications/Xcode.app/Contents/Developer/Toolchains/XcodeDefault.xctoolchain/usr/bin/clang -isysroot /Applications/Xcode.app/Contents/Developer/Platforms/iPhoneSimulator.platform/Developer/SDKs/iPhoneSimulator9.2.sdk -arch x86_64 -mios-simulator-version-min=8.0 -DUCONFIG_NO_LEGACY_CONVERSION=1 -c  -O2 -std=c99 -Wall -pedantic -Wshadow -Wpointer-arith -Wmissing-prototypes -Wwrite-strings  conftest.c >&5
configure:7091: $? = 0
configure:7091: /Applications/Xcode.app/Contents/Developer/Toolchains/XcodeDefault.xctoolchain/usr/bin/clang -isysroot /Applications/Xcode.app/Contents/Developer/Platforms/iPhoneSimulator.platform/Developer/SDKs/iPhoneSimulator9.2.sdk -arch x86_64 -mios-simulator-version-min=8.0 -DUCONFIG_NO_LEGACY_CONVERSION=1 -c  -O2 -std=c99 -Wall -pedantic -Wshadow -Wpointer-arith -Wmissing-prototypes -Wwrite-strings  conftest.c >&5
conftest.c:61:22: error: expected expression
if (sizeof ((int32_t)))
                     ^
1 error generated.
configure:7091: $? = 1
configure: failed program was:
| /* confdefs.h */
| #define PACKAGE_NAME "ICU"
| #define PACKAGE_TARNAME "International Components for Unicode"
| #define PACKAGE_VERSION "56.1"
| #define PACKAGE_STRING "ICU 56.1"
| #define PACKAGE_BUGREPORT "http://icu-project.org/bugs"
| #define PACKAGE_URL "http://icu-project.org"
| #define STDC_HEADERS 1
| #define HAVE_SYS_TYPES_H 1
| #define HAVE_SYS_STAT_H 1
| #define HAVE_STDLIB_H 1
| #define HAVE_STRING_H 1
| #define HAVE_MEMORY_H 1
| #define HAVE_STRINGS_H 1
| #define HAVE_INTTYPES_H 1
| #define HAVE_STDINT_H 1
| #define HAVE_UNISTD_H 1
| #define SIZEOF_VOID_P 8
| #define HAVE_LIBM 1
| #define HAVE_GETTIMEOFDAY 1
| #define HAVE_LIBPTHREAD 1
| #define HAVE_INTTYPES_H 1
| #define HAVE_DIRENT_H 1
| /* end confdefs.h.  */
| #include <stdio.h>
| #ifdef HAVE_SYS_TYPES_H
| # include <sys/types.h>
| #endif
| #ifdef HAVE_SYS_STAT_H
| # include <sys/stat.h>
| #endif
| #ifdef STDC_HEADERS
| # include <stdlib.h>
| # include <stddef.h>
| #else
| # ifdef HAVE_STDLIB_H
| #  include <stdlib.h>
| # endif
| #endif
| #ifdef HAVE_STRING_H
| # if !defined STDC_HEADERS && defined HAVE_MEMORY_H
| #  include <memory.h>
| # endif
| # include <string.h>
| #endif
| #ifdef HAVE_STRINGS_H
| # include <strings.h>
| #endif
| #ifdef HAVE_INTTYPES_H
| # include <inttypes.h>
| #endif
| #ifdef HAVE_STDINT_H
| # include <stdint.h>
| #endif
| #ifdef HAVE_UNISTD_H
| # include <unistd.h>
| #endif
| int
| main ()
| {
| if (sizeof ((int32_t)))
| 	    return 0;
|   ;
|   return 0;
| }
configure:7091: result: yes
configure:7102: checking for uint32_t
configure:7102: /Applications/Xcode.app/Contents/Developer/Toolchains/XcodeDefault.xctoolchain/usr/bin/clang -isysroot /Applications/Xcode.app/Contents/Developer/Platforms/iPhoneSimulator.platform/Developer/SDKs/iPhoneSimulator9.2.sdk -arch x86_64 -mios-simulator-version-min=8.0 -DUCONFIG_NO_LEGACY_CONVERSION=1 -c  -O2 -std=c99 -Wall -pedantic -Wshadow -Wpointer-arith -Wmissing-prototypes -Wwrite-strings  conftest.c >&5
configure:7102: $? = 0
configure:7102: /Applications/Xcode.app/Contents/Developer/Toolchains/XcodeDefault.xctoolchain/usr/bin/clang -isysroot /Applications/Xcode.app/Contents/Developer/Platforms/iPhoneSimulator.platform/Developer/SDKs/iPhoneSimulator9.2.sdk -arch x86_64 -mios-simulator-version-min=8.0 -DUCONFIG_NO_LEGACY_CONVERSION=1 -c  -O2 -std=c99 -Wall -pedantic -Wshadow -Wpointer-arith -Wmissing-prototypes -Wwrite-strings  conftest.c >&5
conftest.c:61:23: error: expected expression
if (sizeof ((uint32_t)))
                      ^
1 error generated.
configure:7102: $? = 1
configure: failed program was:
| /* confdefs.h */
| #define PACKAGE_NAME "ICU"
| #define PACKAGE_TARNAME "International Components for Unicode"
| #define PACKAGE_VERSION "56.1"
| #define PACKAGE_STRING "ICU 56.1"
| #define PACKAGE_BUGREPORT "http://icu-project.org/bugs"
| #define PACKAGE_URL "http://icu-project.org"
| #define STDC_HEADERS 1
| #define HAVE_SYS_TYPES_H 1
| #define HAVE_SYS_STAT_H 1
| #define HAVE_STDLIB_H 1
| #define HAVE_STRING_H 1
| #define HAVE_MEMORY_H 1
| #define HAVE_STRINGS_H 1
| #define HAVE_INTTYPES_H 1
| #define HAVE_STDINT_H 1
| #define HAVE_UNISTD_H 1
| #define SIZEOF_VOID_P 8
| #define HAVE_LIBM 1
| #define HAVE_GETTIMEOFDAY 1
| #define HAVE_LIBPTHREAD 1
| #define HAVE_INTTYPES_H 1
| #define HAVE_DIRENT_H 1
| /* end confdefs.h.  */
| #include <stdio.h>
| #ifdef HAVE_SYS_TYPES_H
| # include <sys/types.h>
| #endif
| #ifdef HAVE_SYS_STAT_H
| # include <sys/stat.h>
| #endif
| #ifdef STDC_HEADERS
| # include <stdlib.h>
| # include <stddef.h>
| #else
| # ifdef HAVE_STDLIB_H
| #  include <stdlib.h>
| # endif
| #endif
| #ifdef HAVE_STRING_H
| # if !defined STDC_HEADERS && defined HAVE_MEMORY_H
| #  include <memory.h>
| # endif
| # include <string.h>
| #endif
| #ifdef HAVE_STRINGS_H
| # include <strings.h>
| #endif
| #ifdef HAVE_INTTYPES_H
| # include <inttypes.h>
| #endif
| #ifdef HAVE_STDINT_H
| # include <stdint.h>
| #endif
| #ifdef HAVE_UNISTD_H
| # include <unistd.h>
| #endif
| int
| main ()
| {
| if (sizeof ((uint32_t)))
| 	    return 0;
|   ;
|   return 0;
| }
configure:7102: result: yes
configure:7113: checking for int64_t
configure:7113: /Applications/Xcode.app/Contents/Developer/Toolchains/XcodeDefault.xctoolchain/usr/bin/clang -isysroot /Applications/Xcode.app/Contents/Developer/Platforms/iPhoneSimulator.platform/Developer/SDKs/iPhoneSimulator9.2.sdk -arch x86_64 -mios-simulator-version-min=8.0 -DUCONFIG_NO_LEGACY_CONVERSION=1 -c  -O2 -std=c99 -Wall -pedantic -Wshadow -Wpointer-arith -Wmissing-prototypes -Wwrite-strings  conftest.c >&5
configure:7113: $? = 0
configure:7113: /Applications/Xcode.app/Contents/Developer/Toolchains/XcodeDefault.xctoolchain/usr/bin/clang -isysroot /Applications/Xcode.app/Contents/Developer/Platforms/iPhoneSimulator.platform/Developer/SDKs/iPhoneSimulator9.2.sdk -arch x86_64 -mios-simulator-version-min=8.0 -DUCONFIG_NO_LEGACY_CONVERSION=1 -c  -O2 -std=c99 -Wall -pedantic -Wshadow -Wpointer-arith -Wmissing-prototypes -Wwrite-strings  conftest.c >&5
conftest.c:61:22: error: expected expression
if (sizeof ((int64_t)))
                     ^
1 error generated.
configure:7113: $? = 1
configure: failed program was:
| /* confdefs.h */
| #define PACKAGE_NAME "ICU"
| #define PACKAGE_TARNAME "International Components for Unicode"
| #define PACKAGE_VERSION "56.1"
| #define PACKAGE_STRING "ICU 56.1"
| #define PACKAGE_BUGREPORT "http://icu-project.org/bugs"
| #define PACKAGE_URL "http://icu-project.org"
| #define STDC_HEADERS 1
| #define HAVE_SYS_TYPES_H 1
| #define HAVE_SYS_STAT_H 1
| #define HAVE_STDLIB_H 1
| #define HAVE_STRING_H 1
| #define HAVE_MEMORY_H 1
| #define HAVE_STRINGS_H 1
| #define HAVE_INTTYPES_H 1
| #define HAVE_STDINT_H 1
| #define HAVE_UNISTD_H 1
| #define SIZEOF_VOID_P 8
| #define HAVE_LIBM 1
| #define HAVE_GETTIMEOFDAY 1
| #define HAVE_LIBPTHREAD 1
| #define HAVE_INTTYPES_H 1
| #define HAVE_DIRENT_H 1
| /* end confdefs.h.  */
| #include <stdio.h>
| #ifdef HAVE_SYS_TYPES_H
| # include <sys/types.h>
| #endif
| #ifdef HAVE_SYS_STAT_H
| # include <sys/stat.h>
| #endif
| #ifdef STDC_HEADERS
| # include <stdlib.h>
| # include <stddef.h>
| #else
| # ifdef HAVE_STDLIB_H
| #  include <stdlib.h>
| # endif
| #endif
| #ifdef HAVE_STRING_H
| # if !defined STDC_HEADERS && defined HAVE_MEMORY_H
| #  include <memory.h>
| # endif
| # include <string.h>
| #endif
| #ifdef HAVE_STRINGS_H
| # include <strings.h>
| #endif
| #ifdef HAVE_INTTYPES_H
| # include <inttypes.h>
| #endif
| #ifdef HAVE_STDINT_H
| # include <stdint.h>
| #endif
| #ifdef HAVE_UNISTD_H
| # include <unistd.h>
| #endif
| int
| main ()
| {
| if (sizeof ((int64_t)))
| 	    return 0;
|   ;
|   return 0;
| }
configure:7113: result: yes
configure:7124: checking for uint64_t
configure:7124: /Applications/Xcode.app/Contents/Developer/Toolchains/XcodeDefault.xctoolchain/usr/bin/clang -isysroot /Applications/Xcode.app/Contents/Developer/Platforms/iPhoneSimulator.platform/Developer/SDKs/iPhoneSimulator9.2.sdk -arch x86_64 -mios-simulator-version-min=8.0 -DUCONFIG_NO_LEGACY_CONVERSION=1 -c  -O2 -std=c99 -Wall -pedantic -Wshadow -Wpointer-arith -Wmissing-prototypes -Wwrite-strings  conftest.c >&5
configure:7124: $? = 0
configure:7124: /Applications/Xcode.app/Contents/Developer/Toolchains/XcodeDefault.xctoolchain/usr/bin/clang -isysroot /Applications/Xcode.app/Contents/Developer/Platforms/iPhoneSimulator.platform/Developer/SDKs/iPhoneSimulator9.2.sdk -arch x86_64 -mios-simulator-version-min=8.0 -DUCONFIG_NO_LEGACY_CONVERSION=1 -c  -O2 -std=c99 -Wall -pedantic -Wshadow -Wpointer-arith -Wmissing-prototypes -Wwrite-strings  conftest.c >&5
conftest.c:61:23: error: expected expression
if (sizeof ((uint64_t)))
                      ^
1 error generated.
configure:7124: $? = 1
configure: failed program was:
| /* confdefs.h */
| #define PACKAGE_NAME "ICU"
| #define PACKAGE_TARNAME "International Components for Unicode"
| #define PACKAGE_VERSION "56.1"
| #define PACKAGE_STRING "ICU 56.1"
| #define PACKAGE_BUGREPORT "http://icu-project.org/bugs"
| #define PACKAGE_URL "http://icu-project.org"
| #define STDC_HEADERS 1
| #define HAVE_SYS_TYPES_H 1
| #define HAVE_SYS_STAT_H 1
| #define HAVE_STDLIB_H 1
| #define HAVE_STRING_H 1
| #define HAVE_MEMORY_H 1
| #define HAVE_STRINGS_H 1
| #define HAVE_INTTYPES_H 1
| #define HAVE_STDINT_H 1
| #define HAVE_UNISTD_H 1
| #define SIZEOF_VOID_P 8
| #define HAVE_LIBM 1
| #define HAVE_GETTIMEOFDAY 1
| #define HAVE_LIBPTHREAD 1
| #define HAVE_INTTYPES_H 1
| #define HAVE_DIRENT_H 1
| /* end confdefs.h.  */
| #include <stdio.h>
| #ifdef HAVE_SYS_TYPES_H
| # include <sys/types.h>
| #endif
| #ifdef HAVE_SYS_STAT_H
| # include <sys/stat.h>
| #endif
| #ifdef STDC_HEADERS
| # include <stdlib.h>
| # include <stddef.h>
| #else
| # ifdef HAVE_STDLIB_H
| #  include <stdlib.h>
| # endif
| #endif
| #ifdef HAVE_STRING_H
| # if !defined STDC_HEADERS && defined HAVE_MEMORY_H
| #  include <memory.h>
| # endif
| # include <string.h>
| #endif
| #ifdef HAVE_STRINGS_H
| # include <strings.h>
| #endif
| #ifdef HAVE_INTTYPES_H
| # include <inttypes.h>
| #endif
| #ifdef HAVE_STDINT_H
| # include <stdint.h>
| #endif
| #ifdef HAVE_UNISTD_H
| # include <unistd.h>
| #endif
| int
| main ()
| {
| if (sizeof ((uint64_t)))
| 	    return 0;
|   ;
|   return 0;
| }
configure:7124: result: yes
configure:7169: checking wchar.h usability
configure:7169: /Applications/Xcode.app/Contents/Developer/Toolchains/XcodeDefault.xctoolchain/usr/bin/clang -isysroot /Applications/Xcode.app/Contents/Developer/Platforms/iPhoneSimulator.platform/Developer/SDKs/iPhoneSimulator9.2.sdk -arch x86_64 -mios-simulator-version-min=8.0 -DUCONFIG_NO_LEGACY_CONVERSION=1 -c  -O2 -std=c99 -Wall -pedantic -Wshadow -Wpointer-arith -Wmissing-prototypes -Wwrite-strings  conftest.c >&5
configure:7169: $? = 0
configure:7169: result: yes
configure:7169: checking wchar.h presence
configure:7169: /Applications/Xcode.app/Contents/Developer/Toolchains/XcodeDefault.xctoolchain/usr/bin/clang -E -isysroot /Applications/Xcode.app/Contents/Developer/Platforms/iPhoneSimulator.platform/Developer/SDKs/iPhoneSimulator9.2.sdk -arch x86_64 -mios-simulator-version-min=8.0 -DUCONFIG_NO_LEGACY_CONVERSION=1  conftest.c
configure:7169: $? = 0
configure:7169: result: yes
configure:7169: checking for wchar.h
configure:7169: result: yes
configure:7186: checking for library containing wcscpy
configure:7217: /Applications/Xcode.app/Contents/Developer/Toolchains/XcodeDefault.xctoolchain/usr/bin/clang -isysroot /Applications/Xcode.app/Contents/Developer/Platforms/iPhoneSimulator.platform/Developer/SDKs/iPhoneSimulator9.2.sdk -arch x86_64 -mios-simulator-version-min=8.0 -DUCONFIG_NO_LEGACY_CONVERSION=1 -o conftest  -O2 -std=c99 -Wall -pedantic -Wshadow -Wpointer-arith -Wmissing-prototypes -Wwrite-strings   conftest.c -lpthread -lm  >&5
configure:7217: $? = 0
configure:7234: result: none required
configure:7256: checking size of wchar_t
configure:7261: /Applications/Xcode.app/Contents/Developer/Toolchains/XcodeDefault.xctoolchain/usr/bin/clang -isysroot /Applications/Xcode.app/Contents/Developer/Platforms/iPhoneSimulator.platform/Developer/SDKs/iPhoneSimulator9.2.sdk -arch x86_64 -mios-simulator-version-min=8.0 -DUCONFIG_NO_LEGACY_CONVERSION=1 -o conftest  -O2 -std=c99 -Wall -pedantic -Wshadow -Wpointer-arith -Wmissing-prototypes -Wwrite-strings   conftest.c -lpthread -lm  >&5
configure:7261: $? = 0
configure:7261: ./conftest
configure:7261: $? = 0
configure:7284: result: 4
configure:7302: checking for UTF-16 string literal support
configure:7412: /Applications/Xcode.app/Contents/Developer/Toolchains/XcodeDefault.xctoolchain/usr/bin/clang -isysroot /Applications/Xcode.app/Contents/Developer/Platforms/iPhoneSimulator.platform/Developer/SDKs/iPhoneSimulator9.2.sdk -arch x86_64 -mios-simulator-version-min=8.0 -DUCONFIG_NO_LEGACY_CONVERSION=1 -c  -O2 -std=c99 -Wall -pedantic -Wshadow -Wpointer-arith -Wmissing-prototypes -Wwrite-strings -std=gnu99  conftest.c >&5
conftest.c:28:14: error: unknown type name 'char16_t'
static const char16_t test[] = u"This is a UTF16 literal string.";
             ^
conftest.c:28:32: error: use of undeclared identifier 'u'
static const char16_t test[] = u"This is a UTF16 literal string.";
                               ^
conftest.c:28:33: error: expected ';' after top level declarator
static const char16_t test[] = u"This is a UTF16 literal string.";
                                ^
                                ;
3 errors generated.
configure:7412: $? = 1
configure: failed program was:
| /* confdefs.h */
| #define PACKAGE_NAME "ICU"
| #define PACKAGE_TARNAME "International Components for Unicode"
| #define PACKAGE_VERSION "56.1"
| #define PACKAGE_STRING "ICU 56.1"
| #define PACKAGE_BUGREPORT "http://icu-project.org/bugs"
| #define PACKAGE_URL "http://icu-project.org"
| #define STDC_HEADERS 1
| #define HAVE_SYS_TYPES_H 1
| #define HAVE_SYS_STAT_H 1
| #define HAVE_STDLIB_H 1
| #define HAVE_STRING_H 1
| #define HAVE_MEMORY_H 1
| #define HAVE_STRINGS_H 1
| #define HAVE_INTTYPES_H 1
| #define HAVE_STDINT_H 1
| #define HAVE_UNISTD_H 1
| #define SIZEOF_VOID_P 8
| #define HAVE_LIBM 1
| #define HAVE_GETTIMEOFDAY 1
| #define HAVE_LIBPTHREAD 1
| #define HAVE_INTTYPES_H 1
| #define HAVE_DIRENT_H 1
| #define HAVE_WCHAR_H 1
| #define SIZEOF_WCHAR_T 4
| /* end confdefs.h.  */
| 
| static const char16_t test[] = u"This is a UTF16 literal string.";
| 
| int
| main ()
| {
| 
|   ;
|   return 0;
| }
configure:7446: /Applications/Xcode.app/Contents/Developer/Toolchains/XcodeDefault.xctoolchain/usr/bin/clang++ -isysroot /Applications/Xcode.app/Contents/Developer/Platforms/iPhoneSimulator.platform/Developer/SDKs/iPhoneSimulator9.2.sdk -arch x86_64 -mios-simulator-version-min=8.0 -DUCONFIG_NO_LEGACY_CONVERSION=1 -c  -O2 -W -Wall -pedantic -Wpointer-arith -Wwrite-strings -Wno-long-long --std=c++0x  conftest.cpp >&5
conftest.cpp:28:23: warning: unused variable 'test' [-Wunused-const-variable]
static const char16_t test[] = u"This is a UTF16 literal string.";
                      ^
1 warning generated.
configure:7446: $? = 0
configure:7467: result: C++ only
configure:7653: checking for a library suffix to use
configure:7667: result: none
configure:7949: creating ./config.status

## ---------------------- ##
## Running config.status. ##
## ---------------------- ##

This file was extended by ICU config.status 56.1, which was
generated by GNU Autoconf 2.69.  Invocation command line was

  CONFIG_FILES    = 
  CONFIG_HEADERS  = 
  CONFIG_LINKS    = 
  CONFIG_COMMANDS = 
  $ ./config.status 

on polbookpro

config.status:895: creating icudefs.mk
config.status:895: creating Makefile
config.status:895: creating data/pkgdataMakefile
config.status:895: creating config/Makefile.inc
config.status:895: creating config/icu.pc
config.status:895: creating config/pkgdataMakefile
config.status:895: creating data/Makefile
config.status:895: creating stubdata/Makefile
config.status:895: creating common/Makefile
config.status:895: creating i18n/Makefile
config.status:895: creating layout/Makefile
config.status:895: creating layoutex/Makefile
config.status:895: creating io/Makefile
config.status:895: creating extra/Makefile
config.status:895: creating extra/uconv/Makefile
config.status:895: creating extra/uconv/pkgdataMakefile
config.status:895: creating extra/scrptrun/Makefile
config.status:895: creating tools/Makefile
config.status:895: creating tools/ctestfw/Makefile
config.status:895: creating tools/toolutil/Makefile
config.status:895: creating tools/makeconv/Makefile
config.status:895: creating tools/genrb/Makefile
config.status:895: creating tools/genccode/Makefile
config.status:895: creating tools/gencmn/Makefile
config.status:895: creating tools/gencnval/Makefile
config.status:895: creating tools/gendict/Makefile
config.status:895: creating tools/gentest/Makefile
config.status:895: creating tools/gennorm2/Makefile
config.status:895: creating tools/genbrk/Makefile
config.status:895: creating tools/gensprep/Makefile
config.status:895: creating tools/icuinfo/Makefile
config.status:895: creating tools/icupkg/Makefile
config.status:895: creating tools/icuswap/Makefile
config.status:895: creating tools/pkgdata/Makefile
config.status:895: creating tools/tzcode/Makefile
config.status:895: creating tools/gencfu/Makefile
config.status:895: creating test/Makefile
config.status:895: creating test/compat/Makefile
config.status:895: creating test/testdata/Makefile
config.status:895: creating test/testdata/pkgdataMakefile
config.status:895: creating test/hdrtst/Makefile
config.status:895: creating test/intltest/Makefile
config.status:895: creating test/cintltst/Makefile
config.status:895: creating test/iotest/Makefile
config.status:895: creating test/letest/Makefile
config.status:895: creating test/perf/Makefile
config.status:895: creating test/perf/collationperf/Makefile
config.status:895: creating test/perf/collperf/Makefile
config.status:895: creating test/perf/collperf2/Makefile
config.status:895: creating test/perf/dicttrieperf/Makefile
config.status:895: creating test/perf/ubrkperf/Makefile
config.status:895: creating test/perf/charperf/Makefile
config.status:895: creating test/perf/convperf/Makefile
config.status:895: creating test/perf/normperf/Makefile
config.status:895: creating test/perf/DateFmtPerf/Makefile
config.status:895: creating test/perf/howExpensiveIs/Makefile
config.status:895: creating test/perf/strsrchperf/Makefile
config.status:895: creating test/perf/unisetperf/Makefile
config.status:895: creating test/perf/usetperf/Makefile
config.status:895: creating test/perf/ustrperf/Makefile
config.status:895: creating test/perf/utfperf/Makefile
config.status:895: creating test/perf/utrie2perf/Makefile
config.status:895: creating test/perf/leperf/Makefile
config.status:895: creating samples/Makefile
config.status:895: creating samples/date/Makefile
config.status:895: creating samples/cal/Makefile
config.status:895: creating samples/layout/Makefile
configure:9047: checking the version of "/usr/bin/gnumake"
configure:9050: result: ok

## ---------------- ##
## Cache variables. ##
## ---------------- ##

ac_cv_build=x86_64-apple-darwin14.5.0
ac_cv_c_bigendian=no
ac_cv_c_compiler_gnu=yes
ac_cv_cxx_compiler_gnu=yes
ac_cv_env_CCC_set=
ac_cv_env_CCC_value=
ac_cv_env_CC_set=set
ac_cv_env_CC_value='/Applications/Xcode.app/Contents/Developer/Toolchains/XcodeDefault.xctoolchain/usr/bin/clang -isysroot /Applications/Xcode.app/Contents/Developer/Platforms/iPhoneSimulator.platform/Developer/SDKs/iPhoneSimulator9.2.sdk -arch x86_64 -mios-simulator-version-min=8.0 -DUCONFIG_NO_LEGACY_CONVERSION=1'
ac_cv_env_CFLAGS_set=
ac_cv_env_CFLAGS_value=
ac_cv_env_CPPFLAGS_set=
ac_cv_env_CPPFLAGS_value=
ac_cv_env_CPP_set=set
ac_cv_env_CPP_value='/Applications/Xcode.app/Contents/Developer/Toolchains/XcodeDefault.xctoolchain/usr/bin/clang -E -isysroot /Applications/Xcode.app/Contents/Developer/Platforms/iPhoneSimulator.platform/Developer/SDKs/iPhoneSimulator9.2.sdk -arch x86_64 -mios-simulator-version-min=8.0 -DUCONFIG_NO_LEGACY_CONVERSION=1'
ac_cv_env_CXXFLAGS_set=
ac_cv_env_CXXFLAGS_value=
ac_cv_env_CXX_set=set
ac_cv_env_CXX_value='/Applications/Xcode.app/Contents/Developer/Toolchains/XcodeDefault.xctoolchain/usr/bin/clang++ -isysroot /Applications/Xcode.app/Contents/Developer/Platforms/iPhoneSimulator.platform/Developer/SDKs/iPhoneSimulator9.2.sdk -arch x86_64 -mios-simulator-version-min=8.0 -DUCONFIG_NO_LEGACY_CONVERSION=1'
ac_cv_env_ICULEHB_CFLAGS_set=
ac_cv_env_ICULEHB_CFLAGS_value=
ac_cv_env_ICULEHB_LIBS_set=
ac_cv_env_ICULEHB_LIBS_value=
ac_cv_env_LDFLAGS_set=
ac_cv_env_LDFLAGS_value=
ac_cv_env_LIBS_set=
ac_cv_env_LIBS_value=
ac_cv_env_PKG_CONFIG_LIBDIR_set=
ac_cv_env_PKG_CONFIG_LIBDIR_value=
ac_cv_env_PKG_CONFIG_PATH_set=
ac_cv_env_PKG_CONFIG_PATH_value=
ac_cv_env_PKG_CONFIG_set=
ac_cv_env_PKG_CONFIG_value=
ac_cv_env_build_alias_set=
ac_cv_env_build_alias_value=
ac_cv_env_host_alias_set=set
ac_cv_env_host_alias_value=i386-apple-darwin
ac_cv_env_target_alias_set=
ac_cv_env_target_alias_value=
ac_cv_func_gettimeofday=yes
ac_cv_func_mmap_ok=yes
ac_cv_func_nl_langinfo=yes
ac_cv_func_popen=yes
ac_cv_func_tzset=yes
ac_cv_header_atomic=yes
ac_cv_header_dirent_h=yes
ac_cv_header_elf_h=no
ac_cv_header_inttypes_h=yes
ac_cv_header_memory_h=yes
ac_cv_header_stdc=yes
ac_cv_header_stdint_h=yes
ac_cv_header_stdlib_h=yes
ac_cv_header_stdstring=yes
ac_cv_header_string_h=yes
ac_cv_header_strings_h=yes
ac_cv_header_sys_stat_h=yes
ac_cv_header_sys_types_h=yes
ac_cv_header_unistd_h=yes
ac_cv_header_wchar_h=yes
ac_cv_host=i386-apple-darwin
ac_cv_lib_m_floor=yes
ac_cv_lib_pthread_pthread_attr_init=yes
ac_cv_namespace_ok=yes
ac_cv_nl_langinfo_codeset=CODESET
ac_cv_objext=o
ac_cv_override_cxx_allocation_ok=yes
ac_cv_override_placement_new_ok=yes
ac_cv_path_DOXYGEN=/usr/local/bin/doxygen
ac_cv_path_EGREP='/usr/bin/grep -E'
ac_cv_path_GREP=/usr/bin/grep
ac_cv_path_U_MAKE=/usr/bin/gnumake
ac_cv_path_ac_pt_PKG_CONFIG=/usr/local/bin/pkg-config
ac_cv_path_install='/usr/bin/install -c'
ac_cv_prog_AR=/Applications/Xcode.app/Contents/Developer/Toolchains/XcodeDefault.xctoolchain/usr/bin/ar
ac_cv_prog_CC='/Applications/Xcode.app/Contents/Developer/Toolchains/XcodeDefault.xctoolchain/usr/bin/clang -isysroot /Applications/Xcode.app/Contents/Developer/Platforms/iPhoneSimulator.platform/Developer/SDKs/iPhoneSimulator9.2.sdk -arch x86_64 -mios-simulator-version-min=8.0 -DUCONFIG_NO_LEGACY_CONVERSION=1'
ac_cv_prog_CPP='/Applications/Xcode.app/Contents/Developer/Toolchains/XcodeDefault.xctoolchain/usr/bin/clang -E -isysroot /Applications/Xcode.app/Contents/Developer/Platforms/iPhoneSimulator.platform/Developer/SDKs/iPhoneSimulator9.2.sdk -arch x86_64 -mios-simulator-version-min=8.0 -DUCONFIG_NO_LEGACY_CONVERSION=1'
ac_cv_prog_RANLIB=/Applications/Xcode.app/Contents/Developer/Toolchains/XcodeDefault.xctoolchain/usr/bin/ranlib
ac_cv_prog_cc_c89=
ac_cv_prog_cc_g=yes
ac_cv_prog_cxx_g=yes
ac_cv_search_wcscpy='none required'
ac_cv_sizeof_void_p=8
ac_cv_sizeof_wchar_t=4
ac_cv_type_int16_t=yes
ac_cv_type_int32_t=yes
ac_cv_type_int64_t=yes
ac_cv_type_int8_t=yes
ac_cv_type_uint16_t=yes
ac_cv_type_uint32_t=yes
ac_cv_type_uint64_t=yes
ac_cv_type_uint8_t=yes
ac_cv_var_timezone=yes
ac_cv_var_tzname=yes
icu_cv_host_frag=mh-darwin

## ----------------- ##
## Output variables. ##
## ----------------- ##

AR='/Applications/Xcode.app/Contents/Developer/Toolchains/XcodeDefault.xctoolchain/usr/bin/ar'
ARFLAGS=''
CC='/Applications/Xcode.app/Contents/Developer/Toolchains/XcodeDefault.xctoolchain/usr/bin/clang -isysroot /Applications/Xcode.app/Contents/Developer/Platforms/iPhoneSimulator.platform/Developer/SDKs/iPhoneSimulator9.2.sdk -arch x86_64 -mios-simulator-version-min=8.0 -DUCONFIG_NO_LEGACY_CONVERSION=1'
CFLAGS=' -O2 -std=c99 -Wall -pedantic -Wshadow -Wpointer-arith -Wmissing-prototypes -Wwrite-strings $(THREADSCFLAGS) '
COMPILE_LINK_ENVVAR=''
CPP='/Applications/Xcode.app/Contents/Developer/Toolchains/XcodeDefault.xctoolchain/usr/bin/clang -E -isysroot /Applications/Xcode.app/Contents/Developer/Platforms/iPhoneSimulator.platform/Developer/SDKs/iPhoneSimulator9.2.sdk -arch x86_64 -mios-simulator-version-min=8.0 -DUCONFIG_NO_LEGACY_CONVERSION=1'
CPPFLAGS=' $(THREADSCPPFLAGS)  -DU_ENABLE_DYLOAD=0 -DU_HAVE_ATOMIC=1 '
CXX='/Applications/Xcode.app/Contents/Developer/Toolchains/XcodeDefault.xctoolchain/usr/bin/clang++ -isysroot /Applications/Xcode.app/Contents/Developer/Platforms/iPhoneSimulator.platform/Developer/SDKs/iPhoneSimulator9.2.sdk -arch x86_64 -mios-simulator-version-min=8.0 -DUCONFIG_NO_LEGACY_CONVERSION=1'
CXXFLAGS=' -O2 -W -Wall -pedantic -Wpointer-arith -Wwrite-strings -Wno-long-long --std=c++0x $(THREADSCXXFLAGS) '
DATA_PACKAGING_MODE='static'
DEFS='-DPACKAGE_NAME=\"ICU\" -DPACKAGE_TARNAME=\"International\ Components\ for\ Unicode\" -DPACKAGE_VERSION=\"56.1\" -DPACKAGE_STRING=\"ICU\ 56.1\" -DPACKAGE_BUGREPORT=\"http://icu-project.org/bugs\" -DPACKAGE_URL=\"http://icu-project.org\" -DSTDC_HEADERS=1 -DHAVE_SYS_TYPES_H=1 -DHAVE_SYS_STAT_H=1 -DHAVE_STDLIB_H=1 -DHAVE_STRING_H=1 -DHAVE_MEMORY_H=1 -DHAVE_STRINGS_H=1 -DHAVE_INTTYPES_H=1 -DHAVE_STDINT_H=1 -DHAVE_UNISTD_H=1 -DSIZEOF_VOID_P=8 -DHAVE_LIBM=1 -DHAVE_GETTIMEOFDAY=1 -DHAVE_LIBPTHREAD=1 -DHAVE_INTTYPES_H=1 -DHAVE_DIRENT_H=1 -DHAVE_WCHAR_H=1 -DSIZEOF_WCHAR_T=4'
DOXYGEN='/usr/local/bin/doxygen'
ECHO_C='\c'
ECHO_N=''
ECHO_T=''
EGREP='/usr/bin/grep -E'
ENABLE_DEBUG='0'
ENABLE_RELEASE='1'
ENABLE_RPATH='NO'
ENABLE_SHARED=''
ENABLE_STATIC='YES'
EXEEXT=''
EXTRAS_TRUE=''
GENCCODE_ASSEMBLY=''
GREP='/usr/bin/grep'
HAVE_MMAP='1'
ICUDATA_CHAR='l'
ICUIO_TRUE='#'
ICULEHB_CFLAGS=''
ICULEHB_LIBS=''
ICULIBSUFFIX=''
ICULIBSUFFIXCNAME=''
ICU_ECHO_C='\c'
ICU_ECHO_N=''
ICU_ECHO_T=''
INSTALL_DATA='${INSTALL} -m 644'
INSTALL_PROGRAM='${INSTALL}'
INSTALL_SCRIPT='${INSTALL}'
LAYOUTEX_TRUE='#'
LAYOUT_TRUE='#'
LDFLAGS=''
LIBCFLAGS=''
LIBCXXFLAGS=''
LIBOBJS=''
LIBS='-lpthread -lm '
LIB_M=''
LIB_THREAD=''
LIB_VERSION='56.1'
LIB_VERSION_MAJOR='56'
LTLIBOBJS=''
OBJEXT='o'
PACKAGE='icu'
PACKAGE_BUGREPORT='http://icu-project.org/bugs'
PACKAGE_NAME='ICU'
PACKAGE_STRING='ICU 56.1'
PACKAGE_TARNAME='International Components for Unicode'
PACKAGE_URL='http://icu-project.org'
PACKAGE_VERSION='56.1'
PATH_SEPARATOR=':'
PKG_CONFIG='/usr/local/bin/pkg-config'
PKG_CONFIG_LIBDIR=''
PKG_CONFIG_PATH=''
PLUGINS_TRUE='#'
RANLIB='/Applications/Xcode.app/Contents/Developer/Toolchains/XcodeDefault.xctoolchain/usr/bin/ranlib'
SAMPLES_TRUE='#'
SHELL='/bin/sh'
TESTS_TRUE='#'
TOOLS_TRUE=''
UCLN_NO_AUTO_CLEANUP='1'
UCONFIG_CFLAGS=''
UCONFIG_CPPFLAGS=''
UCONFIG_CXXFLAGS=' --std=c++0x'
UNICODE_VERSION='8.0'
U_DEFAULT_SHOW_DRAFT='1'
U_DISABLE_RENAMING='0'
U_ENABLE_DYLOAD='0'
U_ENABLE_TRACING='0'
U_HAVE_ATOMIC='1'
U_HAVE_DIRENT_H='1'
U_HAVE_EXTRAS='1'
U_HAVE_ICUIO='0'
U_HAVE_INTTYPES_H='1'
U_HAVE_LAYOUT='0'
U_HAVE_LAYOUTEX='0'
U_HAVE_LIB_SUFFIX='0'
U_HAVE_NL_LANGINFO_CODESET='1'
U_HAVE_PLACEMENT_NEW='1'
U_HAVE_PLUGINS='0'
U_HAVE_POPEN='1'
U_HAVE_SAMPLES='0'
U_HAVE_STD_STRING='1'
U_HAVE_TESTS='0'
U_HAVE_TIMEZONE='1'
U_HAVE_TOOLS='1'
U_HAVE_TZNAME='1'
U_HAVE_TZSET='1'
U_HAVE_WCHAR_H='1'
U_HAVE_WCSCPY='1'
U_IS_BIG_ENDIAN='0'
U_MAKE='/usr/bin/gnumake'
U_NL_LANGINFO_CODESET='CODESET'
U_OVERRIDE_CXX_ALLOCATION='1'
U_TIMEZONE='timezone'
U_TZNAME='tzname'
U_TZSET='tzset'
VERSION='56.1'
ac_ct_CC=''
ac_ct_CXX=''
bindir='${exec_prefix}/bin'
build='x86_64-apple-darwin14.5.0'
build_alias=''
build_cpu='x86_64'
build_os='darwin14.5.0'
build_vendor='apple'
cross_buildroot=''
cross_compiling='no'
datadir='${datarootdir}'
datarootdir='${prefix}/share'
docdir='${datarootdir}/doc/${PACKAGE_TARNAME}'
dvidir='${docdir}'
exec_prefix='${prefix}'
host='i386-apple-darwin'
host_alias='i386-apple-darwin'
host_cpu='i386'
host_os='darwin'
host_vendor='apple'
htmldir='${docdir}'
includedir='${prefix}/include'
infodir='${datarootdir}/info'
libdir='${exec_prefix}/lib'
libexecdir='${exec_prefix}/libexec'
localedir='${datarootdir}/locale'
localstatedir='${prefix}/var'
mandir='${datarootdir}/man'
oldincludedir='/usr/include'
pdfdir='${docdir}'
pkgicudatadir='${datarootdir}'
platform='U_DARWIN'
platform_make_fragment='$(top_srcdir)/config/mh-darwin'
platform_make_fragment_name='mh-darwin'
prefix='/Users/pol/Source/Libraries/libicu/iPhoneSimulator-x86_64'
program_transform_name='s,x,x,'
psdir='${docdir}'
sbindir='${exec_prefix}/sbin'
sharedstatedir='${prefix}/com'
sysconfdir='${prefix}/etc'
target_alias=''
thepkgicudatadir='${prefix}/share'

## ----------- ##
## confdefs.h. ##
## ----------- ##

/* confdefs.h */
#define PACKAGE_NAME "ICU"
#define PACKAGE_TARNAME "International Components for Unicode"
#define PACKAGE_VERSION "56.1"
#define PACKAGE_STRING "ICU 56.1"
#define PACKAGE_BUGREPORT "http://icu-project.org/bugs"
#define PACKAGE_URL "http://icu-project.org"
#define STDC_HEADERS 1
#define HAVE_SYS_TYPES_H 1
#define HAVE_SYS_STAT_H 1
#define HAVE_STDLIB_H 1
#define HAVE_STRING_H 1
#define HAVE_MEMORY_H 1
#define HAVE_STRINGS_H 1
#define HAVE_INTTYPES_H 1
#define HAVE_STDINT_H 1
#define HAVE_UNISTD_H 1
#define SIZEOF_VOID_P 8
#define HAVE_LIBM 1
#define HAVE_GETTIMEOFDAY 1
#define HAVE_LIBPTHREAD 1
#define HAVE_INTTYPES_H 1
#define HAVE_DIRENT_H 1
#define HAVE_WCHAR_H 1
#define SIZEOF_WCHAR_T 4

configure: exit 0

## ---------------------- ##
## Running config.status. ##
## ---------------------- ##

This file was extended by ICU config.status 56.1, which was
generated by GNU Autoconf 2.69.  Invocation command line was

  CONFIG_FILES    = common/Makefile
  CONFIG_HEADERS  = 
  CONFIG_LINKS    = 
  CONFIG_COMMANDS = 
  $ ./config.status 

on polbookpro

config.status:895: creating common/Makefile

## ---------------------- ##
## Running config.status. ##
## ---------------------- ##

This file was extended by ICU config.status 56.1, which was
generated by GNU Autoconf 2.69.  Invocation command line was

  CONFIG_FILES    = tools/makeconv/makeconv.1
  CONFIG_HEADERS  = 
  CONFIG_LINKS    = 
  CONFIG_COMMANDS = 
  $ ./config.status 

on polbookpro

config.status:895: creating tools/makeconv/makeconv.1

## ---------------------- ##
## Running config.status. ##
## ---------------------- ##

This file was extended by ICU config.status 56.1, which was
generated by GNU Autoconf 2.69.  Invocation command line was

  CONFIG_FILES    = tools/genrb/genrb.1
  CONFIG_HEADERS  = 
  CONFIG_LINKS    = 
  CONFIG_COMMANDS = 
  $ ./config.status 

on polbookpro

config.status:895: creating tools/genrb/genrb.1

## ---------------------- ##
## Running config.status. ##
## ---------------------- ##

This file was extended by ICU config.status 56.1, which was
generated by GNU Autoconf 2.69.  Invocation command line was

  CONFIG_FILES    = tools/genbrk/genbrk.1
  CONFIG_HEADERS  = 
  CONFIG_LINKS    = 
  CONFIG_COMMANDS = 
  $ ./config.status 

on polbookpro

config.status:895: creating tools/genbrk/genbrk.1

## ---------------------- ##
## Running config.status. ##
## ---------------------- ##

This file was extended by ICU config.status 56.1, which was
generated by GNU Autoconf 2.69.  Invocation command line was

  CONFIG_FILES    = tools/gencnval/gencnval.1
  CONFIG_HEADERS  = 
  CONFIG_LINKS    = 
  CONFIG_COMMANDS = 
  $ ./config.status 

on polbookpro

config.status:895: creating tools/gencnval/gencnval.1

## ---------------------- ##
## Running config.status. ##
## ---------------------- ##

This file was extended by ICU config.status 56.1, which was
generated by GNU Autoconf 2.69.  Invocation command line was

  CONFIG_FILES    = tools/gensprep/gensprep.8
  CONFIG_HEADERS  = 
  CONFIG_LINKS    = 
  CONFIG_COMMANDS = 
  $ ./config.status 

on polbookpro

config.status:895: creating tools/gensprep/gensprep.8

## ---------------------- ##
## Running config.status. ##
## ---------------------- ##

This file was extended by ICU config.status 56.1, which was
generated by GNU Autoconf 2.69.  Invocation command line was

  CONFIG_FILES    = tools/genccode/genccode.8
  CONFIG_HEADERS  = 
  CONFIG_LINKS    = 
  CONFIG_COMMANDS = 
  $ ./config.status 

on polbookpro

config.status:895: creating tools/genccode/genccode.8

## ---------------------- ##
## Running config.status. ##
## ---------------------- ##

This file was extended by ICU config.status 56.1, which was
generated by GNU Autoconf 2.69.  Invocation command line was

  CONFIG_FILES    = tools/gencmn/gencmn.8
  CONFIG_HEADERS  = 
  CONFIG_LINKS    = 
  CONFIG_COMMANDS = 
  $ ./config.status 

on polbookpro

config.status:895: creating tools/gencmn/gencmn.8

## ---------------------- ##
## Running config.status. ##
## ---------------------- ##

This file was extended by ICU config.status 56.1, which was
generated by GNU Autoconf 2.69.  Invocation command line was

  CONFIG_FILES    = tools/icupkg/icupkg.8
  CONFIG_HEADERS  = 
  CONFIG_LINKS    = 
  CONFIG_COMMANDS = 
  $ ./config.status 

on polbookpro

config.status:895: creating tools/icupkg/icupkg.8

## ---------------------- ##
## Running config.status. ##
## ---------------------- ##

This file was extended by ICU config.status 56.1, which was
generated by GNU Autoconf 2.69.  Invocation command line was

  CONFIG_FILES    = tools/pkgdata/pkgdata.1
  CONFIG_HEADERS  = 
  CONFIG_LINKS    = 
  CONFIG_COMMANDS = 
  $ ./config.status 

on polbookpro

config.status:895: creating tools/pkgdata/pkgdata.1

## ---------------------- ##
## Running config.status. ##
## ---------------------- ##

This file was extended by ICU config.status 56.1, which was
generated by GNU Autoconf 2.69.  Invocation command line was

  CONFIG_FILES    = tools/gencfu/gencfu.1
  CONFIG_HEADERS  = 
  CONFIG_LINKS    = 
  CONFIG_COMMANDS = 
  $ ./config.status 

on polbookpro

config.status:895: creating tools/gencfu/gencfu.1

## ---------------------- ##
## Running config.status. ##
## ---------------------- ##

This file was extended by ICU config.status 56.1, which was
generated by GNU Autoconf 2.69.  Invocation command line was

  CONFIG_FILES    = tools/gendict/gendict.1
  CONFIG_HEADERS  = 
  CONFIG_LINKS    = 
  CONFIG_COMMANDS = 
  $ ./config.status 

on polbookpro

config.status:895: creating tools/gendict/gendict.1

## ---------------------- ##
## Running config.status. ##
## ---------------------- ##

This file was extended by ICU config.status 56.1, which was
generated by GNU Autoconf 2.69.  Invocation command line was

  CONFIG_FILES    = extra/uconv/uconv.1
  CONFIG_HEADERS  = 
  CONFIG_LINKS    = 
  CONFIG_COMMANDS = 
  $ ./config.status 

on polbookpro

config.status:895: creating extra/uconv/uconv.1
