This file contains any messages produced by compilers while
running configure, to aid debugging if configure makes a mistake.

It was created by expat configure 2.1.0, which was
generated by GNU Autoconf 2.68.  Invocation command line was

  $ ./configure --prefix=/Users/pol/Source/Libraries/libexpat/expat-2.1.0/../iPhoneOS-armv7 --host=arm-apple-darwin --enable-static --disable-shared

## --------- ##
## Platform. ##
## --------- ##

hostname = polbookpro
uname -m = x86_64
uname -r = 14.5.0
uname -s = Darwin
uname -v = Darwin Kernel Version 14.5.0: Wed Jul 29 02:26:53 PDT 2015; root:xnu-2782.40.9~1/RELEASE_X86_64

/usr/bin/uname -p = i386
/bin/uname -X     = unknown

/bin/arch              = unknown
/usr/bin/arch -k       = unknown
/usr/convex/getsysinfo = unknown
/usr/bin/hostinfo      = Mach kernel version:
	 Darwin Kernel Version 14.5.0: Wed Jul 29 02:26:53 PDT 2015; root:xnu-2782.40.9~1/RELEASE_X86_64
Kernel configured for up to 8 processors.
4 processors are physically available.
8 processors are logically available.
Processor type: x86_64h (Intel x86-64h Haswell)
Processors active: 0 1 2 3 4 5 6 7
Primary memory available: 16.00 gigabytes
Default processor set: 312 tasks, 1885 threads, 8 processors
Load average: 3.20, Mach factor: 4.78
/bin/machine           = unknown
/usr/bin/oslevel       = unknown
/bin/universe          = unknown

PATH: /usr/local/bin
PATH: /usr/bin
PATH: /bin
PATH: /usr/sbin
PATH: /sbin
PATH: /opt/X11/bin
PATH: /usr/local/go/bin
PATH: /Users/pol/Source/_go/bin


## ----------- ##
## Core tests. ##
## ----------- ##

configure:2385: checking build system type
configure:2399: result: x86_64-apple-darwin14.5.0
configure:2419: checking host system type
configure:2432: result: arm-apple-darwin
configure:2801: checking how to print strings
configure:2828: result: printf
configure:2857: checking for arm-apple-darwin-gcc
configure:2884: result: /Applications/Xcode.app/Contents/Developer/Toolchains/XcodeDefault.xctoolchain/usr/bin/clang -isysroot /Applications/Xcode.app/Contents/Developer/Platforms/iPhoneOS.platform/Developer/SDKs/iPhoneOS9.0.sdk -arch armv7 -miphoneos-version-min=8.0 -fembed-bitcode 
configure:3153: checking for C compiler version
configure:3162: /Applications/Xcode.app/Contents/Developer/Toolchains/XcodeDefault.xctoolchain/usr/bin/clang -isysroot /Applications/Xcode.app/Contents/Developer/Platforms/iPhoneOS.platform/Developer/SDKs/iPhoneOS9.0.sdk -arch armv7 -miphoneos-version-min=8.0 -fembed-bitcode  --version >&5
Apple LLVM version 7.0.0 (clang-700.0.72)
Target: arm-apple-darwin14.5.0
Thread model: posix
configure:3173: $? = 0
configure:3162: /Applications/Xcode.app/Contents/Developer/Toolchains/XcodeDefault.xctoolchain/usr/bin/clang -isysroot /Applications/Xcode.app/Contents/Developer/Platforms/iPhoneOS.platform/Developer/SDKs/iPhoneOS9.0.sdk -arch armv7 -miphoneos-version-min=8.0 -fembed-bitcode  -v >&5
Apple LLVM version 7.0.0 (clang-700.0.72)
Target: arm-apple-darwin14.5.0
Thread model: posix
clang: warning: argument unused during compilation: '-isysroot /Applications/Xcode.app/Contents/Developer/Platforms/iPhoneOS.platform/Developer/SDKs/iPhoneOS9.0.sdk'
clang: warning: argument unused during compilation: '-miphoneos-version-min=8.0'
configure:3173: $? = 0
configure:3162: /Applications/Xcode.app/Contents/Developer/Toolchains/XcodeDefault.xctoolchain/usr/bin/clang -isysroot /Applications/Xcode.app/Contents/Developer/Platforms/iPhoneOS.platform/Developer/SDKs/iPhoneOS9.0.sdk -arch armv7 -miphoneos-version-min=8.0 -fembed-bitcode  -V >&5
clang: error: argument to '-V' is missing (expected 1 value)
clang: error: no input files
configure:3173: $? = 1
configure:3162: /Applications/Xcode.app/Contents/Developer/Toolchains/XcodeDefault.xctoolchain/usr/bin/clang -isysroot /Applications/Xcode.app/Contents/Developer/Platforms/iPhoneOS.platform/Developer/SDKs/iPhoneOS9.0.sdk -arch armv7 -miphoneos-version-min=8.0 -fembed-bitcode  -qversion >&5
clang: error: unknown argument: '-qversion'
clang: error: no input files
configure:3173: $? = 1
configure:3193: checking whether the C compiler works
configure:3215: /Applications/Xcode.app/Contents/Developer/Toolchains/XcodeDefault.xctoolchain/usr/bin/clang -isysroot /Applications/Xcode.app/Contents/Developer/Platforms/iPhoneOS.platform/Developer/SDKs/iPhoneOS9.0.sdk -arch armv7 -miphoneos-version-min=8.0 -fembed-bitcode     conftest.c  >&5
configure:3219: $? = 0
configure:3267: result: yes
configure:3270: checking for C compiler default output file name
configure:3272: result: a.out
configure:3278: checking for suffix of executables
configure:3285: /Applications/Xcode.app/Contents/Developer/Toolchains/XcodeDefault.xctoolchain/usr/bin/clang -isysroot /Applications/Xcode.app/Contents/Developer/Platforms/iPhoneOS.platform/Developer/SDKs/iPhoneOS9.0.sdk -arch armv7 -miphoneos-version-min=8.0 -fembed-bitcode  -o conftest    conftest.c  >&5
configure:3289: $? = 0
configure:3311: result: 
configure:3333: checking whether we are cross compiling
configure:3341: /Applications/Xcode.app/Contents/Developer/Toolchains/XcodeDefault.xctoolchain/usr/bin/clang -isysroot /Applications/Xcode.app/Contents/Developer/Platforms/iPhoneOS.platform/Developer/SDKs/iPhoneOS9.0.sdk -arch armv7 -miphoneos-version-min=8.0 -fembed-bitcode  -o conftest    conftest.c  >&5
configure:3345: $? = 0
configure:3352: ./conftest
./configure: line 3354: ./conftest: Bad CPU type in executable
configure:3356: $? = 126
configure:3371: result: yes
configure:3376: checking for suffix of object files
configure:3398: /Applications/Xcode.app/Contents/Developer/Toolchains/XcodeDefault.xctoolchain/usr/bin/clang -isysroot /Applications/Xcode.app/Contents/Developer/Platforms/iPhoneOS.platform/Developer/SDKs/iPhoneOS9.0.sdk -arch armv7 -miphoneos-version-min=8.0 -fembed-bitcode  -c   conftest.c >&5
configure:3402: $? = 0
configure:3423: result: o
configure:3427: checking whether we are using the GNU C compiler
configure:3446: /Applications/Xcode.app/Contents/Developer/Toolchains/XcodeDefault.xctoolchain/usr/bin/clang -isysroot /Applications/Xcode.app/Contents/Developer/Platforms/iPhoneOS.platform/Developer/SDKs/iPhoneOS9.0.sdk -arch armv7 -miphoneos-version-min=8.0 -fembed-bitcode  -c   conftest.c >&5
configure:3446: $? = 0
configure:3455: result: yes
configure:3464: checking whether /Applications/Xcode.app/Contents/Developer/Toolchains/XcodeDefault.xctoolchain/usr/bin/clang -isysroot /Applications/Xcode.app/Contents/Developer/Platforms/iPhoneOS.platform/Developer/SDKs/iPhoneOS9.0.sdk -arch armv7 -miphoneos-version-min=8.0 -fembed-bitcode  accepts -g
configure:3484: /Applications/Xcode.app/Contents/Developer/Toolchains/XcodeDefault.xctoolchain/usr/bin/clang -isysroot /Applications/Xcode.app/Contents/Developer/Platforms/iPhoneOS.platform/Developer/SDKs/iPhoneOS9.0.sdk -arch armv7 -miphoneos-version-min=8.0 -fembed-bitcode  -c -g  conftest.c >&5
configure:3484: $? = 0
configure:3525: result: yes
configure:3542: checking for /Applications/Xcode.app/Contents/Developer/Toolchains/XcodeDefault.xctoolchain/usr/bin/clang -isysroot /Applications/Xcode.app/Contents/Developer/Platforms/iPhoneOS.platform/Developer/SDKs/iPhoneOS9.0.sdk -arch armv7 -miphoneos-version-min=8.0 -fembed-bitcode  option to accept ISO C89
configure:3606: /Applications/Xcode.app/Contents/Developer/Toolchains/XcodeDefault.xctoolchain/usr/bin/clang -isysroot /Applications/Xcode.app/Contents/Developer/Platforms/iPhoneOS.platform/Developer/SDKs/iPhoneOS9.0.sdk -arch armv7 -miphoneos-version-min=8.0 -fembed-bitcode   -c -g -O2  conftest.c >&5
configure:3606: $? = 0
configure:3619: result: none needed
configure:3639: checking for a sed that does not truncate output
configure:3703: result: /usr/bin/sed
configure:3721: checking for grep that handles long lines and -e
configure:3779: result: /usr/bin/grep
configure:3784: checking for egrep
configure:3846: result: /usr/bin/grep -E
configure:3851: checking for fgrep
configure:3913: result: /usr/bin/grep -F
configure:3948: checking for ld used by /Applications/Xcode.app/Contents/Developer/Toolchains/XcodeDefault.xctoolchain/usr/bin/clang -isysroot /Applications/Xcode.app/Contents/Developer/Platforms/iPhoneOS.platform/Developer/SDKs/iPhoneOS9.0.sdk -arch armv7 -miphoneos-version-min=8.0 -fembed-bitcode 
configure:4015: result: /Applications/Xcode.app/Contents/Developer/Toolchains/XcodeDefault.xctoolchain/usr/bin/ld -isysroot /Applications/Xcode.app/Contents/Developer/Platforms/iPhoneOS.platform/Developer/SDKs/iPhoneOS9.0.sdk -arch armv7
configure:4022: checking if the linker (/Applications/Xcode.app/Contents/Developer/Toolchains/XcodeDefault.xctoolchain/usr/bin/ld -isysroot /Applications/Xcode.app/Contents/Developer/Platforms/iPhoneOS.platform/Developer/SDKs/iPhoneOS9.0.sdk -arch armv7) is GNU ld
configure:4037: result: no
configure:4049: checking for BSD- or MS-compatible name lister (nm)
configure:4098: result: no
configure:4112: checking for arm-apple-darwin-dumpbin
configure:4142: result: no
configure:4112: checking for arm-apple-darwin-link
configure:4142: result: no
configure:4156: checking for dumpbin
configure:4186: result: no
configure:4156: checking for link
configure:4172: found /bin/link
configure:4183: result: link -dump
configure:4199: WARNING: using cross tools not prefixed with host triplet
configure:4228: checking the name lister (nm) interface
configure:4235: /Applications/Xcode.app/Contents/Developer/Toolchains/XcodeDefault.xctoolchain/usr/bin/clang -isysroot /Applications/Xcode.app/Contents/Developer/Platforms/iPhoneOS.platform/Developer/SDKs/iPhoneOS9.0.sdk -arch armv7 -miphoneos-version-min=8.0 -fembed-bitcode  -c -g -O2  conftest.c >&5
configure:4238: nm "conftest.o"
configure:4241: output
000004b0 S _llvm.cmdline
00000110 S _llvm.embedded.module
00000608 S _some_variable
configure:4248: result: BSD nm
configure:4251: checking whether ln -s works
configure:4255: result: yes
configure:4263: checking the maximum length of command line arguments
configure:4388: result: 196608
configure:4405: checking whether the shell understands some XSI constructs
configure:4415: result: yes
configure:4419: checking whether the shell understands "+="
configure:4425: result: yes
configure:4460: checking how to convert x86_64-apple-darwin14.5.0 file names to arm-apple-darwin format
configure:4500: result: func_convert_file_noop
configure:4507: checking how to convert x86_64-apple-darwin14.5.0 file names to toolchain format
configure:4527: result: func_convert_file_noop
configure:4534: checking for /Applications/Xcode.app/Contents/Developer/Toolchains/XcodeDefault.xctoolchain/usr/bin/ld -isysroot /Applications/Xcode.app/Contents/Developer/Platforms/iPhoneOS.platform/Developer/SDKs/iPhoneOS9.0.sdk -arch armv7 option to reload object files
configure:4541: result: -r
configure:4575: checking for arm-apple-darwin-objdump
configure:4602: result: objdump
configure:4671: checking how to recognize dependent libraries
configure:4873: result: pass_all
configure:4918: checking for arm-apple-darwin-dlltool
configure:4945: result: dlltool
configure:5015: checking how to associate runtime and link libraries
configure:5042: result: printf %s\n
configure:5059: checking for arm-apple-darwin-ar
configure:5086: result: /Applications/Xcode.app/Contents/Developer/Toolchains/XcodeDefault.xctoolchain/usr/bin/ar
configure:5167: checking for archiver @FILE support
configure:5184: /Applications/Xcode.app/Contents/Developer/Toolchains/XcodeDefault.xctoolchain/usr/bin/clang -isysroot /Applications/Xcode.app/Contents/Developer/Platforms/iPhoneOS.platform/Developer/SDKs/iPhoneOS9.0.sdk -arch armv7 -miphoneos-version-min=8.0 -fembed-bitcode  -c -g -O2  conftest.c >&5
configure:5184: $? = 0
configure:5187: /Applications/Xcode.app/Contents/Developer/Toolchains/XcodeDefault.xctoolchain/usr/bin/ar cru libconftest.a @conftest.lst >&5
ar: @conftest.lst: No such file or directory
configure:5190: $? = 1
configure:5210: result: no
configure:5228: checking for arm-apple-darwin-strip
configure:5255: result: /Applications/Xcode.app/Contents/Developer/Toolchains/XcodeDefault.xctoolchain/usr/bin/strip
configure:5327: checking for arm-apple-darwin-ranlib
configure:5354: result: /Applications/Xcode.app/Contents/Developer/Toolchains/XcodeDefault.xctoolchain/usr/bin/ranlib
configure:5471: checking for gawk
configure:5501: result: no
configure:5471: checking for mawk
configure:5501: result: no
configure:5471: checking for nawk
configure:5501: result: no
configure:5471: checking for awk
configure:5487: found /usr/bin/awk
configure:5498: result: awk
configure:5538: checking command to parse nm output from /Applications/Xcode.app/Contents/Developer/Toolchains/XcodeDefault.xctoolchain/usr/bin/clang -isysroot /Applications/Xcode.app/Contents/Developer/Platforms/iPhoneOS.platform/Developer/SDKs/iPhoneOS9.0.sdk -arch armv7 -miphoneos-version-min=8.0 -fembed-bitcode  object
configure:5657: /Applications/Xcode.app/Contents/Developer/Toolchains/XcodeDefault.xctoolchain/usr/bin/clang -isysroot /Applications/Xcode.app/Contents/Developer/Platforms/iPhoneOS.platform/Developer/SDKs/iPhoneOS9.0.sdk -arch armv7 -miphoneos-version-min=8.0 -fembed-bitcode  -c -g -O2  conftest.c >&5
configure:5660: $? = 0
configure:5664: nm conftest.o \| sed -n -e 's/^.*[ ]\([BCDEGRST][BCDEGRST]*\)[ ][ ]*\([_A-Za-z][_A-Za-z0-9]*\)$/\1 \2 \2/p' | sed '/ __gnu_lto/d' \> conftest.nm
configure:5667: $? = 0
cannot find nm_test_var in conftest.nm
configure:5657: /Applications/Xcode.app/Contents/Developer/Toolchains/XcodeDefault.xctoolchain/usr/bin/clang -isysroot /Applications/Xcode.app/Contents/Developer/Platforms/iPhoneOS.platform/Developer/SDKs/iPhoneOS9.0.sdk -arch armv7 -miphoneos-version-min=8.0 -fembed-bitcode  -c -g -O2  conftest.c >&5
configure:5660: $? = 0
configure:5664: nm conftest.o \| sed -n -e 's/^.*[ ]\([BCDEGRST][BCDEGRST]*\)[ ][ ]*_\([_A-Za-z][_A-Za-z0-9]*\)$/\1 _\2 \2/p' | sed '/ __gnu_lto/d' \> conftest.nm
configure:5667: $? = 0
configure:5733: /Applications/Xcode.app/Contents/Developer/Toolchains/XcodeDefault.xctoolchain/usr/bin/clang -isysroot /Applications/Xcode.app/Contents/Developer/Platforms/iPhoneOS.platform/Developer/SDKs/iPhoneOS9.0.sdk -arch armv7 -miphoneos-version-min=8.0 -fembed-bitcode  -o conftest -g -O2   conftest.c conftstm.o >&5
warning: (armv7)  could not find object file symbol for symbol _main
configure:5736: $? = 0
configure:5774: result: ok
configure:5811: checking for sysroot
configure:5841: result: no
configure:6044: checking for arm-apple-darwin-mt
configure:6074: result: no
configure:6084: checking for mt
configure:6114: result: no
configure:6134: checking if : is a manifest tool
configure:6140: : '-?'
configure:6148: result: no
configure:6164: checking for arm-apple-darwin-dsymutil
configure:6194: result: no
configure:6204: checking for dsymutil
configure:6220: found /usr/bin/dsymutil
configure:6231: result: dsymutil
configure:6256: checking for arm-apple-darwin-nmedit
configure:6286: result: no
configure:6296: checking for nmedit
configure:6312: found /usr/bin/nmedit
configure:6323: result: nmedit
configure:6348: checking for arm-apple-darwin-lipo
configure:6375: result: /Applications/Xcode.app/Contents/Developer/Toolchains/XcodeDefault.xctoolchain/usr/bin/lipo
configure:6440: checking for arm-apple-darwin-otool
configure:6470: result: no
configure:6480: checking for otool
configure:6496: found /usr/bin/otool
configure:6507: result: otool
configure:6532: checking for arm-apple-darwin-otool64
configure:6562: result: no
configure:6572: checking for otool64
configure:6602: result: no
configure:6647: checking for -single_module linker flag
/Applications/Xcode.app/Contents/Developer/Toolchains/XcodeDefault.xctoolchain/usr/bin/clang -isysroot /Applications/Xcode.app/Contents/Developer/Platforms/iPhoneOS.platform/Developer/SDKs/iPhoneOS9.0.sdk -arch armv7 -miphoneos-version-min=8.0 -fembed-bitcode  -g -O2  -o libconftest.dylib -dynamiclib -Wl,-single_module conftest.c
configure:6674: result: yes
configure:6676: checking for -exported_symbols_list linker flag
configure:6696: /Applications/Xcode.app/Contents/Developer/Toolchains/XcodeDefault.xctoolchain/usr/bin/clang -isysroot /Applications/Xcode.app/Contents/Developer/Platforms/iPhoneOS.platform/Developer/SDKs/iPhoneOS9.0.sdk -arch armv7 -miphoneos-version-min=8.0 -fembed-bitcode  -o conftest -g -O2   -Wl,-exported_symbols_list,conftest.sym conftest.c  >&5
configure:6696: $? = 0
configure:6706: result: yes
configure:6708: checking for -force_load linker flag
/Applications/Xcode.app/Contents/Developer/Toolchains/XcodeDefault.xctoolchain/usr/bin/clang -isysroot /Applications/Xcode.app/Contents/Developer/Platforms/iPhoneOS.platform/Developer/SDKs/iPhoneOS9.0.sdk -arch armv7 -miphoneos-version-min=8.0 -fembed-bitcode  -g -O2 -c -o conftest.o conftest.c
/Applications/Xcode.app/Contents/Developer/Toolchains/XcodeDefault.xctoolchain/usr/bin/ar cru libconftest.a conftest.o
/Applications/Xcode.app/Contents/Developer/Toolchains/XcodeDefault.xctoolchain/usr/bin/ranlib libconftest.a
/Applications/Xcode.app/Contents/Developer/Toolchains/XcodeDefault.xctoolchain/usr/bin/clang -isysroot /Applications/Xcode.app/Contents/Developer/Platforms/iPhoneOS.platform/Developer/SDKs/iPhoneOS9.0.sdk -arch armv7 -miphoneos-version-min=8.0 -fembed-bitcode  -g -O2  -o conftest conftest.c -Wl,-force_load,./libconftest.a
warning: (armv7)  could not find object file symbol for symbol _forced_loaded
configure:6738: result: no
configure:6780: checking how to run the C preprocessor
configure:6850: result: /Applications/Xcode.app/Contents/Developer/Toolchains/XcodeDefault.xctoolchain/usr/bin/clang -E -isysroot /Applications/Xcode.app/Contents/Developer/Platforms/iPhoneOS.platform/Developer/SDKs/iPhoneOS9.0.sdk -arch armv7 -miphoneos-version-min=8.0 -fembed-bitcode 
configure:6870: /Applications/Xcode.app/Contents/Developer/Toolchains/XcodeDefault.xctoolchain/usr/bin/clang -E -isysroot /Applications/Xcode.app/Contents/Developer/Platforms/iPhoneOS.platform/Developer/SDKs/iPhoneOS9.0.sdk -arch armv7 -miphoneos-version-min=8.0 -fembed-bitcode   conftest.c
configure:6870: $? = 0
configure:6884: /Applications/Xcode.app/Contents/Developer/Toolchains/XcodeDefault.xctoolchain/usr/bin/clang -E -isysroot /Applications/Xcode.app/Contents/Developer/Platforms/iPhoneOS.platform/Developer/SDKs/iPhoneOS9.0.sdk -arch armv7 -miphoneos-version-min=8.0 -fembed-bitcode   conftest.c
conftest.c:9:10: fatal error: 'ac_nonexistent.h' file not found
#include <ac_nonexistent.h>
         ^
1 error generated.
configure:6884: $? = 1
configure: failed program was:
| /* confdefs.h */
| #define PACKAGE_NAME "expat"
| #define PACKAGE_TARNAME "expat"
| #define PACKAGE_VERSION "2.1.0"
| #define PACKAGE_STRING "expat 2.1.0"
| #define PACKAGE_BUGREPORT "expat-bugs@libexpat.org"
| #define PACKAGE_URL ""
| /* end confdefs.h.  */
| #include <ac_nonexistent.h>
configure:6913: checking for ANSI C header files
configure:6933: /Applications/Xcode.app/Contents/Developer/Toolchains/XcodeDefault.xctoolchain/usr/bin/clang -isysroot /Applications/Xcode.app/Contents/Developer/Platforms/iPhoneOS.platform/Developer/SDKs/iPhoneOS9.0.sdk -arch armv7 -miphoneos-version-min=8.0 -fembed-bitcode  -c -g -O2  conftest.c >&5
configure:6933: $? = 0
configure:7017: result: yes
configure:7030: checking for sys/types.h
configure:7030: /Applications/Xcode.app/Contents/Developer/Toolchains/XcodeDefault.xctoolchain/usr/bin/clang -isysroot /Applications/Xcode.app/Contents/Developer/Platforms/iPhoneOS.platform/Developer/SDKs/iPhoneOS9.0.sdk -arch armv7 -miphoneos-version-min=8.0 -fembed-bitcode  -c -g -O2  conftest.c >&5
configure:7030: $? = 0
configure:7030: result: yes
configure:7030: checking for sys/stat.h
configure:7030: /Applications/Xcode.app/Contents/Developer/Toolchains/XcodeDefault.xctoolchain/usr/bin/clang -isysroot /Applications/Xcode.app/Contents/Developer/Platforms/iPhoneOS.platform/Developer/SDKs/iPhoneOS9.0.sdk -arch armv7 -miphoneos-version-min=8.0 -fembed-bitcode  -c -g -O2  conftest.c >&5
configure:7030: $? = 0
configure:7030: result: yes
configure:7030: checking for stdlib.h
configure:7030: /Applications/Xcode.app/Contents/Developer/Toolchains/XcodeDefault.xctoolchain/usr/bin/clang -isysroot /Applications/Xcode.app/Contents/Developer/Platforms/iPhoneOS.platform/Developer/SDKs/iPhoneOS9.0.sdk -arch armv7 -miphoneos-version-min=8.0 -fembed-bitcode  -c -g -O2  conftest.c >&5
configure:7030: $? = 0
configure:7030: result: yes
configure:7030: checking for string.h
configure:7030: /Applications/Xcode.app/Contents/Developer/Toolchains/XcodeDefault.xctoolchain/usr/bin/clang -isysroot /Applications/Xcode.app/Contents/Developer/Platforms/iPhoneOS.platform/Developer/SDKs/iPhoneOS9.0.sdk -arch armv7 -miphoneos-version-min=8.0 -fembed-bitcode  -c -g -O2  conftest.c >&5
configure:7030: $? = 0
configure:7030: result: yes
configure:7030: checking for memory.h
configure:7030: /Applications/Xcode.app/Contents/Developer/Toolchains/XcodeDefault.xctoolchain/usr/bin/clang -isysroot /Applications/Xcode.app/Contents/Developer/Platforms/iPhoneOS.platform/Developer/SDKs/iPhoneOS9.0.sdk -arch armv7 -miphoneos-version-min=8.0 -fembed-bitcode  -c -g -O2  conftest.c >&5
configure:7030: $? = 0
configure:7030: result: yes
configure:7030: checking for strings.h
configure:7030: /Applications/Xcode.app/Contents/Developer/Toolchains/XcodeDefault.xctoolchain/usr/bin/clang -isysroot /Applications/Xcode.app/Contents/Developer/Platforms/iPhoneOS.platform/Developer/SDKs/iPhoneOS9.0.sdk -arch armv7 -miphoneos-version-min=8.0 -fembed-bitcode  -c -g -O2  conftest.c >&5
configure:7030: $? = 0
configure:7030: result: yes
configure:7030: checking for inttypes.h
configure:7030: /Applications/Xcode.app/Contents/Developer/Toolchains/XcodeDefault.xctoolchain/usr/bin/clang -isysroot /Applications/Xcode.app/Contents/Developer/Platforms/iPhoneOS.platform/Developer/SDKs/iPhoneOS9.0.sdk -arch armv7 -miphoneos-version-min=8.0 -fembed-bitcode  -c -g -O2  conftest.c >&5
configure:7030: $? = 0
configure:7030: result: yes
configure:7030: checking for stdint.h
configure:7030: /Applications/Xcode.app/Contents/Developer/Toolchains/XcodeDefault.xctoolchain/usr/bin/clang -isysroot /Applications/Xcode.app/Contents/Developer/Platforms/iPhoneOS.platform/Developer/SDKs/iPhoneOS9.0.sdk -arch armv7 -miphoneos-version-min=8.0 -fembed-bitcode  -c -g -O2  conftest.c >&5
configure:7030: $? = 0
configure:7030: result: yes
configure:7030: checking for unistd.h
configure:7030: /Applications/Xcode.app/Contents/Developer/Toolchains/XcodeDefault.xctoolchain/usr/bin/clang -isysroot /Applications/Xcode.app/Contents/Developer/Platforms/iPhoneOS.platform/Developer/SDKs/iPhoneOS9.0.sdk -arch armv7 -miphoneos-version-min=8.0 -fembed-bitcode  -c -g -O2  conftest.c >&5
configure:7030: $? = 0
configure:7030: result: yes
configure:7044: checking for dlfcn.h
configure:7044: /Applications/Xcode.app/Contents/Developer/Toolchains/XcodeDefault.xctoolchain/usr/bin/clang -isysroot /Applications/Xcode.app/Contents/Developer/Platforms/iPhoneOS.platform/Developer/SDKs/iPhoneOS9.0.sdk -arch armv7 -miphoneos-version-min=8.0 -fembed-bitcode  -c -g -O2  conftest.c >&5
configure:7044: $? = 0
configure:7044: result: yes
configure:7229: checking for objdir
configure:7244: result: .libs
configure:7511: checking if /Applications/Xcode.app/Contents/Developer/Toolchains/XcodeDefault.xctoolchain/usr/bin/clang -isysroot /Applications/Xcode.app/Contents/Developer/Platforms/iPhoneOS.platform/Developer/SDKs/iPhoneOS9.0.sdk -arch armv7 -miphoneos-version-min=8.0 -fembed-bitcode  supports -fno-rtti -fno-exceptions
configure:7529: /Applications/Xcode.app/Contents/Developer/Toolchains/XcodeDefault.xctoolchain/usr/bin/clang -isysroot /Applications/Xcode.app/Contents/Developer/Platforms/iPhoneOS.platform/Developer/SDKs/iPhoneOS9.0.sdk -arch armv7 -miphoneos-version-min=8.0 -fembed-bitcode  -c -g -O2  -fno-rtti -fno-exceptions conftest.c >&5
configure:7533: $? = 0
configure:7546: result: yes
configure:7856: checking for /Applications/Xcode.app/Contents/Developer/Toolchains/XcodeDefault.xctoolchain/usr/bin/clang -isysroot /Applications/Xcode.app/Contents/Developer/Platforms/iPhoneOS.platform/Developer/SDKs/iPhoneOS9.0.sdk -arch armv7 -miphoneos-version-min=8.0 -fembed-bitcode  option to produce PIC
configure:7863: result: -fno-common -DPIC
configure:7871: checking if /Applications/Xcode.app/Contents/Developer/Toolchains/XcodeDefault.xctoolchain/usr/bin/clang -isysroot /Applications/Xcode.app/Contents/Developer/Platforms/iPhoneOS.platform/Developer/SDKs/iPhoneOS9.0.sdk -arch armv7 -miphoneos-version-min=8.0 -fembed-bitcode  PIC flag -fno-common -DPIC works
configure:7889: /Applications/Xcode.app/Contents/Developer/Toolchains/XcodeDefault.xctoolchain/usr/bin/clang -isysroot /Applications/Xcode.app/Contents/Developer/Platforms/iPhoneOS.platform/Developer/SDKs/iPhoneOS9.0.sdk -arch armv7 -miphoneos-version-min=8.0 -fembed-bitcode  -c -g -O2  -fno-common -DPIC -DPIC conftest.c >&5
configure:7893: $? = 0
configure:7906: result: yes
configure:7935: checking if /Applications/Xcode.app/Contents/Developer/Toolchains/XcodeDefault.xctoolchain/usr/bin/clang -isysroot /Applications/Xcode.app/Contents/Developer/Platforms/iPhoneOS.platform/Developer/SDKs/iPhoneOS9.0.sdk -arch armv7 -miphoneos-version-min=8.0 -fembed-bitcode  static flag -static works
configure:7963: result: no
configure:7978: checking if /Applications/Xcode.app/Contents/Developer/Toolchains/XcodeDefault.xctoolchain/usr/bin/clang -isysroot /Applications/Xcode.app/Contents/Developer/Platforms/iPhoneOS.platform/Developer/SDKs/iPhoneOS9.0.sdk -arch armv7 -miphoneos-version-min=8.0 -fembed-bitcode  supports -c -o file.o
configure:7999: /Applications/Xcode.app/Contents/Developer/Toolchains/XcodeDefault.xctoolchain/usr/bin/clang -isysroot /Applications/Xcode.app/Contents/Developer/Platforms/iPhoneOS.platform/Developer/SDKs/iPhoneOS9.0.sdk -arch armv7 -miphoneos-version-min=8.0 -fembed-bitcode  -c -g -O2  -o out/conftest2.o conftest.c >&5
configure:8003: $? = 0
configure:8025: result: yes
configure:8033: checking if /Applications/Xcode.app/Contents/Developer/Toolchains/XcodeDefault.xctoolchain/usr/bin/clang -isysroot /Applications/Xcode.app/Contents/Developer/Platforms/iPhoneOS.platform/Developer/SDKs/iPhoneOS9.0.sdk -arch armv7 -miphoneos-version-min=8.0 -fembed-bitcode  supports -c -o file.o
configure:8080: result: yes
configure:8113: checking whether the /Applications/Xcode.app/Contents/Developer/Toolchains/XcodeDefault.xctoolchain/usr/bin/clang -isysroot /Applications/Xcode.app/Contents/Developer/Platforms/iPhoneOS.platform/Developer/SDKs/iPhoneOS9.0.sdk -arch armv7 -miphoneos-version-min=8.0 -fembed-bitcode  linker (/Applications/Xcode.app/Contents/Developer/Toolchains/XcodeDefault.xctoolchain/usr/bin/ld -isysroot /Applications/Xcode.app/Contents/Developer/Platforms/iPhoneOS.platform/Developer/SDKs/iPhoneOS9.0.sdk -arch armv7) supports shared libraries
configure:9275: result: yes
configure:9520: checking dynamic linker characteristics
configure:10269: result: darwin dyld
configure:10376: checking how to hardcode library paths into programs
configure:10401: result: immediate
configure:10941: checking whether stripping libraries is possible
configure:10955: result: yes
configure:10981: checking if libtool supports shared libraries
configure:10983: result: yes
configure:10986: checking whether to build shared libraries
configure:11007: result: no
configure:11010: checking whether to build static libraries
configure:11014: result: yes
configure:11062: checking for arm-apple-darwin-gcc
configure:11089: result: /Applications/Xcode.app/Contents/Developer/Toolchains/XcodeDefault.xctoolchain/usr/bin/clang -isysroot /Applications/Xcode.app/Contents/Developer/Platforms/iPhoneOS.platform/Developer/SDKs/iPhoneOS9.0.sdk -arch armv7 -miphoneos-version-min=8.0 -fembed-bitcode 
configure:11358: checking for C compiler version
configure:11367: /Applications/Xcode.app/Contents/Developer/Toolchains/XcodeDefault.xctoolchain/usr/bin/clang -isysroot /Applications/Xcode.app/Contents/Developer/Platforms/iPhoneOS.platform/Developer/SDKs/iPhoneOS9.0.sdk -arch armv7 -miphoneos-version-min=8.0 -fembed-bitcode  --version >&5
Apple LLVM version 7.0.0 (clang-700.0.72)
Target: arm-apple-darwin14.5.0
Thread model: posix
configure:11378: $? = 0
configure:11367: /Applications/Xcode.app/Contents/Developer/Toolchains/XcodeDefault.xctoolchain/usr/bin/clang -isysroot /Applications/Xcode.app/Contents/Developer/Platforms/iPhoneOS.platform/Developer/SDKs/iPhoneOS9.0.sdk -arch armv7 -miphoneos-version-min=8.0 -fembed-bitcode  -v >&5
Apple LLVM version 7.0.0 (clang-700.0.72)
Target: arm-apple-darwin14.5.0
Thread model: posix
clang: warning: argument unused during compilation: '-isysroot /Applications/Xcode.app/Contents/Developer/Platforms/iPhoneOS.platform/Developer/SDKs/iPhoneOS9.0.sdk'
clang: warning: argument unused during compilation: '-miphoneos-version-min=8.0'
configure:11378: $? = 0
configure:11367: /Applications/Xcode.app/Contents/Developer/Toolchains/XcodeDefault.xctoolchain/usr/bin/clang -isysroot /Applications/Xcode.app/Contents/Developer/Platforms/iPhoneOS.platform/Developer/SDKs/iPhoneOS9.0.sdk -arch armv7 -miphoneos-version-min=8.0 -fembed-bitcode  -V >&5
clang: error: argument to '-V' is missing (expected 1 value)
clang: error: no input files
configure:11378: $? = 1
configure:11367: /Applications/Xcode.app/Contents/Developer/Toolchains/XcodeDefault.xctoolchain/usr/bin/clang -isysroot /Applications/Xcode.app/Contents/Developer/Platforms/iPhoneOS.platform/Developer/SDKs/iPhoneOS9.0.sdk -arch armv7 -miphoneos-version-min=8.0 -fembed-bitcode  -qversion >&5
clang: error: unknown argument: '-qversion'
clang: error: no input files
configure:11378: $? = 1
configure:11382: checking whether we are using the GNU C compiler
configure:11410: result: yes
configure:11419: checking whether /Applications/Xcode.app/Contents/Developer/Toolchains/XcodeDefault.xctoolchain/usr/bin/clang -isysroot /Applications/Xcode.app/Contents/Developer/Platforms/iPhoneOS.platform/Developer/SDKs/iPhoneOS9.0.sdk -arch armv7 -miphoneos-version-min=8.0 -fembed-bitcode  accepts -g
configure:11480: result: yes
configure:11497: checking for /Applications/Xcode.app/Contents/Developer/Toolchains/XcodeDefault.xctoolchain/usr/bin/clang -isysroot /Applications/Xcode.app/Contents/Developer/Platforms/iPhoneOS.platform/Developer/SDKs/iPhoneOS9.0.sdk -arch armv7 -miphoneos-version-min=8.0 -fembed-bitcode  option to accept ISO C89
configure:11574: result: none needed
configure:11706: checking for C++ compiler version
configure:11715: /Applications/Xcode.app/Contents/Developer/Toolchains/XcodeDefault.xctoolchain/usr/bin/clang++ -isysroot /Applications/Xcode.app/Contents/Developer/Platforms/iPhoneOS.platform/Developer/SDKs/iPhoneOS9.0.sdk -arch armv7 -miphoneos-version-min=8.0 -fembed-bitcode  --version >&5
Apple LLVM version 7.0.0 (clang-700.0.72)
Target: arm-apple-darwin14.5.0
Thread model: posix
configure:11726: $? = 0
configure:11715: /Applications/Xcode.app/Contents/Developer/Toolchains/XcodeDefault.xctoolchain/usr/bin/clang++ -isysroot /Applications/Xcode.app/Contents/Developer/Platforms/iPhoneOS.platform/Developer/SDKs/iPhoneOS9.0.sdk -arch armv7 -miphoneos-version-min=8.0 -fembed-bitcode  -v >&5
Apple LLVM version 7.0.0 (clang-700.0.72)
Target: arm-apple-darwin14.5.0
Thread model: posix
clang: warning: argument unused during compilation: '-isysroot /Applications/Xcode.app/Contents/Developer/Platforms/iPhoneOS.platform/Developer/SDKs/iPhoneOS9.0.sdk'
clang: warning: argument unused during compilation: '-miphoneos-version-min=8.0'
configure:11726: $? = 0
configure:11715: /Applications/Xcode.app/Contents/Developer/Toolchains/XcodeDefault.xctoolchain/usr/bin/clang++ -isysroot /Applications/Xcode.app/Contents/Developer/Platforms/iPhoneOS.platform/Developer/SDKs/iPhoneOS9.0.sdk -arch armv7 -miphoneos-version-min=8.0 -fembed-bitcode  -V >&5
clang: error: argument to '-V' is missing (expected 1 value)
clang: error: no input files
configure:11726: $? = 1
configure:11715: /Applications/Xcode.app/Contents/Developer/Toolchains/XcodeDefault.xctoolchain/usr/bin/clang++ -isysroot /Applications/Xcode.app/Contents/Developer/Platforms/iPhoneOS.platform/Developer/SDKs/iPhoneOS9.0.sdk -arch armv7 -miphoneos-version-min=8.0 -fembed-bitcode  -qversion >&5
clang: error: unknown argument: '-qversion'
clang: error: no input files
configure:11726: $? = 1
configure:11730: checking whether we are using the GNU C++ compiler
configure:11749: /Applications/Xcode.app/Contents/Developer/Toolchains/XcodeDefault.xctoolchain/usr/bin/clang++ -isysroot /Applications/Xcode.app/Contents/Developer/Platforms/iPhoneOS.platform/Developer/SDKs/iPhoneOS9.0.sdk -arch armv7 -miphoneos-version-min=8.0 -fembed-bitcode  -c   conftest.cpp >&5
configure:11749: $? = 0
configure:11758: result: yes
configure:11767: checking whether /Applications/Xcode.app/Contents/Developer/Toolchains/XcodeDefault.xctoolchain/usr/bin/clang++ -isysroot /Applications/Xcode.app/Contents/Developer/Platforms/iPhoneOS.platform/Developer/SDKs/iPhoneOS9.0.sdk -arch armv7 -miphoneos-version-min=8.0 -fembed-bitcode  accepts -g
configure:11787: /Applications/Xcode.app/Contents/Developer/Toolchains/XcodeDefault.xctoolchain/usr/bin/clang++ -isysroot /Applications/Xcode.app/Contents/Developer/Platforms/iPhoneOS.platform/Developer/SDKs/iPhoneOS9.0.sdk -arch armv7 -miphoneos-version-min=8.0 -fembed-bitcode  -c -g  conftest.cpp >&5
configure:11787: $? = 0
configure:11828: result: yes
configure:11869: checking how to run the C++ preprocessor
configure:11935: result: /Applications/Xcode.app/Contents/Developer/Toolchains/XcodeDefault.xctoolchain/usr/bin/clang -E -isysroot /Applications/Xcode.app/Contents/Developer/Platforms/iPhoneOS.platform/Developer/SDKs/iPhoneOS9.0.sdk -arch armv7 -miphoneos-version-min=8.0 -fembed-bitcode 
configure:11955: /Applications/Xcode.app/Contents/Developer/Toolchains/XcodeDefault.xctoolchain/usr/bin/clang -E -isysroot /Applications/Xcode.app/Contents/Developer/Platforms/iPhoneOS.platform/Developer/SDKs/iPhoneOS9.0.sdk -arch armv7 -miphoneos-version-min=8.0 -fembed-bitcode   conftest.cpp
configure:11955: $? = 0
configure:11969: /Applications/Xcode.app/Contents/Developer/Toolchains/XcodeDefault.xctoolchain/usr/bin/clang -E -isysroot /Applications/Xcode.app/Contents/Developer/Platforms/iPhoneOS.platform/Developer/SDKs/iPhoneOS9.0.sdk -arch armv7 -miphoneos-version-min=8.0 -fembed-bitcode   conftest.cpp
conftest.cpp:21:10: fatal error: 'ac_nonexistent.h' file not found
#include <ac_nonexistent.h>
         ^
1 error generated.
configure:11969: $? = 1
configure: failed program was:
| /* confdefs.h */
| #define PACKAGE_NAME "expat"
| #define PACKAGE_TARNAME "expat"
| #define PACKAGE_VERSION "2.1.0"
| #define PACKAGE_STRING "expat 2.1.0"
| #define PACKAGE_BUGREPORT "expat-bugs@libexpat.org"
| #define PACKAGE_URL ""
| #define STDC_HEADERS 1
| #define HAVE_SYS_TYPES_H 1
| #define HAVE_SYS_STAT_H 1
| #define HAVE_STDLIB_H 1
| #define HAVE_STRING_H 1
| #define HAVE_MEMORY_H 1
| #define HAVE_STRINGS_H 1
| #define HAVE_INTTYPES_H 1
| #define HAVE_STDINT_H 1
| #define HAVE_UNISTD_H 1
| #define HAVE_DLFCN_H 1
| #define LT_OBJDIR ".libs/"
| /* end confdefs.h.  */
| #include <ac_nonexistent.h>
configure:12139: checking for ld used by /Applications/Xcode.app/Contents/Developer/Toolchains/XcodeDefault.xctoolchain/usr/bin/clang++ -isysroot /Applications/Xcode.app/Contents/Developer/Platforms/iPhoneOS.platform/Developer/SDKs/iPhoneOS9.0.sdk -arch armv7 -miphoneos-version-min=8.0 -fembed-bitcode 
configure:12206: result: /Applications/Xcode.app/Contents/Developer/Toolchains/XcodeDefault.xctoolchain/usr/bin/ld -isysroot /Applications/Xcode.app/Contents/Developer/Platforms/iPhoneOS.platform/Developer/SDKs/iPhoneOS9.0.sdk -arch armv7
configure:12213: checking if the linker (/Applications/Xcode.app/Contents/Developer/Toolchains/XcodeDefault.xctoolchain/usr/bin/ld -isysroot /Applications/Xcode.app/Contents/Developer/Platforms/iPhoneOS.platform/Developer/SDKs/iPhoneOS9.0.sdk -arch armv7) is GNU ld
configure:12228: result: no
configure:12283: checking whether the /Applications/Xcode.app/Contents/Developer/Toolchains/XcodeDefault.xctoolchain/usr/bin/clang++ -isysroot /Applications/Xcode.app/Contents/Developer/Platforms/iPhoneOS.platform/Developer/SDKs/iPhoneOS9.0.sdk -arch armv7 -miphoneos-version-min=8.0 -fembed-bitcode  linker (/Applications/Xcode.app/Contents/Developer/Toolchains/XcodeDefault.xctoolchain/usr/bin/ld -isysroot /Applications/Xcode.app/Contents/Developer/Platforms/iPhoneOS.platform/Developer/SDKs/iPhoneOS9.0.sdk -arch armv7) supports shared libraries
configure:13287: result: yes
configure:13322: /Applications/Xcode.app/Contents/Developer/Toolchains/XcodeDefault.xctoolchain/usr/bin/clang++ -isysroot /Applications/Xcode.app/Contents/Developer/Platforms/iPhoneOS.platform/Developer/SDKs/iPhoneOS9.0.sdk -arch armv7 -miphoneos-version-min=8.0 -fembed-bitcode  -c -g -O2  conftest.cpp >&5
configure:13325: $? = 0
configure:13845: checking for /Applications/Xcode.app/Contents/Developer/Toolchains/XcodeDefault.xctoolchain/usr/bin/clang++ -isysroot /Applications/Xcode.app/Contents/Developer/Platforms/iPhoneOS.platform/Developer/SDKs/iPhoneOS9.0.sdk -arch armv7 -miphoneos-version-min=8.0 -fembed-bitcode  option to produce PIC
configure:13852: result: -fno-common -DPIC
configure:13860: checking if /Applications/Xcode.app/Contents/Developer/Toolchains/XcodeDefault.xctoolchain/usr/bin/clang++ -isysroot /Applications/Xcode.app/Contents/Developer/Platforms/iPhoneOS.platform/Developer/SDKs/iPhoneOS9.0.sdk -arch armv7 -miphoneos-version-min=8.0 -fembed-bitcode  PIC flag -fno-common -DPIC works
configure:13878: /Applications/Xcode.app/Contents/Developer/Toolchains/XcodeDefault.xctoolchain/usr/bin/clang++ -isysroot /Applications/Xcode.app/Contents/Developer/Platforms/iPhoneOS.platform/Developer/SDKs/iPhoneOS9.0.sdk -arch armv7 -miphoneos-version-min=8.0 -fembed-bitcode  -c -g -O2  -fno-common -DPIC -DPIC conftest.cpp >&5
configure:13882: $? = 0
configure:13895: result: yes
configure:13918: checking if /Applications/Xcode.app/Contents/Developer/Toolchains/XcodeDefault.xctoolchain/usr/bin/clang++ -isysroot /Applications/Xcode.app/Contents/Developer/Platforms/iPhoneOS.platform/Developer/SDKs/iPhoneOS9.0.sdk -arch armv7 -miphoneos-version-min=8.0 -fembed-bitcode  static flag -static works
configure:13946: result: no
configure:13958: checking if /Applications/Xcode.app/Contents/Developer/Toolchains/XcodeDefault.xctoolchain/usr/bin/clang++ -isysroot /Applications/Xcode.app/Contents/Developer/Platforms/iPhoneOS.platform/Developer/SDKs/iPhoneOS9.0.sdk -arch armv7 -miphoneos-version-min=8.0 -fembed-bitcode  supports -c -o file.o
configure:13979: /Applications/Xcode.app/Contents/Developer/Toolchains/XcodeDefault.xctoolchain/usr/bin/clang++ -isysroot /Applications/Xcode.app/Contents/Developer/Platforms/iPhoneOS.platform/Developer/SDKs/iPhoneOS9.0.sdk -arch armv7 -miphoneos-version-min=8.0 -fembed-bitcode  -c -g -O2  -o out/conftest2.o conftest.cpp >&5
configure:13983: $? = 0
configure:14005: result: yes
configure:14010: checking if /Applications/Xcode.app/Contents/Developer/Toolchains/XcodeDefault.xctoolchain/usr/bin/clang++ -isysroot /Applications/Xcode.app/Contents/Developer/Platforms/iPhoneOS.platform/Developer/SDKs/iPhoneOS9.0.sdk -arch armv7 -miphoneos-version-min=8.0 -fembed-bitcode  supports -c -o file.o
configure:14057: result: yes
configure:14087: checking whether the /Applications/Xcode.app/Contents/Developer/Toolchains/XcodeDefault.xctoolchain/usr/bin/clang++ -isysroot /Applications/Xcode.app/Contents/Developer/Platforms/iPhoneOS.platform/Developer/SDKs/iPhoneOS9.0.sdk -arch armv7 -miphoneos-version-min=8.0 -fembed-bitcode  linker (/Applications/Xcode.app/Contents/Developer/Toolchains/XcodeDefault.xctoolchain/usr/bin/ld -isysroot /Applications/Xcode.app/Contents/Developer/Platforms/iPhoneOS.platform/Developer/SDKs/iPhoneOS9.0.sdk -arch armv7) supports shared libraries
configure:14124: result: yes
configure:14267: checking dynamic linker characteristics
configure:14950: result: darwin dyld
configure:15003: checking how to hardcode library paths into programs
configure:15028: result: immediate
configure:15082: checking for a BSD-compatible install
configure:15150: result: /usr/bin/install -c
configure:15165: checking whether /Applications/Xcode.app/Contents/Developer/Toolchains/XcodeDefault.xctoolchain/usr/bin/clang -isysroot /Applications/Xcode.app/Contents/Developer/Platforms/iPhoneOS.platform/Developer/SDKs/iPhoneOS9.0.sdk -arch armv7 -miphoneos-version-min=8.0 -fembed-bitcode  accepts -fexceptions
configure:15178: /Applications/Xcode.app/Contents/Developer/Toolchains/XcodeDefault.xctoolchain/usr/bin/clang -isysroot /Applications/Xcode.app/Contents/Developer/Platforms/iPhoneOS.platform/Developer/SDKs/iPhoneOS9.0.sdk -arch armv7 -miphoneos-version-min=8.0 -fembed-bitcode  -o conftest -g -O2 -Wall -Wmissing-prototypes -Wstrict-prototypes -fexceptions   conftest.c  >&5
configure:15178: $? = 0
configure:15179: result: yes
configure:15190: checking for ANSI C header files
configure:15294: result: yes
configure:15304: checking whether byte ordering is bigendian
configure:15326: /Applications/Xcode.app/Contents/Developer/Toolchains/XcodeDefault.xctoolchain/usr/bin/clang -isysroot /Applications/Xcode.app/Contents/Developer/Platforms/iPhoneOS.platform/Developer/SDKs/iPhoneOS9.0.sdk -arch armv7 -miphoneos-version-min=8.0 -fembed-bitcode  -c -g -O2 -Wall -Wmissing-prototypes -Wstrict-prototypes -fexceptions  conftest.c >&5
configure:15326: $? = 0
configure:15343: /Applications/Xcode.app/Contents/Developer/Toolchains/XcodeDefault.xctoolchain/usr/bin/clang -isysroot /Applications/Xcode.app/Contents/Developer/Platforms/iPhoneOS.platform/Developer/SDKs/iPhoneOS9.0.sdk -arch armv7 -miphoneos-version-min=8.0 -fembed-bitcode  -c -g -O2 -Wall -Wmissing-prototypes -Wstrict-prototypes -fexceptions  conftest.c >&5
conftest.c:29:2: error: use of undeclared identifier 'not'
 not big endian
 ^
1 error generated.
configure:15343: $? = 1
configure: failed program was:
| /* confdefs.h */
| #define PACKAGE_NAME "expat"
| #define PACKAGE_TARNAME "expat"
| #define PACKAGE_VERSION "2.1.0"
| #define PACKAGE_STRING "expat 2.1.0"
| #define PACKAGE_BUGREPORT "expat-bugs@libexpat.org"
| #define PACKAGE_URL ""
| #define STDC_HEADERS 1
| #define HAVE_SYS_TYPES_H 1
| #define HAVE_SYS_STAT_H 1
| #define HAVE_STDLIB_H 1
| #define HAVE_STRING_H 1
| #define HAVE_MEMORY_H 1
| #define HAVE_STRINGS_H 1
| #define HAVE_INTTYPES_H 1
| #define HAVE_STDINT_H 1
| #define HAVE_UNISTD_H 1
| #define HAVE_DLFCN_H 1
| #define LT_OBJDIR ".libs/"
| #define STDC_HEADERS 1
| /* end confdefs.h.  */
| #include <sys/types.h>
| #include <sys/param.h>
| int
| main ()
| {
| 
| #if BYTE_ORDER != BIG_ENDIAN
|  not big endian
| #endif
|   ;
|   return 0;
| }
configure:15379: result: no
configure:15432: checking for an ANSI C-conforming const
configure:15497: /Applications/Xcode.app/Contents/Developer/Toolchains/XcodeDefault.xctoolchain/usr/bin/clang -isysroot /Applications/Xcode.app/Contents/Developer/Platforms/iPhoneOS.platform/Developer/SDKs/iPhoneOS9.0.sdk -arch armv7 -miphoneos-version-min=8.0 -fembed-bitcode  -c -g -O2 -Wall -Wmissing-prototypes -Wstrict-prototypes -fexceptions  conftest.c >&5
conftest.c:68:18: warning: variable 'b' is uninitialized when used here [-Wuninitialized]
    struct s *b; b->j = 5;
                 ^
conftest.c:68:16: note: initialize the variable 'b' to silence this warning
    struct s *b; b->j = 5;
               ^
                = 0
conftest.c:52:6: warning: variable 't' is uninitialized when used here [-Wuninitialized]
    *t++ = 0;
     ^
conftest.c:49:12: note: initialize the variable 't' to silence this warning
    char *t;
           ^
            = 0
2 warnings generated.
configure:15497: $? = 0
configure:15504: result: yes
configure:15512: checking for size_t
configure:15512: /Applications/Xcode.app/Contents/Developer/Toolchains/XcodeDefault.xctoolchain/usr/bin/clang -isysroot /Applications/Xcode.app/Contents/Developer/Platforms/iPhoneOS.platform/Developer/SDKs/iPhoneOS9.0.sdk -arch armv7 -miphoneos-version-min=8.0 -fembed-bitcode  -c -g -O2 -Wall -Wmissing-prototypes -Wstrict-prototypes -fexceptions  conftest.c >&5
configure:15512: $? = 0
configure:15512: /Applications/Xcode.app/Contents/Developer/Toolchains/XcodeDefault.xctoolchain/usr/bin/clang -isysroot /Applications/Xcode.app/Contents/Developer/Platforms/iPhoneOS.platform/Developer/SDKs/iPhoneOS9.0.sdk -arch armv7 -miphoneos-version-min=8.0 -fembed-bitcode  -c -g -O2 -Wall -Wmissing-prototypes -Wstrict-prototypes -fexceptions  conftest.c >&5
conftest.c:59:21: error: expected expression
if (sizeof ((size_t)))
                    ^
1 error generated.
configure:15512: $? = 1
configure: failed program was:
| /* confdefs.h */
| #define PACKAGE_NAME "expat"
| #define PACKAGE_TARNAME "expat"
| #define PACKAGE_VERSION "2.1.0"
| #define PACKAGE_STRING "expat 2.1.0"
| #define PACKAGE_BUGREPORT "expat-bugs@libexpat.org"
| #define PACKAGE_URL ""
| #define STDC_HEADERS 1
| #define HAVE_SYS_TYPES_H 1
| #define HAVE_SYS_STAT_H 1
| #define HAVE_STDLIB_H 1
| #define HAVE_STRING_H 1
| #define HAVE_MEMORY_H 1
| #define HAVE_STRINGS_H 1
| #define HAVE_INTTYPES_H 1
| #define HAVE_STDINT_H 1
| #define HAVE_UNISTD_H 1
| #define HAVE_DLFCN_H 1
| #define LT_OBJDIR ".libs/"
| #define STDC_HEADERS 1
| #define BYTEORDER 1234
| /* end confdefs.h.  */
| #include <stdio.h>
| #ifdef HAVE_SYS_TYPES_H
| # include <sys/types.h>
| #endif
| #ifdef HAVE_SYS_STAT_H
| # include <sys/stat.h>
| #endif
| #ifdef STDC_HEADERS
| # include <stdlib.h>
| # include <stddef.h>
| #else
| # ifdef HAVE_STDLIB_H
| #  include <stdlib.h>
| # endif
| #endif
| #ifdef HAVE_STRING_H
| # if !defined STDC_HEADERS && defined HAVE_MEMORY_H
| #  include <memory.h>
| # endif
| # include <string.h>
| #endif
| #ifdef HAVE_STRINGS_H
| # include <strings.h>
| #endif
| #ifdef HAVE_INTTYPES_H
| # include <inttypes.h>
| #endif
| #ifdef HAVE_STDINT_H
| # include <stdint.h>
| #endif
| #ifdef HAVE_UNISTD_H
| # include <unistd.h>
| #endif
| int
| main ()
| {
| if (sizeof ((size_t)))
| 	    return 0;
|   ;
|   return 0;
| }
configure:15512: result: yes
configure:15526: checking for memmove
configure:15526: /Applications/Xcode.app/Contents/Developer/Toolchains/XcodeDefault.xctoolchain/usr/bin/clang -isysroot /Applications/Xcode.app/Contents/Developer/Platforms/iPhoneOS.platform/Developer/SDKs/iPhoneOS9.0.sdk -arch armv7 -miphoneos-version-min=8.0 -fembed-bitcode  -o conftest -g -O2 -Wall -Wmissing-prototypes -Wstrict-prototypes -fexceptions   conftest.c  >&5
conftest.c:46:6: warning: incompatible redeclaration of library function 'memmove' [-Wincompatible-library-redeclaration]
char memmove ();
     ^
conftest.c:46:6: note: 'memmove' is a builtin with type 'void *(void *, const void *, unsigned long)'
1 warning generated.
configure:15526: $? = 0
configure:15526: result: yes
configure:15526: checking for bcopy
configure:15526: /Applications/Xcode.app/Contents/Developer/Toolchains/XcodeDefault.xctoolchain/usr/bin/clang -isysroot /Applications/Xcode.app/Contents/Developer/Platforms/iPhoneOS.platform/Developer/SDKs/iPhoneOS9.0.sdk -arch armv7 -miphoneos-version-min=8.0 -fembed-bitcode  -o conftest -g -O2 -Wall -Wmissing-prototypes -Wstrict-prototypes -fexceptions   conftest.c  >&5
configure:15526: $? = 0
configure:15526: result: yes
configure:15539: checking fcntl.h usability
configure:15539: /Applications/Xcode.app/Contents/Developer/Toolchains/XcodeDefault.xctoolchain/usr/bin/clang -isysroot /Applications/Xcode.app/Contents/Developer/Platforms/iPhoneOS.platform/Developer/SDKs/iPhoneOS9.0.sdk -arch armv7 -miphoneos-version-min=8.0 -fembed-bitcode  -c -g -O2 -Wall -Wmissing-prototypes -Wstrict-prototypes -fexceptions  conftest.c >&5
configure:15539: $? = 0
configure:15539: result: yes
configure:15539: checking fcntl.h presence
configure:15539: /Applications/Xcode.app/Contents/Developer/Toolchains/XcodeDefault.xctoolchain/usr/bin/clang -E -isysroot /Applications/Xcode.app/Contents/Developer/Platforms/iPhoneOS.platform/Developer/SDKs/iPhoneOS9.0.sdk -arch armv7 -miphoneos-version-min=8.0 -fembed-bitcode   conftest.c
configure:15539: $? = 0
configure:15539: result: yes
configure:15539: checking for fcntl.h
configure:15539: result: yes
configure:15539: checking for unistd.h
configure:15539: result: yes
configure:15549: checking for off_t
configure:15549: /Applications/Xcode.app/Contents/Developer/Toolchains/XcodeDefault.xctoolchain/usr/bin/clang -isysroot /Applications/Xcode.app/Contents/Developer/Platforms/iPhoneOS.platform/Developer/SDKs/iPhoneOS9.0.sdk -arch armv7 -miphoneos-version-min=8.0 -fembed-bitcode  -c -g -O2 -Wall -Wmissing-prototypes -Wstrict-prototypes -fexceptions  conftest.c >&5
configure:15549: $? = 0
configure:15549: /Applications/Xcode.app/Contents/Developer/Toolchains/XcodeDefault.xctoolchain/usr/bin/clang -isysroot /Applications/Xcode.app/Contents/Developer/Platforms/iPhoneOS.platform/Developer/SDKs/iPhoneOS9.0.sdk -arch armv7 -miphoneos-version-min=8.0 -fembed-bitcode  -c -g -O2 -Wall -Wmissing-prototypes -Wstrict-prototypes -fexceptions  conftest.c >&5
conftest.c:63:20: error: expected expression
if (sizeof ((off_t)))
                   ^
1 error generated.
configure:15549: $? = 1
configure: failed program was:
| /* confdefs.h */
| #define PACKAGE_NAME "expat"
| #define PACKAGE_TARNAME "expat"
| #define PACKAGE_VERSION "2.1.0"
| #define PACKAGE_STRING "expat 2.1.0"
| #define PACKAGE_BUGREPORT "expat-bugs@libexpat.org"
| #define PACKAGE_URL ""
| #define STDC_HEADERS 1
| #define HAVE_SYS_TYPES_H 1
| #define HAVE_SYS_STAT_H 1
| #define HAVE_STDLIB_H 1
| #define HAVE_STRING_H 1
| #define HAVE_MEMORY_H 1
| #define HAVE_STRINGS_H 1
| #define HAVE_INTTYPES_H 1
| #define HAVE_STDINT_H 1
| #define HAVE_UNISTD_H 1
| #define HAVE_DLFCN_H 1
| #define LT_OBJDIR ".libs/"
| #define STDC_HEADERS 1
| #define BYTEORDER 1234
| #define HAVE_MEMMOVE 1
| #define HAVE_BCOPY 1
| #define HAVE_FCNTL_H 1
| #define HAVE_UNISTD_H 1
| /* end confdefs.h.  */
| #include <stdio.h>
| #ifdef HAVE_SYS_TYPES_H
| # include <sys/types.h>
| #endif
| #ifdef HAVE_SYS_STAT_H
| # include <sys/stat.h>
| #endif
| #ifdef STDC_HEADERS
| # include <stdlib.h>
| # include <stddef.h>
| #else
| # ifdef HAVE_STDLIB_H
| #  include <stdlib.h>
| # endif
| #endif
| #ifdef HAVE_STRING_H
| # if !defined STDC_HEADERS && defined HAVE_MEMORY_H
| #  include <memory.h>
| # endif
| # include <string.h>
| #endif
| #ifdef HAVE_STRINGS_H
| # include <strings.h>
| #endif
| #ifdef HAVE_INTTYPES_H
| # include <inttypes.h>
| #endif
| #ifdef HAVE_STDINT_H
| # include <stdint.h>
| #endif
| #ifdef HAVE_UNISTD_H
| # include <unistd.h>
| #endif
| int
| main ()
| {
| if (sizeof ((off_t)))
| 	    return 0;
|   ;
|   return 0;
| }
configure:15549: result: yes
configure:15566: checking for stdlib.h
configure:15566: result: yes
configure:15566: checking for unistd.h
configure:15566: result: yes
configure:15566: checking for sys/param.h
configure:15566: /Applications/Xcode.app/Contents/Developer/Toolchains/XcodeDefault.xctoolchain/usr/bin/clang -isysroot /Applications/Xcode.app/Contents/Developer/Platforms/iPhoneOS.platform/Developer/SDKs/iPhoneOS9.0.sdk -arch armv7 -miphoneos-version-min=8.0 -fembed-bitcode  -c -g -O2 -Wall -Wmissing-prototypes -Wstrict-prototypes -fexceptions  conftest.c >&5
configure:15566: $? = 0
configure:15566: result: yes
configure:15586: checking for getpagesize
configure:15586: /Applications/Xcode.app/Contents/Developer/Toolchains/XcodeDefault.xctoolchain/usr/bin/clang -isysroot /Applications/Xcode.app/Contents/Developer/Platforms/iPhoneOS.platform/Developer/SDKs/iPhoneOS9.0.sdk -arch armv7 -miphoneos-version-min=8.0 -fembed-bitcode  -o conftest -g -O2 -Wall -Wmissing-prototypes -Wstrict-prototypes -fexceptions   conftest.c  >&5
configure:15586: $? = 0
configure:15586: result: yes
configure:15595: checking for working mmap
configure:15752: result: no
configure:15781: checking for /Applications/Xcode.app/Contents/Developer/Toolchains/XcodeDefault.xctoolchain/usr/bin/clang -isysroot /Applications/Xcode.app/Contents/Developer/Platforms/iPhoneOS.platform/Developer/SDKs/iPhoneOS9.0.sdk -arch armv7 -miphoneos-version-min=8.0 -fembed-bitcode  option to accept ISO C99
configure:15930: /Applications/Xcode.app/Contents/Developer/Toolchains/XcodeDefault.xctoolchain/usr/bin/clang -isysroot /Applications/Xcode.app/Contents/Developer/Platforms/iPhoneOS.platform/Developer/SDKs/iPhoneOS9.0.sdk -arch armv7 -miphoneos-version-min=8.0 -fembed-bitcode   -c -g -O2 -Wall -Wmissing-prototypes -Wstrict-prototypes -fexceptions  conftest.c >&5
configure:15930: $? = 0
configure:15943: result: none needed
configure:16052: checking for /Applications/Xcode.app/Contents/Developer/Toolchains/XcodeDefault.xctoolchain/usr/bin/clang -isysroot /Applications/Xcode.app/Contents/Developer/Platforms/iPhoneOS.platform/Developer/SDKs/iPhoneOS9.0.sdk -arch armv7 -miphoneos-version-min=8.0 -fembed-bitcode  option to accept ISO Standard C
configure:16063: result: none needed
configure:16070: checking for an ANSI C99-conforming __func__
configure:16086: /Applications/Xcode.app/Contents/Developer/Toolchains/XcodeDefault.xctoolchain/usr/bin/clang -isysroot /Applications/Xcode.app/Contents/Developer/Platforms/iPhoneOS.platform/Developer/SDKs/iPhoneOS9.0.sdk -arch armv7 -miphoneos-version-min=8.0 -fembed-bitcode  -c -g -O2 -Wall -Wmissing-prototypes -Wstrict-prototypes -fexceptions  conftest.c >&5
conftest.c:35:7: warning: initializing 'char *' with an expression of type 'const char [5]' discards qualifiers [-Wincompatible-pointer-types-discards-qualifiers]
char *foo = __func__;
      ^     ~~~~~~~~
conftest.c:35:7: warning: unused variable 'foo' [-Wunused-variable]
2 warnings generated.
configure:16086: $? = 0
configure:16109: result: yes
configure:16249: creating ./config.status

## ---------------------- ##
## Running config.status. ##
## ---------------------- ##

This file was extended by expat config.status 2.1.0, which was
generated by GNU Autoconf 2.68.  Invocation command line was

  CONFIG_FILES    = 
  CONFIG_HEADERS  = 
  CONFIG_LINKS    = 
  CONFIG_COMMANDS = 
  $ ./config.status 

on polbookpro

config.status:1136: creating Makefile
config.status:1239: WARNING:  'Makefile.in' seems to ignore the --datarootdir setting
config.status:1136: creating expat.pc
config.status:1136: creating expat_config.h
config.status:1325: executing libtool commands

## ---------------- ##
## Cache variables. ##
## ---------------- ##

ac_cv_build=x86_64-apple-darwin14.5.0
ac_cv_c_bigendian=no
ac_cv_c_compiler_gnu=yes
ac_cv_c_const=yes
ac_cv_cpp_func=yes
ac_cv_cxx_compiler_gnu=yes
ac_cv_env_CCC_set=
ac_cv_env_CCC_value=
ac_cv_env_CC_set=set
ac_cv_env_CC_value='/Applications/Xcode.app/Contents/Developer/Toolchains/XcodeDefault.xctoolchain/usr/bin/clang -isysroot /Applications/Xcode.app/Contents/Developer/Platforms/iPhoneOS.platform/Developer/SDKs/iPhoneOS9.0.sdk -arch armv7 -miphoneos-version-min=8.0 -fembed-bitcode '
ac_cv_env_CFLAGS_set=
ac_cv_env_CFLAGS_value=
ac_cv_env_CPPFLAGS_set=
ac_cv_env_CPPFLAGS_value=
ac_cv_env_CPP_set=set
ac_cv_env_CPP_value='/Applications/Xcode.app/Contents/Developer/Toolchains/XcodeDefault.xctoolchain/usr/bin/clang -E -isysroot /Applications/Xcode.app/Contents/Developer/Platforms/iPhoneOS.platform/Developer/SDKs/iPhoneOS9.0.sdk -arch armv7 -miphoneos-version-min=8.0 -fembed-bitcode '
ac_cv_env_CXXCPP_set=set
ac_cv_env_CXXCPP_value='/Applications/Xcode.app/Contents/Developer/Toolchains/XcodeDefault.xctoolchain/usr/bin/clang -E -isysroot /Applications/Xcode.app/Contents/Developer/Platforms/iPhoneOS.platform/Developer/SDKs/iPhoneOS9.0.sdk -arch armv7 -miphoneos-version-min=8.0 -fembed-bitcode '
ac_cv_env_CXXFLAGS_set=
ac_cv_env_CXXFLAGS_value=
ac_cv_env_CXX_set=set
ac_cv_env_CXX_value='/Applications/Xcode.app/Contents/Developer/Toolchains/XcodeDefault.xctoolchain/usr/bin/clang++ -isysroot /Applications/Xcode.app/Contents/Developer/Platforms/iPhoneOS.platform/Developer/SDKs/iPhoneOS9.0.sdk -arch armv7 -miphoneos-version-min=8.0 -fembed-bitcode '
ac_cv_env_LDFLAGS_set=
ac_cv_env_LDFLAGS_value=
ac_cv_env_LIBS_set=
ac_cv_env_LIBS_value=
ac_cv_env_build_alias_set=
ac_cv_env_build_alias_value=
ac_cv_env_host_alias_set=set
ac_cv_env_host_alias_value=arm-apple-darwin
ac_cv_env_target_alias_set=
ac_cv_env_target_alias_value=
ac_cv_func_bcopy=yes
ac_cv_func_getpagesize=yes
ac_cv_func_memmove=yes
ac_cv_func_mmap_fixed_mapped=no
ac_cv_header_dlfcn_h=yes
ac_cv_header_fcntl_h=yes
ac_cv_header_inttypes_h=yes
ac_cv_header_memory_h=yes
ac_cv_header_stdc=yes
ac_cv_header_stdint_h=yes
ac_cv_header_stdlib_h=yes
ac_cv_header_string_h=yes
ac_cv_header_strings_h=yes
ac_cv_header_sys_param_h=yes
ac_cv_header_sys_stat_h=yes
ac_cv_header_sys_types_h=yes
ac_cv_header_unistd_h=yes
ac_cv_host=arm-apple-darwin
ac_cv_objext=o
ac_cv_path_EGREP='/usr/bin/grep -E'
ac_cv_path_FGREP='/usr/bin/grep -F'
ac_cv_path_GREP=/usr/bin/grep
ac_cv_path_SED=/usr/bin/sed
ac_cv_path_install='/usr/bin/install -c'
ac_cv_prog_AR=/Applications/Xcode.app/Contents/Developer/Toolchains/XcodeDefault.xctoolchain/usr/bin/ar
ac_cv_prog_AWK=awk
ac_cv_prog_CC='/Applications/Xcode.app/Contents/Developer/Toolchains/XcodeDefault.xctoolchain/usr/bin/clang -isysroot /Applications/Xcode.app/Contents/Developer/Platforms/iPhoneOS.platform/Developer/SDKs/iPhoneOS9.0.sdk -arch armv7 -miphoneos-version-min=8.0 -fembed-bitcode '
ac_cv_prog_CPP='/Applications/Xcode.app/Contents/Developer/Toolchains/XcodeDefault.xctoolchain/usr/bin/clang -E -isysroot /Applications/Xcode.app/Contents/Developer/Platforms/iPhoneOS.platform/Developer/SDKs/iPhoneOS9.0.sdk -arch armv7 -miphoneos-version-min=8.0 -fembed-bitcode '
ac_cv_prog_CXXCPP='/Applications/Xcode.app/Contents/Developer/Toolchains/XcodeDefault.xctoolchain/usr/bin/clang -E -isysroot /Applications/Xcode.app/Contents/Developer/Platforms/iPhoneOS.platform/Developer/SDKs/iPhoneOS9.0.sdk -arch armv7 -miphoneos-version-min=8.0 -fembed-bitcode '
ac_cv_prog_DLLTOOL=dlltool
ac_cv_prog_LIPO=/Applications/Xcode.app/Contents/Developer/Toolchains/XcodeDefault.xctoolchain/usr/bin/lipo
ac_cv_prog_OBJDUMP=objdump
ac_cv_prog_RANLIB=/Applications/Xcode.app/Contents/Developer/Toolchains/XcodeDefault.xctoolchain/usr/bin/ranlib
ac_cv_prog_STRIP=/Applications/Xcode.app/Contents/Developer/Toolchains/XcodeDefault.xctoolchain/usr/bin/strip
ac_cv_prog_ac_ct_DSYMUTIL=dsymutil
ac_cv_prog_ac_ct_DUMPBIN='link -dump'
ac_cv_prog_ac_ct_NMEDIT=nmedit
ac_cv_prog_ac_ct_OTOOL=otool
ac_cv_prog_cc_c89=
ac_cv_prog_cc_c99=
ac_cv_prog_cc_g=yes
ac_cv_prog_cc_stdc=
ac_cv_prog_cxx_g=yes
ac_cv_type_off_t=yes
ac_cv_type_size_t=yes
lt_cv_apple_cc_single_mod=yes
lt_cv_ar_at_file=no
lt_cv_deplibs_check_method=pass_all
lt_cv_file_magic_cmd='$MAGIC_CMD'
lt_cv_file_magic_test_file=
lt_cv_ld_exported_symbols_list=yes
lt_cv_ld_force_load=no
lt_cv_ld_reload_flag=-r
lt_cv_nm_interface='BSD nm'
lt_cv_objdir=.libs
lt_cv_path_LD='/Applications/Xcode.app/Contents/Developer/Toolchains/XcodeDefault.xctoolchain/usr/bin/ld -isysroot /Applications/Xcode.app/Contents/Developer/Platforms/iPhoneOS.platform/Developer/SDKs/iPhoneOS9.0.sdk -arch armv7'
lt_cv_path_LDCXX='/Applications/Xcode.app/Contents/Developer/Toolchains/XcodeDefault.xctoolchain/usr/bin/ld -isysroot /Applications/Xcode.app/Contents/Developer/Platforms/iPhoneOS.platform/Developer/SDKs/iPhoneOS9.0.sdk -arch armv7'
lt_cv_path_NM=no
lt_cv_path_mainfest_tool=no
lt_cv_prog_compiler_c_o=yes
lt_cv_prog_compiler_c_o_CXX=yes
lt_cv_prog_compiler_pic='-fno-common -DPIC'
lt_cv_prog_compiler_pic_CXX='-fno-common -DPIC'
lt_cv_prog_compiler_pic_works=yes
lt_cv_prog_compiler_pic_works_CXX=yes
lt_cv_prog_compiler_rtti_exceptions=yes
lt_cv_prog_compiler_static_works=no
lt_cv_prog_compiler_static_works_CXX=no
lt_cv_prog_gnu_ld=no
lt_cv_prog_gnu_ldcxx=no
lt_cv_sharedlib_from_linklib_cmd='printf %s\n'
lt_cv_sys_global_symbol_pipe='sed -n -e '\''s/^.*[	 ]\([BCDEGRST][BCDEGRST]*\)[	 ][	 ]*_\([_A-Za-z][_A-Za-z0-9]*\)$/\1 _\2 \2/p'\'' | sed '\''/ __gnu_lto/d'\'''
lt_cv_sys_global_symbol_to_c_name_address='sed -n -e '\''s/^: \([^ ]*\)[ ]*$/  {\"\1\", (void *) 0},/p'\'' -e '\''s/^[BCDEGRST]* \([^ ]*\) \([^ ]*\)$/  {"\2", (void *) \&\2},/p'\'''
lt_cv_sys_global_symbol_to_c_name_address_lib_prefix='sed -n -e '\''s/^: \([^ ]*\)[ ]*$/  {\"\1\", (void *) 0},/p'\'' -e '\''s/^[BCDEGRST]* \([^ ]*\) \(lib[^ ]*\)$/  {"\2", (void *) \&\2},/p'\'' -e '\''s/^[BCDEGRST]* \([^ ]*\) \([^ ]*\)$/  {"lib\2", (void *) \&\2},/p'\'''
lt_cv_sys_global_symbol_to_cdecl='sed -n -e '\''s/^T .* \(.*\)$/extern int \1();/p'\'' -e '\''s/^[BCDEGRST]* .* \(.*\)$/extern char \1;/p'\'''
lt_cv_sys_max_cmd_len=196608
lt_cv_to_host_file_cmd=func_convert_file_noop
lt_cv_to_tool_file_cmd=func_convert_file_noop

## ----------------- ##
## Output variables. ##
## ----------------- ##

AR='/Applications/Xcode.app/Contents/Developer/Toolchains/XcodeDefault.xctoolchain/usr/bin/ar'
AS='as'
AWK='awk'
CC='/Applications/Xcode.app/Contents/Developer/Toolchains/XcodeDefault.xctoolchain/usr/bin/clang -isysroot /Applications/Xcode.app/Contents/Developer/Platforms/iPhoneOS.platform/Developer/SDKs/iPhoneOS9.0.sdk -arch armv7 -miphoneos-version-min=8.0 -fembed-bitcode '
CFLAGS='-g -O2 -Wall -Wmissing-prototypes -Wstrict-prototypes -fexceptions'
CPP='/Applications/Xcode.app/Contents/Developer/Toolchains/XcodeDefault.xctoolchain/usr/bin/clang -E -isysroot /Applications/Xcode.app/Contents/Developer/Platforms/iPhoneOS.platform/Developer/SDKs/iPhoneOS9.0.sdk -arch armv7 -miphoneos-version-min=8.0 -fembed-bitcode '
CPPFLAGS=''
CXX='/Applications/Xcode.app/Contents/Developer/Toolchains/XcodeDefault.xctoolchain/usr/bin/clang++ -isysroot /Applications/Xcode.app/Contents/Developer/Platforms/iPhoneOS.platform/Developer/SDKs/iPhoneOS9.0.sdk -arch armv7 -miphoneos-version-min=8.0 -fembed-bitcode '
CXXCPP='/Applications/Xcode.app/Contents/Developer/Toolchains/XcodeDefault.xctoolchain/usr/bin/clang -E -isysroot /Applications/Xcode.app/Contents/Developer/Platforms/iPhoneOS.platform/Developer/SDKs/iPhoneOS9.0.sdk -arch armv7 -miphoneos-version-min=8.0 -fembed-bitcode '
CXXFLAGS='-g -O2 -Wall -fexceptions'
DEFS='-DHAVE_CONFIG_H'
DLLTOOL='dlltool'
DSYMUTIL='dsymutil'
DUMPBIN=':'
ECHO_C='\c'
ECHO_N=''
ECHO_T=''
EGREP='/usr/bin/grep -E'
EXEEXT=''
FGREP='/usr/bin/grep -F'
FILEMAP='readfilemap'
GREP='/usr/bin/grep'
INSTALL_DATA='${INSTALL} -m 644'
INSTALL_PROGRAM='${INSTALL}'
INSTALL_SCRIPT='${INSTALL}'
LD='/Applications/Xcode.app/Contents/Developer/Toolchains/XcodeDefault.xctoolchain/usr/bin/ld -isysroot /Applications/Xcode.app/Contents/Developer/Platforms/iPhoneOS.platform/Developer/SDKs/iPhoneOS9.0.sdk -arch armv7'
LDFLAGS=''
LIBAGE='6'
LIBCURRENT='7'
LIBOBJS=''
LIBREVISION='0'
LIBS=''
LIBTOOL='$(SHELL) $(top_builddir)/libtool'
LIPO='/Applications/Xcode.app/Contents/Developer/Toolchains/XcodeDefault.xctoolchain/usr/bin/lipo'
LN_S='ln -s'
LTLIBOBJS=''
MANIFEST_TOOL=':'
NM='nm'
NMEDIT='nmedit'
OBJDUMP='objdump'
OBJEXT='o'
OTOOL64=':'
OTOOL='otool'
PACKAGE_BUGREPORT='expat-bugs@libexpat.org'
PACKAGE_NAME='expat'
PACKAGE_STRING='expat 2.1.0'
PACKAGE_TARNAME='expat'
PACKAGE_URL=''
PACKAGE_VERSION='2.1.0'
PATH_SEPARATOR=':'
RANLIB='/Applications/Xcode.app/Contents/Developer/Toolchains/XcodeDefault.xctoolchain/usr/bin/ranlib'
SED='/usr/bin/sed'
SHELL='/bin/sh'
STRIP='/Applications/Xcode.app/Contents/Developer/Toolchains/XcodeDefault.xctoolchain/usr/bin/strip'
ac_ct_AR=''
ac_ct_CC=''
ac_ct_CXX=''
ac_ct_DUMPBIN='link -dump'
bindir='${exec_prefix}/bin'
build='x86_64-apple-darwin14.5.0'
build_alias=''
build_cpu='x86_64'
build_os='darwin14.5.0'
build_vendor='apple'
datadir='${datarootdir}'
datarootdir='${prefix}/share'
docdir='${datarootdir}/doc/${PACKAGE_TARNAME}'
dvidir='${docdir}'
exec_prefix='${prefix}'
host='arm-apple-darwin'
host_alias='arm-apple-darwin'
host_cpu='arm'
host_os='darwin'
host_vendor='apple'
htmldir='${docdir}'
includedir='${prefix}/include'
infodir='${datarootdir}/info'
libdir='${exec_prefix}/lib'
libexecdir='${exec_prefix}/libexec'
localedir='${datarootdir}/locale'
localstatedir='${prefix}/var'
mandir='${datarootdir}/man'
oldincludedir='/usr/include'
pdfdir='${docdir}'
prefix='/Users/pol/Source/Libraries/libexpat/expat-2.1.0/../iPhoneOS-armv7'
program_transform_name='s,x,x,'
psdir='${docdir}'
sbindir='${exec_prefix}/sbin'
sharedstatedir='${prefix}/com'
sysconfdir='${prefix}/etc'
target_alias=''

## ----------- ##
## confdefs.h. ##
## ----------- ##

/* confdefs.h */
#define PACKAGE_NAME "expat"
#define PACKAGE_TARNAME "expat"
#define PACKAGE_VERSION "2.1.0"
#define PACKAGE_STRING "expat 2.1.0"
#define PACKAGE_BUGREPORT "expat-bugs@libexpat.org"
#define PACKAGE_URL ""
#define STDC_HEADERS 1
#define HAVE_SYS_TYPES_H 1
#define HAVE_SYS_STAT_H 1
#define HAVE_STDLIB_H 1
#define HAVE_STRING_H 1
#define HAVE_MEMORY_H 1
#define HAVE_STRINGS_H 1
#define HAVE_INTTYPES_H 1
#define HAVE_STDINT_H 1
#define HAVE_UNISTD_H 1
#define HAVE_DLFCN_H 1
#define LT_OBJDIR ".libs/"
#define STDC_HEADERS 1
#define BYTEORDER 1234
#define HAVE_MEMMOVE 1
#define HAVE_BCOPY 1
#define HAVE_FCNTL_H 1
#define HAVE_UNISTD_H 1
#define HAVE_STDLIB_H 1
#define HAVE_UNISTD_H 1
#define HAVE_SYS_PARAM_H 1
#define HAVE_GETPAGESIZE 1
#define XML_NS 1
#define XML_DTD 1
#define XML_CONTEXT_BYTES 1024

configure: exit 0
