This file contains any messages produced by compilers while
running configure, to aid debugging if configure makes a mistake.

It was created by EXIF library configure 0.6.21, which was
generated by GNU Autoconf 2.68.  Invocation command line was

  $ ./configure --prefix=/Users/pol/Source/Libraries/libexif/libexif-0.6.21/../iPhoneOS-arm64 --host=arm-apple-darwin --enable-static --disable-shared

## --------- ##
## Platform. ##
## --------- ##

hostname = polbookpro
uname -m = x86_64
uname -r = 14.5.0
uname -s = Darwin
uname -v = Darwin Kernel Version 14.5.0: Wed Jul 29 02:26:53 PDT 2015; root:xnu-2782.40.9~1/RELEASE_X86_64

/usr/bin/uname -p = i386
/bin/uname -X     = unknown

/bin/arch              = unknown
/usr/bin/arch -k       = unknown
/usr/convex/getsysinfo = unknown
/usr/bin/hostinfo      = Mach kernel version:
	 Darwin Kernel Version 14.5.0: Wed Jul 29 02:26:53 PDT 2015; root:xnu-2782.40.9~1/RELEASE_X86_64
Kernel configured for up to 8 processors.
4 processors are physically available.
8 processors are logically available.
Processor type: x86_64h (Intel x86-64h Haswell)
Processors active: 0 1 2 3 4 5 6 7
Primary memory available: 16.00 gigabytes
Default processor set: 312 tasks, 1890 threads, 8 processors
Load average: 3.44, Mach factor: 4.94
/bin/machine           = unknown
/usr/bin/oslevel       = unknown
/bin/universe          = unknown

PATH: /usr/local/bin
PATH: /usr/bin
PATH: /bin
PATH: /usr/sbin
PATH: /sbin
PATH: /opt/X11/bin
PATH: /usr/local/go/bin
PATH: /Users/pol/Source/_go/bin


## ----------- ##
## Core tests. ##
## ----------- ##

configure:2201: checking for a BSD-compatible install
configure:2269: result: /usr/bin/install -c
configure:2280: checking whether build environment is sane
configure:2330: result: yes
configure:2379: checking for arm-apple-darwin-strip
configure:2406: result: /Applications/Xcode.app/Contents/Developer/Toolchains/XcodeDefault.xctoolchain/usr/bin/strip
configure:2471: checking for a thread-safe mkdir -p
configure:2510: result: ./install-sh -c -d
configure:2523: checking for gawk
configure:2553: result: no
configure:2523: checking for mawk
configure:2553: result: no
configure:2523: checking for nawk
configure:2553: result: no
configure:2523: checking for awk
configure:2539: found /usr/bin/awk
configure:2550: result: awk
configure:2561: checking whether make sets $(MAKE)
configure:2583: result: yes
configure:2664: checking whether to enable maintainer-specific portions of Makefiles
configure:2673: result: no
configure:2726: checking for POSIX sh $() command substitution
configure:2730: result: yes
configure:2801: checking for arm-apple-darwin-gcc
configure:2828: result: /Applications/Xcode.app/Contents/Developer/Toolchains/XcodeDefault.xctoolchain/usr/bin/clang -isysroot /Applications/Xcode.app/Contents/Developer/Platforms/iPhoneOS.platform/Developer/SDKs/iPhoneOS9.0.sdk -arch arm64 -miphoneos-version-min=8.0 -fembed-bitcode 
configure:3097: checking for C compiler version
configure:3106: /Applications/Xcode.app/Contents/Developer/Toolchains/XcodeDefault.xctoolchain/usr/bin/clang -isysroot /Applications/Xcode.app/Contents/Developer/Platforms/iPhoneOS.platform/Developer/SDKs/iPhoneOS9.0.sdk -arch arm64 -miphoneos-version-min=8.0 -fembed-bitcode  --version >&5
Apple LLVM version 7.0.0 (clang-700.0.72)
Target: aarch64-apple-darwin14.5.0
Thread model: posix
configure:3117: $? = 0
configure:3106: /Applications/Xcode.app/Contents/Developer/Toolchains/XcodeDefault.xctoolchain/usr/bin/clang -isysroot /Applications/Xcode.app/Contents/Developer/Platforms/iPhoneOS.platform/Developer/SDKs/iPhoneOS9.0.sdk -arch arm64 -miphoneos-version-min=8.0 -fembed-bitcode  -v >&5
Apple LLVM version 7.0.0 (clang-700.0.72)
Target: aarch64-apple-darwin14.5.0
Thread model: posix
clang: warning: argument unused during compilation: '-isysroot /Applications/Xcode.app/Contents/Developer/Platforms/iPhoneOS.platform/Developer/SDKs/iPhoneOS9.0.sdk'
clang: warning: argument unused during compilation: '-miphoneos-version-min=8.0'
configure:3117: $? = 0
configure:3106: /Applications/Xcode.app/Contents/Developer/Toolchains/XcodeDefault.xctoolchain/usr/bin/clang -isysroot /Applications/Xcode.app/Contents/Developer/Platforms/iPhoneOS.platform/Developer/SDKs/iPhoneOS9.0.sdk -arch arm64 -miphoneos-version-min=8.0 -fembed-bitcode  -V >&5
clang: error: argument to '-V' is missing (expected 1 value)
clang: error: no input files
configure:3117: $? = 1
configure:3106: /Applications/Xcode.app/Contents/Developer/Toolchains/XcodeDefault.xctoolchain/usr/bin/clang -isysroot /Applications/Xcode.app/Contents/Developer/Platforms/iPhoneOS.platform/Developer/SDKs/iPhoneOS9.0.sdk -arch arm64 -miphoneos-version-min=8.0 -fembed-bitcode  -qversion >&5
clang: error: unknown argument: '-qversion'
clang: error: no input files
configure:3117: $? = 1
configure:3137: checking whether the C compiler works
configure:3159: /Applications/Xcode.app/Contents/Developer/Toolchains/XcodeDefault.xctoolchain/usr/bin/clang -isysroot /Applications/Xcode.app/Contents/Developer/Platforms/iPhoneOS.platform/Developer/SDKs/iPhoneOS9.0.sdk -arch arm64 -miphoneos-version-min=8.0 -fembed-bitcode     conftest.c  >&5
configure:3163: $? = 0
configure:3211: result: yes
configure:3214: checking for C compiler default output file name
configure:3216: result: a.out
configure:3222: checking for suffix of executables
configure:3229: /Applications/Xcode.app/Contents/Developer/Toolchains/XcodeDefault.xctoolchain/usr/bin/clang -isysroot /Applications/Xcode.app/Contents/Developer/Platforms/iPhoneOS.platform/Developer/SDKs/iPhoneOS9.0.sdk -arch arm64 -miphoneos-version-min=8.0 -fembed-bitcode  -o conftest    conftest.c  >&5
configure:3233: $? = 0
configure:3255: result: 
configure:3277: checking whether we are cross compiling
configure:3285: /Applications/Xcode.app/Contents/Developer/Toolchains/XcodeDefault.xctoolchain/usr/bin/clang -isysroot /Applications/Xcode.app/Contents/Developer/Platforms/iPhoneOS.platform/Developer/SDKs/iPhoneOS9.0.sdk -arch arm64 -miphoneos-version-min=8.0 -fembed-bitcode  -o conftest    conftest.c  >&5
configure:3289: $? = 0
configure:3296: ./conftest
./configure: line 3298: ./conftest: Bad CPU type in executable
configure:3300: $? = 126
configure:3315: result: yes
configure:3320: checking for suffix of object files
configure:3342: /Applications/Xcode.app/Contents/Developer/Toolchains/XcodeDefault.xctoolchain/usr/bin/clang -isysroot /Applications/Xcode.app/Contents/Developer/Platforms/iPhoneOS.platform/Developer/SDKs/iPhoneOS9.0.sdk -arch arm64 -miphoneos-version-min=8.0 -fembed-bitcode  -c   conftest.c >&5
configure:3346: $? = 0
configure:3367: result: o
configure:3371: checking whether we are using the GNU C compiler
configure:3390: /Applications/Xcode.app/Contents/Developer/Toolchains/XcodeDefault.xctoolchain/usr/bin/clang -isysroot /Applications/Xcode.app/Contents/Developer/Platforms/iPhoneOS.platform/Developer/SDKs/iPhoneOS9.0.sdk -arch arm64 -miphoneos-version-min=8.0 -fembed-bitcode  -c   conftest.c >&5
configure:3390: $? = 0
configure:3399: result: yes
configure:3408: checking whether /Applications/Xcode.app/Contents/Developer/Toolchains/XcodeDefault.xctoolchain/usr/bin/clang -isysroot /Applications/Xcode.app/Contents/Developer/Platforms/iPhoneOS.platform/Developer/SDKs/iPhoneOS9.0.sdk -arch arm64 -miphoneos-version-min=8.0 -fembed-bitcode  accepts -g
configure:3428: /Applications/Xcode.app/Contents/Developer/Toolchains/XcodeDefault.xctoolchain/usr/bin/clang -isysroot /Applications/Xcode.app/Contents/Developer/Platforms/iPhoneOS.platform/Developer/SDKs/iPhoneOS9.0.sdk -arch arm64 -miphoneos-version-min=8.0 -fembed-bitcode  -c -g  conftest.c >&5
configure:3428: $? = 0
configure:3469: result: yes
configure:3486: checking for /Applications/Xcode.app/Contents/Developer/Toolchains/XcodeDefault.xctoolchain/usr/bin/clang -isysroot /Applications/Xcode.app/Contents/Developer/Platforms/iPhoneOS.platform/Developer/SDKs/iPhoneOS9.0.sdk -arch arm64 -miphoneos-version-min=8.0 -fembed-bitcode  option to accept ISO C89
configure:3550: /Applications/Xcode.app/Contents/Developer/Toolchains/XcodeDefault.xctoolchain/usr/bin/clang -isysroot /Applications/Xcode.app/Contents/Developer/Platforms/iPhoneOS.platform/Developer/SDKs/iPhoneOS9.0.sdk -arch arm64 -miphoneos-version-min=8.0 -fembed-bitcode   -c -g -O2  conftest.c >&5
configure:3550: $? = 0
configure:3563: result: none needed
configure:3594: checking for style of include used by make
configure:3622: result: GNU
configure:3647: checking dependency style of /Applications/Xcode.app/Contents/Developer/Toolchains/XcodeDefault.xctoolchain/usr/bin/clang -isysroot /Applications/Xcode.app/Contents/Developer/Platforms/iPhoneOS.platform/Developer/SDKs/iPhoneOS9.0.sdk -arch arm64 -miphoneos-version-min=8.0 -fembed-bitcode 
configure:3757: result: gcc3
configure:3773: checking for an ANSI C-conforming const
configure:3838: /Applications/Xcode.app/Contents/Developer/Toolchains/XcodeDefault.xctoolchain/usr/bin/clang -isysroot /Applications/Xcode.app/Contents/Developer/Platforms/iPhoneOS.platform/Developer/SDKs/iPhoneOS9.0.sdk -arch arm64 -miphoneos-version-min=8.0 -fembed-bitcode  -c -g -O2  conftest.c >&5
configure:3838: $? = 0
configure:3845: result: yes
configure:3853: checking for inline
configure:3869: /Applications/Xcode.app/Contents/Developer/Toolchains/XcodeDefault.xctoolchain/usr/bin/clang -isysroot /Applications/Xcode.app/Contents/Developer/Platforms/iPhoneOS.platform/Developer/SDKs/iPhoneOS9.0.sdk -arch arm64 -miphoneos-version-min=8.0 -fembed-bitcode  -c -g -O2  conftest.c >&5
configure:3869: $? = 0
configure:3877: result: inline
configure:3924: checking build system type
configure:3938: result: x86_64-apple-darwin14.5.0
configure:3958: checking host system type
configure:3971: result: arm-apple-darwin
configure:4012: checking how to print strings
configure:4039: result: printf
configure:4060: checking for a sed that does not truncate output
configure:4124: result: /usr/bin/sed
configure:4142: checking for grep that handles long lines and -e
configure:4200: result: /usr/bin/grep
configure:4205: checking for egrep
configure:4267: result: /usr/bin/grep -E
configure:4272: checking for fgrep
configure:4334: result: /usr/bin/grep -F
configure:4369: checking for ld used by /Applications/Xcode.app/Contents/Developer/Toolchains/XcodeDefault.xctoolchain/usr/bin/clang -isysroot /Applications/Xcode.app/Contents/Developer/Platforms/iPhoneOS.platform/Developer/SDKs/iPhoneOS9.0.sdk -arch arm64 -miphoneos-version-min=8.0 -fembed-bitcode 
configure:4436: result: /Applications/Xcode.app/Contents/Developer/Toolchains/XcodeDefault.xctoolchain/usr/bin/ld -isysroot /Applications/Xcode.app/Contents/Developer/Platforms/iPhoneOS.platform/Developer/SDKs/iPhoneOS9.0.sdk -arch arm64
configure:4443: checking if the linker (/Applications/Xcode.app/Contents/Developer/Toolchains/XcodeDefault.xctoolchain/usr/bin/ld -isysroot /Applications/Xcode.app/Contents/Developer/Platforms/iPhoneOS.platform/Developer/SDKs/iPhoneOS9.0.sdk -arch arm64) is GNU ld
configure:4458: result: no
configure:4470: checking for BSD- or MS-compatible name lister (nm)
configure:4519: result: no
configure:4533: checking for arm-apple-darwin-dumpbin
configure:4563: result: no
configure:4533: checking for arm-apple-darwin-link
configure:4563: result: no
configure:4577: checking for dumpbin
configure:4607: result: no
configure:4577: checking for link
configure:4593: found /bin/link
configure:4604: result: link -dump
configure:4620: WARNING: using cross tools not prefixed with host triplet
configure:4649: checking the name lister (nm) interface
configure:4656: /Applications/Xcode.app/Contents/Developer/Toolchains/XcodeDefault.xctoolchain/usr/bin/clang -isysroot /Applications/Xcode.app/Contents/Developer/Platforms/iPhoneOS.platform/Developer/SDKs/iPhoneOS9.0.sdk -arch arm64 -miphoneos-version-min=8.0 -fembed-bitcode  -c -g -O2  conftest.c >&5
configure:4659: nm "conftest.o"
configure:4662: output
0000000000000470 S _llvm.cmdline
0000000000000120 S _llvm.embedded.module
00000000000005b8 S _some_variable
0000000000000000 t ltmp0
0000000000000000 s ltmp1
0000000000000502 s ltmp10
0000000000000526 s ltmp11
000000000000054a s ltmp12
0000000000000591 s ltmp13
000000000000003d s ltmp2
000000000000006c s ltmp3
0000000000000097 s ltmp4
0000000000000111 s ltmp5
0000000000000111 s ltmp6
0000000000000120 s ltmp7
0000000000000470 s ltmp8
00000000000004c6 s ltmp9
configure:4669: result: BSD nm
configure:4672: checking whether ln -s works
configure:4676: result: yes
configure:4684: checking the maximum length of command line arguments
configure:4809: result: 196608
configure:4826: checking whether the shell understands some XSI constructs
configure:4836: result: yes
configure:4840: checking whether the shell understands "+="
configure:4846: result: yes
configure:4881: checking how to convert x86_64-apple-darwin14.5.0 file names to arm-apple-darwin format
configure:4921: result: func_convert_file_noop
configure:4928: checking how to convert x86_64-apple-darwin14.5.0 file names to toolchain format
configure:4948: result: func_convert_file_noop
configure:4955: checking for /Applications/Xcode.app/Contents/Developer/Toolchains/XcodeDefault.xctoolchain/usr/bin/ld -isysroot /Applications/Xcode.app/Contents/Developer/Platforms/iPhoneOS.platform/Developer/SDKs/iPhoneOS9.0.sdk -arch arm64 option to reload object files
configure:4962: result: -r
configure:4996: checking for arm-apple-darwin-objdump
configure:5026: result: no
configure:5036: checking for objdump
configure:5066: result: no
configure:5095: checking how to recognize dependent libraries
configure:5297: result: pass_all
configure:5342: checking for arm-apple-darwin-dlltool
configure:5372: result: no
configure:5382: checking for dlltool
configure:5412: result: no
configure:5442: checking how to associate runtime and link libraries
configure:5469: result: printf %s\n
configure:5485: checking for arm-apple-darwin-ar
configure:5512: result: /Applications/Xcode.app/Contents/Developer/Toolchains/XcodeDefault.xctoolchain/usr/bin/ar
configure:5593: checking for archiver @FILE support
configure:5610: /Applications/Xcode.app/Contents/Developer/Toolchains/XcodeDefault.xctoolchain/usr/bin/clang -isysroot /Applications/Xcode.app/Contents/Developer/Platforms/iPhoneOS.platform/Developer/SDKs/iPhoneOS9.0.sdk -arch arm64 -miphoneos-version-min=8.0 -fembed-bitcode  -c -g -O2  conftest.c >&5
configure:5610: $? = 0
configure:5613: /Applications/Xcode.app/Contents/Developer/Toolchains/XcodeDefault.xctoolchain/usr/bin/ar cru libconftest.a @conftest.lst >&5
ar: @conftest.lst: No such file or directory
configure:5616: $? = 1
configure:5636: result: no
configure:5654: checking for arm-apple-darwin-strip
configure:5681: result: /Applications/Xcode.app/Contents/Developer/Toolchains/XcodeDefault.xctoolchain/usr/bin/strip
configure:5753: checking for arm-apple-darwin-ranlib
configure:5780: result: /Applications/Xcode.app/Contents/Developer/Toolchains/XcodeDefault.xctoolchain/usr/bin/ranlib
configure:5922: checking command to parse nm output from /Applications/Xcode.app/Contents/Developer/Toolchains/XcodeDefault.xctoolchain/usr/bin/clang -isysroot /Applications/Xcode.app/Contents/Developer/Platforms/iPhoneOS.platform/Developer/SDKs/iPhoneOS9.0.sdk -arch arm64 -miphoneos-version-min=8.0 -fembed-bitcode  object
configure:6041: /Applications/Xcode.app/Contents/Developer/Toolchains/XcodeDefault.xctoolchain/usr/bin/clang -isysroot /Applications/Xcode.app/Contents/Developer/Platforms/iPhoneOS.platform/Developer/SDKs/iPhoneOS9.0.sdk -arch arm64 -miphoneos-version-min=8.0 -fembed-bitcode  -c -g -O2  conftest.c >&5
configure:6044: $? = 0
configure:6048: nm conftest.o \| sed -n -e 's/^.*[ ]\([BCDEGRST][BCDEGRST]*\)[ ][ ]*\([_A-Za-z][_A-Za-z0-9]*\)$/\1 \2 \2/p' | sed '/ __gnu_lto/d' \> conftest.nm
configure:6051: $? = 0
cannot find nm_test_var in conftest.nm
configure:6041: /Applications/Xcode.app/Contents/Developer/Toolchains/XcodeDefault.xctoolchain/usr/bin/clang -isysroot /Applications/Xcode.app/Contents/Developer/Platforms/iPhoneOS.platform/Developer/SDKs/iPhoneOS9.0.sdk -arch arm64 -miphoneos-version-min=8.0 -fembed-bitcode  -c -g -O2  conftest.c >&5
configure:6044: $? = 0
configure:6048: nm conftest.o \| sed -n -e 's/^.*[ ]\([BCDEGRST][BCDEGRST]*\)[ ][ ]*_\([_A-Za-z][_A-Za-z0-9]*\)$/\1 _\2 \2/p' | sed '/ __gnu_lto/d' \> conftest.nm
configure:6051: $? = 0
configure:6117: /Applications/Xcode.app/Contents/Developer/Toolchains/XcodeDefault.xctoolchain/usr/bin/clang -isysroot /Applications/Xcode.app/Contents/Developer/Platforms/iPhoneOS.platform/Developer/SDKs/iPhoneOS9.0.sdk -arch arm64 -miphoneos-version-min=8.0 -fembed-bitcode  -o conftest -g -O2   conftest.c conftstm.o >&5
warning: (arm64)  could not find object file symbol for symbol _main
configure:6120: $? = 0
configure:6158: result: ok
configure:6195: checking for sysroot
configure:6225: result: no
configure:6428: checking for arm-apple-darwin-mt
configure:6458: result: no
configure:6468: checking for mt
configure:6498: result: no
configure:6518: checking if : is a manifest tool
configure:6524: : '-?'
configure:6532: result: no
configure:6548: checking for arm-apple-darwin-dsymutil
configure:6578: result: no
configure:6588: checking for dsymutil
configure:6604: found /usr/bin/dsymutil
configure:6615: result: dsymutil
configure:6640: checking for arm-apple-darwin-nmedit
configure:6670: result: no
configure:6680: checking for nmedit
configure:6696: found /usr/bin/nmedit
configure:6707: result: nmedit
configure:6732: checking for arm-apple-darwin-lipo
configure:6759: result: /Applications/Xcode.app/Contents/Developer/Toolchains/XcodeDefault.xctoolchain/usr/bin/lipo
configure:6824: checking for arm-apple-darwin-otool
configure:6854: result: no
configure:6864: checking for otool
configure:6880: found /usr/bin/otool
configure:6891: result: otool
configure:6916: checking for arm-apple-darwin-otool64
configure:6946: result: no
configure:6956: checking for otool64
configure:6986: result: no
configure:7031: checking for -single_module linker flag
/Applications/Xcode.app/Contents/Developer/Toolchains/XcodeDefault.xctoolchain/usr/bin/clang -isysroot /Applications/Xcode.app/Contents/Developer/Platforms/iPhoneOS.platform/Developer/SDKs/iPhoneOS9.0.sdk -arch arm64 -miphoneos-version-min=8.0 -fembed-bitcode  -g -O2  -o libconftest.dylib -dynamiclib -Wl,-single_module conftest.c
configure:7058: result: yes
configure:7060: checking for -exported_symbols_list linker flag
configure:7080: /Applications/Xcode.app/Contents/Developer/Toolchains/XcodeDefault.xctoolchain/usr/bin/clang -isysroot /Applications/Xcode.app/Contents/Developer/Platforms/iPhoneOS.platform/Developer/SDKs/iPhoneOS9.0.sdk -arch arm64 -miphoneos-version-min=8.0 -fembed-bitcode  -o conftest -g -O2   -Wl,-exported_symbols_list,conftest.sym conftest.c  >&5
configure:7080: $? = 0
configure:7090: result: yes
configure:7092: checking for -force_load linker flag
/Applications/Xcode.app/Contents/Developer/Toolchains/XcodeDefault.xctoolchain/usr/bin/clang -isysroot /Applications/Xcode.app/Contents/Developer/Platforms/iPhoneOS.platform/Developer/SDKs/iPhoneOS9.0.sdk -arch arm64 -miphoneos-version-min=8.0 -fembed-bitcode  -g -O2 -c -o conftest.o conftest.c
/Applications/Xcode.app/Contents/Developer/Toolchains/XcodeDefault.xctoolchain/usr/bin/ar cru libconftest.a conftest.o
/Applications/Xcode.app/Contents/Developer/Toolchains/XcodeDefault.xctoolchain/usr/bin/ranlib libconftest.a
/Applications/Xcode.app/Contents/Developer/Toolchains/XcodeDefault.xctoolchain/usr/bin/clang -isysroot /Applications/Xcode.app/Contents/Developer/Platforms/iPhoneOS.platform/Developer/SDKs/iPhoneOS9.0.sdk -arch arm64 -miphoneos-version-min=8.0 -fembed-bitcode  -g -O2  -o conftest conftest.c -Wl,-force_load,./libconftest.a
warning: (arm64)  could not find object file symbol for symbol _forced_loaded
configure:7122: result: no
configure:7164: checking how to run the C preprocessor
configure:7234: result: /Applications/Xcode.app/Contents/Developer/Toolchains/XcodeDefault.xctoolchain/usr/bin/clang -E -isysroot /Applications/Xcode.app/Contents/Developer/Platforms/iPhoneOS.platform/Developer/SDKs/iPhoneOS9.0.sdk -arch arm64 -miphoneos-version-min=8.0 -fembed-bitcode 
configure:7254: /Applications/Xcode.app/Contents/Developer/Toolchains/XcodeDefault.xctoolchain/usr/bin/clang -E -isysroot /Applications/Xcode.app/Contents/Developer/Platforms/iPhoneOS.platform/Developer/SDKs/iPhoneOS9.0.sdk -arch arm64 -miphoneos-version-min=8.0 -fembed-bitcode   conftest.c
configure:7254: $? = 0
configure:7268: /Applications/Xcode.app/Contents/Developer/Toolchains/XcodeDefault.xctoolchain/usr/bin/clang -E -isysroot /Applications/Xcode.app/Contents/Developer/Platforms/iPhoneOS.platform/Developer/SDKs/iPhoneOS9.0.sdk -arch arm64 -miphoneos-version-min=8.0 -fembed-bitcode   conftest.c
conftest.c:11:10: fatal error: 'ac_nonexistent.h' file not found
#include <ac_nonexistent.h>
         ^
1 error generated.
configure:7268: $? = 1
configure: failed program was:
| /* confdefs.h */
| #define PACKAGE_NAME "EXIF library"
| #define PACKAGE_TARNAME "libexif"
| #define PACKAGE_VERSION "0.6.21"
| #define PACKAGE_STRING "EXIF library 0.6.21"
| #define PACKAGE_BUGREPORT "libexif-devel@lists.sourceforge.net"
| #define PACKAGE_URL ""
| #define PACKAGE "libexif"
| #define VERSION "0.6.21"
| /* end confdefs.h.  */
| #include <ac_nonexistent.h>
configure:7297: checking for ANSI C header files
configure:7317: /Applications/Xcode.app/Contents/Developer/Toolchains/XcodeDefault.xctoolchain/usr/bin/clang -isysroot /Applications/Xcode.app/Contents/Developer/Platforms/iPhoneOS.platform/Developer/SDKs/iPhoneOS9.0.sdk -arch arm64 -miphoneos-version-min=8.0 -fembed-bitcode  -c -g -O2  conftest.c >&5
configure:7317: $? = 0
configure:7401: result: yes
configure:7414: checking for sys/types.h
configure:7414: /Applications/Xcode.app/Contents/Developer/Toolchains/XcodeDefault.xctoolchain/usr/bin/clang -isysroot /Applications/Xcode.app/Contents/Developer/Platforms/iPhoneOS.platform/Developer/SDKs/iPhoneOS9.0.sdk -arch arm64 -miphoneos-version-min=8.0 -fembed-bitcode  -c -g -O2  conftest.c >&5
configure:7414: $? = 0
configure:7414: result: yes
configure:7414: checking for sys/stat.h
configure:7414: /Applications/Xcode.app/Contents/Developer/Toolchains/XcodeDefault.xctoolchain/usr/bin/clang -isysroot /Applications/Xcode.app/Contents/Developer/Platforms/iPhoneOS.platform/Developer/SDKs/iPhoneOS9.0.sdk -arch arm64 -miphoneos-version-min=8.0 -fembed-bitcode  -c -g -O2  conftest.c >&5
configure:7414: $? = 0
configure:7414: result: yes
configure:7414: checking for stdlib.h
configure:7414: /Applications/Xcode.app/Contents/Developer/Toolchains/XcodeDefault.xctoolchain/usr/bin/clang -isysroot /Applications/Xcode.app/Contents/Developer/Platforms/iPhoneOS.platform/Developer/SDKs/iPhoneOS9.0.sdk -arch arm64 -miphoneos-version-min=8.0 -fembed-bitcode  -c -g -O2  conftest.c >&5
configure:7414: $? = 0
configure:7414: result: yes
configure:7414: checking for string.h
configure:7414: /Applications/Xcode.app/Contents/Developer/Toolchains/XcodeDefault.xctoolchain/usr/bin/clang -isysroot /Applications/Xcode.app/Contents/Developer/Platforms/iPhoneOS.platform/Developer/SDKs/iPhoneOS9.0.sdk -arch arm64 -miphoneos-version-min=8.0 -fembed-bitcode  -c -g -O2  conftest.c >&5
configure:7414: $? = 0
configure:7414: result: yes
configure:7414: checking for memory.h
configure:7414: /Applications/Xcode.app/Contents/Developer/Toolchains/XcodeDefault.xctoolchain/usr/bin/clang -isysroot /Applications/Xcode.app/Contents/Developer/Platforms/iPhoneOS.platform/Developer/SDKs/iPhoneOS9.0.sdk -arch arm64 -miphoneos-version-min=8.0 -fembed-bitcode  -c -g -O2  conftest.c >&5
configure:7414: $? = 0
configure:7414: result: yes
configure:7414: checking for strings.h
configure:7414: /Applications/Xcode.app/Contents/Developer/Toolchains/XcodeDefault.xctoolchain/usr/bin/clang -isysroot /Applications/Xcode.app/Contents/Developer/Platforms/iPhoneOS.platform/Developer/SDKs/iPhoneOS9.0.sdk -arch arm64 -miphoneos-version-min=8.0 -fembed-bitcode  -c -g -O2  conftest.c >&5
configure:7414: $? = 0
configure:7414: result: yes
configure:7414: checking for inttypes.h
configure:7414: /Applications/Xcode.app/Contents/Developer/Toolchains/XcodeDefault.xctoolchain/usr/bin/clang -isysroot /Applications/Xcode.app/Contents/Developer/Platforms/iPhoneOS.platform/Developer/SDKs/iPhoneOS9.0.sdk -arch arm64 -miphoneos-version-min=8.0 -fembed-bitcode  -c -g -O2  conftest.c >&5
configure:7414: $? = 0
configure:7414: result: yes
configure:7414: checking for stdint.h
configure:7414: /Applications/Xcode.app/Contents/Developer/Toolchains/XcodeDefault.xctoolchain/usr/bin/clang -isysroot /Applications/Xcode.app/Contents/Developer/Platforms/iPhoneOS.platform/Developer/SDKs/iPhoneOS9.0.sdk -arch arm64 -miphoneos-version-min=8.0 -fembed-bitcode  -c -g -O2  conftest.c >&5
configure:7414: $? = 0
configure:7414: result: yes
configure:7414: checking for unistd.h
configure:7414: /Applications/Xcode.app/Contents/Developer/Toolchains/XcodeDefault.xctoolchain/usr/bin/clang -isysroot /Applications/Xcode.app/Contents/Developer/Platforms/iPhoneOS.platform/Developer/SDKs/iPhoneOS9.0.sdk -arch arm64 -miphoneos-version-min=8.0 -fembed-bitcode  -c -g -O2  conftest.c >&5
configure:7414: $? = 0
configure:7414: result: yes
configure:7428: checking for dlfcn.h
configure:7428: /Applications/Xcode.app/Contents/Developer/Toolchains/XcodeDefault.xctoolchain/usr/bin/clang -isysroot /Applications/Xcode.app/Contents/Developer/Platforms/iPhoneOS.platform/Developer/SDKs/iPhoneOS9.0.sdk -arch arm64 -miphoneos-version-min=8.0 -fembed-bitcode  -c -g -O2  conftest.c >&5
configure:7428: $? = 0
configure:7428: result: yes
configure:7615: checking for objdir
configure:7630: result: .libs
configure:7901: checking if /Applications/Xcode.app/Contents/Developer/Toolchains/XcodeDefault.xctoolchain/usr/bin/clang -isysroot /Applications/Xcode.app/Contents/Developer/Platforms/iPhoneOS.platform/Developer/SDKs/iPhoneOS9.0.sdk -arch arm64 -miphoneos-version-min=8.0 -fembed-bitcode  supports -fno-rtti -fno-exceptions
configure:7919: /Applications/Xcode.app/Contents/Developer/Toolchains/XcodeDefault.xctoolchain/usr/bin/clang -isysroot /Applications/Xcode.app/Contents/Developer/Platforms/iPhoneOS.platform/Developer/SDKs/iPhoneOS9.0.sdk -arch arm64 -miphoneos-version-min=8.0 -fembed-bitcode  -c -g -O2  -fno-rtti -fno-exceptions conftest.c >&5
configure:7923: $? = 0
configure:7936: result: yes
configure:8246: checking for /Applications/Xcode.app/Contents/Developer/Toolchains/XcodeDefault.xctoolchain/usr/bin/clang -isysroot /Applications/Xcode.app/Contents/Developer/Platforms/iPhoneOS.platform/Developer/SDKs/iPhoneOS9.0.sdk -arch arm64 -miphoneos-version-min=8.0 -fembed-bitcode  option to produce PIC
configure:8253: result: -fno-common -DPIC
configure:8261: checking if /Applications/Xcode.app/Contents/Developer/Toolchains/XcodeDefault.xctoolchain/usr/bin/clang -isysroot /Applications/Xcode.app/Contents/Developer/Platforms/iPhoneOS.platform/Developer/SDKs/iPhoneOS9.0.sdk -arch arm64 -miphoneos-version-min=8.0 -fembed-bitcode  PIC flag -fno-common -DPIC works
configure:8279: /Applications/Xcode.app/Contents/Developer/Toolchains/XcodeDefault.xctoolchain/usr/bin/clang -isysroot /Applications/Xcode.app/Contents/Developer/Platforms/iPhoneOS.platform/Developer/SDKs/iPhoneOS9.0.sdk -arch arm64 -miphoneos-version-min=8.0 -fembed-bitcode  -c -g -O2  -fno-common -DPIC -DPIC conftest.c >&5
configure:8283: $? = 0
configure:8296: result: yes
configure:8325: checking if /Applications/Xcode.app/Contents/Developer/Toolchains/XcodeDefault.xctoolchain/usr/bin/clang -isysroot /Applications/Xcode.app/Contents/Developer/Platforms/iPhoneOS.platform/Developer/SDKs/iPhoneOS9.0.sdk -arch arm64 -miphoneos-version-min=8.0 -fembed-bitcode  static flag -static works
configure:8353: result: no
configure:8368: checking if /Applications/Xcode.app/Contents/Developer/Toolchains/XcodeDefault.xctoolchain/usr/bin/clang -isysroot /Applications/Xcode.app/Contents/Developer/Platforms/iPhoneOS.platform/Developer/SDKs/iPhoneOS9.0.sdk -arch arm64 -miphoneos-version-min=8.0 -fembed-bitcode  supports -c -o file.o
configure:8389: /Applications/Xcode.app/Contents/Developer/Toolchains/XcodeDefault.xctoolchain/usr/bin/clang -isysroot /Applications/Xcode.app/Contents/Developer/Platforms/iPhoneOS.platform/Developer/SDKs/iPhoneOS9.0.sdk -arch arm64 -miphoneos-version-min=8.0 -fembed-bitcode  -c -g -O2  -o out/conftest2.o conftest.c >&5
configure:8393: $? = 0
configure:8415: result: yes
configure:8423: checking if /Applications/Xcode.app/Contents/Developer/Toolchains/XcodeDefault.xctoolchain/usr/bin/clang -isysroot /Applications/Xcode.app/Contents/Developer/Platforms/iPhoneOS.platform/Developer/SDKs/iPhoneOS9.0.sdk -arch arm64 -miphoneos-version-min=8.0 -fembed-bitcode  supports -c -o file.o
configure:8470: result: yes
configure:8503: checking whether the /Applications/Xcode.app/Contents/Developer/Toolchains/XcodeDefault.xctoolchain/usr/bin/clang -isysroot /Applications/Xcode.app/Contents/Developer/Platforms/iPhoneOS.platform/Developer/SDKs/iPhoneOS9.0.sdk -arch arm64 -miphoneos-version-min=8.0 -fembed-bitcode  linker (/Applications/Xcode.app/Contents/Developer/Toolchains/XcodeDefault.xctoolchain/usr/bin/ld -isysroot /Applications/Xcode.app/Contents/Developer/Platforms/iPhoneOS.platform/Developer/SDKs/iPhoneOS9.0.sdk -arch arm64) supports shared libraries
configure:9662: result: yes
configure:9907: checking dynamic linker characteristics
configure:10665: result: darwin dyld
configure:10772: checking how to hardcode library paths into programs
configure:10797: result: immediate
configure:11337: checking whether stripping libraries is possible
configure:11351: result: yes
configure:11377: checking if libtool supports shared libraries
configure:11379: result: yes
configure:11382: checking whether to build shared libraries
configure:11403: result: no
configure:11406: checking whether to build static libraries
configure:11410: result: yes
configure:11465: checking for uint8_t in stdint.h
configure:11478: result: yes
configure:11647: checking for math functions in libm
configure:11660: /Applications/Xcode.app/Contents/Developer/Toolchains/XcodeDefault.xctoolchain/usr/bin/clang -isysroot /Applications/Xcode.app/Contents/Developer/Platforms/iPhoneOS.platform/Developer/SDKs/iPhoneOS9.0.sdk -arch arm64 -miphoneos-version-min=8.0 -fembed-bitcode  -o conftest -g -O2   conftest.c  -lm >&5
configure:11660: $? = 0
configure:11661: result: yes
configure:11701: checking whether to build any docs
configure:11714: result: yes
configure:11735: checking main docdir
configure:11747: result: ${prefix}/share/doc (FHS style)
configure:11759: checking package docdir
configure:11770: result: ${prefix}/share/doc/libexif (default style)
configure:11779: checking for dot
configure:11810: result: false
configure:11820: checking for doxygen
configure:11838: found /usr/local/bin/doxygen
configure:11851: result: /usr/local/bin/doxygen
configure:11911: checking whether to create internal code docs
configure:11913: result: no
configure:11943: checking whether NLS is requested
configure:11952: result: yes
configure:11990: checking for msgfmt
configure:12024: result: no
configure:12030: checking for gmsgfmt
configure:12061: result: :
configure:12101: checking for xgettext
configure:12135: result: no
configure:12172: checking for msgmerge
configure:12205: result: no
configure:12258: checking for po/Makevars requiring hack
configure:12265: result: no
configure:12310: checking for ld used by GCC
configure:12374: result: /Applications/Xcode.app/Contents/Developer/Toolchains/XcodeDefault.xctoolchain/usr/bin/ld -isysroot /Applications/Xcode.app/Contents/Developer/Platforms/iPhoneOS.platform/Developer/SDKs/iPhoneOS9.0.sdk -arch arm64
configure:12381: checking if the linker (/Applications/Xcode.app/Contents/Developer/Toolchains/XcodeDefault.xctoolchain/usr/bin/ld -isysroot /Applications/Xcode.app/Contents/Developer/Platforms/iPhoneOS.platform/Developer/SDKs/iPhoneOS9.0.sdk -arch arm64) is GNU ld
configure:12394: result: no
configure:12400: checking for shared library run path origin
configure:12413: result: done
configure:12829: checking whether NLS is requested
configure:12838: result: yes
configure:12856: checking for GNU gettext in libc
configure:12875: /Applications/Xcode.app/Contents/Developer/Toolchains/XcodeDefault.xctoolchain/usr/bin/clang -isysroot /Applications/Xcode.app/Contents/Developer/Platforms/iPhoneOS.platform/Developer/SDKs/iPhoneOS9.0.sdk -arch arm64 -miphoneos-version-min=8.0 -fembed-bitcode  -o conftest -g -O2   conftest.c  -lm >&5
conftest.c:23:10: fatal error: 'libintl.h' file not found
#include <libintl.h>
         ^
1 error generated.
configure:12875: $? = 1
configure: failed program was:
| /* confdefs.h */
| #define PACKAGE_NAME "EXIF library"
| #define PACKAGE_TARNAME "libexif"
| #define PACKAGE_VERSION "0.6.21"
| #define PACKAGE_STRING "EXIF library 0.6.21"
| #define PACKAGE_BUGREPORT "libexif-devel@lists.sourceforge.net"
| #define PACKAGE_URL ""
| #define PACKAGE "libexif"
| #define VERSION "0.6.21"
| #define STDC_HEADERS 1
| #define HAVE_SYS_TYPES_H 1
| #define HAVE_SYS_STAT_H 1
| #define HAVE_STDLIB_H 1
| #define HAVE_STRING_H 1
| #define HAVE_MEMORY_H 1
| #define HAVE_STRINGS_H 1
| #define HAVE_INTTYPES_H 1
| #define HAVE_STDINT_H 1
| #define HAVE_UNISTD_H 1
| #define HAVE_DLFCN_H 1
| #define LT_OBJDIR ".libs/"
| /* end confdefs.h.  */
| #include <libintl.h>
| extern int _nl_msg_cat_cntr;
| extern int *_nl_domain_bindings;
| int
| main ()
| {
| bindtextdomain ("", "");
| return (int) gettext ("") + _nl_msg_cat_cntr + *_nl_domain_bindings
|   ;
|   return 0;
| }
configure:12883: result: no
configure:12917: checking for iconv
configure:12939: /Applications/Xcode.app/Contents/Developer/Toolchains/XcodeDefault.xctoolchain/usr/bin/clang -isysroot /Applications/Xcode.app/Contents/Developer/Platforms/iPhoneOS.platform/Developer/SDKs/iPhoneOS9.0.sdk -arch arm64 -miphoneos-version-min=8.0 -fembed-bitcode  -o conftest -g -O2   conftest.c  -lm >&5
Undefined symbols for architecture arm64:
  "_iconv", referenced from:
      _main in conftest-e8bb00.o
  "_iconv_close", referenced from:
      _main in conftest-e8bb00.o
  "_iconv_open", referenced from:
      _main in conftest-e8bb00.o
ld: symbol(s) not found for architecture arm64
clang: error: linker command failed with exit code 1 (use -v to see invocation)
configure:12939: $? = 1
configure: failed program was:
| /* confdefs.h */
| #define PACKAGE_NAME "EXIF library"
| #define PACKAGE_TARNAME "libexif"
| #define PACKAGE_VERSION "0.6.21"
| #define PACKAGE_STRING "EXIF library 0.6.21"
| #define PACKAGE_BUGREPORT "libexif-devel@lists.sourceforge.net"
| #define PACKAGE_URL ""
| #define PACKAGE "libexif"
| #define VERSION "0.6.21"
| #define STDC_HEADERS 1
| #define HAVE_SYS_TYPES_H 1
| #define HAVE_SYS_STAT_H 1
| #define HAVE_STDLIB_H 1
| #define HAVE_STRING_H 1
| #define HAVE_MEMORY_H 1
| #define HAVE_STRINGS_H 1
| #define HAVE_INTTYPES_H 1
| #define HAVE_STDINT_H 1
| #define HAVE_UNISTD_H 1
| #define HAVE_DLFCN_H 1
| #define LT_OBJDIR ".libs/"
| /* end confdefs.h.  */
| #include <stdlib.h>
| #include <iconv.h>
| int
| main ()
| {
| iconv_t cd = iconv_open("","");
|        iconv(cd,NULL,NULL,NULL,NULL);
|        iconv_close(cd);
|   ;
|   return 0;
| }
configure:12961: /Applications/Xcode.app/Contents/Developer/Toolchains/XcodeDefault.xctoolchain/usr/bin/clang -isysroot /Applications/Xcode.app/Contents/Developer/Platforms/iPhoneOS.platform/Developer/SDKs/iPhoneOS9.0.sdk -arch arm64 -miphoneos-version-min=8.0 -fembed-bitcode  -o conftest -g -O2   conftest.c  -lm -liconv >&5
configure:12961: $? = 0
configure:12971: result: yes
configure:12979: checking how to link with libiconv
configure:12981: result: -liconv
configure:13370: checking for GNU gettext in libintl
configure:13397: /Applications/Xcode.app/Contents/Developer/Toolchains/XcodeDefault.xctoolchain/usr/bin/clang -isysroot /Applications/Xcode.app/Contents/Developer/Platforms/iPhoneOS.platform/Developer/SDKs/iPhoneOS9.0.sdk -arch arm64 -miphoneos-version-min=8.0 -fembed-bitcode  -o conftest -g -O2    conftest.c  -lm -lintl >&5
conftest.c:24:10: fatal error: 'libintl.h' file not found
#include <libintl.h>
         ^
1 error generated.
configure:13397: $? = 1
configure: failed program was:
| /* confdefs.h */
| #define PACKAGE_NAME "EXIF library"
| #define PACKAGE_TARNAME "libexif"
| #define PACKAGE_VERSION "0.6.21"
| #define PACKAGE_STRING "EXIF library 0.6.21"
| #define PACKAGE_BUGREPORT "libexif-devel@lists.sourceforge.net"
| #define PACKAGE_URL ""
| #define PACKAGE "libexif"
| #define VERSION "0.6.21"
| #define STDC_HEADERS 1
| #define HAVE_SYS_TYPES_H 1
| #define HAVE_SYS_STAT_H 1
| #define HAVE_STDLIB_H 1
| #define HAVE_STRING_H 1
| #define HAVE_MEMORY_H 1
| #define HAVE_STRINGS_H 1
| #define HAVE_INTTYPES_H 1
| #define HAVE_STDINT_H 1
| #define HAVE_UNISTD_H 1
| #define HAVE_DLFCN_H 1
| #define LT_OBJDIR ".libs/"
| #define HAVE_ICONV 1
| /* end confdefs.h.  */
| #include <libintl.h>
| extern int _nl_msg_cat_cntr;
| extern
| #ifdef __cplusplus
| "C"
| #endif
| const char *_nl_expand_alias ();
| int
| main ()
| {
| bindtextdomain ("", "");
| return (int) gettext ("") + _nl_msg_cat_cntr + *_nl_expand_alias (0)
|   ;
|   return 0;
| }
configure:13424: /Applications/Xcode.app/Contents/Developer/Toolchains/XcodeDefault.xctoolchain/usr/bin/clang -isysroot /Applications/Xcode.app/Contents/Developer/Platforms/iPhoneOS.platform/Developer/SDKs/iPhoneOS9.0.sdk -arch arm64 -miphoneos-version-min=8.0 -fembed-bitcode  -o conftest -g -O2    conftest.c  -lm -lintl -liconv >&5
conftest.c:24:10: fatal error: 'libintl.h' file not found
#include <libintl.h>
         ^
1 error generated.
configure:13424: $? = 1
configure: failed program was:
| /* confdefs.h */
| #define PACKAGE_NAME "EXIF library"
| #define PACKAGE_TARNAME "libexif"
| #define PACKAGE_VERSION "0.6.21"
| #define PACKAGE_STRING "EXIF library 0.6.21"
| #define PACKAGE_BUGREPORT "libexif-devel@lists.sourceforge.net"
| #define PACKAGE_URL ""
| #define PACKAGE "libexif"
| #define VERSION "0.6.21"
| #define STDC_HEADERS 1
| #define HAVE_SYS_TYPES_H 1
| #define HAVE_SYS_STAT_H 1
| #define HAVE_STDLIB_H 1
| #define HAVE_STRING_H 1
| #define HAVE_MEMORY_H 1
| #define HAVE_STRINGS_H 1
| #define HAVE_INTTYPES_H 1
| #define HAVE_STDINT_H 1
| #define HAVE_UNISTD_H 1
| #define HAVE_DLFCN_H 1
| #define LT_OBJDIR ".libs/"
| #define HAVE_ICONV 1
| /* end confdefs.h.  */
| #include <libintl.h>
| extern int _nl_msg_cat_cntr;
| extern
| #ifdef __cplusplus
| "C"
| #endif
| const char *_nl_expand_alias ();
| int
| main ()
| {
| bindtextdomain ("", "");
| return (int) gettext ("") + _nl_msg_cat_cntr + *_nl_expand_alias (0)
|   ;
|   return 0;
| }
configure:13436: result: no
configure:13463: checking whether to use NLS
configure:13465: result: no
configure:13566: checking for iconv
configure:13620: result: yes
configure:13628: checking how to link with libiconv
configure:13630: result: -liconv
configure:13641: checking for iconv declaration
configure:13670: /Applications/Xcode.app/Contents/Developer/Toolchains/XcodeDefault.xctoolchain/usr/bin/clang -isysroot /Applications/Xcode.app/Contents/Developer/Platforms/iPhoneOS.platform/Developer/SDKs/iPhoneOS9.0.sdk -arch arm64 -miphoneos-version-min=8.0 -fembed-bitcode  -c -g -O2  conftest.c >&5
configure:13670: $? = 0
configure:13681: result: 
         extern size_t iconv (iconv_t cd, char * *inbuf, size_t *inbytesleft, char * *outbuf, size_t *outbytesleft);
configure:13727: checking for localtime_r
configure:13727: /Applications/Xcode.app/Contents/Developer/Toolchains/XcodeDefault.xctoolchain/usr/bin/clang -isysroot /Applications/Xcode.app/Contents/Developer/Platforms/iPhoneOS.platform/Developer/SDKs/iPhoneOS9.0.sdk -arch arm64 -miphoneos-version-min=8.0 -fembed-bitcode  -o conftest -g -O2   conftest.c  -lm >&5
configure:13727: $? = 0
configure:13727: result: yes
configure:13909: creating ./config.status

## ---------------------- ##
## Running config.status. ##
## ---------------------- ##

This file was extended by EXIF library config.status 0.6.21, which was
generated by GNU Autoconf 2.68.  Invocation command line was

  CONFIG_FILES    = 
  CONFIG_HEADERS  = 
  CONFIG_LINKS    = 
  CONFIG_COMMANDS = 
  $ ./config.status 

on polbookpro

config.status:1155: creating po/Makefile.in
config.status:1263: WARNING:  'po/Makefile.in.in' seems to ignore the --datarootdir setting
config.status:1155: creating Makefile
config.status:1155: creating libexif.spec
config.status:1155: creating libexif/Makefile
config.status:1155: creating test/Makefile
config.status:1155: creating test/nls/Makefile
config.status:1155: creating m4m/Makefile
config.status:1155: creating doc/Makefile
config.status:1155: creating doc/Doxyfile
config.status:1155: creating doc/Doxyfile-internals
config.status:1155: creating libexif.pc
config.status:1155: creating libexif-uninstalled.pc
config.status:1155: creating binary/Makefile
config.status:1155: creating contrib/Makefile
config.status:1155: creating contrib/examples/Makefile
config.status:1155: creating config.h
config.status:1336: config.h is unchanged
config.status:1384: executing depfiles commands
config.status:1384: executing libtool commands
config.status:1384: executing default-1 commands

## ---------------- ##
## Cache variables. ##
## ---------------- ##

ac_cv_build=x86_64-apple-darwin14.5.0
ac_cv_c_compiler_gnu=yes
ac_cv_c_const=yes
ac_cv_c_inline=inline
ac_cv_env_CC_set=set
ac_cv_env_CC_value='/Applications/Xcode.app/Contents/Developer/Toolchains/XcodeDefault.xctoolchain/usr/bin/clang -isysroot /Applications/Xcode.app/Contents/Developer/Platforms/iPhoneOS.platform/Developer/SDKs/iPhoneOS9.0.sdk -arch arm64 -miphoneos-version-min=8.0 -fembed-bitcode '
ac_cv_env_CFLAGS_set=
ac_cv_env_CFLAGS_value=
ac_cv_env_CPPFLAGS_set=
ac_cv_env_CPPFLAGS_value=
ac_cv_env_CPP_set=set
ac_cv_env_CPP_value='/Applications/Xcode.app/Contents/Developer/Toolchains/XcodeDefault.xctoolchain/usr/bin/clang -E -isysroot /Applications/Xcode.app/Contents/Developer/Platforms/iPhoneOS.platform/Developer/SDKs/iPhoneOS9.0.sdk -arch arm64 -miphoneos-version-min=8.0 -fembed-bitcode '
ac_cv_env_LDFLAGS_set=
ac_cv_env_LDFLAGS_value=
ac_cv_env_LIBS_set=
ac_cv_env_LIBS_value=
ac_cv_env_build_alias_set=
ac_cv_env_build_alias_value=
ac_cv_env_host_alias_set=set
ac_cv_env_host_alias_value=arm-apple-darwin
ac_cv_env_target_alias_set=
ac_cv_env_target_alias_value=
ac_cv_func_localtime_r=yes
ac_cv_header_dlfcn_h=yes
ac_cv_header_inttypes_h=yes
ac_cv_header_memory_h=yes
ac_cv_header_stdc=yes
ac_cv_header_stdint_h=yes
ac_cv_header_stdlib_h=yes
ac_cv_header_string_h=yes
ac_cv_header_strings_h=yes
ac_cv_header_sys_stat_h=yes
ac_cv_header_sys_types_h=yes
ac_cv_header_unistd_h=yes
ac_cv_host=arm-apple-darwin
ac_cv_objext=o
ac_cv_path_DOT=false
ac_cv_path_DOXYGEN=/usr/local/bin/doxygen
ac_cv_path_EGREP='/usr/bin/grep -E'
ac_cv_path_FGREP='/usr/bin/grep -F'
ac_cv_path_GMSGFMT=:
ac_cv_path_GREP=/usr/bin/grep
ac_cv_path_MSGFMT=:
ac_cv_path_MSGMERGE=:
ac_cv_path_SED=/usr/bin/sed
ac_cv_path_XGETTEXT=:
ac_cv_path_install='/usr/bin/install -c'
ac_cv_prog_AR=/Applications/Xcode.app/Contents/Developer/Toolchains/XcodeDefault.xctoolchain/usr/bin/ar
ac_cv_prog_AWK=awk
ac_cv_prog_CC='/Applications/Xcode.app/Contents/Developer/Toolchains/XcodeDefault.xctoolchain/usr/bin/clang -isysroot /Applications/Xcode.app/Contents/Developer/Platforms/iPhoneOS.platform/Developer/SDKs/iPhoneOS9.0.sdk -arch arm64 -miphoneos-version-min=8.0 -fembed-bitcode '
ac_cv_prog_CPP='/Applications/Xcode.app/Contents/Developer/Toolchains/XcodeDefault.xctoolchain/usr/bin/clang -E -isysroot /Applications/Xcode.app/Contents/Developer/Platforms/iPhoneOS.platform/Developer/SDKs/iPhoneOS9.0.sdk -arch arm64 -miphoneos-version-min=8.0 -fembed-bitcode '
ac_cv_prog_LIPO=/Applications/Xcode.app/Contents/Developer/Toolchains/XcodeDefault.xctoolchain/usr/bin/lipo
ac_cv_prog_RANLIB=/Applications/Xcode.app/Contents/Developer/Toolchains/XcodeDefault.xctoolchain/usr/bin/ranlib
ac_cv_prog_STRIP=/Applications/Xcode.app/Contents/Developer/Toolchains/XcodeDefault.xctoolchain/usr/bin/strip
ac_cv_prog_ac_ct_DSYMUTIL=dsymutil
ac_cv_prog_ac_ct_DUMPBIN='link -dump'
ac_cv_prog_ac_ct_NMEDIT=nmedit
ac_cv_prog_ac_ct_OTOOL=otool
ac_cv_prog_cc_c89=
ac_cv_prog_cc_g=yes
ac_cv_prog_make_make_set=yes
ac_cv_type_uint8_t=yes
acl_cv_hardcode_direct=no
acl_cv_hardcode_libdir_flag_spec=
acl_cv_hardcode_libdir_separator=
acl_cv_hardcode_minus_L=no
acl_cv_libext=a
acl_cv_path_LD='/Applications/Xcode.app/Contents/Developer/Toolchains/XcodeDefault.xctoolchain/usr/bin/ld -isysroot /Applications/Xcode.app/Contents/Developer/Platforms/iPhoneOS.platform/Developer/SDKs/iPhoneOS9.0.sdk -arch arm64'
acl_cv_prog_gnu_ld=no
acl_cv_rpath=done
acl_cv_shlibext=dylib
acl_cv_wl=-Wl,
am_cv_CC_dependencies_compiler_type=gcc3
am_cv_func_iconv=yes
am_cv_lib_iconv=yes
am_cv_proto_iconv='extern size_t iconv (iconv_t cd, char * *inbuf, size_t *inbytesleft, char * *outbuf, size_t *outbytesleft);'
am_cv_proto_iconv_arg1=
gt_cv_func_gnugettext1_libc=no
gt_cv_func_gnugettext1_libintl=no
lt_cv_apple_cc_single_mod=yes
lt_cv_ar_at_file=no
lt_cv_deplibs_check_method=pass_all
lt_cv_file_magic_cmd='$MAGIC_CMD'
lt_cv_file_magic_test_file=
lt_cv_ld_exported_symbols_list=yes
lt_cv_ld_force_load=no
lt_cv_ld_reload_flag=-r
lt_cv_nm_interface='BSD nm'
lt_cv_objdir=.libs
lt_cv_path_LD='/Applications/Xcode.app/Contents/Developer/Toolchains/XcodeDefault.xctoolchain/usr/bin/ld -isysroot /Applications/Xcode.app/Contents/Developer/Platforms/iPhoneOS.platform/Developer/SDKs/iPhoneOS9.0.sdk -arch arm64'
lt_cv_path_NM=no
lt_cv_path_mainfest_tool=no
lt_cv_prog_compiler_c_o=yes
lt_cv_prog_compiler_pic='-fno-common -DPIC'
lt_cv_prog_compiler_pic_works=yes
lt_cv_prog_compiler_rtti_exceptions=yes
lt_cv_prog_compiler_static_works=no
lt_cv_prog_gnu_ld=no
lt_cv_sharedlib_from_linklib_cmd='printf %s\n'
lt_cv_sys_global_symbol_pipe='sed -n -e '\''s/^.*[	 ]\([BCDEGRST][BCDEGRST]*\)[	 ][	 ]*_\([_A-Za-z][_A-Za-z0-9]*\)$/\1 _\2 \2/p'\'' | sed '\''/ __gnu_lto/d'\'''
lt_cv_sys_global_symbol_to_c_name_address='sed -n -e '\''s/^: \([^ ]*\)[ ]*$/  {\"\1\", (void *) 0},/p'\'' -e '\''s/^[BCDEGRST]* \([^ ]*\) \([^ ]*\)$/  {"\2", (void *) \&\2},/p'\'''
lt_cv_sys_global_symbol_to_c_name_address_lib_prefix='sed -n -e '\''s/^: \([^ ]*\)[ ]*$/  {\"\1\", (void *) 0},/p'\'' -e '\''s/^[BCDEGRST]* \([^ ]*\) \(lib[^ ]*\)$/  {"\2", (void *) \&\2},/p'\'' -e '\''s/^[BCDEGRST]* \([^ ]*\) \([^ ]*\)$/  {"lib\2", (void *) \&\2},/p'\'''
lt_cv_sys_global_symbol_to_cdecl='sed -n -e '\''s/^T .* \(.*\)$/extern int \1();/p'\'' -e '\''s/^[BCDEGRST]* .* \(.*\)$/extern char \1;/p'\'''
lt_cv_sys_max_cmd_len=196608
lt_cv_to_host_file_cmd=func_convert_file_noop
lt_cv_to_tool_file_cmd=func_convert_file_noop

## ----------------- ##
## Output variables. ##
## ----------------- ##

ACLOCAL='${SHELL} /Users/pol/Source/Libraries/libexif/libexif-0.6.21/missing --run aclocal-1.11'
AMDEPBACKSLASH='\'
AMDEP_FALSE='#'
AMDEP_TRUE=''
AMTAR='${SHELL} /Users/pol/Source/Libraries/libexif/libexif-0.6.21/missing --run tar'
AM_BACKSLASH='\'
AM_CPPFLAGS=' -DGETTEXT_PACKAGE=\"libexif-12\" -DLOCALEDIR=\"$(datadir)/locale\" -I$(top_srcdir) -I$(top_builddir) -g -Wall -Wmissing-declarations -Wmissing-prototypes'
AM_DEFAULT_VERBOSITY='1'
AM_LDFLAGS=' -g -Wall'
AR='/Applications/Xcode.app/Contents/Developer/Toolchains/XcodeDefault.xctoolchain/usr/bin/ar'
AUTOCONF='${SHELL} /Users/pol/Source/Libraries/libexif/libexif-0.6.21/missing --run autoconf'
AUTOHEADER='${SHELL} /Users/pol/Source/Libraries/libexif/libexif-0.6.21/missing --run autoheader'
AUTOMAKE='${SHELL} /Users/pol/Source/Libraries/libexif/libexif-0.6.21/missing --run automake-1.11'
AWK='awk'
BUILD_DOCS_FALSE='#'
BUILD_DOCS_TRUE=''
CC='/Applications/Xcode.app/Contents/Developer/Toolchains/XcodeDefault.xctoolchain/usr/bin/clang -isysroot /Applications/Xcode.app/Contents/Developer/Platforms/iPhoneOS.platform/Developer/SDKs/iPhoneOS9.0.sdk -arch arm64 -miphoneos-version-min=8.0 -fembed-bitcode '
CCDEPMODE='depmode=gcc3'
CFLAGS='-g -O2'
CPP='/Applications/Xcode.app/Contents/Developer/Toolchains/XcodeDefault.xctoolchain/usr/bin/clang -E -isysroot /Applications/Xcode.app/Contents/Developer/Platforms/iPhoneOS.platform/Developer/SDKs/iPhoneOS9.0.sdk -arch arm64 -miphoneos-version-min=8.0 -fembed-bitcode '
CPPFLAGS=''
CYGPATH_W='echo'
DEFS='-DHAVE_CONFIG_H'
DEPDIR='.deps'
DLLTOOL='false'
DOT='false'
DOXYGEN='/usr/local/bin/doxygen'
DOXYGEN_OUTPUT_DIR='doxygen-output'
DSYMUTIL='dsymutil'
DUMPBIN=':'
ECHO_C='\c'
ECHO_N=''
ECHO_T=''
EGREP='/usr/bin/grep -E'
ENABLE_INTERNAL_DOCS_FALSE=''
ENABLE_INTERNAL_DOCS_TRUE='#'
EXEEXT=''
FGREP='/usr/bin/grep -F'
GETTEXT_PACKAGE='libexif-12'
GMSGFMT=':'
GREP='/usr/bin/grep'
HAVE_DOT='NO'
HAVE_DOT_FALSE=''
HAVE_DOT_TRUE='#'
HAVE_DOXYGEN_FALSE='#'
HAVE_DOXYGEN_TRUE=''
HTML_APIDOC_DIR='libexif-api.html'
HTML_APIDOC_INTERNALS_DIR='libexif-internals.html'
INSTALL_DATA='${INSTALL} -m 644'
INSTALL_PROGRAM='${INSTALL}'
INSTALL_SCRIPT='${INSTALL}'
INSTALL_STRIP_PROGRAM='$(install_sh) -c -s'
INTLLIBS=''
LD='/Applications/Xcode.app/Contents/Developer/Toolchains/XcodeDefault.xctoolchain/usr/bin/ld -isysroot /Applications/Xcode.app/Contents/Developer/Platforms/iPhoneOS.platform/Developer/SDKs/iPhoneOS9.0.sdk -arch arm64'
LDFLAGS=''
LIBEXIF_AGE='3'
LIBEXIF_CURRENT='15'
LIBEXIF_CURRENT_MIN='12'
LIBEXIF_REVISION='3'
LIBEXIF_VERSION_INFO='15:3:3'
LIBICONV='-liconv'
LIBINTL=''
LIBOBJS=''
LIBS=' -lm'
LIBTOOL='$(SHELL) $(top_builddir)/libtool'
LIPO='/Applications/Xcode.app/Contents/Developer/Toolchains/XcodeDefault.xctoolchain/usr/bin/lipo'
LN_S='ln -s'
LTLIBICONV='-liconv'
LTLIBINTL=''
LTLIBOBJS=''
MAINT='#'
MAINTAINER_MODE_FALSE=''
MAINTAINER_MODE_TRUE='#'
MAKEINFO='${SHELL} /Users/pol/Source/Libraries/libexif/libexif-0.6.21/missing --run makeinfo'
MANIFEST_TOOL=':'
MKDIR_P='./install-sh -c -d'
MKINSTALLDIRS='$(top_builddir)/./mkinstalldirs'
MSGFMT=':'
MSGMERGE=':'
NM='nm'
NMEDIT='nmedit'
OBJDUMP='false'
OBJEXT='o'
OTOOL64=':'
OTOOL='otool'
PACKAGE='libexif'
PACKAGE_BUGREPORT='libexif-devel@lists.sourceforge.net'
PACKAGE_NAME='EXIF library'
PACKAGE_STRING='EXIF library 0.6.21'
PACKAGE_TARNAME='libexif'
PACKAGE_URL=''
PACKAGE_VERSION='0.6.21'
PATH_SEPARATOR=':'
POSUB=''
RANLIB='/Applications/Xcode.app/Contents/Developer/Toolchains/XcodeDefault.xctoolchain/usr/bin/ranlib'
SED='/usr/bin/sed'
SET_MAKE=''
SHELL='/bin/sh'
SHIP_BINARIES_FALSE=''
SHIP_BINARIES_TRUE='#'
STRIP='/Applications/Xcode.app/Contents/Developer/Toolchains/XcodeDefault.xctoolchain/usr/bin/strip'
USE_NLS='no'
VERSION='0.6.21'
XGETTEXT=':'
ac_ct_AR=''
ac_ct_CC=''
ac_ct_DUMPBIN='link -dump'
am__EXEEXT_FALSE=''
am__EXEEXT_TRUE='#'
am__fastdepCC_FALSE='#'
am__fastdepCC_TRUE=''
am__include='include'
am__isrc=''
am__leading_dot='.'
am__quote=''
am__tar='${AMTAR} chof - "$$tardir"'
am__untar='${AMTAR} xf -'
bindir='${exec_prefix}/bin'
build='x86_64-apple-darwin14.5.0'
build_alias=''
build_cpu='x86_64'
build_os='darwin14.5.0'
build_vendor='apple'
datadir='${datarootdir}'
datarootdir='${prefix}/share'
docdir='${prefix}/share/doc/libexif'
dvidir='${docdir}'
exec_prefix='${prefix}'
host='arm-apple-darwin'
host_alias='arm-apple-darwin'
host_cpu='arm'
host_os='darwin'
host_vendor='apple'
htmldir='${docdir}'
includedir='${prefix}/include'
infodir='${datarootdir}/info'
install_sh='${SHELL} /Users/pol/Source/Libraries/libexif/libexif-0.6.21/install-sh'
libdir='${exec_prefix}/lib'
libexecdir='${exec_prefix}/libexec'
localedir='$(datadir)/locale'
localstatedir='${prefix}/var'
mandir='${datarootdir}/man'
mkdir_p='$(top_builddir)/./install-sh -c -d'
oldincludedir='/usr/include'
pdfdir='${docdir}'
prefix='/Users/pol/Source/Libraries/libexif/libexif-0.6.21/../iPhoneOS-arm64'
program_transform_name='s,x,x,'
psdir='${docdir}'
sbindir='${exec_prefix}/sbin'
sharedstatedir='${prefix}/com'
sysconfdir='${prefix}/etc'
target_alias=''

## ----------- ##
## confdefs.h. ##
## ----------- ##

/* confdefs.h */
#define PACKAGE_NAME "EXIF library"
#define PACKAGE_TARNAME "libexif"
#define PACKAGE_VERSION "0.6.21"
#define PACKAGE_STRING "EXIF library 0.6.21"
#define PACKAGE_BUGREPORT "libexif-devel@lists.sourceforge.net"
#define PACKAGE_URL ""
#define PACKAGE "libexif"
#define VERSION "0.6.21"
#define STDC_HEADERS 1
#define HAVE_SYS_TYPES_H 1
#define HAVE_SYS_STAT_H 1
#define HAVE_STDLIB_H 1
#define HAVE_STRING_H 1
#define HAVE_MEMORY_H 1
#define HAVE_STRINGS_H 1
#define HAVE_INTTYPES_H 1
#define HAVE_STDINT_H 1
#define HAVE_UNISTD_H 1
#define HAVE_DLFCN_H 1
#define LT_OBJDIR ".libs/"
#define HAVE_ICONV 1
#define HAVE_ICONV 1
#define ICONV_CONST 
#define HAVE_LOCALTIME_R 1

configure: exit 0
