This file contains any messages produced by compilers while
running configure, to aid debugging if configure makes a mistake.

It was created by Protocol Buffers configure 2.6.1, which was
generated by GNU Autoconf 2.69.  Invocation command line was

  $ ./configure --prefix=/Users/pol/Source/Libraries/libprotobuf/protobuf-2.6.1/../iPhoneSimulator-x86_64 --host=i386-apple-darwin --enable-static --disable-shared --with-protoc=/Users/pol/Source/Libraries/libprotobuf/protobuf-2.6.1/../MacOSX/bin/protoc

## --------- ##
## Platform. ##
## --------- ##

hostname = polbookpro
uname -m = x86_64
uname -r = 14.5.0
uname -s = Darwin
uname -v = Darwin Kernel Version 14.5.0: Wed Jul 29 02:26:53 PDT 2015; root:xnu-2782.40.9~1/RELEASE_X86_64

/usr/bin/uname -p = i386
/bin/uname -X     = unknown

/bin/arch              = unknown
/usr/bin/arch -k       = unknown
/usr/convex/getsysinfo = unknown
/usr/bin/hostinfo      = Mach kernel version:
	 Darwin Kernel Version 14.5.0: Wed Jul 29 02:26:53 PDT 2015; root:xnu-2782.40.9~1/RELEASE_X86_64
Kernel configured for up to 8 processors.
4 processors are physically available.
8 processors are logically available.
Processor type: x86_64h (Intel x86-64h Haswell)
Processors active: 0 1 2 3 4 5 6 7
Primary memory available: 16.00 gigabytes
Default processor set: 312 tasks, 1862 threads, 8 processors
Load average: 2.01, Mach factor: 5.98
/bin/machine           = unknown
/usr/bin/oslevel       = unknown
/bin/universe          = unknown

PATH: /usr/local/bin
PATH: /usr/bin
PATH: /bin
PATH: /usr/sbin
PATH: /sbin
PATH: /opt/X11/bin
PATH: /usr/local/go/bin
PATH: /Users/pol/Source/_go/bin


## ----------- ##
## Core tests. ##
## ----------- ##

configure:2483: checking whether to enable maintainer-specific portions of Makefiles
configure:2492: result: yes
configure:2553: checking build system type
configure:2567: result: x86_64-apple-darwin14.5.0
configure:2587: checking host system type
configure:2600: result: i386-apple-darwin
configure:2620: checking target system type
configure:2633: result: i386-apple-darwin
configure:2676: checking for a BSD-compatible install
configure:2744: result: /usr/bin/install -c
configure:2755: checking whether build environment is sane
configure:2810: result: yes
configure:2869: checking for i386-apple-darwin-strip
configure:2896: result: /Applications/Xcode.app/Contents/Developer/Toolchains/XcodeDefault.xctoolchain/usr/bin/strip
configure:2961: checking for a thread-safe mkdir -p
configure:3000: result: ./install-sh -c -d
configure:3007: checking for gawk
configure:3037: result: no
configure:3007: checking for mawk
configure:3037: result: no
configure:3007: checking for nawk
configure:3037: result: no
configure:3007: checking for awk
configure:3023: found /usr/bin/awk
configure:3034: result: awk
configure:3045: checking whether make sets $(MAKE)
configure:3067: result: yes
configure:3096: checking whether make supports nested variables
configure:3113: result: yes
configure:3266: checking for i386-apple-darwin-gcc
configure:3293: result: /Applications/Xcode.app/Contents/Developer/Toolchains/XcodeDefault.xctoolchain/usr/bin/clang -isysroot /Applications/Xcode.app/Contents/Developer/Platforms/iPhoneSimulator.platform/Developer/SDKs/iPhoneSimulator9.0.sdk -arch x86_64 -mios-simulator-version-min=8.0 
configure:3562: checking for C compiler version
configure:3571: /Applications/Xcode.app/Contents/Developer/Toolchains/XcodeDefault.xctoolchain/usr/bin/clang -isysroot /Applications/Xcode.app/Contents/Developer/Platforms/iPhoneSimulator.platform/Developer/SDKs/iPhoneSimulator9.0.sdk -arch x86_64 -mios-simulator-version-min=8.0  --version >&5
Apple LLVM version 7.0.0 (clang-700.0.72)
Target: x86_64-apple-darwin14.5.0
Thread model: posix
configure:3582: $? = 0
configure:3571: /Applications/Xcode.app/Contents/Developer/Toolchains/XcodeDefault.xctoolchain/usr/bin/clang -isysroot /Applications/Xcode.app/Contents/Developer/Platforms/iPhoneSimulator.platform/Developer/SDKs/iPhoneSimulator9.0.sdk -arch x86_64 -mios-simulator-version-min=8.0  -v >&5
Apple LLVM version 7.0.0 (clang-700.0.72)
Target: x86_64-apple-darwin14.5.0
Thread model: posix
clang: warning: argument unused during compilation: '-isysroot /Applications/Xcode.app/Contents/Developer/Platforms/iPhoneSimulator.platform/Developer/SDKs/iPhoneSimulator9.0.sdk'
clang: warning: argument unused during compilation: '-miphoneos-version-min=8.0'
configure:3582: $? = 0
configure:3571: /Applications/Xcode.app/Contents/Developer/Toolchains/XcodeDefault.xctoolchain/usr/bin/clang -isysroot /Applications/Xcode.app/Contents/Developer/Platforms/iPhoneSimulator.platform/Developer/SDKs/iPhoneSimulator9.0.sdk -arch x86_64 -mios-simulator-version-min=8.0  -V >&5
clang: error: argument to '-V' is missing (expected 1 value)
clang: error: no input files
configure:3582: $? = 1
configure:3571: /Applications/Xcode.app/Contents/Developer/Toolchains/XcodeDefault.xctoolchain/usr/bin/clang -isysroot /Applications/Xcode.app/Contents/Developer/Platforms/iPhoneSimulator.platform/Developer/SDKs/iPhoneSimulator9.0.sdk -arch x86_64 -mios-simulator-version-min=8.0  -qversion >&5
clang: error: unknown argument: '-qversion'
clang: error: no input files
configure:3582: $? = 1
configure:3602: checking whether the C compiler works
configure:3624: /Applications/Xcode.app/Contents/Developer/Toolchains/XcodeDefault.xctoolchain/usr/bin/clang -isysroot /Applications/Xcode.app/Contents/Developer/Platforms/iPhoneSimulator.platform/Developer/SDKs/iPhoneSimulator9.0.sdk -arch x86_64 -mios-simulator-version-min=8.0     conftest.c  >&5
configure:3628: $? = 0
configure:3676: result: yes
configure:3679: checking for C compiler default output file name
configure:3681: result: a.out
configure:3687: checking for suffix of executables
configure:3694: /Applications/Xcode.app/Contents/Developer/Toolchains/XcodeDefault.xctoolchain/usr/bin/clang -isysroot /Applications/Xcode.app/Contents/Developer/Platforms/iPhoneSimulator.platform/Developer/SDKs/iPhoneSimulator9.0.sdk -arch x86_64 -mios-simulator-version-min=8.0  -o conftest    conftest.c  >&5
configure:3698: $? = 0
configure:3720: result: 
configure:3742: checking whether we are cross compiling
configure:3750: /Applications/Xcode.app/Contents/Developer/Toolchains/XcodeDefault.xctoolchain/usr/bin/clang -isysroot /Applications/Xcode.app/Contents/Developer/Platforms/iPhoneSimulator.platform/Developer/SDKs/iPhoneSimulator9.0.sdk -arch x86_64 -mios-simulator-version-min=8.0  -o conftest    conftest.c  >&5
configure:3754: $? = 0
configure:3761: ./conftest
configure:3765: $? = 0
configure:3780: result: no
configure:3785: checking for suffix of object files
configure:3807: /Applications/Xcode.app/Contents/Developer/Toolchains/XcodeDefault.xctoolchain/usr/bin/clang -isysroot /Applications/Xcode.app/Contents/Developer/Platforms/iPhoneSimulator.platform/Developer/SDKs/iPhoneSimulator9.0.sdk -arch x86_64 -mios-simulator-version-min=8.0  -c   conftest.c >&5
configure:3811: $? = 0
configure:3832: result: o
configure:3836: checking whether we are using the GNU C compiler
configure:3855: /Applications/Xcode.app/Contents/Developer/Toolchains/XcodeDefault.xctoolchain/usr/bin/clang -isysroot /Applications/Xcode.app/Contents/Developer/Platforms/iPhoneSimulator.platform/Developer/SDKs/iPhoneSimulator9.0.sdk -arch x86_64 -mios-simulator-version-min=8.0  -c   conftest.c >&5
configure:3855: $? = 0
configure:3864: result: yes
configure:3873: checking whether /Applications/Xcode.app/Contents/Developer/Toolchains/XcodeDefault.xctoolchain/usr/bin/clang -isysroot /Applications/Xcode.app/Contents/Developer/Platforms/iPhoneSimulator.platform/Developer/SDKs/iPhoneSimulator9.0.sdk -arch x86_64 -mios-simulator-version-min=8.0  accepts -g
configure:3893: /Applications/Xcode.app/Contents/Developer/Toolchains/XcodeDefault.xctoolchain/usr/bin/clang -isysroot /Applications/Xcode.app/Contents/Developer/Platforms/iPhoneSimulator.platform/Developer/SDKs/iPhoneSimulator9.0.sdk -arch x86_64 -mios-simulator-version-min=8.0  -c -g  conftest.c >&5
configure:3893: $? = 0
configure:3934: result: yes
configure:3951: checking for /Applications/Xcode.app/Contents/Developer/Toolchains/XcodeDefault.xctoolchain/usr/bin/clang -isysroot /Applications/Xcode.app/Contents/Developer/Platforms/iPhoneSimulator.platform/Developer/SDKs/iPhoneSimulator9.0.sdk -arch x86_64 -mios-simulator-version-min=8.0  option to accept ISO C89
configure:4014: /Applications/Xcode.app/Contents/Developer/Toolchains/XcodeDefault.xctoolchain/usr/bin/clang -isysroot /Applications/Xcode.app/Contents/Developer/Platforms/iPhoneSimulator.platform/Developer/SDKs/iPhoneSimulator9.0.sdk -arch x86_64 -mios-simulator-version-min=8.0   -c   conftest.c >&5
configure:4014: $? = 0
configure:4027: result: none needed
configure:4052: checking whether /Applications/Xcode.app/Contents/Developer/Toolchains/XcodeDefault.xctoolchain/usr/bin/clang -isysroot /Applications/Xcode.app/Contents/Developer/Platforms/iPhoneSimulator.platform/Developer/SDKs/iPhoneSimulator9.0.sdk -arch x86_64 -mios-simulator-version-min=8.0  understands -c and -o together
configure:4074: /Applications/Xcode.app/Contents/Developer/Toolchains/XcodeDefault.xctoolchain/usr/bin/clang -isysroot /Applications/Xcode.app/Contents/Developer/Platforms/iPhoneSimulator.platform/Developer/SDKs/iPhoneSimulator9.0.sdk -arch x86_64 -mios-simulator-version-min=8.0  -c conftest.c -o conftest2.o
configure:4077: $? = 0
configure:4074: /Applications/Xcode.app/Contents/Developer/Toolchains/XcodeDefault.xctoolchain/usr/bin/clang -isysroot /Applications/Xcode.app/Contents/Developer/Platforms/iPhoneSimulator.platform/Developer/SDKs/iPhoneSimulator9.0.sdk -arch x86_64 -mios-simulator-version-min=8.0  -c conftest.c -o conftest2.o
configure:4077: $? = 0
configure:4089: result: yes
configure:4117: checking for style of include used by make
configure:4145: result: GNU
configure:4171: checking dependency style of /Applications/Xcode.app/Contents/Developer/Toolchains/XcodeDefault.xctoolchain/usr/bin/clang -isysroot /Applications/Xcode.app/Contents/Developer/Platforms/iPhoneSimulator.platform/Developer/SDKs/iPhoneSimulator9.0.sdk -arch x86_64 -mios-simulator-version-min=8.0 
configure:4282: result: gcc3
configure:4409: checking for C++ compiler version
configure:4418: /Applications/Xcode.app/Contents/Developer/Toolchains/XcodeDefault.xctoolchain/usr/bin/clang++ -isysroot /Applications/Xcode.app/Contents/Developer/Platforms/iPhoneSimulator.platform/Developer/SDKs/iPhoneSimulator9.0.sdk -arch x86_64 -mios-simulator-version-min=8.0  --version >&5
Apple LLVM version 7.0.0 (clang-700.0.72)
Target: x86_64-apple-darwin14.5.0
Thread model: posix
configure:4429: $? = 0
configure:4418: /Applications/Xcode.app/Contents/Developer/Toolchains/XcodeDefault.xctoolchain/usr/bin/clang++ -isysroot /Applications/Xcode.app/Contents/Developer/Platforms/iPhoneSimulator.platform/Developer/SDKs/iPhoneSimulator9.0.sdk -arch x86_64 -mios-simulator-version-min=8.0  -v >&5
Apple LLVM version 7.0.0 (clang-700.0.72)
Target: x86_64-apple-darwin14.5.0
Thread model: posix
clang: warning: argument unused during compilation: '-isysroot /Applications/Xcode.app/Contents/Developer/Platforms/iPhoneSimulator.platform/Developer/SDKs/iPhoneSimulator9.0.sdk'
clang: warning: argument unused during compilation: '-miphoneos-version-min=8.0'
configure:4429: $? = 0
configure:4418: /Applications/Xcode.app/Contents/Developer/Toolchains/XcodeDefault.xctoolchain/usr/bin/clang++ -isysroot /Applications/Xcode.app/Contents/Developer/Platforms/iPhoneSimulator.platform/Developer/SDKs/iPhoneSimulator9.0.sdk -arch x86_64 -mios-simulator-version-min=8.0  -V >&5
clang: error: argument to '-V' is missing (expected 1 value)
clang: error: no input files
configure:4429: $? = 1
configure:4418: /Applications/Xcode.app/Contents/Developer/Toolchains/XcodeDefault.xctoolchain/usr/bin/clang++ -isysroot /Applications/Xcode.app/Contents/Developer/Platforms/iPhoneSimulator.platform/Developer/SDKs/iPhoneSimulator9.0.sdk -arch x86_64 -mios-simulator-version-min=8.0  -qversion >&5
clang: error: unknown argument: '-qversion'
clang: error: no input files
configure:4429: $? = 1
configure:4433: checking whether we are using the GNU C++ compiler
configure:4452: /Applications/Xcode.app/Contents/Developer/Toolchains/XcodeDefault.xctoolchain/usr/bin/clang++ -isysroot /Applications/Xcode.app/Contents/Developer/Platforms/iPhoneSimulator.platform/Developer/SDKs/iPhoneSimulator9.0.sdk -arch x86_64 -mios-simulator-version-min=8.0  -c   conftest.cpp >&5
configure:4452: $? = 0
configure:4461: result: yes
configure:4470: checking whether /Applications/Xcode.app/Contents/Developer/Toolchains/XcodeDefault.xctoolchain/usr/bin/clang++ -isysroot /Applications/Xcode.app/Contents/Developer/Platforms/iPhoneSimulator.platform/Developer/SDKs/iPhoneSimulator9.0.sdk -arch x86_64 -mios-simulator-version-min=8.0  accepts -g
configure:4490: /Applications/Xcode.app/Contents/Developer/Toolchains/XcodeDefault.xctoolchain/usr/bin/clang++ -isysroot /Applications/Xcode.app/Contents/Developer/Platforms/iPhoneSimulator.platform/Developer/SDKs/iPhoneSimulator9.0.sdk -arch x86_64 -mios-simulator-version-min=8.0  -c -g  conftest.cpp >&5
configure:4490: $? = 0
configure:4531: result: yes
configure:4556: checking dependency style of /Applications/Xcode.app/Contents/Developer/Toolchains/XcodeDefault.xctoolchain/usr/bin/clang++ -isysroot /Applications/Xcode.app/Contents/Developer/Platforms/iPhoneSimulator.platform/Developer/SDKs/iPhoneSimulator9.0.sdk -arch x86_64 -mios-simulator-version-min=8.0 
configure:4667: result: gcc3
configure:4694: checking how to run the C++ preprocessor
configure:4760: result: /Applications/Xcode.app/Contents/Developer/Toolchains/XcodeDefault.xctoolchain/usr/bin/clang -E -isysroot /Applications/Xcode.app/Contents/Developer/Platforms/iPhoneSimulator.platform/Developer/SDKs/iPhoneSimulator9.0.sdk -arch x86_64 -mios-simulator-version-min=8.0 
configure:4780: /Applications/Xcode.app/Contents/Developer/Toolchains/XcodeDefault.xctoolchain/usr/bin/clang -E -isysroot /Applications/Xcode.app/Contents/Developer/Platforms/iPhoneSimulator.platform/Developer/SDKs/iPhoneSimulator9.0.sdk -arch x86_64 -mios-simulator-version-min=8.0   conftest.cpp
configure:4780: $? = 0
configure:4794: /Applications/Xcode.app/Contents/Developer/Toolchains/XcodeDefault.xctoolchain/usr/bin/clang -E -isysroot /Applications/Xcode.app/Contents/Developer/Platforms/iPhoneSimulator.platform/Developer/SDKs/iPhoneSimulator9.0.sdk -arch x86_64 -mios-simulator-version-min=8.0   conftest.cpp
conftest.cpp:11:10: fatal error: 'ac_nonexistent.h' file not found
#include <ac_nonexistent.h>
         ^
1 error generated.
configure:4794: $? = 1
configure: failed program was:
| /* confdefs.h */
| #define PACKAGE_NAME "Protocol Buffers"
| #define PACKAGE_TARNAME "protobuf"
| #define PACKAGE_VERSION "2.6.1"
| #define PACKAGE_STRING "Protocol Buffers 2.6.1"
| #define PACKAGE_BUGREPORT "protobuf@googlegroups.com"
| #define PACKAGE_URL ""
| #define PACKAGE "protobuf"
| #define VERSION "2.6.1"
| /* end confdefs.h.  */
| #include <ac_nonexistent.h>
configure:4823: checking for grep that handles long lines and -e
configure:4881: result: /usr/bin/grep
configure:4886: checking for egrep
configure:4948: result: /usr/bin/grep -E
configure:4953: checking for ANSI C header files
configure:4973: /Applications/Xcode.app/Contents/Developer/Toolchains/XcodeDefault.xctoolchain/usr/bin/clang++ -isysroot /Applications/Xcode.app/Contents/Developer/Platforms/iPhoneSimulator.platform/Developer/SDKs/iPhoneSimulator9.0.sdk -arch x86_64 -mios-simulator-version-min=8.0  -c   conftest.cpp >&5
configure:4973: $? = 0
configure:5046: /Applications/Xcode.app/Contents/Developer/Toolchains/XcodeDefault.xctoolchain/usr/bin/clang++ -isysroot /Applications/Xcode.app/Contents/Developer/Platforms/iPhoneSimulator.platform/Developer/SDKs/iPhoneSimulator9.0.sdk -arch x86_64 -mios-simulator-version-min=8.0  -o conftest    conftest.cpp  >&5
configure:5046: $? = 0
configure:5046: ./conftest
configure:5046: $? = 0
configure:5057: result: yes
configure:5070: checking for sys/types.h
configure:5070: /Applications/Xcode.app/Contents/Developer/Toolchains/XcodeDefault.xctoolchain/usr/bin/clang++ -isysroot /Applications/Xcode.app/Contents/Developer/Platforms/iPhoneSimulator.platform/Developer/SDKs/iPhoneSimulator9.0.sdk -arch x86_64 -mios-simulator-version-min=8.0  -c   conftest.cpp >&5
configure:5070: $? = 0
configure:5070: result: yes
configure:5070: checking for sys/stat.h
configure:5070: /Applications/Xcode.app/Contents/Developer/Toolchains/XcodeDefault.xctoolchain/usr/bin/clang++ -isysroot /Applications/Xcode.app/Contents/Developer/Platforms/iPhoneSimulator.platform/Developer/SDKs/iPhoneSimulator9.0.sdk -arch x86_64 -mios-simulator-version-min=8.0  -c   conftest.cpp >&5
configure:5070: $? = 0
configure:5070: result: yes
configure:5070: checking for stdlib.h
configure:5070: /Applications/Xcode.app/Contents/Developer/Toolchains/XcodeDefault.xctoolchain/usr/bin/clang++ -isysroot /Applications/Xcode.app/Contents/Developer/Platforms/iPhoneSimulator.platform/Developer/SDKs/iPhoneSimulator9.0.sdk -arch x86_64 -mios-simulator-version-min=8.0  -c   conftest.cpp >&5
configure:5070: $? = 0
configure:5070: result: yes
configure:5070: checking for string.h
configure:5070: /Applications/Xcode.app/Contents/Developer/Toolchains/XcodeDefault.xctoolchain/usr/bin/clang++ -isysroot /Applications/Xcode.app/Contents/Developer/Platforms/iPhoneSimulator.platform/Developer/SDKs/iPhoneSimulator9.0.sdk -arch x86_64 -mios-simulator-version-min=8.0  -c   conftest.cpp >&5
configure:5070: $? = 0
configure:5070: result: yes
configure:5070: checking for memory.h
configure:5070: /Applications/Xcode.app/Contents/Developer/Toolchains/XcodeDefault.xctoolchain/usr/bin/clang++ -isysroot /Applications/Xcode.app/Contents/Developer/Platforms/iPhoneSimulator.platform/Developer/SDKs/iPhoneSimulator9.0.sdk -arch x86_64 -mios-simulator-version-min=8.0  -c   conftest.cpp >&5
configure:5070: $? = 0
configure:5070: result: yes
configure:5070: checking for strings.h
configure:5070: /Applications/Xcode.app/Contents/Developer/Toolchains/XcodeDefault.xctoolchain/usr/bin/clang++ -isysroot /Applications/Xcode.app/Contents/Developer/Platforms/iPhoneSimulator.platform/Developer/SDKs/iPhoneSimulator9.0.sdk -arch x86_64 -mios-simulator-version-min=8.0  -c   conftest.cpp >&5
configure:5070: $? = 0
configure:5070: result: yes
configure:5070: checking for inttypes.h
configure:5070: /Applications/Xcode.app/Contents/Developer/Toolchains/XcodeDefault.xctoolchain/usr/bin/clang++ -isysroot /Applications/Xcode.app/Contents/Developer/Platforms/iPhoneSimulator.platform/Developer/SDKs/iPhoneSimulator9.0.sdk -arch x86_64 -mios-simulator-version-min=8.0  -c   conftest.cpp >&5
configure:5070: $? = 0
configure:5070: result: yes
configure:5070: checking for stdint.h
configure:5070: /Applications/Xcode.app/Contents/Developer/Toolchains/XcodeDefault.xctoolchain/usr/bin/clang++ -isysroot /Applications/Xcode.app/Contents/Developer/Platforms/iPhoneSimulator.platform/Developer/SDKs/iPhoneSimulator9.0.sdk -arch x86_64 -mios-simulator-version-min=8.0  -c   conftest.cpp >&5
configure:5070: $? = 0
configure:5070: result: yes
configure:5070: checking for unistd.h
configure:5070: /Applications/Xcode.app/Contents/Developer/Toolchains/XcodeDefault.xctoolchain/usr/bin/clang++ -isysroot /Applications/Xcode.app/Contents/Developer/Platforms/iPhoneSimulator.platform/Developer/SDKs/iPhoneSimulator9.0.sdk -arch x86_64 -mios-simulator-version-min=8.0  -c   conftest.cpp >&5
configure:5070: $? = 0
configure:5070: result: yes
configure:5083: checking minix/config.h usability
configure:5083: /Applications/Xcode.app/Contents/Developer/Toolchains/XcodeDefault.xctoolchain/usr/bin/clang++ -isysroot /Applications/Xcode.app/Contents/Developer/Platforms/iPhoneSimulator.platform/Developer/SDKs/iPhoneSimulator9.0.sdk -arch x86_64 -mios-simulator-version-min=8.0  -c   conftest.cpp >&5
conftest.cpp:54:10: fatal error: 'minix/config.h' file not found
#include <minix/config.h>
         ^
1 error generated.
configure:5083: $? = 1
configure: failed program was:
| /* confdefs.h */
| #define PACKAGE_NAME "Protocol Buffers"
| #define PACKAGE_TARNAME "protobuf"
| #define PACKAGE_VERSION "2.6.1"
| #define PACKAGE_STRING "Protocol Buffers 2.6.1"
| #define PACKAGE_BUGREPORT "protobuf@googlegroups.com"
| #define PACKAGE_URL ""
| #define PACKAGE "protobuf"
| #define VERSION "2.6.1"
| #define STDC_HEADERS 1
| #define HAVE_SYS_TYPES_H 1
| #define HAVE_SYS_STAT_H 1
| #define HAVE_STDLIB_H 1
| #define HAVE_STRING_H 1
| #define HAVE_MEMORY_H 1
| #define HAVE_STRINGS_H 1
| #define HAVE_INTTYPES_H 1
| #define HAVE_STDINT_H 1
| #define HAVE_UNISTD_H 1
| /* end confdefs.h.  */
| #include <stdio.h>
| #ifdef HAVE_SYS_TYPES_H
| # include <sys/types.h>
| #endif
| #ifdef HAVE_SYS_STAT_H
| # include <sys/stat.h>
| #endif
| #ifdef STDC_HEADERS
| # include <stdlib.h>
| # include <stddef.h>
| #else
| # ifdef HAVE_STDLIB_H
| #  include <stdlib.h>
| # endif
| #endif
| #ifdef HAVE_STRING_H
| # if !defined STDC_HEADERS && defined HAVE_MEMORY_H
| #  include <memory.h>
| # endif
| # include <string.h>
| #endif
| #ifdef HAVE_STRINGS_H
| # include <strings.h>
| #endif
| #ifdef HAVE_INTTYPES_H
| # include <inttypes.h>
| #endif
| #ifdef HAVE_STDINT_H
| # include <stdint.h>
| #endif
| #ifdef HAVE_UNISTD_H
| # include <unistd.h>
| #endif
| #include <minix/config.h>
configure:5083: result: no
configure:5083: checking minix/config.h presence
configure:5083: /Applications/Xcode.app/Contents/Developer/Toolchains/XcodeDefault.xctoolchain/usr/bin/clang -E -isysroot /Applications/Xcode.app/Contents/Developer/Platforms/iPhoneSimulator.platform/Developer/SDKs/iPhoneSimulator9.0.sdk -arch x86_64 -mios-simulator-version-min=8.0   conftest.cpp
conftest.cpp:21:10: fatal error: 'minix/config.h' file not found
#include <minix/config.h>
         ^
1 error generated.
configure:5083: $? = 1
configure: failed program was:
| /* confdefs.h */
| #define PACKAGE_NAME "Protocol Buffers"
| #define PACKAGE_TARNAME "protobuf"
| #define PACKAGE_VERSION "2.6.1"
| #define PACKAGE_STRING "Protocol Buffers 2.6.1"
| #define PACKAGE_BUGREPORT "protobuf@googlegroups.com"
| #define PACKAGE_URL ""
| #define PACKAGE "protobuf"
| #define VERSION "2.6.1"
| #define STDC_HEADERS 1
| #define HAVE_SYS_TYPES_H 1
| #define HAVE_SYS_STAT_H 1
| #define HAVE_STDLIB_H 1
| #define HAVE_STRING_H 1
| #define HAVE_MEMORY_H 1
| #define HAVE_STRINGS_H 1
| #define HAVE_INTTYPES_H 1
| #define HAVE_STDINT_H 1
| #define HAVE_UNISTD_H 1
| /* end confdefs.h.  */
| #include <minix/config.h>
configure:5083: result: no
configure:5083: checking for minix/config.h
configure:5083: result: no
configure:5104: checking whether it is safe to define __EXTENSIONS__
configure:5122: /Applications/Xcode.app/Contents/Developer/Toolchains/XcodeDefault.xctoolchain/usr/bin/clang++ -isysroot /Applications/Xcode.app/Contents/Developer/Platforms/iPhoneSimulator.platform/Developer/SDKs/iPhoneSimulator9.0.sdk -arch x86_64 -mios-simulator-version-min=8.0  -c   conftest.cpp >&5
configure:5122: $? = 0
configure:5129: result: yes
configure:5158: checking C++ compiler flags...
configure:5174: result: use default: -O2  -g -DNDEBUG
configure:5194: checking whether __SUNPRO_CC is declared
configure:5194: /Applications/Xcode.app/Contents/Developer/Toolchains/XcodeDefault.xctoolchain/usr/bin/clang++ -isysroot /Applications/Xcode.app/Contents/Developer/Platforms/iPhoneSimulator.platform/Developer/SDKs/iPhoneSimulator9.0.sdk -arch x86_64 -mios-simulator-version-min=8.0  -c  -g -DNDEBUG  conftest.cpp >&5
conftest.cpp:64:10: error: use of undeclared identifier '__SUNPRO_CC'
  (void) __SUNPRO_CC;
         ^
1 error generated.
configure:5194: $? = 1
configure: failed program was:
| /* confdefs.h */
| #define PACKAGE_NAME "Protocol Buffers"
| #define PACKAGE_TARNAME "protobuf"
| #define PACKAGE_VERSION "2.6.1"
| #define PACKAGE_STRING "Protocol Buffers 2.6.1"
| #define PACKAGE_BUGREPORT "protobuf@googlegroups.com"
| #define PACKAGE_URL ""
| #define PACKAGE "protobuf"
| #define VERSION "2.6.1"
| #define STDC_HEADERS 1
| #define HAVE_SYS_TYPES_H 1
| #define HAVE_SYS_STAT_H 1
| #define HAVE_STDLIB_H 1
| #define HAVE_STRING_H 1
| #define HAVE_MEMORY_H 1
| #define HAVE_STRINGS_H 1
| #define HAVE_INTTYPES_H 1
| #define HAVE_STDINT_H 1
| #define HAVE_UNISTD_H 1
| #define __EXTENSIONS__ 1
| #define _ALL_SOURCE 1
| #define _GNU_SOURCE 1
| #define _POSIX_PTHREAD_SEMANTICS 1
| #define _TANDEM_SOURCE 1
| /* end confdefs.h.  */
| #include <stdio.h>
| #ifdef HAVE_SYS_TYPES_H
| # include <sys/types.h>
| #endif
| #ifdef HAVE_SYS_STAT_H
| # include <sys/stat.h>
| #endif
| #ifdef STDC_HEADERS
| # include <stdlib.h>
| # include <stddef.h>
| #else
| # ifdef HAVE_STDLIB_H
| #  include <stdlib.h>
| # endif
| #endif
| #ifdef HAVE_STRING_H
| # if !defined STDC_HEADERS && defined HAVE_MEMORY_H
| #  include <memory.h>
| # endif
| # include <string.h>
| #endif
| #ifdef HAVE_STRINGS_H
| # include <strings.h>
| #endif
| #ifdef HAVE_INTTYPES_H
| # include <inttypes.h>
| #endif
| #ifdef HAVE_STDINT_H
| # include <stdint.h>
| #endif
| #ifdef HAVE_UNISTD_H
| # include <unistd.h>
| #endif
| int
| main ()
| {
| #ifndef __SUNPRO_CC
| #ifdef __cplusplus
|   (void) __SUNPRO_CC;
| #else
|   (void) __SUNPRO_CC;
| #endif
| #endif
| 
|   ;
|   return 0;
| }
configure:5194: result: no
configure:5369: checking how to print strings
configure:5396: result: printf
configure:5417: checking for a sed that does not truncate output
configure:5481: result: /usr/bin/sed
configure:5499: checking for fgrep
configure:5561: result: /usr/bin/grep -F
configure:5596: checking for ld used by /Applications/Xcode.app/Contents/Developer/Toolchains/XcodeDefault.xctoolchain/usr/bin/clang -isysroot /Applications/Xcode.app/Contents/Developer/Platforms/iPhoneSimulator.platform/Developer/SDKs/iPhoneSimulator9.0.sdk -arch x86_64 -mios-simulator-version-min=8.0 
configure:5663: result: /Applications/Xcode.app/Contents/Developer/Toolchains/XcodeDefault.xctoolchain/usr/bin/ld -isysroot /Applications/Xcode.app/Contents/Developer/Platforms/iPhoneSimulator.platform/Developer/SDKs/iPhoneSimulator9.0.sdk -arch x86_64
configure:5670: checking if the linker (/Applications/Xcode.app/Contents/Developer/Toolchains/XcodeDefault.xctoolchain/usr/bin/ld -isysroot /Applications/Xcode.app/Contents/Developer/Platforms/iPhoneSimulator.platform/Developer/SDKs/iPhoneSimulator9.0.sdk -arch x86_64) is GNU ld
configure:5685: result: no
configure:5697: checking for BSD- or MS-compatible name lister (nm)
configure:5746: result: no
configure:5760: checking for i386-apple-darwin-dumpbin
configure:5790: result: no
configure:5760: checking for i386-apple-darwin-link
configure:5790: result: no
configure:5804: checking for dumpbin
configure:5834: result: no
configure:5804: checking for link
configure:5820: found /bin/link
configure:5831: result: link -dump
configure:5876: checking the name lister (nm) interface
configure:5883: /Applications/Xcode.app/Contents/Developer/Toolchains/XcodeDefault.xctoolchain/usr/bin/clang++ -isysroot /Applications/Xcode.app/Contents/Developer/Platforms/iPhoneSimulator.platform/Developer/SDKs/iPhoneSimulator9.0.sdk -arch x86_64 -mios-simulator-version-min=8.0  -c  -g -DNDEBUG  conftest.cpp >&5
configure:5886: nm "conftest.o"
configure:5889: output
0000000000000204 S _some_variable
configure:5896: result: BSD nm
configure:5899: checking whether ln -s works
configure:5903: result: yes
configure:5911: checking the maximum length of command line arguments
configure:6042: result: 196608
configure:6059: checking whether the shell understands some XSI constructs
configure:6069: result: yes
configure:6073: checking whether the shell understands "+="
configure:6079: result: yes
configure:6114: checking how to convert x86_64-apple-darwin14.5.0 file names to i386-apple-darwin format
configure:6154: result: func_convert_file_noop
configure:6161: checking how to convert x86_64-apple-darwin14.5.0 file names to toolchain format
configure:6181: result: func_convert_file_noop
configure:6188: checking for /Applications/Xcode.app/Contents/Developer/Toolchains/XcodeDefault.xctoolchain/usr/bin/ld -isysroot /Applications/Xcode.app/Contents/Developer/Platforms/iPhoneSimulator.platform/Developer/SDKs/iPhoneSimulator9.0.sdk -arch x86_64 option to reload object files
configure:6195: result: -r
configure:6229: checking for i386-apple-darwin-objdump
configure:6259: result: no
configure:6269: checking for objdump
configure:6299: result: no
configure:6328: checking how to recognize dependent libraries
configure:6526: result: pass_all
configure:6571: checking for i386-apple-darwin-dlltool
configure:6601: result: no
configure:6611: checking for dlltool
configure:6641: result: no
configure:6671: checking how to associate runtime and link libraries
configure:6698: result: printf %s\n
configure:6714: checking for i386-apple-darwin-ar
configure:6741: result: /Applications/Xcode.app/Contents/Developer/Toolchains/XcodeDefault.xctoolchain/usr/bin/ar
configure:6822: checking for archiver @FILE support
configure:6839: /Applications/Xcode.app/Contents/Developer/Toolchains/XcodeDefault.xctoolchain/usr/bin/clang++ -isysroot /Applications/Xcode.app/Contents/Developer/Platforms/iPhoneSimulator.platform/Developer/SDKs/iPhoneSimulator9.0.sdk -arch x86_64 -mios-simulator-version-min=8.0  -c  -g -DNDEBUG  conftest.cpp >&5
configure:6839: $? = 0
configure:6842: /Applications/Xcode.app/Contents/Developer/Toolchains/XcodeDefault.xctoolchain/usr/bin/ar cru libconftest.a @conftest.lst >&5
ar: @conftest.lst: No such file or directory
configure:6845: $? = 1
configure:6865: result: no
configure:6883: checking for i386-apple-darwin-strip
configure:6910: result: /Applications/Xcode.app/Contents/Developer/Toolchains/XcodeDefault.xctoolchain/usr/bin/strip
configure:6982: checking for i386-apple-darwin-ranlib
configure:7009: result: /Applications/Xcode.app/Contents/Developer/Toolchains/XcodeDefault.xctoolchain/usr/bin/ranlib
configure:7151: checking command to parse nm output from /Applications/Xcode.app/Contents/Developer/Toolchains/XcodeDefault.xctoolchain/usr/bin/clang -isysroot /Applications/Xcode.app/Contents/Developer/Platforms/iPhoneSimulator.platform/Developer/SDKs/iPhoneSimulator9.0.sdk -arch x86_64 -mios-simulator-version-min=8.0  object
configure:7271: /Applications/Xcode.app/Contents/Developer/Toolchains/XcodeDefault.xctoolchain/usr/bin/clang++ -isysroot /Applications/Xcode.app/Contents/Developer/Platforms/iPhoneSimulator.platform/Developer/SDKs/iPhoneSimulator9.0.sdk -arch x86_64 -mios-simulator-version-min=8.0  -c  -g -DNDEBUG  conftest.cpp >&5
configure:7274: $? = 0
configure:7278: nm conftest.o \| sed -n -e 's/^.*[ ]\([BCDEGRST][BCDEGRST]*\)[ ][ ]*\([_A-Za-z][_A-Za-z0-9]*\)$/\1 \2 \2/p' | sed '/ __gnu_lto/d' \> conftest.nm
configure:7281: $? = 0
cannot find nm_test_var in conftest.nm
configure:7271: /Applications/Xcode.app/Contents/Developer/Toolchains/XcodeDefault.xctoolchain/usr/bin/clang++ -isysroot /Applications/Xcode.app/Contents/Developer/Platforms/iPhoneSimulator.platform/Developer/SDKs/iPhoneSimulator9.0.sdk -arch x86_64 -mios-simulator-version-min=8.0  -c  -g -DNDEBUG  conftest.cpp >&5
configure:7274: $? = 0
configure:7278: nm conftest.o \| sed -n -e 's/^.*[ ]\([BCDEGRST][BCDEGRST]*\)[ ][ ]*_\([_A-Za-z][_A-Za-z0-9]*\)$/\1 _\2 \2/p' | sed '/ __gnu_lto/d' \> conftest.nm
configure:7281: $? = 0
configure:7347: /Applications/Xcode.app/Contents/Developer/Toolchains/XcodeDefault.xctoolchain/usr/bin/clang++ -isysroot /Applications/Xcode.app/Contents/Developer/Platforms/iPhoneSimulator.platform/Developer/SDKs/iPhoneSimulator9.0.sdk -arch x86_64 -mios-simulator-version-min=8.0  -o conftest  -g -DNDEBUG   conftest.cpp conftstm.o >&5
configure:7350: $? = 0
configure:7388: result: ok
configure:7425: checking for sysroot
configure:7455: result: no
configure:7685: checking for i386-apple-darwin-mt
configure:7715: result: no
configure:7725: checking for mt
configure:7755: result: no
configure:7775: checking if : is a manifest tool
configure:7781: : '-?'
configure:7789: result: no
configure:7805: checking for i386-apple-darwin-dsymutil
configure:7835: result: no
configure:7845: checking for dsymutil
configure:7861: found /usr/bin/dsymutil
configure:7872: result: dsymutil
configure:7897: checking for i386-apple-darwin-nmedit
configure:7927: result: no
configure:7937: checking for nmedit
configure:7953: found /usr/bin/nmedit
configure:7964: result: nmedit
configure:7989: checking for i386-apple-darwin-lipo
configure:8016: result: /Applications/Xcode.app/Contents/Developer/Toolchains/XcodeDefault.xctoolchain/usr/bin/lipo
configure:8081: checking for i386-apple-darwin-otool
configure:8111: result: no
configure:8121: checking for otool
configure:8137: found /usr/bin/otool
configure:8148: result: otool
configure:8173: checking for i386-apple-darwin-otool64
configure:8203: result: no
configure:8213: checking for otool64
configure:8243: result: no
configure:8288: checking for -single_module linker flag
/Applications/Xcode.app/Contents/Developer/Toolchains/XcodeDefault.xctoolchain/usr/bin/clang -isysroot /Applications/Xcode.app/Contents/Developer/Platforms/iPhoneSimulator.platform/Developer/SDKs/iPhoneSimulator9.0.sdk -arch x86_64 -mios-simulator-version-min=8.0    -o libconftest.dylib -dynamiclib -Wl,-single_module conftest.c
configure:8321: result: yes
configure:8324: checking for -exported_symbols_list linker flag
configure:8344: /Applications/Xcode.app/Contents/Developer/Toolchains/XcodeDefault.xctoolchain/usr/bin/clang++ -isysroot /Applications/Xcode.app/Contents/Developer/Platforms/iPhoneSimulator.platform/Developer/SDKs/iPhoneSimulator9.0.sdk -arch x86_64 -mios-simulator-version-min=8.0  -o conftest  -g -DNDEBUG   -Wl,-exported_symbols_list,conftest.sym conftest.cpp  >&5
configure:8344: $? = 0
configure:8354: result: yes
configure:8357: checking for -force_load linker flag
/Applications/Xcode.app/Contents/Developer/Toolchains/XcodeDefault.xctoolchain/usr/bin/clang -isysroot /Applications/Xcode.app/Contents/Developer/Platforms/iPhoneSimulator.platform/Developer/SDKs/iPhoneSimulator9.0.sdk -arch x86_64 -mios-simulator-version-min=8.0   -c -o conftest.o conftest.c
/Applications/Xcode.app/Contents/Developer/Toolchains/XcodeDefault.xctoolchain/usr/bin/ar cru libconftest.a conftest.o
/Applications/Xcode.app/Contents/Developer/Toolchains/XcodeDefault.xctoolchain/usr/bin/ranlib libconftest.a
/Applications/Xcode.app/Contents/Developer/Toolchains/XcodeDefault.xctoolchain/usr/bin/clang -isysroot /Applications/Xcode.app/Contents/Developer/Platforms/iPhoneSimulator.platform/Developer/SDKs/iPhoneSimulator9.0.sdk -arch x86_64 -mios-simulator-version-min=8.0    -o conftest conftest.c -Wl,-force_load,./libconftest.a
configure:8389: result: yes
configure:8428: checking for dlfcn.h
configure:8428: /Applications/Xcode.app/Contents/Developer/Toolchains/XcodeDefault.xctoolchain/usr/bin/clang++ -isysroot /Applications/Xcode.app/Contents/Developer/Platforms/iPhoneSimulator.platform/Developer/SDKs/iPhoneSimulator9.0.sdk -arch x86_64 -mios-simulator-version-min=8.0  -c  -g -DNDEBUG  conftest.cpp >&5
configure:8428: $? = 0
configure:8428: result: yes
configure:8644: checking for objdir
configure:8659: result: .libs
configure:8930: checking if /Applications/Xcode.app/Contents/Developer/Toolchains/XcodeDefault.xctoolchain/usr/bin/clang -isysroot /Applications/Xcode.app/Contents/Developer/Platforms/iPhoneSimulator.platform/Developer/SDKs/iPhoneSimulator9.0.sdk -arch x86_64 -mios-simulator-version-min=8.0  supports -fno-rtti -fno-exceptions
configure:8948: /Applications/Xcode.app/Contents/Developer/Toolchains/XcodeDefault.xctoolchain/usr/bin/clang -isysroot /Applications/Xcode.app/Contents/Developer/Platforms/iPhoneSimulator.platform/Developer/SDKs/iPhoneSimulator9.0.sdk -arch x86_64 -mios-simulator-version-min=8.0  -c   -fno-rtti -fno-exceptions conftest.c >&5
configure:8952: $? = 0
configure:8965: result: yes
configure:9292: checking for /Applications/Xcode.app/Contents/Developer/Toolchains/XcodeDefault.xctoolchain/usr/bin/clang -isysroot /Applications/Xcode.app/Contents/Developer/Platforms/iPhoneSimulator.platform/Developer/SDKs/iPhoneSimulator9.0.sdk -arch x86_64 -mios-simulator-version-min=8.0  option to produce PIC
configure:9299: result: -fno-common -DPIC
configure:9307: checking if /Applications/Xcode.app/Contents/Developer/Toolchains/XcodeDefault.xctoolchain/usr/bin/clang -isysroot /Applications/Xcode.app/Contents/Developer/Platforms/iPhoneSimulator.platform/Developer/SDKs/iPhoneSimulator9.0.sdk -arch x86_64 -mios-simulator-version-min=8.0  PIC flag -fno-common -DPIC works
configure:9325: /Applications/Xcode.app/Contents/Developer/Toolchains/XcodeDefault.xctoolchain/usr/bin/clang -isysroot /Applications/Xcode.app/Contents/Developer/Platforms/iPhoneSimulator.platform/Developer/SDKs/iPhoneSimulator9.0.sdk -arch x86_64 -mios-simulator-version-min=8.0  -c   -fno-common -DPIC -DPIC conftest.c >&5
configure:9329: $? = 0
configure:9342: result: yes
configure:9371: checking if /Applications/Xcode.app/Contents/Developer/Toolchains/XcodeDefault.xctoolchain/usr/bin/clang -isysroot /Applications/Xcode.app/Contents/Developer/Platforms/iPhoneSimulator.platform/Developer/SDKs/iPhoneSimulator9.0.sdk -arch x86_64 -mios-simulator-version-min=8.0  static flag -static works
configure:9399: result: no
configure:9414: checking if /Applications/Xcode.app/Contents/Developer/Toolchains/XcodeDefault.xctoolchain/usr/bin/clang -isysroot /Applications/Xcode.app/Contents/Developer/Platforms/iPhoneSimulator.platform/Developer/SDKs/iPhoneSimulator9.0.sdk -arch x86_64 -mios-simulator-version-min=8.0  supports -c -o file.o
configure:9435: /Applications/Xcode.app/Contents/Developer/Toolchains/XcodeDefault.xctoolchain/usr/bin/clang -isysroot /Applications/Xcode.app/Contents/Developer/Platforms/iPhoneSimulator.platform/Developer/SDKs/iPhoneSimulator9.0.sdk -arch x86_64 -mios-simulator-version-min=8.0  -c   -o out/conftest2.o conftest.c >&5
configure:9439: $? = 0
configure:9461: result: yes
configure:9469: checking if /Applications/Xcode.app/Contents/Developer/Toolchains/XcodeDefault.xctoolchain/usr/bin/clang -isysroot /Applications/Xcode.app/Contents/Developer/Platforms/iPhoneSimulator.platform/Developer/SDKs/iPhoneSimulator9.0.sdk -arch x86_64 -mios-simulator-version-min=8.0  supports -c -o file.o
configure:9516: result: yes
configure:9549: checking whether the /Applications/Xcode.app/Contents/Developer/Toolchains/XcodeDefault.xctoolchain/usr/bin/clang -isysroot /Applications/Xcode.app/Contents/Developer/Platforms/iPhoneSimulator.platform/Developer/SDKs/iPhoneSimulator9.0.sdk -arch x86_64 -mios-simulator-version-min=8.0  linker (/Applications/Xcode.app/Contents/Developer/Toolchains/XcodeDefault.xctoolchain/usr/bin/ld -isysroot /Applications/Xcode.app/Contents/Developer/Platforms/iPhoneSimulator.platform/Developer/SDKs/iPhoneSimulator9.0.sdk -arch x86_64) supports shared libraries
configure:10706: result: yes
configure:10946: checking dynamic linker characteristics
configure:11680: result: darwin dyld
configure:11787: checking how to hardcode library paths into programs
configure:11812: result: immediate
configure:12352: checking whether stripping libraries is possible
configure:12366: result: yes
configure:12392: checking if libtool supports shared libraries
configure:12394: result: yes
configure:12397: checking whether to build shared libraries
configure:12418: result: no
configure:12421: checking whether to build static libraries
configure:12425: result: yes
configure:12448: checking how to run the C++ preprocessor
configure:12514: result: /Applications/Xcode.app/Contents/Developer/Toolchains/XcodeDefault.xctoolchain/usr/bin/clang -E -isysroot /Applications/Xcode.app/Contents/Developer/Platforms/iPhoneSimulator.platform/Developer/SDKs/iPhoneSimulator9.0.sdk -arch x86_64 -mios-simulator-version-min=8.0 
configure:12534: /Applications/Xcode.app/Contents/Developer/Toolchains/XcodeDefault.xctoolchain/usr/bin/clang -E -isysroot /Applications/Xcode.app/Contents/Developer/Platforms/iPhoneSimulator.platform/Developer/SDKs/iPhoneSimulator9.0.sdk -arch x86_64 -mios-simulator-version-min=8.0   conftest.cpp
configure:12534: $? = 0
configure:12548: /Applications/Xcode.app/Contents/Developer/Toolchains/XcodeDefault.xctoolchain/usr/bin/clang -E -isysroot /Applications/Xcode.app/Contents/Developer/Platforms/iPhoneSimulator.platform/Developer/SDKs/iPhoneSimulator9.0.sdk -arch x86_64 -mios-simulator-version-min=8.0   conftest.cpp
conftest.cpp:28:10: fatal error: 'ac_nonexistent.h' file not found
#include <ac_nonexistent.h>
         ^
1 error generated.
configure:12548: $? = 1
configure: failed program was:
| /* confdefs.h */
| #define PACKAGE_NAME "Protocol Buffers"
| #define PACKAGE_TARNAME "protobuf"
| #define PACKAGE_VERSION "2.6.1"
| #define PACKAGE_STRING "Protocol Buffers 2.6.1"
| #define PACKAGE_BUGREPORT "protobuf@googlegroups.com"
| #define PACKAGE_URL ""
| #define PACKAGE "protobuf"
| #define VERSION "2.6.1"
| #define STDC_HEADERS 1
| #define HAVE_SYS_TYPES_H 1
| #define HAVE_SYS_STAT_H 1
| #define HAVE_STDLIB_H 1
| #define HAVE_STRING_H 1
| #define HAVE_MEMORY_H 1
| #define HAVE_STRINGS_H 1
| #define HAVE_INTTYPES_H 1
| #define HAVE_STDINT_H 1
| #define HAVE_UNISTD_H 1
| #define __EXTENSIONS__ 1
| #define _ALL_SOURCE 1
| #define _GNU_SOURCE 1
| #define _POSIX_PTHREAD_SEMANTICS 1
| #define _TANDEM_SOURCE 1
| #define HAVE_DLFCN_H 1
| #define LT_OBJDIR ".libs/"
| /* end confdefs.h.  */
| #include <ac_nonexistent.h>
configure:12717: checking for ld used by /Applications/Xcode.app/Contents/Developer/Toolchains/XcodeDefault.xctoolchain/usr/bin/clang++ -isysroot /Applications/Xcode.app/Contents/Developer/Platforms/iPhoneSimulator.platform/Developer/SDKs/iPhoneSimulator9.0.sdk -arch x86_64 -mios-simulator-version-min=8.0 
configure:12784: result: /Applications/Xcode.app/Contents/Developer/Toolchains/XcodeDefault.xctoolchain/usr/bin/ld -isysroot /Applications/Xcode.app/Contents/Developer/Platforms/iPhoneSimulator.platform/Developer/SDKs/iPhoneSimulator9.0.sdk -arch x86_64
configure:12791: checking if the linker (/Applications/Xcode.app/Contents/Developer/Toolchains/XcodeDefault.xctoolchain/usr/bin/ld -isysroot /Applications/Xcode.app/Contents/Developer/Platforms/iPhoneSimulator.platform/Developer/SDKs/iPhoneSimulator9.0.sdk -arch x86_64) is GNU ld
configure:12806: result: no
configure:12861: checking whether the /Applications/Xcode.app/Contents/Developer/Toolchains/XcodeDefault.xctoolchain/usr/bin/clang++ -isysroot /Applications/Xcode.app/Contents/Developer/Platforms/iPhoneSimulator.platform/Developer/SDKs/iPhoneSimulator9.0.sdk -arch x86_64 -mios-simulator-version-min=8.0  linker (/Applications/Xcode.app/Contents/Developer/Toolchains/XcodeDefault.xctoolchain/usr/bin/ld -isysroot /Applications/Xcode.app/Contents/Developer/Platforms/iPhoneSimulator.platform/Developer/SDKs/iPhoneSimulator9.0.sdk -arch x86_64) supports shared libraries
configure:13863: result: yes
configure:13899: /Applications/Xcode.app/Contents/Developer/Toolchains/XcodeDefault.xctoolchain/usr/bin/clang++ -isysroot /Applications/Xcode.app/Contents/Developer/Platforms/iPhoneSimulator.platform/Developer/SDKs/iPhoneSimulator9.0.sdk -arch x86_64 -mios-simulator-version-min=8.0  -c  -g -DNDEBUG  conftest.cpp >&5
configure:13902: $? = 0
configure:14422: checking for /Applications/Xcode.app/Contents/Developer/Toolchains/XcodeDefault.xctoolchain/usr/bin/clang++ -isysroot /Applications/Xcode.app/Contents/Developer/Platforms/iPhoneSimulator.platform/Developer/SDKs/iPhoneSimulator9.0.sdk -arch x86_64 -mios-simulator-version-min=8.0  option to produce PIC
configure:14429: result: -fno-common -DPIC
configure:14437: checking if /Applications/Xcode.app/Contents/Developer/Toolchains/XcodeDefault.xctoolchain/usr/bin/clang++ -isysroot /Applications/Xcode.app/Contents/Developer/Platforms/iPhoneSimulator.platform/Developer/SDKs/iPhoneSimulator9.0.sdk -arch x86_64 -mios-simulator-version-min=8.0  PIC flag -fno-common -DPIC works
configure:14455: /Applications/Xcode.app/Contents/Developer/Toolchains/XcodeDefault.xctoolchain/usr/bin/clang++ -isysroot /Applications/Xcode.app/Contents/Developer/Platforms/iPhoneSimulator.platform/Developer/SDKs/iPhoneSimulator9.0.sdk -arch x86_64 -mios-simulator-version-min=8.0  -c  -g -DNDEBUG  -fno-common -DPIC -DPIC conftest.cpp >&5
configure:14459: $? = 0
configure:14472: result: yes
configure:14495: checking if /Applications/Xcode.app/Contents/Developer/Toolchains/XcodeDefault.xctoolchain/usr/bin/clang++ -isysroot /Applications/Xcode.app/Contents/Developer/Platforms/iPhoneSimulator.platform/Developer/SDKs/iPhoneSimulator9.0.sdk -arch x86_64 -mios-simulator-version-min=8.0  static flag -static works
configure:14523: result: no
configure:14535: checking if /Applications/Xcode.app/Contents/Developer/Toolchains/XcodeDefault.xctoolchain/usr/bin/clang++ -isysroot /Applications/Xcode.app/Contents/Developer/Platforms/iPhoneSimulator.platform/Developer/SDKs/iPhoneSimulator9.0.sdk -arch x86_64 -mios-simulator-version-min=8.0  supports -c -o file.o
configure:14556: /Applications/Xcode.app/Contents/Developer/Toolchains/XcodeDefault.xctoolchain/usr/bin/clang++ -isysroot /Applications/Xcode.app/Contents/Developer/Platforms/iPhoneSimulator.platform/Developer/SDKs/iPhoneSimulator9.0.sdk -arch x86_64 -mios-simulator-version-min=8.0  -c  -g -DNDEBUG  -o out/conftest2.o conftest.cpp >&5
configure:14560: $? = 0
configure:14582: result: yes
configure:14587: checking if /Applications/Xcode.app/Contents/Developer/Toolchains/XcodeDefault.xctoolchain/usr/bin/clang++ -isysroot /Applications/Xcode.app/Contents/Developer/Platforms/iPhoneSimulator.platform/Developer/SDKs/iPhoneSimulator9.0.sdk -arch x86_64 -mios-simulator-version-min=8.0  supports -c -o file.o
configure:14634: result: yes
configure:14664: checking whether the /Applications/Xcode.app/Contents/Developer/Toolchains/XcodeDefault.xctoolchain/usr/bin/clang++ -isysroot /Applications/Xcode.app/Contents/Developer/Platforms/iPhoneSimulator.platform/Developer/SDKs/iPhoneSimulator9.0.sdk -arch x86_64 -mios-simulator-version-min=8.0  linker (/Applications/Xcode.app/Contents/Developer/Toolchains/XcodeDefault.xctoolchain/usr/bin/ld -isysroot /Applications/Xcode.app/Contents/Developer/Platforms/iPhoneSimulator.platform/Developer/SDKs/iPhoneSimulator9.0.sdk -arch x86_64) supports shared libraries
configure:14703: result: yes
configure:14844: checking dynamic linker characteristics
configure:15512: result: darwin dyld
configure:15565: checking how to hardcode library paths into programs
configure:15590: result: immediate
configure:15653: checking for ANSI C header files
configure:15757: result: yes
configure:15768: checking fcntl.h usability
configure:15768: /Applications/Xcode.app/Contents/Developer/Toolchains/XcodeDefault.xctoolchain/usr/bin/clang++ -isysroot /Applications/Xcode.app/Contents/Developer/Platforms/iPhoneSimulator.platform/Developer/SDKs/iPhoneSimulator9.0.sdk -arch x86_64 -mios-simulator-version-min=8.0  -c  -g -DNDEBUG  conftest.cpp >&5
configure:15768: $? = 0
configure:15768: result: yes
configure:15768: checking fcntl.h presence
configure:15768: /Applications/Xcode.app/Contents/Developer/Toolchains/XcodeDefault.xctoolchain/usr/bin/clang -E -isysroot /Applications/Xcode.app/Contents/Developer/Platforms/iPhoneSimulator.platform/Developer/SDKs/iPhoneSimulator9.0.sdk -arch x86_64 -mios-simulator-version-min=8.0   conftest.cpp
configure:15768: $? = 0
configure:15768: result: yes
configure:15768: checking for fcntl.h
configure:15768: result: yes
configure:15768: checking for inttypes.h
configure:15768: result: yes
configure:15768: checking limits.h usability
configure:15768: /Applications/Xcode.app/Contents/Developer/Toolchains/XcodeDefault.xctoolchain/usr/bin/clang++ -isysroot /Applications/Xcode.app/Contents/Developer/Platforms/iPhoneSimulator.platform/Developer/SDKs/iPhoneSimulator9.0.sdk -arch x86_64 -mios-simulator-version-min=8.0  -c  -g -DNDEBUG  conftest.cpp >&5
configure:15768: $? = 0
configure:15768: result: yes
configure:15768: checking limits.h presence
configure:15768: /Applications/Xcode.app/Contents/Developer/Toolchains/XcodeDefault.xctoolchain/usr/bin/clang -E -isysroot /Applications/Xcode.app/Contents/Developer/Platforms/iPhoneSimulator.platform/Developer/SDKs/iPhoneSimulator9.0.sdk -arch x86_64 -mios-simulator-version-min=8.0   conftest.cpp
configure:15768: $? = 0
configure:15768: result: yes
configure:15768: checking for limits.h
configure:15768: result: yes
configure:15768: checking for stdlib.h
configure:15768: result: yes
configure:15768: checking for unistd.h
configure:15768: result: yes
configure:15780: checking for working memcmp
configure:15823: /Applications/Xcode.app/Contents/Developer/Toolchains/XcodeDefault.xctoolchain/usr/bin/clang++ -isysroot /Applications/Xcode.app/Contents/Developer/Platforms/iPhoneSimulator.platform/Developer/SDKs/iPhoneSimulator9.0.sdk -arch x86_64 -mios-simulator-version-min=8.0  -o conftest  -g -DNDEBUG   conftest.cpp  >&5
configure:15823: $? = 0
configure:15823: ./conftest
configure:15823: $? = 0
configure:15833: result: yes
configure:15842: checking for working strtod
configure:15883: /Applications/Xcode.app/Contents/Developer/Toolchains/XcodeDefault.xctoolchain/usr/bin/clang++ -isysroot /Applications/Xcode.app/Contents/Developer/Platforms/iPhoneSimulator.platform/Developer/SDKs/iPhoneSimulator9.0.sdk -arch x86_64 -mios-simulator-version-min=8.0  -o conftest  -g -DNDEBUG   conftest.cpp  >&5
conftest.cpp:76:20: warning: conversion from string literal to 'char *' is deprecated [-Wc++11-compat-deprecated-writable-strings]
    char *string = " +69";
                   ^
conftest.cpp:87:20: warning: conversion from string literal to 'char *' is deprecated [-Wc++11-compat-deprecated-writable-strings]
    char *string = "NaN";
                   ^
2 warnings generated.
configure:15883: $? = 0
configure:15883: ./conftest
configure:15883: $? = 0
configure:15893: result: yes
configure:15958: checking for ftruncate
configure:15958: /Applications/Xcode.app/Contents/Developer/Toolchains/XcodeDefault.xctoolchain/usr/bin/clang++ -isysroot /Applications/Xcode.app/Contents/Developer/Platforms/iPhoneSimulator.platform/Developer/SDKs/iPhoneSimulator9.0.sdk -arch x86_64 -mios-simulator-version-min=8.0  -o conftest  -g -DNDEBUG   conftest.cpp  >&5
configure:15958: $? = 0
configure:15958: result: yes
configure:15958: checking for memset
configure:15958: /Applications/Xcode.app/Contents/Developer/Toolchains/XcodeDefault.xctoolchain/usr/bin/clang++ -isysroot /Applications/Xcode.app/Contents/Developer/Platforms/iPhoneSimulator.platform/Developer/SDKs/iPhoneSimulator9.0.sdk -arch x86_64 -mios-simulator-version-min=8.0  -o conftest  -g -DNDEBUG   conftest.cpp  >&5
configure:15958: $? = 0
configure:15958: result: yes
configure:15958: checking for mkdir
configure:15958: /Applications/Xcode.app/Contents/Developer/Toolchains/XcodeDefault.xctoolchain/usr/bin/clang++ -isysroot /Applications/Xcode.app/Contents/Developer/Platforms/iPhoneSimulator.platform/Developer/SDKs/iPhoneSimulator9.0.sdk -arch x86_64 -mios-simulator-version-min=8.0  -o conftest  -g -DNDEBUG   conftest.cpp  >&5
configure:15958: $? = 0
configure:15958: result: yes
configure:15958: checking for strchr
configure:15958: /Applications/Xcode.app/Contents/Developer/Toolchains/XcodeDefault.xctoolchain/usr/bin/clang++ -isysroot /Applications/Xcode.app/Contents/Developer/Platforms/iPhoneSimulator.platform/Developer/SDKs/iPhoneSimulator9.0.sdk -arch x86_64 -mios-simulator-version-min=8.0  -o conftest  -g -DNDEBUG   conftest.cpp  >&5
configure:15958: $? = 0
configure:15958: result: yes
configure:15958: checking for strerror
configure:15958: /Applications/Xcode.app/Contents/Developer/Toolchains/XcodeDefault.xctoolchain/usr/bin/clang++ -isysroot /Applications/Xcode.app/Contents/Developer/Platforms/iPhoneSimulator.platform/Developer/SDKs/iPhoneSimulator9.0.sdk -arch x86_64 -mios-simulator-version-min=8.0  -o conftest  -g -DNDEBUG   conftest.cpp  >&5
configure:15958: $? = 0
configure:15958: result: yes
configure:15958: checking for strtol
configure:15958: /Applications/Xcode.app/Contents/Developer/Toolchains/XcodeDefault.xctoolchain/usr/bin/clang++ -isysroot /Applications/Xcode.app/Contents/Developer/Platforms/iPhoneSimulator.platform/Developer/SDKs/iPhoneSimulator9.0.sdk -arch x86_64 -mios-simulator-version-min=8.0  -o conftest  -g -DNDEBUG   conftest.cpp  >&5
configure:15958: $? = 0
configure:15958: result: yes
configure:15972: checking zlib version
configure:15992: /Applications/Xcode.app/Contents/Developer/Toolchains/XcodeDefault.xctoolchain/usr/bin/clang++ -isysroot /Applications/Xcode.app/Contents/Developer/Platforms/iPhoneSimulator.platform/Developer/SDKs/iPhoneSimulator9.0.sdk -arch x86_64 -mios-simulator-version-min=8.0  -c  -g -DNDEBUG  conftest.cpp >&5
configure:15992: $? = 0
configure:15994: result: ok (1.2.0.4 or later)
configure:15998: checking for library containing zlibVersion
configure:16029: /Applications/Xcode.app/Contents/Developer/Toolchains/XcodeDefault.xctoolchain/usr/bin/clang++ -isysroot /Applications/Xcode.app/Contents/Developer/Platforms/iPhoneSimulator.platform/Developer/SDKs/iPhoneSimulator9.0.sdk -arch x86_64 -mios-simulator-version-min=8.0  -o conftest  -g -DNDEBUG   conftest.cpp  >&5
Undefined symbols for architecture x86_64:
  "_zlibVersion", referenced from:
      _main in conftest-b5a549.o
ld: symbol(s) not found for architecture x86_64
clang: error: linker command failed with exit code 1 (use -v to see invocation)
configure:16029: $? = 1
configure: failed program was:
| /* confdefs.h */
| #define PACKAGE_NAME "Protocol Buffers"
| #define PACKAGE_TARNAME "protobuf"
| #define PACKAGE_VERSION "2.6.1"
| #define PACKAGE_STRING "Protocol Buffers 2.6.1"
| #define PACKAGE_BUGREPORT "protobuf@googlegroups.com"
| #define PACKAGE_URL ""
| #define PACKAGE "protobuf"
| #define VERSION "2.6.1"
| #define STDC_HEADERS 1
| #define HAVE_SYS_TYPES_H 1
| #define HAVE_SYS_STAT_H 1
| #define HAVE_STDLIB_H 1
| #define HAVE_STRING_H 1
| #define HAVE_MEMORY_H 1
| #define HAVE_STRINGS_H 1
| #define HAVE_INTTYPES_H 1
| #define HAVE_STDINT_H 1
| #define HAVE_UNISTD_H 1
| #define __EXTENSIONS__ 1
| #define _ALL_SOURCE 1
| #define _GNU_SOURCE 1
| #define _POSIX_PTHREAD_SEMANTICS 1
| #define _TANDEM_SOURCE 1
| #define HAVE_DLFCN_H 1
| #define LT_OBJDIR ".libs/"
| #define STDC_HEADERS 1
| #define HAVE_FCNTL_H 1
| #define HAVE_INTTYPES_H 1
| #define HAVE_LIMITS_H 1
| #define HAVE_STDLIB_H 1
| #define HAVE_UNISTD_H 1
| #define HAVE_FTRUNCATE 1
| #define HAVE_MEMSET 1
| #define HAVE_MKDIR 1
| #define HAVE_STRCHR 1
| #define HAVE_STRERROR 1
| #define HAVE_STRTOL 1
| /* end confdefs.h.  */
| 
| /* Override any GCC internal prototype to avoid an error.
|    Use char because int might match the return type of a GCC
|    builtin and then its argument prototype would still apply.  */
| #ifdef __cplusplus
| extern "C"
| #endif
| char zlibVersion ();
| int
| main ()
| {
| return zlibVersion ();
|   ;
|   return 0;
| }
configure:16029: /Applications/Xcode.app/Contents/Developer/Toolchains/XcodeDefault.xctoolchain/usr/bin/clang++ -isysroot /Applications/Xcode.app/Contents/Developer/Platforms/iPhoneSimulator.platform/Developer/SDKs/iPhoneSimulator9.0.sdk -arch x86_64 -mios-simulator-version-min=8.0  -o conftest  -g -DNDEBUG   conftest.cpp -lz   >&5
configure:16029: $? = 0
configure:16046: result: -lz
configure:16297: checking for the pthreads library -lpthreads
configure:16330: /Applications/Xcode.app/Contents/Developer/Toolchains/XcodeDefault.xctoolchain/usr/bin/clang -isysroot /Applications/Xcode.app/Contents/Developer/Platforms/iPhoneSimulator.platform/Developer/SDKs/iPhoneSimulator9.0.sdk -arch x86_64 -mios-simulator-version-min=8.0  -o conftest     conftest.c -lpthreads -lz  >&5
ld: library not found for -lpthreads
clang: error: linker command failed with exit code 1 (use -v to see invocation)
configure:16330: $? = 1
configure: failed program was:
| /* confdefs.h */
| #define PACKAGE_NAME "Protocol Buffers"
| #define PACKAGE_TARNAME "protobuf"
| #define PACKAGE_VERSION "2.6.1"
| #define PACKAGE_STRING "Protocol Buffers 2.6.1"
| #define PACKAGE_BUGREPORT "protobuf@googlegroups.com"
| #define PACKAGE_URL ""
| #define PACKAGE "protobuf"
| #define VERSION "2.6.1"
| #define STDC_HEADERS 1
| #define HAVE_SYS_TYPES_H 1
| #define HAVE_SYS_STAT_H 1
| #define HAVE_STDLIB_H 1
| #define HAVE_STRING_H 1
| #define HAVE_MEMORY_H 1
| #define HAVE_STRINGS_H 1
| #define HAVE_INTTYPES_H 1
| #define HAVE_STDINT_H 1
| #define HAVE_UNISTD_H 1
| #define __EXTENSIONS__ 1
| #define _ALL_SOURCE 1
| #define _GNU_SOURCE 1
| #define _POSIX_PTHREAD_SEMANTICS 1
| #define _TANDEM_SOURCE 1
| #define HAVE_DLFCN_H 1
| #define LT_OBJDIR ".libs/"
| #define STDC_HEADERS 1
| #define HAVE_FCNTL_H 1
| #define HAVE_INTTYPES_H 1
| #define HAVE_LIMITS_H 1
| #define HAVE_STDLIB_H 1
| #define HAVE_UNISTD_H 1
| #define HAVE_FTRUNCATE 1
| #define HAVE_MEMSET 1
| #define HAVE_MKDIR 1
| #define HAVE_STRCHR 1
| #define HAVE_STRERROR 1
| #define HAVE_STRTOL 1
| #define HAVE_ZLIB 1
| /* end confdefs.h.  */
| #include <pthread.h>
| int
| main ()
| {
| pthread_t th; pthread_join(th, 0);
|                      pthread_attr_init(0); pthread_cleanup_push(0, 0);
|                      pthread_create(0,0,0,0); pthread_cleanup_pop(0);
|   ;
|   return 0;
| }
configure:16339: result: no
configure:16242: checking whether pthreads work without any flags
configure:16330: /Applications/Xcode.app/Contents/Developer/Toolchains/XcodeDefault.xctoolchain/usr/bin/clang -isysroot /Applications/Xcode.app/Contents/Developer/Platforms/iPhoneSimulator.platform/Developer/SDKs/iPhoneSimulator9.0.sdk -arch x86_64 -mios-simulator-version-min=8.0  -o conftest     conftest.c  -lz  >&5
configure:16330: $? = 0
configure:16339: result: yes
configure:16358: checking for joinable pthread attribute
configure:16373: /Applications/Xcode.app/Contents/Developer/Toolchains/XcodeDefault.xctoolchain/usr/bin/clang -isysroot /Applications/Xcode.app/Contents/Developer/Platforms/iPhoneSimulator.platform/Developer/SDKs/iPhoneSimulator9.0.sdk -arch x86_64 -mios-simulator-version-min=8.0  -o conftest     conftest.c  -lz  >&5
configure:16373: $? = 0
configure:16379: result: PTHREAD_CREATE_JOINABLE
configure:16389: checking if more special flags are required for pthreads
configure:16396: result: -D_THREAD_SAFE
configure:16485: checking whether to check for GCC pthread/shared inconsistencies
configure:16498: /Applications/Xcode.app/Contents/Developer/Toolchains/XcodeDefault.xctoolchain/usr/bin/clang -isysroot /Applications/Xcode.app/Contents/Developer/Platforms/iPhoneSimulator.platform/Developer/SDKs/iPhoneSimulator9.0.sdk -arch x86_64 -mios-simulator-version-min=8.0  -o conftest -shared -fPIC -Wl,-z,defs  -D_THREAD_SAFE    conftest.c  -lz  >&5
ld: unknown option: -z
clang: error: linker command failed with exit code 1 (use -v to see invocation)
configure:16498: $? = 1
configure: failed program was:
| /* confdefs.h */
| #define PACKAGE_NAME "Protocol Buffers"
| #define PACKAGE_TARNAME "protobuf"
| #define PACKAGE_VERSION "2.6.1"
| #define PACKAGE_STRING "Protocol Buffers 2.6.1"
| #define PACKAGE_BUGREPORT "protobuf@googlegroups.com"
| #define PACKAGE_URL ""
| #define PACKAGE "protobuf"
| #define VERSION "2.6.1"
| #define STDC_HEADERS 1
| #define HAVE_SYS_TYPES_H 1
| #define HAVE_SYS_STAT_H 1
| #define HAVE_STDLIB_H 1
| #define HAVE_STRING_H 1
| #define HAVE_MEMORY_H 1
| #define HAVE_STRINGS_H 1
| #define HAVE_INTTYPES_H 1
| #define HAVE_STDINT_H 1
| #define HAVE_UNISTD_H 1
| #define __EXTENSIONS__ 1
| #define _ALL_SOURCE 1
| #define _GNU_SOURCE 1
| #define _POSIX_PTHREAD_SEMANTICS 1
| #define _TANDEM_SOURCE 1
| #define HAVE_DLFCN_H 1
| #define LT_OBJDIR ".libs/"
| #define STDC_HEADERS 1
| #define HAVE_FCNTL_H 1
| #define HAVE_INTTYPES_H 1
| #define HAVE_LIMITS_H 1
| #define HAVE_STDLIB_H 1
| #define HAVE_UNISTD_H 1
| #define HAVE_FTRUNCATE 1
| #define HAVE_MEMSET 1
| #define HAVE_MKDIR 1
| #define HAVE_STRCHR 1
| #define HAVE_STRERROR 1
| #define HAVE_STRTOL 1
| #define HAVE_ZLIB 1
| /* end confdefs.h.  */
| 
| int
| main ()
| {
| 
|   ;
|   return 0;
| }
configure:16507: result: no
configure:16626: checking whether what we have so far is sufficient with -nostdlib
configure:16644: /Applications/Xcode.app/Contents/Developer/Toolchains/XcodeDefault.xctoolchain/usr/bin/clang -isysroot /Applications/Xcode.app/Contents/Developer/Platforms/iPhoneSimulator.platform/Developer/SDKs/iPhoneSimulator9.0.sdk -arch x86_64 -mios-simulator-version-min=8.0  -o conftest -nostdlib -shared -fPIC -Wl,-z,defs  -D_THREAD_SAFE    conftest.c  -lz  -lc >&5
ld: unknown option: -z
clang: error: linker command failed with exit code 1 (use -v to see invocation)
configure:16644: $? = 1
configure: failed program was:
| /* confdefs.h */
| #define PACKAGE_NAME "Protocol Buffers"
| #define PACKAGE_TARNAME "protobuf"
| #define PACKAGE_VERSION "2.6.1"
| #define PACKAGE_STRING "Protocol Buffers 2.6.1"
| #define PACKAGE_BUGREPORT "protobuf@googlegroups.com"
| #define PACKAGE_URL ""
| #define PACKAGE "protobuf"
| #define VERSION "2.6.1"
| #define STDC_HEADERS 1
| #define HAVE_SYS_TYPES_H 1
| #define HAVE_SYS_STAT_H 1
| #define HAVE_STDLIB_H 1
| #define HAVE_STRING_H 1
| #define HAVE_MEMORY_H 1
| #define HAVE_STRINGS_H 1
| #define HAVE_INTTYPES_H 1
| #define HAVE_STDINT_H 1
| #define HAVE_UNISTD_H 1
| #define __EXTENSIONS__ 1
| #define _ALL_SOURCE 1
| #define _GNU_SOURCE 1
| #define _POSIX_PTHREAD_SEMANTICS 1
| #define _TANDEM_SOURCE 1
| #define HAVE_DLFCN_H 1
| #define LT_OBJDIR ".libs/"
| #define STDC_HEADERS 1
| #define HAVE_FCNTL_H 1
| #define HAVE_INTTYPES_H 1
| #define HAVE_LIMITS_H 1
| #define HAVE_STDLIB_H 1
| #define HAVE_UNISTD_H 1
| #define HAVE_FTRUNCATE 1
| #define HAVE_MEMSET 1
| #define HAVE_MKDIR 1
| #define HAVE_STRCHR 1
| #define HAVE_STRERROR 1
| #define HAVE_STRTOL 1
| #define HAVE_ZLIB 1
| /* end confdefs.h.  */
| #include <pthread.h>
| int
| main ()
| {
| pthread_t th; pthread_join(th, 0);
| 	       pthread_attr_init(0); pthread_cleanup_push(0, 0);
| 	       pthread_create(0,0,0,0); pthread_cleanup_pop(0);
|   ;
|   return 0;
| }
configure:16656: result: no
configure:16661: checking whether -lpthread saves the day
configure:16677: /Applications/Xcode.app/Contents/Developer/Toolchains/XcodeDefault.xctoolchain/usr/bin/clang -isysroot /Applications/Xcode.app/Contents/Developer/Platforms/iPhoneSimulator.platform/Developer/SDKs/iPhoneSimulator9.0.sdk -arch x86_64 -mios-simulator-version-min=8.0  -o conftest -nostdlib -shared -fPIC -Wl,-z,defs  -D_THREAD_SAFE    conftest.c -lpthread  -lz  -lc >&5
ld: unknown option: -z
clang: error: linker command failed with exit code 1 (use -v to see invocation)
configure:16677: $? = 1
configure: failed program was:
| /* confdefs.h */
| #define PACKAGE_NAME "Protocol Buffers"
| #define PACKAGE_TARNAME "protobuf"
| #define PACKAGE_VERSION "2.6.1"
| #define PACKAGE_STRING "Protocol Buffers 2.6.1"
| #define PACKAGE_BUGREPORT "protobuf@googlegroups.com"
| #define PACKAGE_URL ""
| #define PACKAGE "protobuf"
| #define VERSION "2.6.1"
| #define STDC_HEADERS 1
| #define HAVE_SYS_TYPES_H 1
| #define HAVE_SYS_STAT_H 1
| #define HAVE_STDLIB_H 1
| #define HAVE_STRING_H 1
| #define HAVE_MEMORY_H 1
| #define HAVE_STRINGS_H 1
| #define HAVE_INTTYPES_H 1
| #define HAVE_STDINT_H 1
| #define HAVE_UNISTD_H 1
| #define __EXTENSIONS__ 1
| #define _ALL_SOURCE 1
| #define _GNU_SOURCE 1
| #define _POSIX_PTHREAD_SEMANTICS 1
| #define _TANDEM_SOURCE 1
| #define HAVE_DLFCN_H 1
| #define LT_OBJDIR ".libs/"
| #define STDC_HEADERS 1
| #define HAVE_FCNTL_H 1
| #define HAVE_INTTYPES_H 1
| #define HAVE_LIMITS_H 1
| #define HAVE_STDLIB_H 1
| #define HAVE_UNISTD_H 1
| #define HAVE_FTRUNCATE 1
| #define HAVE_MEMSET 1
| #define HAVE_MKDIR 1
| #define HAVE_STRCHR 1
| #define HAVE_STRERROR 1
| #define HAVE_STRTOL 1
| #define HAVE_ZLIB 1
| /* end confdefs.h.  */
| #include <pthread.h>
| int
| main ()
| {
| pthread_t th; pthread_join(th, 0);
| 	       pthread_attr_init(0); pthread_cleanup_push(0, 0);
| 	       pthread_create(0,0,0,0); pthread_cleanup_pop(0);
|   ;
|   return 0;
| }
configure:16690: result: no
configure:16692: WARNING: Impossible to determine how to use pthreads with shared libraries and -nostdlib
configure:16726: checking the location of hash_map
configure:16752: /Applications/Xcode.app/Contents/Developer/Toolchains/XcodeDefault.xctoolchain/usr/bin/clang++ -isysroot /Applications/Xcode.app/Contents/Developer/Platforms/iPhoneSimulator.platform/Developer/SDKs/iPhoneSimulator9.0.sdk -arch x86_64 -mios-simulator-version-min=8.0  -c  -g -DNDEBUG  conftest.cpp >&5
configure:16752: $? = 0
configure:16774: /Applications/Xcode.app/Contents/Developer/Toolchains/XcodeDefault.xctoolchain/usr/bin/clang++ -isysroot /Applications/Xcode.app/Contents/Developer/Platforms/iPhoneSimulator.platform/Developer/SDKs/iPhoneSimulator9.0.sdk -arch x86_64 -mios-simulator-version-min=8.0  -c  -g -DNDEBUG  conftest.cpp >&5
configure:16774: $? = 0
configure:16841: result: <unordered_map>
configure:16856: checking for library containing sched_yield
configure:16887: /Applications/Xcode.app/Contents/Developer/Toolchains/XcodeDefault.xctoolchain/usr/bin/clang++ -isysroot /Applications/Xcode.app/Contents/Developer/Platforms/iPhoneSimulator.platform/Developer/SDKs/iPhoneSimulator9.0.sdk -arch x86_64 -mios-simulator-version-min=8.0  -o conftest  -g -DNDEBUG   conftest.cpp -lz  >&5
configure:16887: $? = 0
configure:16904: result: none required
configure:17045: checking that generated files are newer than configure
configure:17051: result: done
configure:17090: creating ./config.status

## ---------------------- ##
## Running config.status. ##
## ---------------------- ##

This file was extended by Protocol Buffers config.status 2.6.1, which was
generated by GNU Autoconf 2.69.  Invocation command line was

  CONFIG_FILES    = 
  CONFIG_HEADERS  = 
  CONFIG_LINKS    = 
  CONFIG_COMMANDS = 
  $ ./config.status 

on polbookpro

config.status:1195: creating Makefile
config.status:1195: creating src/Makefile
config.status:1195: creating protobuf.pc
config.status:1195: creating protobuf-lite.pc
config.status:1195: creating config.h
config.status:1376: config.h is unchanged
config.status:1424: executing depfiles commands
config.status:1424: executing libtool commands
configure:19648: === configuring in gtest (/Users/pol/Source/Libraries/libprotobuf/protobuf-2.6.1/gtest)
configure:19711: running /bin/sh ./configure --disable-option-checking '--prefix=/Users/pol/Source/Libraries/libprotobuf/protobuf-2.6.1/../iPhoneSimulator-x86_64'  '--host=i386-apple-darwin' '--enable-static' '--disable-shared' '--with-protoc=/Users/pol/Source/Libraries/libprotobuf/protobuf-2.6.1/../MacOSX/bin/protoc' 'host_alias=i386-apple-darwin' 'CC=/Applications/Xcode.app/Contents/Developer/Toolchains/XcodeDefault.xctoolchain/usr/bin/clang -isysroot /Applications/Xcode.app/Contents/Developer/Platforms/iPhoneSimulator.platform/Developer/SDKs/iPhoneSimulator9.0.sdk -arch x86_64 -mios-simulator-version-min=8.0 ' 'CXX=/Applications/Xcode.app/Contents/Developer/Toolchains/XcodeDefault.xctoolchain/usr/bin/clang++ -isysroot /Applications/Xcode.app/Contents/Developer/Platforms/iPhoneSimulator.platform/Developer/SDKs/iPhoneSimulator9.0.sdk -arch x86_64 -mios-simulator-version-min=8.0 ' 'CXXCPP=/Applications/Xcode.app/Contents/Developer/Toolchains/XcodeDefault.xctoolchain/usr/bin/clang -E -isysroot /Applications/Xcode.app/Contents/Developer/Platforms/iPhoneSimulator.platform/Developer/SDKs/iPhoneSimulator9.0.sdk -arch x86_64 -mios-simulator-version-min=8.0 ' --cache-file=/dev/null --srcdir=.

## ---------------- ##
## Cache variables. ##
## ---------------- ##

ac_cv_build=x86_64-apple-darwin14.5.0
ac_cv_c_compiler_gnu=yes
ac_cv_cxx_compiler_gnu=yes
ac_cv_cxx_hash_map='<unordered_map>'
ac_cv_cxx_hash_map_class=unordered_map
ac_cv_cxx_hash_namespace=std
ac_cv_cxx_hash_set='<unordered_set>'
ac_cv_cxx_hash_set_class=unordered_set
ac_cv_env_CCC_set=
ac_cv_env_CCC_value=
ac_cv_env_CC_set=set
ac_cv_env_CC_value='/Applications/Xcode.app/Contents/Developer/Toolchains/XcodeDefault.xctoolchain/usr/bin/clang -isysroot /Applications/Xcode.app/Contents/Developer/Platforms/iPhoneSimulator.platform/Developer/SDKs/iPhoneSimulator9.0.sdk -arch x86_64 -mios-simulator-version-min=8.0 '
ac_cv_env_CFLAGS_set=
ac_cv_env_CFLAGS_value=
ac_cv_env_CPPFLAGS_set=
ac_cv_env_CPPFLAGS_value=
ac_cv_env_CXXCPP_set=set
ac_cv_env_CXXCPP_value='/Applications/Xcode.app/Contents/Developer/Toolchains/XcodeDefault.xctoolchain/usr/bin/clang -E -isysroot /Applications/Xcode.app/Contents/Developer/Platforms/iPhoneSimulator.platform/Developer/SDKs/iPhoneSimulator9.0.sdk -arch x86_64 -mios-simulator-version-min=8.0 '
ac_cv_env_CXXFLAGS_set=
ac_cv_env_CXXFLAGS_value=
ac_cv_env_CXX_set=set
ac_cv_env_CXX_value='/Applications/Xcode.app/Contents/Developer/Toolchains/XcodeDefault.xctoolchain/usr/bin/clang++ -isysroot /Applications/Xcode.app/Contents/Developer/Platforms/iPhoneSimulator.platform/Developer/SDKs/iPhoneSimulator9.0.sdk -arch x86_64 -mios-simulator-version-min=8.0 '
ac_cv_env_LDFLAGS_set=
ac_cv_env_LDFLAGS_value=
ac_cv_env_LIBS_set=
ac_cv_env_LIBS_value=
ac_cv_env_build_alias_set=
ac_cv_env_build_alias_value=
ac_cv_env_host_alias_set=set
ac_cv_env_host_alias_value=i386-apple-darwin
ac_cv_env_target_alias_set=
ac_cv_env_target_alias_value=
ac_cv_func_ftruncate=yes
ac_cv_func_memcmp_working=yes
ac_cv_func_memset=yes
ac_cv_func_mkdir=yes
ac_cv_func_strchr=yes
ac_cv_func_strerror=yes
ac_cv_func_strtod=yes
ac_cv_func_strtol=yes
ac_cv_have_decl___SUNPRO_CC=no
ac_cv_header_dlfcn_h=yes
ac_cv_header_fcntl_h=yes
ac_cv_header_inttypes_h=yes
ac_cv_header_limits_h=yes
ac_cv_header_memory_h=yes
ac_cv_header_minix_config_h=no
ac_cv_header_stdc=yes
ac_cv_header_stdint_h=yes
ac_cv_header_stdlib_h=yes
ac_cv_header_string_h=yes
ac_cv_header_strings_h=yes
ac_cv_header_sys_stat_h=yes
ac_cv_header_sys_types_h=yes
ac_cv_header_unistd_h=yes
ac_cv_host=i386-apple-darwin
ac_cv_objext=o
ac_cv_path_EGREP='/usr/bin/grep -E'
ac_cv_path_FGREP='/usr/bin/grep -F'
ac_cv_path_GREP=/usr/bin/grep
ac_cv_path_SED=/usr/bin/sed
ac_cv_path_install='/usr/bin/install -c'
ac_cv_prog_AR=/Applications/Xcode.app/Contents/Developer/Toolchains/XcodeDefault.xctoolchain/usr/bin/ar
ac_cv_prog_AWK=awk
ac_cv_prog_CC='/Applications/Xcode.app/Contents/Developer/Toolchains/XcodeDefault.xctoolchain/usr/bin/clang -isysroot /Applications/Xcode.app/Contents/Developer/Platforms/iPhoneSimulator.platform/Developer/SDKs/iPhoneSimulator9.0.sdk -arch x86_64 -mios-simulator-version-min=8.0 '
ac_cv_prog_CXXCPP='/Applications/Xcode.app/Contents/Developer/Toolchains/XcodeDefault.xctoolchain/usr/bin/clang -E -isysroot /Applications/Xcode.app/Contents/Developer/Platforms/iPhoneSimulator.platform/Developer/SDKs/iPhoneSimulator9.0.sdk -arch x86_64 -mios-simulator-version-min=8.0 '
ac_cv_prog_LIPO=/Applications/Xcode.app/Contents/Developer/Toolchains/XcodeDefault.xctoolchain/usr/bin/lipo
ac_cv_prog_RANLIB=/Applications/Xcode.app/Contents/Developer/Toolchains/XcodeDefault.xctoolchain/usr/bin/ranlib
ac_cv_prog_STRIP=/Applications/Xcode.app/Contents/Developer/Toolchains/XcodeDefault.xctoolchain/usr/bin/strip
ac_cv_prog_ac_ct_DSYMUTIL=dsymutil
ac_cv_prog_ac_ct_DUMPBIN='link -dump'
ac_cv_prog_ac_ct_NMEDIT=nmedit
ac_cv_prog_ac_ct_OTOOL=otool
ac_cv_prog_cc_c89=
ac_cv_prog_cc_g=yes
ac_cv_prog_cxx_g=yes
ac_cv_prog_make_make_set=yes
ac_cv_safe_to_define___extensions__=yes
ac_cv_search_sched_yield='none required'
ac_cv_search_zlibVersion=-lz
ac_cv_target=i386-apple-darwin
am_cv_CC_dependencies_compiler_type=gcc3
am_cv_CXX_dependencies_compiler_type=gcc3
am_cv_make_support_nested_variables=yes
am_cv_prog_cc_c_o=yes
lt_cv_apple_cc_single_mod=yes
lt_cv_ar_at_file=no
lt_cv_deplibs_check_method=pass_all
lt_cv_file_magic_cmd='$MAGIC_CMD'
lt_cv_file_magic_test_file=
lt_cv_ld_exported_symbols_list=yes
lt_cv_ld_force_load=yes
lt_cv_ld_reload_flag=-r
lt_cv_nm_interface='BSD nm'
lt_cv_objdir=.libs
lt_cv_path_LD='/Applications/Xcode.app/Contents/Developer/Toolchains/XcodeDefault.xctoolchain/usr/bin/ld -isysroot /Applications/Xcode.app/Contents/Developer/Platforms/iPhoneSimulator.platform/Developer/SDKs/iPhoneSimulator9.0.sdk -arch x86_64'
lt_cv_path_LDCXX='/Applications/Xcode.app/Contents/Developer/Toolchains/XcodeDefault.xctoolchain/usr/bin/ld -isysroot /Applications/Xcode.app/Contents/Developer/Platforms/iPhoneSimulator.platform/Developer/SDKs/iPhoneSimulator9.0.sdk -arch x86_64'
lt_cv_path_NM=no
lt_cv_path_mainfest_tool=no
lt_cv_prog_compiler_c_o=yes
lt_cv_prog_compiler_c_o_CXX=yes
lt_cv_prog_compiler_pic='-fno-common -DPIC'
lt_cv_prog_compiler_pic_CXX='-fno-common -DPIC'
lt_cv_prog_compiler_pic_works=yes
lt_cv_prog_compiler_pic_works_CXX=yes
lt_cv_prog_compiler_rtti_exceptions=yes
lt_cv_prog_compiler_static_works=no
lt_cv_prog_compiler_static_works_CXX=no
lt_cv_prog_gnu_ld=no
lt_cv_prog_gnu_ldcxx=no
lt_cv_sharedlib_from_linklib_cmd='printf %s\n'
lt_cv_sys_global_symbol_pipe='sed -n -e '\''s/^.*[	 ]\([BCDEGRST][BCDEGRST]*\)[	 ][	 ]*_\([_A-Za-z][_A-Za-z0-9]*\)$/\1 _\2 \2/p'\'' | sed '\''/ __gnu_lto/d'\'''
lt_cv_sys_global_symbol_to_c_name_address='sed -n -e '\''s/^: \([^ ]*\)[ ]*$/  {\"\1\", (void *) 0},/p'\'' -e '\''s/^[BCDEGRST]* \([^ ]*\) \([^ ]*\)$/  {"\2", (void *) \&\2},/p'\'''
lt_cv_sys_global_symbol_to_c_name_address_lib_prefix='sed -n -e '\''s/^: \([^ ]*\)[ ]*$/  {\"\1\", (void *) 0},/p'\'' -e '\''s/^[BCDEGRST]* \([^ ]*\) \(lib[^ ]*\)$/  {"\2", (void *) \&\2},/p'\'' -e '\''s/^[BCDEGRST]* \([^ ]*\) \([^ ]*\)$/  {"lib\2", (void *) \&\2},/p'\'''
lt_cv_sys_global_symbol_to_cdecl='sed -n -e '\''s/^T .* \(.*\)$/extern int \1();/p'\'' -e '\''s/^[BCDEGRST]* .* \(.*\)$/extern char \1;/p'\'''
lt_cv_sys_max_cmd_len=196608
lt_cv_to_host_file_cmd=func_convert_file_noop
lt_cv_to_tool_file_cmd=func_convert_file_noop

## ----------------- ##
## Output variables. ##
## ----------------- ##

ACLOCAL='${SHELL} /Users/pol/Source/Libraries/libprotobuf/protobuf-2.6.1/missing aclocal-1.14'
AMDEPBACKSLASH='\'
AMDEP_FALSE='#'
AMDEP_TRUE=''
AMTAR='$${TAR-tar}'
AM_BACKSLASH='\'
AM_DEFAULT_V='$(AM_DEFAULT_VERBOSITY)'
AM_DEFAULT_VERBOSITY='1'
AM_V='$(V)'
AR='/Applications/Xcode.app/Contents/Developer/Toolchains/XcodeDefault.xctoolchain/usr/bin/ar'
AUTOCONF='${SHELL} /Users/pol/Source/Libraries/libprotobuf/protobuf-2.6.1/missing autoconf'
AUTOHEADER='${SHELL} /Users/pol/Source/Libraries/libprotobuf/protobuf-2.6.1/missing autoheader'
AUTOMAKE='${SHELL} /Users/pol/Source/Libraries/libprotobuf/protobuf-2.6.1/missing automake-1.14'
AWK='awk'
CC='/Applications/Xcode.app/Contents/Developer/Toolchains/XcodeDefault.xctoolchain/usr/bin/clang -isysroot /Applications/Xcode.app/Contents/Developer/Platforms/iPhoneSimulator.platform/Developer/SDKs/iPhoneSimulator9.0.sdk -arch x86_64 -mios-simulator-version-min=8.0 '
CCDEPMODE='depmode=gcc3'
CFLAGS=''
CPPFLAGS=''
CXX='/Applications/Xcode.app/Contents/Developer/Toolchains/XcodeDefault.xctoolchain/usr/bin/clang++ -isysroot /Applications/Xcode.app/Contents/Developer/Platforms/iPhoneSimulator.platform/Developer/SDKs/iPhoneSimulator9.0.sdk -arch x86_64 -mios-simulator-version-min=8.0 '
CXXCPP='/Applications/Xcode.app/Contents/Developer/Toolchains/XcodeDefault.xctoolchain/usr/bin/clang -E -isysroot /Applications/Xcode.app/Contents/Developer/Platforms/iPhoneSimulator.platform/Developer/SDKs/iPhoneSimulator9.0.sdk -arch x86_64 -mios-simulator-version-min=8.0 '
CXXDEPMODE='depmode=gcc3'
CXXFLAGS=' -g -DNDEBUG'
CYGPATH_W='echo'
DEFS='-DHAVE_CONFIG_H'
DEPDIR='.deps'
DLLTOOL='false'
DSYMUTIL='dsymutil'
DUMPBIN=':'
ECHO_C='\c'
ECHO_N=''
ECHO_T=''
EGREP='/usr/bin/grep -E'
EXEEXT=''
FGREP='/usr/bin/grep -F'
GCC_FALSE='#'
GCC_TRUE=''
GREP='/usr/bin/grep'
HAVE_ZLIB_FALSE='#'
HAVE_ZLIB_TRUE=''
INSTALL_DATA='${INSTALL} -m 644'
INSTALL_PROGRAM='${INSTALL}'
INSTALL_SCRIPT='${INSTALL}'
INSTALL_STRIP_PROGRAM='$(install_sh) -c -s'
ISAINFO=''
LD='/Applications/Xcode.app/Contents/Developer/Toolchains/XcodeDefault.xctoolchain/usr/bin/ld -isysroot /Applications/Xcode.app/Contents/Developer/Platforms/iPhoneSimulator.platform/Developer/SDKs/iPhoneSimulator9.0.sdk -arch x86_64'
LDFLAGS=''
LIBOBJS=''
LIBS='-lz '
LIBTOOL='$(SHELL) $(top_builddir)/libtool'
LIPO='/Applications/Xcode.app/Contents/Developer/Toolchains/XcodeDefault.xctoolchain/usr/bin/lipo'
LN_S='ln -s'
LTLIBOBJS=''
MAINT=''
MAINTAINER_MODE_FALSE='#'
MAINTAINER_MODE_TRUE=''
MAKEINFO='${SHELL} /Users/pol/Source/Libraries/libprotobuf/protobuf-2.6.1/missing makeinfo'
MANIFEST_TOOL=':'
MKDIR_P='./install-sh -c -d'
NM='nm'
NMEDIT='nmedit'
OBJDUMP='false'
OBJEXT='o'
OTOOL64=':'
OTOOL='otool'
PACKAGE='protobuf'
PACKAGE_BUGREPORT='protobuf@googlegroups.com'
PACKAGE_NAME='Protocol Buffers'
PACKAGE_STRING='Protocol Buffers 2.6.1'
PACKAGE_TARNAME='protobuf'
PACKAGE_URL=''
PACKAGE_VERSION='2.6.1'
PATH_SEPARATOR=':'
POW_LIB=''
PROTOBUF_OPT_FLAG='-O2'
PROTOC='/Users/pol/Source/Libraries/libprotobuf/protobuf-2.6.1/../MacOSX/bin/protoc'
PTHREAD_CC='/Applications/Xcode.app/Contents/Developer/Toolchains/XcodeDefault.xctoolchain/usr/bin/clang -isysroot /Applications/Xcode.app/Contents/Developer/Platforms/iPhoneSimulator.platform/Developer/SDKs/iPhoneSimulator9.0.sdk -arch x86_64 -mios-simulator-version-min=8.0 '
PTHREAD_CFLAGS='-D_THREAD_SAFE '
PTHREAD_LIBS=''
RANLIB='/Applications/Xcode.app/Contents/Developer/Toolchains/XcodeDefault.xctoolchain/usr/bin/ranlib'
SED='/usr/bin/sed'
SET_MAKE=''
SHELL='/bin/sh'
STRIP='/Applications/Xcode.app/Contents/Developer/Toolchains/XcodeDefault.xctoolchain/usr/bin/strip'
USE_EXTERNAL_PROTOC_FALSE='#'
USE_EXTERNAL_PROTOC_TRUE=''
VERSION='2.6.1'
ac_ct_AR=''
ac_ct_CC=''
ac_ct_CXX=''
ac_ct_DUMPBIN='link -dump'
acx_pthread_config=''
am__EXEEXT_FALSE=''
am__EXEEXT_TRUE='#'
am__fastdepCC_FALSE='#'
am__fastdepCC_TRUE=''
am__fastdepCXX_FALSE='#'
am__fastdepCXX_TRUE=''
am__include='include'
am__isrc=''
am__leading_dot='.'
am__nodep='_no'
am__quote=''
am__tar='$${TAR-tar} chof - "$$tardir"'
am__untar='$${TAR-tar} xf -'
bindir='${exec_prefix}/bin'
build='x86_64-apple-darwin14.5.0'
build_alias=''
build_cpu='x86_64'
build_os='darwin14.5.0'
build_vendor='apple'
datadir='${datarootdir}'
datarootdir='${prefix}/share'
docdir='${datarootdir}/doc/${PACKAGE_TARNAME}'
dvidir='${docdir}'
exec_prefix='${prefix}'
host='i386-apple-darwin'
host_alias='i386-apple-darwin'
host_cpu='i386'
host_os='darwin'
host_vendor='apple'
htmldir='${docdir}'
includedir='${prefix}/include'
infodir='${datarootdir}/info'
install_sh='${SHELL} /Users/pol/Source/Libraries/libprotobuf/protobuf-2.6.1/install-sh'
libdir='${exec_prefix}/lib'
libexecdir='${exec_prefix}/libexec'
localedir='${datarootdir}/locale'
localstatedir='${prefix}/var'
mandir='${datarootdir}/man'
mkdir_p='$(MKDIR_P)'
oldincludedir='/usr/include'
pdfdir='${docdir}'
prefix='/Users/pol/Source/Libraries/libprotobuf/protobuf-2.6.1/../iPhoneSimulator-x86_64'
program_transform_name='s,x,x,'
psdir='${docdir}'
sbindir='${exec_prefix}/sbin'
sharedstatedir='${prefix}/com'
subdirs=' gtest'
sysconfdir='${prefix}/etc'
target='i386-apple-darwin'
target_alias=''
target_cpu='i386'
target_os='darwin'
target_vendor='apple'

## ----------- ##
## confdefs.h. ##
## ----------- ##

/* confdefs.h */
#define PACKAGE_NAME "Protocol Buffers"
#define PACKAGE_TARNAME "protobuf"
#define PACKAGE_VERSION "2.6.1"
#define PACKAGE_STRING "Protocol Buffers 2.6.1"
#define PACKAGE_BUGREPORT "protobuf@googlegroups.com"
#define PACKAGE_URL ""
#define PACKAGE "protobuf"
#define VERSION "2.6.1"
#define STDC_HEADERS 1
#define HAVE_SYS_TYPES_H 1
#define HAVE_SYS_STAT_H 1
#define HAVE_STDLIB_H 1
#define HAVE_STRING_H 1
#define HAVE_MEMORY_H 1
#define HAVE_STRINGS_H 1
#define HAVE_INTTYPES_H 1
#define HAVE_STDINT_H 1
#define HAVE_UNISTD_H 1
#define __EXTENSIONS__ 1
#define _ALL_SOURCE 1
#define _GNU_SOURCE 1
#define _POSIX_PTHREAD_SEMANTICS 1
#define _TANDEM_SOURCE 1
#define HAVE_DLFCN_H 1
#define LT_OBJDIR ".libs/"
#define STDC_HEADERS 1
#define HAVE_FCNTL_H 1
#define HAVE_INTTYPES_H 1
#define HAVE_LIMITS_H 1
#define HAVE_STDLIB_H 1
#define HAVE_UNISTD_H 1
#define HAVE_FTRUNCATE 1
#define HAVE_MEMSET 1
#define HAVE_MKDIR 1
#define HAVE_STRCHR 1
#define HAVE_STRERROR 1
#define HAVE_STRTOL 1
#define HAVE_ZLIB 1
#define HAVE_PTHREAD 1
#define HAVE_HASH_MAP 1
#define HAVE_HASH_SET 1
#define HASH_MAP_H <unordered_map>
#define HASH_SET_H <unordered_set>
#define HASH_NAMESPACE std
#define HASH_MAP_CLASS unordered_map
#define HASH_SET_CLASS unordered_set

configure: exit 0
